[2025-10-20T01:49:53.385+0000] {local_task_job_runner.py:123} INFO - ::group::Pre task execution logs
[2025-10-20T01:49:53.429+0000] {taskinstance.py:2614} INFO - Dependencies all met for dep_context=non-requeueable deps ti=<TaskInstance: system_dag.price_optimize scheduled__2025-10-19T00:00:00+00:00 [queued]>
[2025-10-20T01:49:53.440+0000] {taskinstance.py:2614} INFO - Dependencies all met for dep_context=requeueable deps ti=<TaskInstance: system_dag.price_optimize scheduled__2025-10-19T00:00:00+00:00 [queued]>
[2025-10-20T01:49:53.440+0000] {taskinstance.py:2867} INFO - Starting attempt 2 of 3
[2025-10-20T01:49:53.454+0000] {taskinstance.py:2890} INFO - Executing <Task(BashOperator): price_optimize> on 2025-10-19 00:00:00+00:00
[2025-10-20T01:49:53.461+0000] {standard_task_runner.py:72} INFO - Started process 74 to run task
[2025-10-20T01:49:53.465+0000] {standard_task_runner.py:104} INFO - Running: ['***', 'tasks', 'run', 'system_dag', 'price_optimize', 'scheduled__2025-10-19T00:00:00+00:00', '--job-id', '32', '--raw', '--subdir', 'DAGS_FOLDER/system_dag.py', '--cfg-path', '/tmp/tmp_mwofpzv']
[2025-10-20T01:49:53.467+0000] {standard_task_runner.py:105} INFO - Job 32: Subtask price_optimize
[2025-10-20T01:49:53.496+0000] {warnings.py:109} WARNING - /home/***/.local/lib/python3.8/site-packages/***/settings.py:209: DeprecationWarning: The sql_alchemy_conn option in [core] has been moved to the sql_alchemy_conn option in [database] - the old setting has been used, but please update your config.
  SQL_ALCHEMY_CONN = conf.get("database", "SQL_ALCHEMY_CONN")

[2025-10-20T01:49:53.574+0000] {task_command.py:467} INFO - Running <TaskInstance: system_dag.price_optimize scheduled__2025-10-19T00:00:00+00:00 [running]> on host 061a181ac328
[2025-10-20T01:49:53.575+0000] {warnings.py:109} WARNING - /home/***/.local/lib/python3.8/site-packages/***/settings.py:470: DeprecationWarning: The sql_alchemy_conn option in [core] has been moved to the sql_alchemy_conn option in [database] - the old setting has been used, but please update your config.
  if conf.get("database", "sql_alchemy_conn") == "none://":

[2025-10-20T01:49:53.724+0000] {taskinstance.py:3134} INFO - Exporting env vars: AIRFLOW_CTX_DAG_EMAIL='alert@datateam.local' AIRFLOW_CTX_DAG_OWNER='***' AIRFLOW_CTX_DAG_ID='system_dag' AIRFLOW_CTX_TASK_ID='price_optimize' AIRFLOW_CTX_EXECUTION_DATE='2025-10-19T00:00:00+00:00' AIRFLOW_CTX_TRY_NUMBER='2' AIRFLOW_CTX_DAG_RUN_ID='scheduled__2025-10-19T00:00:00+00:00'
[2025-10-20T01:49:53.725+0000] {taskinstance.py:732} INFO - ::endgroup::
[2025-10-20T01:49:53.745+0000] {subprocess.py:78} INFO - Tmp dir root location: /tmp
[2025-10-20T01:49:53.746+0000] {subprocess.py:88} INFO - Running command: ['/bin/bash', '-c', '\n        docker exec spark-submit /opt/spark/bin/spark-submit         --master spark://spark-master:7077         --deploy-mode client         /opt/***/scripts/price_optimize.py\n        ']
[2025-10-20T01:49:53.764+0000] {subprocess.py:99} INFO - Output:
[2025-10-20T01:49:57.236+0000] {subprocess.py:106} INFO - 25/10/20 01:49:57 INFO SparkContext: Running Spark version 3.5.3
[2025-10-20T01:49:57.240+0000] {subprocess.py:106} INFO - 25/10/20 01:49:57 INFO SparkContext: OS info Linux, 6.6.87.1-microsoft-standard-WSL2, amd64
[2025-10-20T01:49:57.241+0000] {subprocess.py:106} INFO - 25/10/20 01:49:57 INFO SparkContext: Java version 11.0.24
[2025-10-20T01:49:57.308+0000] {subprocess.py:106} INFO - 25/10/20 01:49:57 WARN NativeCodeLoader: Unable to load native-hadoop library for your platform... using builtin-java classes where applicable
[2025-10-20T01:49:57.396+0000] {subprocess.py:106} INFO - 25/10/20 01:49:57 INFO ResourceUtils: ==============================================================
[2025-10-20T01:49:57.397+0000] {subprocess.py:106} INFO - 25/10/20 01:49:57 INFO ResourceUtils: No custom resources configured for spark.driver.
[2025-10-20T01:49:57.397+0000] {subprocess.py:106} INFO - 25/10/20 01:49:57 INFO ResourceUtils: ==============================================================
[2025-10-20T01:49:57.397+0000] {subprocess.py:106} INFO - 25/10/20 01:49:57 INFO SparkContext: Submitted application: Price_Optimization
[2025-10-20T01:49:57.422+0000] {subprocess.py:106} INFO - 25/10/20 01:49:57 INFO ResourceProfile: Default ResourceProfile created, executor resources: Map(memory -> name: memory, amount: 1024, script: , vendor: , offHeap -> name: offHeap, amount: 0, script: , vendor: ), task resources: Map(cpus -> name: cpus, amount: 1.0)
[2025-10-20T01:49:57.431+0000] {subprocess.py:106} INFO - 25/10/20 01:49:57 INFO ResourceProfile: Limiting resource is cpu
[2025-10-20T01:49:57.432+0000] {subprocess.py:106} INFO - 25/10/20 01:49:57 INFO ResourceProfileManager: Added ResourceProfile id: 0
[2025-10-20T01:49:57.485+0000] {subprocess.py:106} INFO - 25/10/20 01:49:57 INFO SecurityManager: Changing view acls to: spark
[2025-10-20T01:49:57.486+0000] {subprocess.py:106} INFO - 25/10/20 01:49:57 INFO SecurityManager: Changing modify acls to: spark
[2025-10-20T01:49:57.486+0000] {subprocess.py:106} INFO - 25/10/20 01:49:57 INFO SecurityManager: Changing view acls groups to:
[2025-10-20T01:49:57.487+0000] {subprocess.py:106} INFO - 25/10/20 01:49:57 INFO SecurityManager: Changing modify acls groups to:
[2025-10-20T01:49:57.487+0000] {subprocess.py:106} INFO - 25/10/20 01:49:57 INFO SecurityManager: SecurityManager: authentication disabled; ui acls disabled; users with view permissions: spark; groups with view permissions: EMPTY; users with modify permissions: spark; groups with modify permissions: EMPTY
[2025-10-20T01:49:57.801+0000] {subprocess.py:106} INFO - 25/10/20 01:49:57 INFO Utils: Successfully started service 'sparkDriver' on port 45125.
[2025-10-20T01:49:57.831+0000] {subprocess.py:106} INFO - 25/10/20 01:49:57 INFO SparkEnv: Registering MapOutputTracker
[2025-10-20T01:49:57.864+0000] {subprocess.py:106} INFO - 25/10/20 01:49:57 INFO SparkEnv: Registering BlockManagerMaster
[2025-10-20T01:49:57.883+0000] {subprocess.py:106} INFO - 25/10/20 01:49:57 INFO BlockManagerMasterEndpoint: Using org.apache.spark.storage.DefaultTopologyMapper for getting topology information
[2025-10-20T01:49:57.884+0000] {subprocess.py:106} INFO - 25/10/20 01:49:57 INFO BlockManagerMasterEndpoint: BlockManagerMasterEndpoint up
[2025-10-20T01:49:57.888+0000] {subprocess.py:106} INFO - 25/10/20 01:49:57 INFO SparkEnv: Registering BlockManagerMasterHeartbeat
[2025-10-20T01:49:57.911+0000] {subprocess.py:106} INFO - 25/10/20 01:49:57 INFO DiskBlockManager: Created local directory at /tmp/blockmgr-f7cc4e42-2b06-4b05-9527-0f71b0f89773
[2025-10-20T01:49:57.925+0000] {subprocess.py:106} INFO - 25/10/20 01:49:57 INFO MemoryStore: MemoryStore started with capacity 434.4 MiB
[2025-10-20T01:49:57.939+0000] {subprocess.py:106} INFO - 25/10/20 01:49:57 INFO SparkEnv: Registering OutputCommitCoordinator
[2025-10-20T01:49:58.103+0000] {subprocess.py:106} INFO - 25/10/20 01:49:58 INFO JettyUtils: Start Jetty 0.0.0.0:4040 for SparkUI
[2025-10-20T01:49:58.195+0000] {subprocess.py:106} INFO - 25/10/20 01:49:58 INFO Utils: Successfully started service 'SparkUI' on port 4040.
[2025-10-20T01:49:58.352+0000] {subprocess.py:106} INFO - 25/10/20 01:49:58 INFO StandaloneAppClient$ClientEndpoint: Connecting to master spark://spark-master:7077...
[2025-10-20T01:49:58.408+0000] {subprocess.py:106} INFO - 25/10/20 01:49:58 INFO TransportClientFactory: Successfully created connection to spark-master/172.30.0.6:7077 after 30 ms (0 ms spent in bootstraps)
[2025-10-20T01:49:58.511+0000] {subprocess.py:106} INFO - 25/10/20 01:49:58 INFO StandaloneSchedulerBackend: Connected to Spark cluster with app ID app-20251020014958-0002
[2025-10-20T01:49:58.513+0000] {subprocess.py:106} INFO - 25/10/20 01:49:58 INFO StandaloneAppClient$ClientEndpoint: Executor added: app-20251020014958-0002/0 on worker-20251020012542-172.30.0.7-41511 (172.30.0.7:41511) with 1 core(s)
[2025-10-20T01:49:58.515+0000] {subprocess.py:106} INFO - 25/10/20 01:49:58 INFO StandaloneSchedulerBackend: Granted executor ID app-20251020014958-0002/0 on hostPort 172.30.0.7:41511 with 1 core(s), 1024.0 MiB RAM
[2025-10-20T01:49:58.521+0000] {subprocess.py:106} INFO - 25/10/20 01:49:58 INFO Utils: Successfully started service 'org.apache.spark.network.netty.NettyBlockTransferService' on port 41579.
[2025-10-20T01:49:58.522+0000] {subprocess.py:106} INFO - 25/10/20 01:49:58 INFO NettyBlockTransferService: Server created on 423e5338994a:41579
[2025-10-20T01:49:58.524+0000] {subprocess.py:106} INFO - 25/10/20 01:49:58 INFO BlockManager: Using org.apache.spark.storage.RandomBlockReplicationPolicy for block replication policy
[2025-10-20T01:49:58.533+0000] {subprocess.py:106} INFO - 25/10/20 01:49:58 INFO BlockManagerMaster: Registering BlockManager BlockManagerId(driver, 423e5338994a, 41579, None)
[2025-10-20T01:49:58.537+0000] {subprocess.py:106} INFO - 25/10/20 01:49:58 INFO BlockManagerMasterEndpoint: Registering block manager 423e5338994a:41579 with 434.4 MiB RAM, BlockManagerId(driver, 423e5338994a, 41579, None)
[2025-10-20T01:49:58.540+0000] {subprocess.py:106} INFO - 25/10/20 01:49:58 INFO BlockManagerMaster: Registered BlockManager BlockManagerId(driver, 423e5338994a, 41579, None)
[2025-10-20T01:49:58.542+0000] {subprocess.py:106} INFO - 25/10/20 01:49:58 INFO BlockManager: Initialized BlockManager: BlockManagerId(driver, 423e5338994a, 41579, None)
[2025-10-20T01:49:58.597+0000] {subprocess.py:106} INFO - 25/10/20 01:49:58 INFO StandaloneAppClient$ClientEndpoint: Executor updated: app-20251020014958-0002/0 is now RUNNING
[2025-10-20T01:49:58.843+0000] {subprocess.py:106} INFO - 25/10/20 01:49:58 INFO StandaloneSchedulerBackend: SchedulerBackend is ready for scheduling beginning after reached minRegisteredResourcesRatio: 0.0
[2025-10-20T01:49:59.148+0000] {subprocess.py:106} INFO - Downloaded model to /tmp/lgbm_demand_model.pkl
[2025-10-20T01:50:00.041+0000] {subprocess.py:106} INFO - Model loaded.
[2025-10-20T01:50:00.140+0000] {subprocess.py:106} INFO - 25/10/20 01:50:00 INFO SharedState: Setting hive.metastore.warehouse.dir ('null') to the value of spark.sql.warehouse.dir.
[2025-10-20T01:50:00.153+0000] {subprocess.py:106} INFO - 25/10/20 01:50:00 INFO SharedState: Warehouse path is 'file:/opt/spark/work-dir/spark-warehouse'.
[2025-10-20T01:50:01.391+0000] {subprocess.py:106} INFO - 25/10/20 01:50:01 INFO StandaloneSchedulerBackend$StandaloneDriverEndpoint: Registered executor NettyRpcEndpointRef(spark-client://Executor) (172.30.0.7:37360) with ID 0,  ResourceProfileId 0
[2025-10-20T01:50:01.485+0000] {subprocess.py:106} INFO - 25/10/20 01:50:01 INFO BlockManagerMasterEndpoint: Registering block manager 172.30.0.7:38283 with 434.4 MiB RAM, BlockManagerId(0, 172.30.0.7, 38283, None)
[2025-10-20T01:50:01.790+0000] {subprocess.py:106} INFO - 25/10/20 01:50:01 INFO HiveConf: Found configuration file null
[2025-10-20T01:50:01.968+0000] {subprocess.py:106} INFO - 25/10/20 01:50:01 INFO metastore: Trying to connect to metastore with URI thrift://hive-metastore:9083
[2025-10-20T01:50:02.016+0000] {subprocess.py:106} INFO - 25/10/20 01:50:02 INFO metastore: Opened a connection to metastore, current connections: 1
[2025-10-20T01:50:02.059+0000] {subprocess.py:106} INFO - 25/10/20 01:50:02 INFO metastore: Connected to metastore.
[2025-10-20T01:50:02.237+0000] {subprocess.py:106} INFO - 25/10/20 01:50:02 INFO BaseMetastoreTableOperations: Refreshing table metadata from new version: hdfs://tuankiet170-master:9000/data_lake/warehouse/gold.db/features_sample/metadata/00002-b1e6c6de-ff4f-410f-b866-6e7d38015550.metadata.json
[2025-10-20T01:50:03.085+0000] {subprocess.py:106} INFO - 25/10/20 01:50:03 INFO BaseMetastoreCatalog: Table loaded by catalog: hive_catalog.gold.features_sample
[2025-10-20T01:50:04.135+0000] {subprocess.py:106} INFO - 25/10/20 01:50:04 INFO V2ScanRelationPushDown:
[2025-10-20T01:50:04.135+0000] {subprocess.py:106} INFO - Output: product_id#1, year#3, month#4, dow#6, price#8, review_score#10, payment_method#11, age#14, prod_total_qty#15L, prod_avg_price#16, prod_unique_buyers#17L
[2025-10-20T01:50:04.135+0000] {subprocess.py:106} INFO - 
[2025-10-20T01:50:04.147+0000] {subprocess.py:106} INFO - 25/10/20 01:50:04 INFO SnapshotScan: Scanning table hive_catalog.gold.features_sample snapshot 887466931737194775 created at 2025-10-20T00:55:15.038+00:00 with filter true
[2025-10-20T01:50:04.321+0000] {subprocess.py:106} INFO - 25/10/20 01:50:04 INFO BaseDistributedDataScan: Planning file tasks locally for table hive_catalog.gold.features_sample
[2025-10-20T01:50:04.434+0000] {subprocess.py:106} INFO - 25/10/20 01:50:04 INFO SparkPartitioningAwareScan: Reporting UnknownPartitioning with 1 partition(s) for table hive_catalog.gold.features_sample
[2025-10-20T01:50:04.701+0000] {subprocess.py:106} INFO - 25/10/20 01:50:04 INFO MemoryStore: Block broadcast_0 stored as values in memory (estimated size 32.0 KiB, free 434.4 MiB)
[2025-10-20T01:50:04.749+0000] {subprocess.py:106} INFO - 25/10/20 01:50:04 INFO MemoryStore: Block broadcast_0_piece0 stored as bytes in memory (estimated size 29.6 KiB, free 434.3 MiB)
[2025-10-20T01:50:04.752+0000] {subprocess.py:106} INFO - 25/10/20 01:50:04 INFO BlockManagerInfo: Added broadcast_0_piece0 in memory on 423e5338994a:41579 (size: 29.6 KiB, free: 434.4 MiB)
[2025-10-20T01:50:04.756+0000] {subprocess.py:106} INFO - 25/10/20 01:50:04 INFO SparkContext: Created broadcast 0 from toPandas at /opt/***/scripts/price_optimize.py:82
[2025-10-20T01:50:04.925+0000] {subprocess.py:106} INFO - 25/10/20 01:50:04 INFO MemoryStore: Block broadcast_1 stored as values in memory (estimated size 32.0 KiB, free 434.3 MiB)
[2025-10-20T01:50:04.930+0000] {subprocess.py:106} INFO - 25/10/20 01:50:04 INFO MemoryStore: Block broadcast_1_piece0 stored as bytes in memory (estimated size 29.6 KiB, free 434.3 MiB)
[2025-10-20T01:50:04.930+0000] {subprocess.py:106} INFO - 25/10/20 01:50:04 INFO BlockManagerInfo: Added broadcast_1_piece0 in memory on 423e5338994a:41579 (size: 29.6 KiB, free: 434.3 MiB)
[2025-10-20T01:50:04.931+0000] {subprocess.py:106} INFO - 25/10/20 01:50:04 INFO SparkContext: Created broadcast 1 from toPandas at /opt/***/scripts/price_optimize.py:82
[2025-10-20T01:50:05.486+0000] {subprocess.py:106} INFO - 25/10/20 01:50:05 INFO CodeGenerator: Code generated in 226.778607 ms
[2025-10-20T01:50:05.624+0000] {subprocess.py:106} INFO - 25/10/20 01:50:05 INFO DAGScheduler: Registering RDD 4 (toPandas at /opt/***/scripts/price_optimize.py:82) as input to shuffle 0
[2025-10-20T01:50:05.628+0000] {subprocess.py:106} INFO - 25/10/20 01:50:05 INFO DAGScheduler: Got map stage job 0 (toPandas at /opt/***/scripts/price_optimize.py:82) with 1 output partitions
[2025-10-20T01:50:05.629+0000] {subprocess.py:106} INFO - 25/10/20 01:50:05 INFO DAGScheduler: Final stage: ShuffleMapStage 0 (toPandas at /opt/***/scripts/price_optimize.py:82)
[2025-10-20T01:50:05.629+0000] {subprocess.py:106} INFO - 25/10/20 01:50:05 INFO DAGScheduler: Parents of final stage: List()
[2025-10-20T01:50:05.631+0000] {subprocess.py:106} INFO - 25/10/20 01:50:05 INFO DAGScheduler: Missing parents: List()
[2025-10-20T01:50:05.636+0000] {subprocess.py:106} INFO - 25/10/20 01:50:05 INFO DAGScheduler: Submitting ShuffleMapStage 0 (MapPartitionsRDD[4] at toPandas at /opt/***/scripts/price_optimize.py:82), which has no missing parents
[2025-10-20T01:50:05.676+0000] {subprocess.py:106} INFO - 25/10/20 01:50:05 INFO MemoryStore: Block broadcast_2 stored as values in memory (estimated size 40.5 KiB, free 434.2 MiB)
[2025-10-20T01:50:05.679+0000] {subprocess.py:106} INFO - 25/10/20 01:50:05 INFO MemoryStore: Block broadcast_2_piece0 stored as bytes in memory (estimated size 15.7 KiB, free 434.2 MiB)
[2025-10-20T01:50:05.680+0000] {subprocess.py:106} INFO - 25/10/20 01:50:05 INFO BlockManagerInfo: Added broadcast_2_piece0 in memory on 423e5338994a:41579 (size: 15.7 KiB, free: 434.3 MiB)
[2025-10-20T01:50:05.680+0000] {subprocess.py:106} INFO - 25/10/20 01:50:05 INFO SparkContext: Created broadcast 2 from broadcast at DAGScheduler.scala:1585
[2025-10-20T01:50:05.699+0000] {subprocess.py:106} INFO - 25/10/20 01:50:05 INFO DAGScheduler: Submitting 1 missing tasks from ShuffleMapStage 0 (MapPartitionsRDD[4] at toPandas at /opt/***/scripts/price_optimize.py:82) (first 15 tasks are for partitions Vector(0))
[2025-10-20T01:50:05.702+0000] {subprocess.py:106} INFO - 25/10/20 01:50:05 INFO TaskSchedulerImpl: Adding task set 0.0 with 1 tasks resource profile 0
[2025-10-20T01:50:05.751+0000] {subprocess.py:106} INFO - 25/10/20 01:50:05 INFO TaskSetManager: Starting task 0.0 in stage 0.0 (TID 0) (172.30.0.7, executor 0, partition 0, ANY, 14668 bytes)
[2025-10-20T01:50:06.228+0000] {subprocess.py:106} INFO - 25/10/20 01:50:06 INFO BlockManagerInfo: Added broadcast_2_piece0 in memory on 172.30.0.7:38283 (size: 15.7 KiB, free: 434.4 MiB)
[2025-10-20T01:50:07.006+0000] {subprocess.py:106} INFO - 25/10/20 01:50:07 INFO BlockManagerInfo: Added broadcast_1_piece0 in memory on 172.30.0.7:38283 (size: 29.6 KiB, free: 434.4 MiB)
[2025-10-20T01:50:08.888+0000] {subprocess.py:106} INFO - 25/10/20 01:50:08 INFO TaskSetManager: Finished task 0.0 in stage 0.0 (TID 0) in 3163 ms on 172.30.0.7 (executor 0) (1/1)
[2025-10-20T01:50:08.891+0000] {subprocess.py:106} INFO - 25/10/20 01:50:08 INFO TaskSchedulerImpl: Removed TaskSet 0.0, whose tasks have all completed, from pool
[2025-10-20T01:50:08.902+0000] {subprocess.py:106} INFO - 25/10/20 01:50:08 INFO DAGScheduler: ShuffleMapStage 0 (toPandas at /opt/***/scripts/price_optimize.py:82) finished in 3.256 s
[2025-10-20T01:50:08.903+0000] {subprocess.py:106} INFO - 25/10/20 01:50:08 INFO DAGScheduler: looking for newly runnable stages
[2025-10-20T01:50:08.903+0000] {subprocess.py:106} INFO - 25/10/20 01:50:08 INFO DAGScheduler: running: Set()
[2025-10-20T01:50:08.904+0000] {subprocess.py:106} INFO - 25/10/20 01:50:08 INFO DAGScheduler: waiting: Set()
[2025-10-20T01:50:08.905+0000] {subprocess.py:106} INFO - 25/10/20 01:50:08 INFO DAGScheduler: failed: Set()
[2025-10-20T01:50:08.932+0000] {subprocess.py:106} INFO - 25/10/20 01:50:08 INFO ShufflePartitionsUtil: For shuffle(0), advisory target size: 67108864, actual target size 1048576, minimum partition size: 1048576
[2025-10-20T01:50:08.973+0000] {subprocess.py:106} INFO - 25/10/20 01:50:08 INFO CodeGenerator: Code generated in 10.164877 ms
[2025-10-20T01:50:09.029+0000] {subprocess.py:106} INFO - 25/10/20 01:50:09 INFO SparkContext: Starting job: toPandas at /opt/***/scripts/price_optimize.py:82
[2025-10-20T01:50:09.033+0000] {subprocess.py:106} INFO - 25/10/20 01:50:09 INFO DAGScheduler: Got job 1 (toPandas at /opt/***/scripts/price_optimize.py:82) with 1 output partitions
[2025-10-20T01:50:09.034+0000] {subprocess.py:106} INFO - 25/10/20 01:50:09 INFO DAGScheduler: Final stage: ResultStage 2 (toPandas at /opt/***/scripts/price_optimize.py:82)
[2025-10-20T01:50:09.035+0000] {subprocess.py:106} INFO - 25/10/20 01:50:09 INFO DAGScheduler: Parents of final stage: List(ShuffleMapStage 1)
[2025-10-20T01:50:09.035+0000] {subprocess.py:106} INFO - 25/10/20 01:50:09 INFO DAGScheduler: Missing parents: List()
[2025-10-20T01:50:09.038+0000] {subprocess.py:106} INFO - 25/10/20 01:50:09 INFO DAGScheduler: Submitting ResultStage 2 (MapPartitionsRDD[8] at toPandas at /opt/***/scripts/price_optimize.py:82), which has no missing parents
[2025-10-20T01:50:09.052+0000] {subprocess.py:106} INFO - 25/10/20 01:50:09 INFO MemoryStore: Block broadcast_3 stored as values in memory (estimated size 45.7 KiB, free 434.2 MiB)
[2025-10-20T01:50:09.063+0000] {subprocess.py:106} INFO - 25/10/20 01:50:09 INFO MemoryStore: Block broadcast_3_piece0 stored as bytes in memory (estimated size 18.6 KiB, free 434.2 MiB)
[2025-10-20T01:50:09.064+0000] {subprocess.py:106} INFO - 25/10/20 01:50:09 INFO BlockManagerInfo: Added broadcast_3_piece0 in memory on 423e5338994a:41579 (size: 18.6 KiB, free: 434.3 MiB)
[2025-10-20T01:50:09.065+0000] {subprocess.py:106} INFO - 25/10/20 01:50:09 INFO SparkContext: Created broadcast 3 from broadcast at DAGScheduler.scala:1585
[2025-10-20T01:50:09.067+0000] {subprocess.py:106} INFO - 25/10/20 01:50:09 INFO DAGScheduler: Submitting 1 missing tasks from ResultStage 2 (MapPartitionsRDD[8] at toPandas at /opt/***/scripts/price_optimize.py:82) (first 15 tasks are for partitions Vector(0))
[2025-10-20T01:50:09.068+0000] {subprocess.py:106} INFO - 25/10/20 01:50:09 INFO TaskSchedulerImpl: Adding task set 2.0 with 1 tasks resource profile 0
[2025-10-20T01:50:09.074+0000] {subprocess.py:106} INFO - 25/10/20 01:50:09 INFO TaskSetManager: Starting task 0.0 in stage 2.0 (TID 1) (172.30.0.7, executor 0, partition 0, NODE_LOCAL, 9003 bytes)
[2025-10-20T01:50:09.117+0000] {subprocess.py:106} INFO - 25/10/20 01:50:09 INFO BlockManagerInfo: Removed broadcast_2_piece0 on 423e5338994a:41579 in memory (size: 15.7 KiB, free: 434.3 MiB)
[2025-10-20T01:50:09.122+0000] {subprocess.py:106} INFO - 25/10/20 01:50:09 INFO BlockManagerInfo: Removed broadcast_2_piece0 on 172.30.0.7:38283 in memory (size: 15.7 KiB, free: 434.4 MiB)
[2025-10-20T01:50:09.127+0000] {subprocess.py:106} INFO - 25/10/20 01:50:09 INFO BlockManagerInfo: Added broadcast_3_piece0 in memory on 172.30.0.7:38283 (size: 18.6 KiB, free: 434.4 MiB)
[2025-10-20T01:50:09.241+0000] {subprocess.py:106} INFO - 25/10/20 01:50:09 INFO MapOutputTrackerMasterEndpoint: Asked to send map output locations for shuffle 0 to 172.30.0.7:37360
[2025-10-20T01:50:09.479+0000] {subprocess.py:106} INFO - 25/10/20 01:50:09 INFO TaskSetManager: Finished task 0.0 in stage 2.0 (TID 1) in 408 ms on 172.30.0.7 (executor 0) (1/1)
[2025-10-20T01:50:09.481+0000] {subprocess.py:106} INFO - 25/10/20 01:50:09 INFO TaskSchedulerImpl: Removed TaskSet 2.0, whose tasks have all completed, from pool
[2025-10-20T01:50:09.482+0000] {subprocess.py:106} INFO - 25/10/20 01:50:09 INFO DAGScheduler: ResultStage 2 (toPandas at /opt/***/scripts/price_optimize.py:82) finished in 0.432 s
[2025-10-20T01:50:09.483+0000] {subprocess.py:106} INFO - 25/10/20 01:50:09 INFO DAGScheduler: Job 1 is finished. Cancelling potential speculative or zombie tasks for this job
[2025-10-20T01:50:09.485+0000] {subprocess.py:106} INFO - 25/10/20 01:50:09 INFO TaskSchedulerImpl: Killing all running tasks in stage 2: Stage finished
[2025-10-20T01:50:09.486+0000] {subprocess.py:106} INFO - 25/10/20 01:50:09 INFO DAGScheduler: Job 1 finished: toPandas at /opt/***/scripts/price_optimize.py:82, took 0.457110 s
[2025-10-20T01:50:09.600+0000] {subprocess.py:106} INFO - Loaded prods_pdf shape: (89, 11)
[2025-10-20T01:50:10.261+0000] {subprocess.py:106} INFO - Computed best prices for 89 products
[2025-10-20T01:50:10.388+0000] {subprocess.py:106} INFO - 25/10/20 01:50:10 INFO BaseMetastoreTableOperations: Refreshing table metadata from new version: hdfs://tuankiet170-master:9000/data_lake/warehouse/gold.db/price_recommendations/metadata/00000-c27907b1-827e-4359-a3fe-ffd8bb0d60c5.metadata.json
[2025-10-20T01:50:10.408+0000] {subprocess.py:106} INFO - 25/10/20 01:50:10 INFO BaseMetastoreCatalog: Table loaded by catalog: hive_catalog.gold.price_recommendations
[2025-10-20T01:50:10.415+0000] {subprocess.py:106} INFO - 25/10/20 01:50:10 INFO BaseMetastoreCatalog: Table properties set at catalog level through catalog properties: {}
[2025-10-20T01:50:10.416+0000] {subprocess.py:106} INFO - 25/10/20 01:50:10 INFO BaseMetastoreCatalog: Table properties enforced at catalog level through catalog properties: {}
[2025-10-20T01:50:10.429+0000] {subprocess.py:106} INFO - 25/10/20 01:50:10 INFO BaseMetastoreTableOperations: Refreshing table metadata from new version: hdfs://tuankiet170-master:9000/data_lake/warehouse/gold.db/price_recommendations/metadata/00000-c27907b1-827e-4359-a3fe-ffd8bb0d60c5.metadata.json
[2025-10-20T01:50:10.492+0000] {subprocess.py:106} INFO - 25/10/20 01:50:10 INFO SparkWrite: Requesting 0 bytes advisory partition size for table gold.price_recommendations
[2025-10-20T01:50:10.493+0000] {subprocess.py:106} INFO - 25/10/20 01:50:10 INFO SparkWrite: Requesting UnspecifiedDistribution as write distribution for table gold.price_recommendations
[2025-10-20T01:50:10.494+0000] {subprocess.py:106} INFO - 25/10/20 01:50:10 INFO SparkWrite: Requesting [] as write ordering for table gold.price_recommendations
[2025-10-20T01:50:10.530+0000] {subprocess.py:106} INFO - 25/10/20 01:50:10 INFO CodeGenerator: Code generated in 8.311335 ms
[2025-10-20T01:50:10.540+0000] {subprocess.py:106} INFO - 25/10/20 01:50:10 INFO MemoryStore: Block broadcast_4 stored as values in memory (estimated size 32.0 KiB, free 434.2 MiB)
[2025-10-20T01:50:10.549+0000] {subprocess.py:106} INFO - 25/10/20 01:50:10 INFO MemoryStore: Block broadcast_4_piece0 stored as bytes in memory (estimated size 29.1 KiB, free 434.2 MiB)
[2025-10-20T01:50:10.551+0000] {subprocess.py:106} INFO - 25/10/20 01:50:10 INFO BlockManagerInfo: Added broadcast_4_piece0 in memory on 423e5338994a:41579 (size: 29.1 KiB, free: 434.3 MiB)
[2025-10-20T01:50:10.552+0000] {subprocess.py:106} INFO - 25/10/20 01:50:10 INFO BlockManagerInfo: Removed broadcast_3_piece0 on 423e5338994a:41579 in memory (size: 18.6 KiB, free: 434.3 MiB)
[2025-10-20T01:50:10.553+0000] {subprocess.py:106} INFO - 25/10/20 01:50:10 INFO SparkContext: Created broadcast 4 from broadcast at SparkWrite.java:193
[2025-10-20T01:50:10.555+0000] {subprocess.py:106} INFO - 25/10/20 01:50:10 INFO AppendDataExec: Start processing data source write support: IcebergBatchWrite(table=gold.price_recommendations, format=PARQUET). The input RDD has 2 partitions.
[2025-10-20T01:50:10.555+0000] {subprocess.py:106} INFO - 25/10/20 01:50:10 INFO BlockManagerInfo: Removed broadcast_3_piece0 on 172.30.0.7:38283 in memory (size: 18.6 KiB, free: 434.4 MiB)
[2025-10-20T01:50:10.563+0000] {subprocess.py:106} INFO - 25/10/20 01:50:10 INFO SparkContext: Starting job: createOrReplace at <unknown>:0
[2025-10-20T01:50:10.570+0000] {subprocess.py:106} INFO - 25/10/20 01:50:10 INFO DAGScheduler: Got job 2 (createOrReplace at <unknown>:0) with 2 output partitions
[2025-10-20T01:50:10.571+0000] {subprocess.py:106} INFO - 25/10/20 01:50:10 INFO DAGScheduler: Final stage: ResultStage 3 (createOrReplace at <unknown>:0)
[2025-10-20T01:50:10.571+0000] {subprocess.py:106} INFO - 25/10/20 01:50:10 INFO DAGScheduler: Parents of final stage: List()
[2025-10-20T01:50:10.573+0000] {subprocess.py:106} INFO - 25/10/20 01:50:10 INFO DAGScheduler: Missing parents: List()
[2025-10-20T01:50:10.574+0000] {subprocess.py:106} INFO - 25/10/20 01:50:10 INFO DAGScheduler: Submitting ResultStage 3 (MapPartitionsRDD[14] at createOrReplace at <unknown>:0), which has no missing parents
[2025-10-20T01:50:10.582+0000] {subprocess.py:106} INFO - 25/10/20 01:50:10 INFO MemoryStore: Block broadcast_5 stored as values in memory (estimated size 14.3 KiB, free 434.2 MiB)
[2025-10-20T01:50:10.589+0000] {subprocess.py:106} INFO - 25/10/20 01:50:10 INFO MemoryStore: Block broadcast_5_piece0 stored as bytes in memory (estimated size 7.6 KiB, free 434.2 MiB)
[2025-10-20T01:50:10.590+0000] {subprocess.py:106} INFO - 25/10/20 01:50:10 INFO BlockManagerInfo: Added broadcast_5_piece0 in memory on 423e5338994a:41579 (size: 7.6 KiB, free: 434.3 MiB)
[2025-10-20T01:50:10.591+0000] {subprocess.py:106} INFO - 25/10/20 01:50:10 INFO SparkContext: Created broadcast 5 from broadcast at DAGScheduler.scala:1585
[2025-10-20T01:50:10.591+0000] {subprocess.py:106} INFO - 25/10/20 01:50:10 INFO DAGScheduler: Submitting 2 missing tasks from ResultStage 3 (MapPartitionsRDD[14] at createOrReplace at <unknown>:0) (first 15 tasks are for partitions Vector(0, 1))
[2025-10-20T01:50:10.592+0000] {subprocess.py:106} INFO - 25/10/20 01:50:10 INFO TaskSchedulerImpl: Adding task set 3.0 with 2 tasks resource profile 0
[2025-10-20T01:50:10.595+0000] {subprocess.py:106} INFO - 25/10/20 01:50:10 INFO TaskSetManager: Starting task 0.0 in stage 3.0 (TID 2) (172.30.0.7, executor 0, partition 0, PROCESS_LOCAL, 9999 bytes)
[2025-10-20T01:50:10.617+0000] {subprocess.py:106} INFO - 25/10/20 01:50:10 INFO BlockManagerInfo: Added broadcast_5_piece0 in memory on 172.30.0.7:38283 (size: 7.6 KiB, free: 434.4 MiB)
[2025-10-20T01:50:11.404+0000] {subprocess.py:106} INFO - 25/10/20 01:50:11 INFO BlockManagerInfo: Added broadcast_4_piece0 in memory on 172.30.0.7:38283 (size: 29.1 KiB, free: 434.3 MiB)
[2025-10-20T01:50:12.428+0000] {subprocess.py:106} INFO - 25/10/20 01:50:12 INFO TaskSetManager: Starting task 1.0 in stage 3.0 (TID 3) (172.30.0.7, executor 0, partition 1, PROCESS_LOCAL, 10069 bytes)
[2025-10-20T01:50:12.434+0000] {subprocess.py:106} INFO - 25/10/20 01:50:12 INFO TaskSetManager: Finished task 0.0 in stage 3.0 (TID 2) in 1841 ms on 172.30.0.7 (executor 0) (1/2)
[2025-10-20T01:50:12.435+0000] {subprocess.py:106} INFO - 25/10/20 01:50:12 INFO PythonAccumulatorV2: Connected to AccumulatorServer at host: 127.0.0.1 port: 55731
[2025-10-20T01:50:12.561+0000] {subprocess.py:106} INFO - 25/10/20 01:50:12 INFO TaskSetManager: Finished task 1.0 in stage 3.0 (TID 3) in 133 ms on 172.30.0.7 (executor 0) (2/2)
[2025-10-20T01:50:12.561+0000] {subprocess.py:106} INFO - 25/10/20 01:50:12 INFO TaskSchedulerImpl: Removed TaskSet 3.0, whose tasks have all completed, from pool
[2025-10-20T01:50:12.562+0000] {subprocess.py:106} INFO - 25/10/20 01:50:12 INFO DAGScheduler: ResultStage 3 (createOrReplace at <unknown>:0) finished in 1.985 s
[2025-10-20T01:50:12.562+0000] {subprocess.py:106} INFO - 25/10/20 01:50:12 INFO DAGScheduler: Job 2 is finished. Cancelling potential speculative or zombie tasks for this job
[2025-10-20T01:50:12.563+0000] {subprocess.py:106} INFO - 25/10/20 01:50:12 INFO TaskSchedulerImpl: Killing all running tasks in stage 3: Stage finished
[2025-10-20T01:50:12.563+0000] {subprocess.py:106} INFO - 25/10/20 01:50:12 INFO DAGScheduler: Job 2 finished: createOrReplace at <unknown>:0, took 1.999406 s
[2025-10-20T01:50:12.564+0000] {subprocess.py:106} INFO - 25/10/20 01:50:12 INFO AppendDataExec: Data source write support IcebergBatchWrite(table=gold.price_recommendations, format=PARQUET) is committing.
[2025-10-20T01:50:12.579+0000] {subprocess.py:106} INFO - 25/10/20 01:50:12 INFO SparkWrite: Committing append with 2 new data files to table gold.price_recommendations
[2025-10-20T01:50:12.838+0000] {subprocess.py:106} INFO - 25/10/20 01:50:12 INFO SnapshotProducer: Committed snapshot 1859916691721036738 (MergeAppend)
[2025-10-20T01:50:12.869+0000] {subprocess.py:106} INFO - 25/10/20 01:50:12 INFO LoggingMetricsReporter: Received metrics report: CommitReport{tableName=gold.price_recommendations, snapshotId=1859916691721036738, sequenceNumber=2, operation=append, commitMetrics=CommitMetricsResult{totalDuration=TimerResult{timeUnit=NANOSECONDS, totalDuration=PT0.283067629S, count=1}, attempts=CounterResult{unit=COUNT, value=1}, addedDataFiles=CounterResult{unit=COUNT, value=2}, removedDataFiles=null, totalDataFiles=CounterResult{unit=COUNT, value=2}, addedDeleteFiles=null, addedEqualityDeleteFiles=null, addedPositionalDeleteFiles=null, removedDeleteFiles=null, removedEqualityDeleteFiles=null, removedPositionalDeleteFiles=null, totalDeleteFiles=CounterResult{unit=COUNT, value=0}, addedRecords=CounterResult{unit=COUNT, value=89}, removedRecords=null, totalRecords=CounterResult{unit=COUNT, value=89}, addedFilesSizeInBytes=CounterResult{unit=BYTES, value=3697}, removedFilesSizeInBytes=null, totalFilesSizeInBytes=CounterResult{unit=BYTES, value=3697}, addedPositionalDeletes=null, removedPositionalDeletes=null, totalPositionalDeletes=CounterResult{unit=COUNT, value=0}, addedEqualityDeletes=null, removedEqualityDeletes=null, totalEqualityDeletes=CounterResult{unit=COUNT, value=0}}, metadata={engine-version=3.5.3, app-id=app-20251020014958-0002, engine-name=spark, iceberg-version=Apache Iceberg 1.6.1 (commit 8e9d59d299be42b0bca9461457cd1e95dbaad086)}}
[2025-10-20T01:50:12.870+0000] {subprocess.py:106} INFO - 25/10/20 01:50:12 INFO SparkWrite: Committed in 289 ms
[2025-10-20T01:50:12.870+0000] {subprocess.py:106} INFO - 25/10/20 01:50:12 INFO AppendDataExec: Data source write support IcebergBatchWrite(table=gold.price_recommendations, format=PARQUET) committed.
[2025-10-20T01:50:15.152+0000] {subprocess.py:106} INFO - 25/10/20 01:50:15 INFO HiveTableOperations: Committed to table hive_catalog.gold.price_recommendations with the new metadata location hdfs://tuankiet170-master:9000/data_lake/warehouse/gold.db/price_recommendations/metadata/00001-8dc62d02-8568-4257-89dc-35416fe8c977.metadata.json
[2025-10-20T01:50:15.152+0000] {subprocess.py:106} INFO - 25/10/20 01:50:15 INFO BaseMetastoreTableOperations: Successfully committed to table hive_catalog.gold.price_recommendations in 2266 ms
[2025-10-20T01:50:15.157+0000] {subprocess.py:106} INFO - Wrote hive_catalog.gold.price_recommendations
[2025-10-20T01:50:15.167+0000] {subprocess.py:106} INFO - 25/10/20 01:50:15 INFO SparkContext: SparkContext is stopping with exitCode 0.
[2025-10-20T01:50:15.188+0000] {subprocess.py:106} INFO - 25/10/20 01:50:15 INFO SparkUI: Stopped Spark web UI at http://423e5338994a:4040
[2025-10-20T01:50:15.192+0000] {subprocess.py:106} INFO - 25/10/20 01:50:15 INFO StandaloneSchedulerBackend: Shutting down all executors
[2025-10-20T01:50:15.193+0000] {subprocess.py:106} INFO - 25/10/20 01:50:15 INFO StandaloneSchedulerBackend$StandaloneDriverEndpoint: Asking each executor to shut down
[2025-10-20T01:50:15.213+0000] {subprocess.py:106} INFO - 25/10/20 01:50:15 INFO MapOutputTrackerMasterEndpoint: MapOutputTrackerMasterEndpoint stopped!
[2025-10-20T01:50:15.232+0000] {subprocess.py:106} INFO - 25/10/20 01:50:15 INFO MemoryStore: MemoryStore cleared
[2025-10-20T01:50:15.233+0000] {subprocess.py:106} INFO - 25/10/20 01:50:15 INFO BlockManager: BlockManager stopped
[2025-10-20T01:50:15.238+0000] {subprocess.py:106} INFO - 25/10/20 01:50:15 INFO BlockManagerMaster: BlockManagerMaster stopped
[2025-10-20T01:50:15.245+0000] {subprocess.py:106} INFO - 25/10/20 01:50:15 INFO OutputCommitCoordinator$OutputCommitCoordinatorEndpoint: OutputCommitCoordinator stopped!
[2025-10-20T01:50:15.262+0000] {subprocess.py:106} INFO - 25/10/20 01:50:15 INFO SparkContext: Successfully stopped SparkContext
[2025-10-20T01:50:15.878+0000] {subprocess.py:106} INFO - 25/10/20 01:50:15 INFO ShutdownHookManager: Shutdown hook called
[2025-10-20T01:50:15.879+0000] {subprocess.py:106} INFO - 25/10/20 01:50:15 INFO ShutdownHookManager: Deleting directory /tmp/spark-bcfd8779-19bc-4ba2-9c2a-3f90b988ecde
[2025-10-20T01:50:15.884+0000] {subprocess.py:106} INFO - 25/10/20 01:50:15 INFO ShutdownHookManager: Deleting directory /tmp/spark-772d470d-e293-418f-9f79-f9241fd46988
[2025-10-20T01:50:15.890+0000] {subprocess.py:106} INFO - 25/10/20 01:50:15 INFO ShutdownHookManager: Deleting directory /tmp/spark-772d470d-e293-418f-9f79-f9241fd46988/pyspark-83a807d4-775f-432e-ac3e-eeee67b19e0f
[2025-10-20T01:50:16.037+0000] {subprocess.py:110} INFO - Command exited with return code 0
[2025-10-20T01:50:16.108+0000] {taskinstance.py:341} INFO - ::group::Post task execution logs
[2025-10-20T01:50:16.109+0000] {taskinstance.py:353} INFO - Marking task as SUCCESS. dag_id=system_dag, task_id=price_optimize, run_id=scheduled__2025-10-19T00:00:00+00:00, execution_date=20251019T000000, start_date=20251020T014953, end_date=20251020T015016
[2025-10-20T01:50:16.201+0000] {local_task_job_runner.py:266} INFO - Task exited with return code 0
[2025-10-20T01:50:16.242+0000] {taskinstance.py:3901} INFO - 1 downstream tasks scheduled from follow-on schedule check
[2025-10-20T01:50:16.246+0000] {local_task_job_runner.py:245} INFO - ::endgroup::
