[2025-10-19T01:16:26.163+0000] {local_task_job_runner.py:123} INFO - ::group::Pre task execution logs
[2025-10-19T01:16:26.216+0000] {taskinstance.py:2614} INFO - Dependencies all met for dep_context=non-requeueable deps ti=<TaskInstance: etl_datalake_hive_iceberg.clean_silver manual__2025-10-19T01:14:25.984073+00:00 [queued]>
[2025-10-19T01:16:26.231+0000] {taskinstance.py:2614} INFO - Dependencies all met for dep_context=requeueable deps ti=<TaskInstance: etl_datalake_hive_iceberg.clean_silver manual__2025-10-19T01:14:25.984073+00:00 [queued]>
[2025-10-19T01:16:26.232+0000] {taskinstance.py:2867} INFO - Starting attempt 1 of 2
[2025-10-19T01:16:26.262+0000] {taskinstance.py:2890} INFO - Executing <Task(BashOperator): clean_silver> on 2025-10-19 01:14:25.984073+00:00
[2025-10-19T01:16:26.273+0000] {standard_task_runner.py:72} INFO - Started process 110 to run task
[2025-10-19T01:16:26.277+0000] {standard_task_runner.py:104} INFO - Running: ['***', 'tasks', 'run', 'etl_datalake_hive_iceberg', 'clean_silver', 'manual__2025-10-19T01:14:25.984073+00:00', '--job-id', '7', '--raw', '--subdir', 'DAGS_FOLDER/etl_datalake_dag.py', '--cfg-path', '/tmp/tmp6s9jh03k']
[2025-10-19T01:16:26.279+0000] {standard_task_runner.py:105} INFO - Job 7: Subtask clean_silver
[2025-10-19T01:16:26.318+0000] {warnings.py:109} WARNING - /home/***/.local/lib/python3.8/site-packages/***/settings.py:209: DeprecationWarning: The sql_alchemy_conn option in [core] has been moved to the sql_alchemy_conn option in [database] - the old setting has been used, but please update your config.
  SQL_ALCHEMY_CONN = conf.get("database", "SQL_ALCHEMY_CONN")

[2025-10-19T01:16:26.421+0000] {task_command.py:467} INFO - Running <TaskInstance: etl_datalake_hive_iceberg.clean_silver manual__2025-10-19T01:14:25.984073+00:00 [running]> on host ff04b21b6cb6
[2025-10-19T01:16:26.598+0000] {taskinstance.py:3134} INFO - Exporting env vars: AIRFLOW_CTX_DAG_EMAIL='alert@datateam.local' AIRFLOW_CTX_DAG_OWNER='***' AIRFLOW_CTX_DAG_ID='etl_datalake_hive_iceberg' AIRFLOW_CTX_TASK_ID='clean_silver' AIRFLOW_CTX_EXECUTION_DATE='2025-10-19T01:14:25.984073+00:00' AIRFLOW_CTX_TRY_NUMBER='1' AIRFLOW_CTX_DAG_RUN_ID='manual__2025-10-19T01:14:25.984073+00:00'
[2025-10-19T01:16:26.599+0000] {taskinstance.py:732} INFO - ::endgroup::
[2025-10-19T01:16:26.618+0000] {subprocess.py:78} INFO - Tmp dir root location: /tmp
[2025-10-19T01:16:26.620+0000] {subprocess.py:88} INFO - Running command: ['/bin/bash', '-c', '\n        docker exec spark-submit /opt/spark/bin/spark-submit         --master spark://spark-master:7077         --deploy-mode client         /opt/***/scripts/Clean_Silver.py\n        ']
[2025-10-19T01:16:26.637+0000] {subprocess.py:99} INFO - Output:
[2025-10-19T01:16:29.444+0000] {subprocess.py:106} INFO - 25/10/19 01:16:29 INFO SparkContext: Running Spark version 3.5.3
[2025-10-19T01:16:29.446+0000] {subprocess.py:106} INFO - 25/10/19 01:16:29 INFO SparkContext: OS info Linux, 6.6.87.1-microsoft-standard-WSL2, amd64
[2025-10-19T01:16:29.446+0000] {subprocess.py:106} INFO - 25/10/19 01:16:29 INFO SparkContext: Java version 11.0.24
[2025-10-19T01:16:29.513+0000] {subprocess.py:106} INFO - 25/10/19 01:16:29 WARN NativeCodeLoader: Unable to load native-hadoop library for your platform... using builtin-java classes where applicable
[2025-10-19T01:16:29.606+0000] {subprocess.py:106} INFO - 25/10/19 01:16:29 INFO ResourceUtils: ==============================================================
[2025-10-19T01:16:29.607+0000] {subprocess.py:106} INFO - 25/10/19 01:16:29 INFO ResourceUtils: No custom resources configured for spark.driver.
[2025-10-19T01:16:29.607+0000] {subprocess.py:106} INFO - 25/10/19 01:16:29 INFO ResourceUtils: ==============================================================
[2025-10-19T01:16:29.607+0000] {subprocess.py:106} INFO - 25/10/19 01:16:29 INFO SparkContext: Submitted application: Clean_Silver_Hive_Iceberg
[2025-10-19T01:16:29.630+0000] {subprocess.py:106} INFO - 25/10/19 01:16:29 INFO ResourceProfile: Default ResourceProfile created, executor resources: Map(memory -> name: memory, amount: 1024, script: , vendor: , offHeap -> name: offHeap, amount: 0, script: , vendor: ), task resources: Map(cpus -> name: cpus, amount: 1.0)
[2025-10-19T01:16:29.647+0000] {subprocess.py:106} INFO - 25/10/19 01:16:29 INFO ResourceProfile: Limiting resource is cpu
[2025-10-19T01:16:29.648+0000] {subprocess.py:106} INFO - 25/10/19 01:16:29 INFO ResourceProfileManager: Added ResourceProfile id: 0
[2025-10-19T01:16:29.710+0000] {subprocess.py:106} INFO - 25/10/19 01:16:29 INFO SecurityManager: Changing view acls to: spark
[2025-10-19T01:16:29.711+0000] {subprocess.py:106} INFO - 25/10/19 01:16:29 INFO SecurityManager: Changing modify acls to: spark
[2025-10-19T01:16:29.712+0000] {subprocess.py:106} INFO - 25/10/19 01:16:29 INFO SecurityManager: Changing view acls groups to:
[2025-10-19T01:16:29.712+0000] {subprocess.py:106} INFO - 25/10/19 01:16:29 INFO SecurityManager: Changing modify acls groups to:
[2025-10-19T01:16:29.713+0000] {subprocess.py:106} INFO - 25/10/19 01:16:29 INFO SecurityManager: SecurityManager: authentication disabled; ui acls disabled; users with view permissions: spark; groups with view permissions: EMPTY; users with modify permissions: spark; groups with modify permissions: EMPTY
[2025-10-19T01:16:30.047+0000] {subprocess.py:106} INFO - 25/10/19 01:16:30 INFO Utils: Successfully started service 'sparkDriver' on port 38181.
[2025-10-19T01:16:30.080+0000] {subprocess.py:106} INFO - 25/10/19 01:16:30 INFO SparkEnv: Registering MapOutputTracker
[2025-10-19T01:16:30.117+0000] {subprocess.py:106} INFO - 25/10/19 01:16:30 INFO SparkEnv: Registering BlockManagerMaster
[2025-10-19T01:16:30.135+0000] {subprocess.py:106} INFO - 25/10/19 01:16:30 INFO BlockManagerMasterEndpoint: Using org.apache.spark.storage.DefaultTopologyMapper for getting topology information
[2025-10-19T01:16:30.136+0000] {subprocess.py:106} INFO - 25/10/19 01:16:30 INFO BlockManagerMasterEndpoint: BlockManagerMasterEndpoint up
[2025-10-19T01:16:30.141+0000] {subprocess.py:106} INFO - 25/10/19 01:16:30 INFO SparkEnv: Registering BlockManagerMasterHeartbeat
[2025-10-19T01:16:30.170+0000] {subprocess.py:106} INFO - 25/10/19 01:16:30 INFO DiskBlockManager: Created local directory at /tmp/blockmgr-a7bdda81-3e22-4fab-b85f-b69660fc7fb3
[2025-10-19T01:16:30.184+0000] {subprocess.py:106} INFO - 25/10/19 01:16:30 INFO MemoryStore: MemoryStore started with capacity 434.4 MiB
[2025-10-19T01:16:30.202+0000] {subprocess.py:106} INFO - 25/10/19 01:16:30 INFO SparkEnv: Registering OutputCommitCoordinator
[2025-10-19T01:16:30.354+0000] {subprocess.py:106} INFO - 25/10/19 01:16:30 INFO JettyUtils: Start Jetty 0.0.0.0:4040 for SparkUI
[2025-10-19T01:16:30.426+0000] {subprocess.py:106} INFO - 25/10/19 01:16:30 INFO Utils: Successfully started service 'SparkUI' on port 4040.
[2025-10-19T01:16:30.548+0000] {subprocess.py:106} INFO - 25/10/19 01:16:30 INFO StandaloneAppClient$ClientEndpoint: Connecting to master spark://spark-master:7077...
[2025-10-19T01:16:30.601+0000] {subprocess.py:106} INFO - 25/10/19 01:16:30 INFO TransportClientFactory: Successfully created connection to spark-master/172.30.0.6:7077 after 33 ms (0 ms spent in bootstraps)
[2025-10-19T01:16:30.698+0000] {subprocess.py:106} INFO - 25/10/19 01:16:30 INFO StandaloneSchedulerBackend: Connected to Spark cluster with app ID app-20251019011630-0004
[2025-10-19T01:16:30.701+0000] {subprocess.py:106} INFO - 25/10/19 01:16:30 INFO StandaloneAppClient$ClientEndpoint: Executor added: app-20251019011630-0004/0 on worker-20251019010424-172.30.0.7-42873 (172.30.0.7:42873) with 1 core(s)
[2025-10-19T01:16:30.703+0000] {subprocess.py:106} INFO - 25/10/19 01:16:30 INFO StandaloneSchedulerBackend: Granted executor ID app-20251019011630-0004/0 on hostPort 172.30.0.7:42873 with 1 core(s), 1024.0 MiB RAM
[2025-10-19T01:16:30.710+0000] {subprocess.py:106} INFO - 25/10/19 01:16:30 INFO Utils: Successfully started service 'org.apache.spark.network.netty.NettyBlockTransferService' on port 43465.
[2025-10-19T01:16:30.710+0000] {subprocess.py:106} INFO - 25/10/19 01:16:30 INFO NettyBlockTransferService: Server created on 423e5338994a:43465
[2025-10-19T01:16:30.712+0000] {subprocess.py:106} INFO - 25/10/19 01:16:30 INFO BlockManager: Using org.apache.spark.storage.RandomBlockReplicationPolicy for block replication policy
[2025-10-19T01:16:30.721+0000] {subprocess.py:106} INFO - 25/10/19 01:16:30 INFO BlockManagerMaster: Registering BlockManager BlockManagerId(driver, 423e5338994a, 43465, None)
[2025-10-19T01:16:30.730+0000] {subprocess.py:106} INFO - 25/10/19 01:16:30 INFO BlockManagerMasterEndpoint: Registering block manager 423e5338994a:43465 with 434.4 MiB RAM, BlockManagerId(driver, 423e5338994a, 43465, None)
[2025-10-19T01:16:30.735+0000] {subprocess.py:106} INFO - 25/10/19 01:16:30 INFO BlockManagerMaster: Registered BlockManager BlockManagerId(driver, 423e5338994a, 43465, None)
[2025-10-19T01:16:30.739+0000] {subprocess.py:106} INFO - 25/10/19 01:16:30 INFO BlockManager: Initialized BlockManager: BlockManagerId(driver, 423e5338994a, 43465, None)
[2025-10-19T01:16:30.763+0000] {subprocess.py:106} INFO - 25/10/19 01:16:30 INFO StandaloneAppClient$ClientEndpoint: Executor updated: app-20251019011630-0004/0 is now RUNNING
[2025-10-19T01:16:31.029+0000] {subprocess.py:106} INFO - 25/10/19 01:16:31 INFO StandaloneSchedulerBackend: SchedulerBackend is ready for scheduling beginning after reached minRegisteredResourcesRatio: 0.0
[2025-10-19T01:16:31.301+0000] {subprocess.py:106} INFO - 25/10/19 01:16:31 INFO SharedState: Setting hive.metastore.warehouse.dir ('null') to the value of spark.sql.warehouse.dir.
[2025-10-19T01:16:31.312+0000] {subprocess.py:106} INFO - 25/10/19 01:16:31 INFO SharedState: Warehouse path is 'file:/opt/spark/work-dir/spark-warehouse'.
[2025-10-19T01:16:33.411+0000] {subprocess.py:106} INFO - 25/10/19 01:16:33 INFO HiveConf: Found configuration file null
[2025-10-19T01:16:33.681+0000] {subprocess.py:106} INFO - 25/10/19 01:16:33 INFO metastore: Trying to connect to metastore with URI thrift://hive-metastore:9083
[2025-10-19T01:16:33.703+0000] {subprocess.py:106} INFO - 25/10/19 01:16:33 INFO metastore: Opened a connection to metastore, current connections: 1
[2025-10-19T01:16:33.733+0000] {subprocess.py:106} INFO - 25/10/19 01:16:33 INFO metastore: Connected to metastore.
[2025-10-19T01:16:34.045+0000] {subprocess.py:106} INFO - 25/10/19 01:16:34 INFO BaseMetastoreTableOperations: Refreshing table metadata from new version: hdfs://tuankiet170-master:9000/data_lake/warehouse/bronze.db/online_retail_raw/metadata/00000-aa69e9db-90cb-47a5-9d51-02ccec00fea6.metadata.json
[2025-10-19T01:16:34.501+0000] {subprocess.py:106} INFO - 25/10/19 01:16:34 INFO StandaloneSchedulerBackend$StandaloneDriverEndpoint: Registered executor NettyRpcEndpointRef(spark-client://Executor) (172.30.0.7:41532) with ID 0,  ResourceProfileId 0
[2025-10-19T01:16:34.740+0000] {subprocess.py:106} INFO - 25/10/19 01:16:34 INFO BlockManagerMasterEndpoint: Registering block manager 172.30.0.7:38971 with 434.4 MiB RAM, BlockManagerId(0, 172.30.0.7, 38971, None)
[2025-10-19T01:16:35.241+0000] {subprocess.py:106} INFO - 25/10/19 01:16:35 INFO BaseMetastoreCatalog: Table loaded by catalog: hive_catalog.bronze.online_retail_raw
[2025-10-19T01:16:36.156+0000] {subprocess.py:106} INFO - 25/10/19 01:16:36 INFO SnapshotScan: Scanning table hive_catalog.bronze.online_retail_raw snapshot 2887046482275366798 created at 2025-10-19T01:16:21.724+00:00 with filter true
[2025-10-19T01:16:36.395+0000] {subprocess.py:106} INFO - 25/10/19 01:16:36 INFO BaseDistributedDataScan: Planning file tasks locally for table hive_catalog.bronze.online_retail_raw
[2025-10-19T01:16:36.514+0000] {subprocess.py:106} INFO - 25/10/19 01:16:36 INFO V2ScanRelationPushDown:
[2025-10-19T01:16:36.514+0000] {subprocess.py:106} INFO - Pushing operators to hive_catalog.bronze.online_retail_raw
[2025-10-19T01:16:36.514+0000] {subprocess.py:106} INFO - Pushed Aggregate Functions:
[2025-10-19T01:16:36.515+0000] {subprocess.py:106} INFO -  COUNT(*)
[2025-10-19T01:16:36.515+0000] {subprocess.py:106} INFO - Pushed Group by:
[2025-10-19T01:16:36.515+0000] {subprocess.py:106} INFO - 
[2025-10-19T01:16:36.516+0000] {subprocess.py:106} INFO - 
[2025-10-19T01:16:37.428+0000] {subprocess.py:106} INFO - 25/10/19 01:16:37 INFO CodeGenerator: Code generated in 205.590838 ms
[2025-10-19T01:16:37.447+0000] {subprocess.py:106} INFO - 25/10/19 01:16:37 INFO CodeGenerator: Code generated in 11.169988 ms
[2025-10-19T01:16:37.537+0000] {subprocess.py:106} INFO - 25/10/19 01:16:37 INFO DAGScheduler: Registering RDD 2 (count at <unknown>:0) as input to shuffle 0
[2025-10-19T01:16:37.542+0000] {subprocess.py:106} INFO - 25/10/19 01:16:37 INFO DAGScheduler: Got map stage job 0 (count at <unknown>:0) with 1 output partitions
[2025-10-19T01:16:37.542+0000] {subprocess.py:106} INFO - 25/10/19 01:16:37 INFO DAGScheduler: Final stage: ShuffleMapStage 0 (count at <unknown>:0)
[2025-10-19T01:16:37.543+0000] {subprocess.py:106} INFO - 25/10/19 01:16:37 INFO DAGScheduler: Parents of final stage: List()
[2025-10-19T01:16:37.545+0000] {subprocess.py:106} INFO - 25/10/19 01:16:37 INFO DAGScheduler: Missing parents: List()
[2025-10-19T01:16:37.550+0000] {subprocess.py:106} INFO - 25/10/19 01:16:37 INFO DAGScheduler: Submitting ShuffleMapStage 0 (MapPartitionsRDD[2] at count at <unknown>:0), which has no missing parents
[2025-10-19T01:16:37.645+0000] {subprocess.py:106} INFO - 25/10/19 01:16:37 INFO MemoryStore: Block broadcast_0 stored as values in memory (estimated size 12.6 KiB, free 434.4 MiB)
[2025-10-19T01:16:37.690+0000] {subprocess.py:106} INFO - 25/10/19 01:16:37 INFO MemoryStore: Block broadcast_0_piece0 stored as bytes in memory (estimated size 6.2 KiB, free 434.4 MiB)
[2025-10-19T01:16:37.695+0000] {subprocess.py:106} INFO - 25/10/19 01:16:37 INFO BlockManagerInfo: Added broadcast_0_piece0 in memory on 423e5338994a:43465 (size: 6.2 KiB, free: 434.4 MiB)
[2025-10-19T01:16:37.701+0000] {subprocess.py:106} INFO - 25/10/19 01:16:37 INFO SparkContext: Created broadcast 0 from broadcast at DAGScheduler.scala:1585
[2025-10-19T01:16:37.726+0000] {subprocess.py:106} INFO - 25/10/19 01:16:37 INFO DAGScheduler: Submitting 1 missing tasks from ShuffleMapStage 0 (MapPartitionsRDD[2] at count at <unknown>:0) (first 15 tasks are for partitions Vector(0))
[2025-10-19T01:16:37.728+0000] {subprocess.py:106} INFO - 25/10/19 01:16:37 INFO TaskSchedulerImpl: Adding task set 0.0 with 1 tasks resource profile 0
[2025-10-19T01:16:37.775+0000] {subprocess.py:106} INFO - 25/10/19 01:16:37 INFO TaskSetManager: Starting task 0.0 in stage 0.0 (TID 0) (172.30.0.7, executor 0, partition 0, PROCESS_LOCAL, 9164 bytes)
[2025-10-19T01:16:38.096+0000] {subprocess.py:106} INFO - 25/10/19 01:16:38 INFO BlockManagerInfo: Added broadcast_0_piece0 in memory on 172.30.0.7:38971 (size: 6.2 KiB, free: 434.4 MiB)
[2025-10-19T01:16:38.899+0000] {subprocess.py:106} INFO - 25/10/19 01:16:38 INFO TaskSetManager: Finished task 0.0 in stage 0.0 (TID 0) in 1145 ms on 172.30.0.7 (executor 0) (1/1)
[2025-10-19T01:16:38.901+0000] {subprocess.py:106} INFO - 25/10/19 01:16:38 INFO TaskSchedulerImpl: Removed TaskSet 0.0, whose tasks have all completed, from pool
[2025-10-19T01:16:38.910+0000] {subprocess.py:106} INFO - 25/10/19 01:16:38 INFO DAGScheduler: ShuffleMapStage 0 (count at <unknown>:0) finished in 1.349 s
[2025-10-19T01:16:38.910+0000] {subprocess.py:106} INFO - 25/10/19 01:16:38 INFO DAGScheduler: looking for newly runnable stages
[2025-10-19T01:16:38.911+0000] {subprocess.py:106} INFO - 25/10/19 01:16:38 INFO DAGScheduler: running: Set()
[2025-10-19T01:16:38.911+0000] {subprocess.py:106} INFO - 25/10/19 01:16:38 INFO DAGScheduler: waiting: Set()
[2025-10-19T01:16:38.911+0000] {subprocess.py:106} INFO - 25/10/19 01:16:38 INFO DAGScheduler: failed: Set()
[2025-10-19T01:16:38.961+0000] {subprocess.py:106} INFO - 25/10/19 01:16:38 INFO CodeGenerator: Code generated in 13.983035 ms
[2025-10-19T01:16:39.010+0000] {subprocess.py:106} INFO - 25/10/19 01:16:39 INFO BlockManagerInfo: Removed broadcast_0_piece0 on 423e5338994a:43465 in memory (size: 6.2 KiB, free: 434.4 MiB)
[2025-10-19T01:16:39.017+0000] {subprocess.py:106} INFO - 25/10/19 01:16:39 INFO SparkContext: Starting job: count at <unknown>:0
[2025-10-19T01:16:39.020+0000] {subprocess.py:106} INFO - 25/10/19 01:16:39 INFO BlockManagerInfo: Removed broadcast_0_piece0 on 172.30.0.7:38971 in memory (size: 6.2 KiB, free: 434.4 MiB)
[2025-10-19T01:16:39.022+0000] {subprocess.py:106} INFO - 25/10/19 01:16:39 INFO DAGScheduler: Got job 1 (count at <unknown>:0) with 1 output partitions
[2025-10-19T01:16:39.022+0000] {subprocess.py:106} INFO - 25/10/19 01:16:39 INFO DAGScheduler: Final stage: ResultStage 2 (count at <unknown>:0)
[2025-10-19T01:16:39.023+0000] {subprocess.py:106} INFO - 25/10/19 01:16:39 INFO DAGScheduler: Parents of final stage: List(ShuffleMapStage 1)
[2025-10-19T01:16:39.024+0000] {subprocess.py:106} INFO - 25/10/19 01:16:39 INFO DAGScheduler: Missing parents: List()
[2025-10-19T01:16:39.027+0000] {subprocess.py:106} INFO - 25/10/19 01:16:39 INFO DAGScheduler: Submitting ResultStage 2 (MapPartitionsRDD[5] at count at <unknown>:0), which has no missing parents
[2025-10-19T01:16:39.037+0000] {subprocess.py:106} INFO - 25/10/19 01:16:39 INFO MemoryStore: Block broadcast_1 stored as values in memory (estimated size 13.7 KiB, free 434.4 MiB)
[2025-10-19T01:16:39.042+0000] {subprocess.py:106} INFO - 25/10/19 01:16:39 INFO MemoryStore: Block broadcast_1_piece0 stored as bytes in memory (estimated size 6.3 KiB, free 434.4 MiB)
[2025-10-19T01:16:39.042+0000] {subprocess.py:106} INFO - 25/10/19 01:16:39 INFO BlockManagerInfo: Added broadcast_1_piece0 in memory on 423e5338994a:43465 (size: 6.3 KiB, free: 434.4 MiB)
[2025-10-19T01:16:39.043+0000] {subprocess.py:106} INFO - 25/10/19 01:16:39 INFO SparkContext: Created broadcast 1 from broadcast at DAGScheduler.scala:1585
[2025-10-19T01:16:39.045+0000] {subprocess.py:106} INFO - 25/10/19 01:16:39 INFO DAGScheduler: Submitting 1 missing tasks from ResultStage 2 (MapPartitionsRDD[5] at count at <unknown>:0) (first 15 tasks are for partitions Vector(0))
[2025-10-19T01:16:39.046+0000] {subprocess.py:106} INFO - 25/10/19 01:16:39 INFO TaskSchedulerImpl: Adding task set 2.0 with 1 tasks resource profile 0
[2025-10-19T01:16:39.052+0000] {subprocess.py:106} INFO - 25/10/19 01:16:39 INFO TaskSetManager: Starting task 0.0 in stage 2.0 (TID 1) (172.30.0.7, executor 0, partition 0, NODE_LOCAL, 9003 bytes)
[2025-10-19T01:16:39.075+0000] {subprocess.py:106} INFO - 25/10/19 01:16:39 INFO BlockManagerInfo: Added broadcast_1_piece0 in memory on 172.30.0.7:38971 (size: 6.3 KiB, free: 434.4 MiB)
[2025-10-19T01:16:39.148+0000] {subprocess.py:106} INFO - 25/10/19 01:16:39 INFO MapOutputTrackerMasterEndpoint: Asked to send map output locations for shuffle 0 to 172.30.0.7:41532
[2025-10-19T01:16:39.313+0000] {subprocess.py:106} INFO - 25/10/19 01:16:39 INFO TaskSetManager: Finished task 0.0 in stage 2.0 (TID 1) in 261 ms on 172.30.0.7 (executor 0) (1/1)
[2025-10-19T01:16:39.314+0000] {subprocess.py:106} INFO - 25/10/19 01:16:39 INFO TaskSchedulerImpl: Removed TaskSet 2.0, whose tasks have all completed, from pool
[2025-10-19T01:16:39.315+0000] {subprocess.py:106} INFO - 25/10/19 01:16:39 INFO DAGScheduler: ResultStage 2 (count at <unknown>:0) finished in 0.280 s
[2025-10-19T01:16:39.318+0000] {subprocess.py:106} INFO - 25/10/19 01:16:39 INFO DAGScheduler: Job 1 is finished. Cancelling potential speculative or zombie tasks for this job
[2025-10-19T01:16:39.319+0000] {subprocess.py:106} INFO - 25/10/19 01:16:39 INFO TaskSchedulerImpl: Killing all running tasks in stage 2: Stage finished
[2025-10-19T01:16:39.323+0000] {subprocess.py:106} INFO - 25/10/19 01:16:39 INFO DAGScheduler: Job 1 finished: count at <unknown>:0, took 0.304539 s
[2025-10-19T01:16:39.338+0000] {subprocess.py:106} INFO - Original rows in Bronze: 1000
[2025-10-19T01:16:39.344+0000] {subprocess.py:106} INFO - root
[2025-10-19T01:16:39.347+0000] {subprocess.py:106} INFO -  |-- customer_id: integer (nullable = true)
[2025-10-19T01:16:39.348+0000] {subprocess.py:106} INFO -  |-- order_date: date (nullable = true)
[2025-10-19T01:16:39.352+0000] {subprocess.py:106} INFO -  |-- product_id: integer (nullable = true)
[2025-10-19T01:16:39.353+0000] {subprocess.py:106} INFO -  |-- category_id: integer (nullable = true)
[2025-10-19T01:16:39.354+0000] {subprocess.py:106} INFO -  |-- category_name: string (nullable = true)
[2025-10-19T01:16:39.355+0000] {subprocess.py:106} INFO -  |-- product_name: string (nullable = true)
[2025-10-19T01:16:39.355+0000] {subprocess.py:106} INFO -  |-- quantity: integer (nullable = true)
[2025-10-19T01:16:39.356+0000] {subprocess.py:106} INFO -  |-- price: double (nullable = true)
[2025-10-19T01:16:39.356+0000] {subprocess.py:106} INFO -  |-- payment_method: string (nullable = true)
[2025-10-19T01:16:39.357+0000] {subprocess.py:106} INFO -  |-- city: string (nullable = true)
[2025-10-19T01:16:39.357+0000] {subprocess.py:106} INFO -  |-- review_score: double (nullable = true)
[2025-10-19T01:16:39.358+0000] {subprocess.py:106} INFO -  |-- gender: string (nullable = true)
[2025-10-19T01:16:39.358+0000] {subprocess.py:106} INFO -  |-- age: integer (nullable = true)
[2025-10-19T01:16:39.358+0000] {subprocess.py:106} INFO - 
[2025-10-19T01:16:39.806+0000] {subprocess.py:106} INFO - 25/10/19 01:16:39 INFO BlockManagerInfo: Removed broadcast_1_piece0 on 423e5338994a:43465 in memory (size: 6.3 KiB, free: 434.4 MiB)
[2025-10-19T01:16:39.815+0000] {subprocess.py:106} INFO - 25/10/19 01:16:39 INFO V2ScanRelationPushDown:
[2025-10-19T01:16:39.816+0000] {subprocess.py:106} INFO - Pushing operators to hive_catalog.bronze.online_retail_raw
[2025-10-19T01:16:39.817+0000] {subprocess.py:106} INFO - Pushed Filters: quantity IS NOT NULL, price IS NOT NULL, quantity > 0, price > 0.0
[2025-10-19T01:16:39.817+0000] {subprocess.py:106} INFO - Post-Scan Filters: isnotnull(quantity#6),isnotnull(price#7),(quantity#6 > 0),(price#7 > 0.0),atleastnnonnulls(6, customer_id#0, order_date#1, product_id#2, product_name#5, quantity#6, price#7)
[2025-10-19T01:16:39.818+0000] {subprocess.py:106} INFO - 
[2025-10-19T01:16:39.818+0000] {subprocess.py:106} INFO - 25/10/19 01:16:39 INFO BlockManagerInfo: Removed broadcast_1_piece0 on 172.30.0.7:38971 in memory (size: 6.3 KiB, free: 434.4 MiB)
[2025-10-19T01:16:39.874+0000] {subprocess.py:106} INFO - 25/10/19 01:16:39 INFO V2ScanRelationPushDown:
[2025-10-19T01:16:39.875+0000] {subprocess.py:106} INFO - Output: customer_id#0, order_date#1, product_id#2, category_id#3, category_name#4, product_name#5, quantity#6, price#7, payment_method#8, city#9, review_score#10, gender#11, age#12
[2025-10-19T01:16:39.876+0000] {subprocess.py:106} INFO - 
[2025-10-19T01:16:39.890+0000] {subprocess.py:106} INFO - 25/10/19 01:16:39 INFO SnapshotScan: Scanning table hive_catalog.bronze.online_retail_raw snapshot 2887046482275366798 created at 2025-10-19T01:16:21.724+00:00 with filter (((quantity IS NOT NULL AND price IS NOT NULL) AND quantity > (1-digit-int)) AND price > (1-digit-float))
[2025-10-19T01:16:39.911+0000] {subprocess.py:106} INFO - 25/10/19 01:16:39 INFO BaseDistributedDataScan: Planning file tasks locally for table hive_catalog.bronze.online_retail_raw
[2025-10-19T01:16:39.996+0000] {subprocess.py:106} INFO - 25/10/19 01:16:39 INFO SparkPartitioningAwareScan: Reporting UnknownPartitioning with 1 partition(s) for table hive_catalog.bronze.online_retail_raw
[2025-10-19T01:16:40.020+0000] {subprocess.py:106} INFO - 25/10/19 01:16:40 INFO MemoryStore: Block broadcast_2 stored as values in memory (estimated size 32.0 KiB, free 434.4 MiB)
[2025-10-19T01:16:40.034+0000] {subprocess.py:106} INFO - 25/10/19 01:16:40 INFO MemoryStore: Block broadcast_2_piece0 stored as bytes in memory (estimated size 29.5 KiB, free 434.3 MiB)
[2025-10-19T01:16:40.036+0000] {subprocess.py:106} INFO - 25/10/19 01:16:40 INFO BlockManagerInfo: Added broadcast_2_piece0 in memory on 423e5338994a:43465 (size: 29.5 KiB, free: 434.4 MiB)
[2025-10-19T01:16:40.037+0000] {subprocess.py:106} INFO - 25/10/19 01:16:40 INFO SparkContext: Created broadcast 2 from broadcast at SparkBatch.java:79
[2025-10-19T01:16:40.063+0000] {subprocess.py:106} INFO - 25/10/19 01:16:40 INFO MemoryStore: Block broadcast_3 stored as values in memory (estimated size 32.0 KiB, free 434.3 MiB)
[2025-10-19T01:16:40.076+0000] {subprocess.py:106} INFO - 25/10/19 01:16:40 INFO MemoryStore: Block broadcast_3_piece0 stored as bytes in memory (estimated size 29.5 KiB, free 434.3 MiB)
[2025-10-19T01:16:40.078+0000] {subprocess.py:106} INFO - 25/10/19 01:16:40 INFO BlockManagerInfo: Added broadcast_3_piece0 in memory on 423e5338994a:43465 (size: 29.5 KiB, free: 434.3 MiB)
[2025-10-19T01:16:40.079+0000] {subprocess.py:106} INFO - 25/10/19 01:16:40 INFO SparkContext: Created broadcast 3 from broadcast at SparkBatch.java:79
[2025-10-19T01:16:40.297+0000] {subprocess.py:106} INFO - 25/10/19 01:16:40 INFO CodeGenerator: Code generated in 110.780219 ms
[2025-10-19T01:16:40.363+0000] {subprocess.py:106} INFO - 25/10/19 01:16:40 INFO DAGScheduler: Registering RDD 9 (count at <unknown>:0) as input to shuffle 1
[2025-10-19T01:16:40.363+0000] {subprocess.py:106} INFO - 25/10/19 01:16:40 INFO DAGScheduler: Got map stage job 2 (count at <unknown>:0) with 1 output partitions
[2025-10-19T01:16:40.364+0000] {subprocess.py:106} INFO - 25/10/19 01:16:40 INFO DAGScheduler: Final stage: ShuffleMapStage 3 (count at <unknown>:0)
[2025-10-19T01:16:40.365+0000] {subprocess.py:106} INFO - 25/10/19 01:16:40 INFO DAGScheduler: Parents of final stage: List()
[2025-10-19T01:16:40.365+0000] {subprocess.py:106} INFO - 25/10/19 01:16:40 INFO DAGScheduler: Missing parents: List()
[2025-10-19T01:16:40.367+0000] {subprocess.py:106} INFO - 25/10/19 01:16:40 INFO DAGScheduler: Submitting ShuffleMapStage 3 (MapPartitionsRDD[9] at count at <unknown>:0), which has no missing parents
[2025-10-19T01:16:40.384+0000] {subprocess.py:106} INFO - 25/10/19 01:16:40 INFO MemoryStore: Block broadcast_4 stored as values in memory (estimated size 61.2 KiB, free 434.2 MiB)
[2025-10-19T01:16:40.396+0000] {subprocess.py:106} INFO - 25/10/19 01:16:40 INFO MemoryStore: Block broadcast_4_piece0 stored as bytes in memory (estimated size 22.5 KiB, free 434.2 MiB)
[2025-10-19T01:16:40.399+0000] {subprocess.py:106} INFO - 25/10/19 01:16:40 INFO BlockManagerInfo: Added broadcast_4_piece0 in memory on 423e5338994a:43465 (size: 22.5 KiB, free: 434.3 MiB)
[2025-10-19T01:16:40.399+0000] {subprocess.py:106} INFO - 25/10/19 01:16:40 INFO SparkContext: Created broadcast 4 from broadcast at DAGScheduler.scala:1585
[2025-10-19T01:16:40.400+0000] {subprocess.py:106} INFO - 25/10/19 01:16:40 INFO DAGScheduler: Submitting 1 missing tasks from ShuffleMapStage 3 (MapPartitionsRDD[9] at count at <unknown>:0) (first 15 tasks are for partitions Vector(0))
[2025-10-19T01:16:40.401+0000] {subprocess.py:106} INFO - 25/10/19 01:16:40 INFO TaskSchedulerImpl: Adding task set 3.0 with 1 tasks resource profile 0
[2025-10-19T01:16:40.443+0000] {subprocess.py:106} INFO - 25/10/19 01:16:40 INFO TaskSetManager: Starting task 0.0 in stage 3.0 (TID 2) (172.30.0.7, executor 0, partition 0, ANY, 15389 bytes)
[2025-10-19T01:16:40.899+0000] {subprocess.py:106} INFO - 25/10/19 01:16:40 INFO BlockManagerInfo: Added broadcast_4_piece0 in memory on 172.30.0.7:38971 (size: 22.5 KiB, free: 434.4 MiB)
[2025-10-19T01:16:41.373+0000] {subprocess.py:106} INFO - 25/10/19 01:16:41 INFO BlockManagerInfo: Added broadcast_3_piece0 in memory on 172.30.0.7:38971 (size: 29.5 KiB, free: 434.3 MiB)
[2025-10-19T01:16:43.352+0000] {subprocess.py:106} INFO - 25/10/19 01:16:43 INFO TaskSetManager: Finished task 0.0 in stage 3.0 (TID 2) in 2948 ms on 172.30.0.7 (executor 0) (1/1)
[2025-10-19T01:16:43.356+0000] {subprocess.py:106} INFO - 25/10/19 01:16:43 INFO TaskSchedulerImpl: Removed TaskSet 3.0, whose tasks have all completed, from pool
[2025-10-19T01:16:43.357+0000] {subprocess.py:106} INFO - 25/10/19 01:16:43 INFO DAGScheduler: ShuffleMapStage 3 (count at <unknown>:0) finished in 2.983 s
[2025-10-19T01:16:43.363+0000] {subprocess.py:106} INFO - 25/10/19 01:16:43 INFO DAGScheduler: looking for newly runnable stages
[2025-10-19T01:16:43.364+0000] {subprocess.py:106} INFO - 25/10/19 01:16:43 INFO DAGScheduler: running: Set()
[2025-10-19T01:16:43.364+0000] {subprocess.py:106} INFO - 25/10/19 01:16:43 INFO DAGScheduler: waiting: Set()
[2025-10-19T01:16:43.364+0000] {subprocess.py:106} INFO - 25/10/19 01:16:43 INFO DAGScheduler: failed: Set()
[2025-10-19T01:16:43.382+0000] {subprocess.py:106} INFO - 25/10/19 01:16:43 INFO ShufflePartitionsUtil: For shuffle(1), advisory target size: 67108864, actual target size 1048576, minimum partition size: 1048576
[2025-10-19T01:16:43.470+0000] {subprocess.py:106} INFO - 25/10/19 01:16:43 INFO CodeGenerator: Code generated in 52.746373 ms
[2025-10-19T01:16:43.497+0000] {subprocess.py:106} INFO - 25/10/19 01:16:43 INFO DAGScheduler: Registering RDD 12 (count at <unknown>:0) as input to shuffle 2
[2025-10-19T01:16:43.497+0000] {subprocess.py:106} INFO - 25/10/19 01:16:43 INFO DAGScheduler: Got map stage job 3 (count at <unknown>:0) with 1 output partitions
[2025-10-19T01:16:43.498+0000] {subprocess.py:106} INFO - 25/10/19 01:16:43 INFO DAGScheduler: Final stage: ShuffleMapStage 5 (count at <unknown>:0)
[2025-10-19T01:16:43.499+0000] {subprocess.py:106} INFO - 25/10/19 01:16:43 INFO DAGScheduler: Parents of final stage: List(ShuffleMapStage 4)
[2025-10-19T01:16:43.499+0000] {subprocess.py:106} INFO - 25/10/19 01:16:43 INFO DAGScheduler: Missing parents: List()
[2025-10-19T01:16:43.500+0000] {subprocess.py:106} INFO - 25/10/19 01:16:43 INFO DAGScheduler: Submitting ShuffleMapStage 5 (MapPartitionsRDD[12] at count at <unknown>:0), which has no missing parents
[2025-10-19T01:16:43.515+0000] {subprocess.py:106} INFO - 25/10/19 01:16:43 INFO MemoryStore: Block broadcast_5 stored as values in memory (estimated size 61.4 KiB, free 434.1 MiB)
[2025-10-19T01:16:43.530+0000] {subprocess.py:106} INFO - 25/10/19 01:16:43 INFO MemoryStore: Block broadcast_5_piece0 stored as bytes in memory (estimated size 24.2 KiB, free 434.1 MiB)
[2025-10-19T01:16:43.532+0000] {subprocess.py:106} INFO - 25/10/19 01:16:43 INFO BlockManagerInfo: Added broadcast_5_piece0 in memory on 423e5338994a:43465 (size: 24.2 KiB, free: 434.3 MiB)
[2025-10-19T01:16:43.536+0000] {subprocess.py:106} INFO - 25/10/19 01:16:43 INFO BlockManagerInfo: Removed broadcast_4_piece0 on 423e5338994a:43465 in memory (size: 22.5 KiB, free: 434.3 MiB)
[2025-10-19T01:16:43.537+0000] {subprocess.py:106} INFO - 25/10/19 01:16:43 INFO SparkContext: Created broadcast 5 from broadcast at DAGScheduler.scala:1585
[2025-10-19T01:16:43.537+0000] {subprocess.py:106} INFO - 25/10/19 01:16:43 INFO DAGScheduler: Submitting 1 missing tasks from ShuffleMapStage 5 (MapPartitionsRDD[12] at count at <unknown>:0) (first 15 tasks are for partitions Vector(0))
[2025-10-19T01:16:43.538+0000] {subprocess.py:106} INFO - 25/10/19 01:16:43 INFO TaskSchedulerImpl: Adding task set 5.0 with 1 tasks resource profile 0
[2025-10-19T01:16:43.539+0000] {subprocess.py:106} INFO - 25/10/19 01:16:43 INFO TaskSetManager: Starting task 0.0 in stage 5.0 (TID 3) (172.30.0.7, executor 0, partition 0, NODE_LOCAL, 8992 bytes)
[2025-10-19T01:16:43.540+0000] {subprocess.py:106} INFO - 25/10/19 01:16:43 INFO BlockManagerInfo: Removed broadcast_4_piece0 on 172.30.0.7:38971 in memory (size: 22.5 KiB, free: 434.4 MiB)
[2025-10-19T01:16:43.598+0000] {subprocess.py:106} INFO - 25/10/19 01:16:43 INFO BlockManagerInfo: Added broadcast_5_piece0 in memory on 172.30.0.7:38971 (size: 24.2 KiB, free: 434.3 MiB)
[2025-10-19T01:16:43.728+0000] {subprocess.py:106} INFO - 25/10/19 01:16:43 INFO MapOutputTrackerMasterEndpoint: Asked to send map output locations for shuffle 1 to 172.30.0.7:41532
[2025-10-19T01:16:43.960+0000] {subprocess.py:106} INFO - 25/10/19 01:16:43 INFO TaskSetManager: Finished task 0.0 in stage 5.0 (TID 3) in 421 ms on 172.30.0.7 (executor 0) (1/1)
[2025-10-19T01:16:43.961+0000] {subprocess.py:106} INFO - 25/10/19 01:16:43 INFO TaskSchedulerImpl: Removed TaskSet 5.0, whose tasks have all completed, from pool
[2025-10-19T01:16:43.969+0000] {subprocess.py:106} INFO - 25/10/19 01:16:43 INFO DAGScheduler: ShuffleMapStage 5 (count at <unknown>:0) finished in 0.450 s
[2025-10-19T01:16:43.971+0000] {subprocess.py:106} INFO - 25/10/19 01:16:43 INFO DAGScheduler: looking for newly runnable stages
[2025-10-19T01:16:43.973+0000] {subprocess.py:106} INFO - 25/10/19 01:16:43 INFO DAGScheduler: running: Set()
[2025-10-19T01:16:43.976+0000] {subprocess.py:106} INFO - 25/10/19 01:16:43 INFO DAGScheduler: waiting: Set()
[2025-10-19T01:16:43.979+0000] {subprocess.py:106} INFO - 25/10/19 01:16:43 INFO DAGScheduler: failed: Set()
[2025-10-19T01:16:44.020+0000] {subprocess.py:106} INFO - 25/10/19 01:16:44 INFO CodeGenerator: Code generated in 17.095136 ms
[2025-10-19T01:16:44.060+0000] {subprocess.py:106} INFO - 25/10/19 01:16:44 INFO SparkContext: Starting job: count at <unknown>:0
[2025-10-19T01:16:44.061+0000] {subprocess.py:106} INFO - 25/10/19 01:16:44 INFO DAGScheduler: Got job 4 (count at <unknown>:0) with 1 output partitions
[2025-10-19T01:16:44.062+0000] {subprocess.py:106} INFO - 25/10/19 01:16:44 INFO DAGScheduler: Final stage: ResultStage 8 (count at <unknown>:0)
[2025-10-19T01:16:44.064+0000] {subprocess.py:106} INFO - 25/10/19 01:16:44 INFO DAGScheduler: Parents of final stage: List(ShuffleMapStage 7)
[2025-10-19T01:16:44.065+0000] {subprocess.py:106} INFO - 25/10/19 01:16:44 INFO DAGScheduler: Missing parents: List()
[2025-10-19T01:16:44.066+0000] {subprocess.py:106} INFO - 25/10/19 01:16:44 INFO DAGScheduler: Submitting ResultStage 8 (MapPartitionsRDD[15] at count at <unknown>:0), which has no missing parents
[2025-10-19T01:16:44.067+0000] {subprocess.py:106} INFO - 25/10/19 01:16:44 INFO MemoryStore: Block broadcast_6 stored as values in memory (estimated size 12.5 KiB, free 434.2 MiB)
[2025-10-19T01:16:44.086+0000] {subprocess.py:106} INFO - 25/10/19 01:16:44 INFO MemoryStore: Block broadcast_6_piece0 stored as bytes in memory (estimated size 5.9 KiB, free 434.2 MiB)
[2025-10-19T01:16:44.091+0000] {subprocess.py:106} INFO - 25/10/19 01:16:44 INFO BlockManagerInfo: Added broadcast_6_piece0 in memory on 423e5338994a:43465 (size: 5.9 KiB, free: 434.3 MiB)
[2025-10-19T01:16:44.095+0000] {subprocess.py:106} INFO - 25/10/19 01:16:44 INFO BlockManagerInfo: Removed broadcast_5_piece0 on 423e5338994a:43465 in memory (size: 24.2 KiB, free: 434.3 MiB)
[2025-10-19T01:16:44.096+0000] {subprocess.py:106} INFO - 25/10/19 01:16:44 INFO SparkContext: Created broadcast 6 from broadcast at DAGScheduler.scala:1585
[2025-10-19T01:16:44.097+0000] {subprocess.py:106} INFO - 25/10/19 01:16:44 INFO BlockManagerInfo: Removed broadcast_5_piece0 on 172.30.0.7:38971 in memory (size: 24.2 KiB, free: 434.4 MiB)
[2025-10-19T01:16:44.097+0000] {subprocess.py:106} INFO - 25/10/19 01:16:44 INFO DAGScheduler: Submitting 1 missing tasks from ResultStage 8 (MapPartitionsRDD[15] at count at <unknown>:0) (first 15 tasks are for partitions Vector(0))
[2025-10-19T01:16:44.098+0000] {subprocess.py:106} INFO - 25/10/19 01:16:44 INFO TaskSchedulerImpl: Adding task set 8.0 with 1 tasks resource profile 0
[2025-10-19T01:16:44.098+0000] {subprocess.py:106} INFO - 25/10/19 01:16:44 INFO TaskSetManager: Starting task 0.0 in stage 8.0 (TID 4) (172.30.0.7, executor 0, partition 0, NODE_LOCAL, 9003 bytes)
[2025-10-19T01:16:44.145+0000] {subprocess.py:106} INFO - 25/10/19 01:16:44 INFO BlockManagerInfo: Added broadcast_6_piece0 in memory on 172.30.0.7:38971 (size: 5.9 KiB, free: 434.4 MiB)
[2025-10-19T01:16:44.156+0000] {subprocess.py:106} INFO - 25/10/19 01:16:44 INFO MapOutputTrackerMasterEndpoint: Asked to send map output locations for shuffle 2 to 172.30.0.7:41532
[2025-10-19T01:16:44.243+0000] {subprocess.py:106} INFO - 25/10/19 01:16:44 INFO TaskSetManager: Finished task 0.0 in stage 8.0 (TID 4) in 139 ms on 172.30.0.7 (executor 0) (1/1)
[2025-10-19T01:16:44.244+0000] {subprocess.py:106} INFO - 25/10/19 01:16:44 INFO TaskSchedulerImpl: Removed TaskSet 8.0, whose tasks have all completed, from pool
[2025-10-19T01:16:44.245+0000] {subprocess.py:106} INFO - 25/10/19 01:16:44 INFO DAGScheduler: ResultStage 8 (count at <unknown>:0) finished in 0.179 s
[2025-10-19T01:16:44.245+0000] {subprocess.py:106} INFO - 25/10/19 01:16:44 INFO DAGScheduler: Job 4 is finished. Cancelling potential speculative or zombie tasks for this job
[2025-10-19T01:16:44.246+0000] {subprocess.py:106} INFO - 25/10/19 01:16:44 INFO TaskSchedulerImpl: Killing all running tasks in stage 8: Stage finished
[2025-10-19T01:16:44.250+0000] {subprocess.py:106} INFO - 25/10/19 01:16:44 INFO DAGScheduler: Job 4 finished: count at <unknown>:0, took 0.191139 s
[2025-10-19T01:16:44.252+0000] {subprocess.py:106} INFO - Cleaned rows in Silver: 1000
[2025-10-19T01:16:44.414+0000] {subprocess.py:106} INFO - 25/10/19 01:16:44 INFO BaseMetastoreTableOperations: Refreshing table metadata from new version: hdfs://tuankiet170-master:9000/data_lake/warehouse/silver.db/ecommerce_clean/metadata/00000-60d5b0f8-e981-4212-9c4c-d29a760bde4c.metadata.json
[2025-10-19T01:16:44.454+0000] {subprocess.py:106} INFO - 25/10/19 01:16:44 INFO BaseMetastoreCatalog: Table loaded by catalog: hive_catalog.silver.ecommerce_clean
[2025-10-19T01:16:44.561+0000] {subprocess.py:106} INFO - 25/10/19 01:16:44 INFO HiveCatalog: Dropped table: silver.ecommerce_clean
[2025-10-19T01:16:44.801+0000] {subprocess.py:106} INFO - 25/10/19 01:16:44 INFO BaseMetastoreCatalog: Table properties set at catalog level through catalog properties: {}
[2025-10-19T01:16:44.812+0000] {subprocess.py:106} INFO - 25/10/19 01:16:44 INFO BaseMetastoreCatalog: Table properties enforced at catalog level through catalog properties: {}
[2025-10-19T01:16:44.973+0000] {subprocess.py:106} INFO - 25/10/19 01:16:44 INFO V2ScanRelationPushDown:
[2025-10-19T01:16:44.974+0000] {subprocess.py:106} INFO - Pushing operators to hive_catalog.bronze.online_retail_raw
[2025-10-19T01:16:44.975+0000] {subprocess.py:106} INFO - Pushed Filters: quantity IS NOT NULL, price IS NOT NULL, quantity > 0, price > 0.0
[2025-10-19T01:16:44.977+0000] {subprocess.py:106} INFO - Post-Scan Filters: isnotnull(quantity#6),isnotnull(price#7),(quantity#6 > 0),(price#7 > 0.0),atleastnnonnulls(6, customer_id#0, order_date#1, product_id#2, product_name#5, quantity#6, price#7)
[2025-10-19T01:16:44.977+0000] {subprocess.py:106} INFO - 
[2025-10-19T01:16:44.983+0000] {subprocess.py:106} INFO - 25/10/19 01:16:44 INFO V2ScanRelationPushDown:
[2025-10-19T01:16:44.984+0000] {subprocess.py:106} INFO - Output: customer_id#0, order_date#1, product_id#2, category_id#3, category_name#4, product_name#5, quantity#6, price#7, payment_method#8, city#9, review_score#10, gender#11, age#12
[2025-10-19T01:16:44.985+0000] {subprocess.py:106} INFO - 
[2025-10-19T01:16:44.987+0000] {subprocess.py:106} INFO - 25/10/19 01:16:44 INFO SnapshotScan: Scanning table hive_catalog.bronze.online_retail_raw snapshot 2887046482275366798 created at 2025-10-19T01:16:21.724+00:00 with filter (((quantity IS NOT NULL AND price IS NOT NULL) AND quantity > (1-digit-int)) AND price > (1-digit-float))
[2025-10-19T01:16:44.989+0000] {subprocess.py:106} INFO - 25/10/19 01:16:44 INFO BaseDistributedDataScan: Planning file tasks locally for table hive_catalog.bronze.online_retail_raw
[2025-10-19T01:16:45.032+0000] {subprocess.py:106} INFO - 25/10/19 01:16:45 INFO SparkPartitioningAwareScan: Reporting UnknownPartitioning with 1 partition(s) for table hive_catalog.bronze.online_retail_raw
[2025-10-19T01:16:45.063+0000] {subprocess.py:106} INFO - 25/10/19 01:16:45 INFO SparkWrite: Requesting 0 bytes advisory partition size for table silver.ecommerce_clean
[2025-10-19T01:16:45.064+0000] {subprocess.py:106} INFO - 25/10/19 01:16:45 INFO SparkWrite: Requesting UnspecifiedDistribution as write distribution for table silver.ecommerce_clean
[2025-10-19T01:16:45.066+0000] {subprocess.py:106} INFO - 25/10/19 01:16:45 INFO SparkWrite: Requesting [] as write ordering for table silver.ecommerce_clean
[2025-10-19T01:16:45.082+0000] {subprocess.py:106} INFO - 25/10/19 01:16:45 INFO BlockManagerInfo: Removed broadcast_6_piece0 on 423e5338994a:43465 in memory (size: 5.9 KiB, free: 434.3 MiB)
[2025-10-19T01:16:45.087+0000] {subprocess.py:106} INFO - 25/10/19 01:16:45 INFO BlockManagerInfo: Removed broadcast_6_piece0 on 172.30.0.7:38971 in memory (size: 5.9 KiB, free: 434.4 MiB)
[2025-10-19T01:16:45.103+0000] {subprocess.py:106} INFO - 25/10/19 01:16:45 INFO MemoryStore: Block broadcast_7 stored as values in memory (estimated size 32.0 KiB, free 434.2 MiB)
[2025-10-19T01:16:45.124+0000] {subprocess.py:106} INFO - 25/10/19 01:16:45 INFO MemoryStore: Block broadcast_7_piece0 stored as bytes in memory (estimated size 29.5 KiB, free 434.2 MiB)
[2025-10-19T01:16:45.127+0000] {subprocess.py:106} INFO - 25/10/19 01:16:45 INFO BlockManagerInfo: Added broadcast_7_piece0 in memory on 423e5338994a:43465 (size: 29.5 KiB, free: 434.3 MiB)
[2025-10-19T01:16:45.128+0000] {subprocess.py:106} INFO - 25/10/19 01:16:45 INFO SparkContext: Created broadcast 7 from broadcast at SparkBatch.java:79
[2025-10-19T01:16:45.158+0000] {subprocess.py:106} INFO - 25/10/19 01:16:45 INFO MemoryStore: Block broadcast_8 stored as values in memory (estimated size 32.0 KiB, free 434.2 MiB)
[2025-10-19T01:16:45.163+0000] {subprocess.py:106} INFO - 25/10/19 01:16:45 INFO BlockManagerInfo: Removed broadcast_2_piece0 on 423e5338994a:43465 in memory (size: 29.5 KiB, free: 434.3 MiB)
[2025-10-19T01:16:45.168+0000] {subprocess.py:106} INFO - 25/10/19 01:16:45 INFO MemoryStore: Block broadcast_8_piece0 stored as bytes in memory (estimated size 29.5 KiB, free 434.2 MiB)
[2025-10-19T01:16:45.169+0000] {subprocess.py:106} INFO - 25/10/19 01:16:45 INFO BlockManagerInfo: Added broadcast_8_piece0 in memory on 423e5338994a:43465 (size: 29.5 KiB, free: 434.3 MiB)
[2025-10-19T01:16:45.172+0000] {subprocess.py:106} INFO - 25/10/19 01:16:45 INFO SparkContext: Created broadcast 8 from broadcast at SparkBatch.java:79
[2025-10-19T01:16:45.244+0000] {subprocess.py:106} INFO - 25/10/19 01:16:45 INFO DAGScheduler: Registering RDD 19 (create at <unknown>:0) as input to shuffle 3
[2025-10-19T01:16:45.245+0000] {subprocess.py:106} INFO - 25/10/19 01:16:45 INFO DAGScheduler: Got map stage job 5 (create at <unknown>:0) with 1 output partitions
[2025-10-19T01:16:45.246+0000] {subprocess.py:106} INFO - 25/10/19 01:16:45 INFO DAGScheduler: Final stage: ShuffleMapStage 9 (create at <unknown>:0)
[2025-10-19T01:16:45.246+0000] {subprocess.py:106} INFO - 25/10/19 01:16:45 INFO DAGScheduler: Parents of final stage: List()
[2025-10-19T01:16:45.246+0000] {subprocess.py:106} INFO - 25/10/19 01:16:45 INFO DAGScheduler: Missing parents: List()
[2025-10-19T01:16:45.247+0000] {subprocess.py:106} INFO - 25/10/19 01:16:45 INFO DAGScheduler: Submitting ShuffleMapStage 9 (MapPartitionsRDD[19] at create at <unknown>:0), which has no missing parents
[2025-10-19T01:16:45.254+0000] {subprocess.py:106} INFO - 25/10/19 01:16:45 INFO MemoryStore: Block broadcast_9 stored as values in memory (estimated size 61.2 KiB, free 434.2 MiB)
[2025-10-19T01:16:45.264+0000] {subprocess.py:106} INFO - 25/10/19 01:16:45 INFO MemoryStore: Block broadcast_9_piece0 stored as bytes in memory (estimated size 22.5 KiB, free 434.1 MiB)
[2025-10-19T01:16:45.268+0000] {subprocess.py:106} INFO - 25/10/19 01:16:45 INFO BlockManagerInfo: Added broadcast_9_piece0 in memory on 423e5338994a:43465 (size: 22.5 KiB, free: 434.3 MiB)
[2025-10-19T01:16:45.271+0000] {subprocess.py:106} INFO - 25/10/19 01:16:45 INFO SparkContext: Created broadcast 9 from broadcast at DAGScheduler.scala:1585
[2025-10-19T01:16:45.272+0000] {subprocess.py:106} INFO - 25/10/19 01:16:45 INFO DAGScheduler: Submitting 1 missing tasks from ShuffleMapStage 9 (MapPartitionsRDD[19] at create at <unknown>:0) (first 15 tasks are for partitions Vector(0))
[2025-10-19T01:16:45.272+0000] {subprocess.py:106} INFO - 25/10/19 01:16:45 INFO TaskSchedulerImpl: Adding task set 9.0 with 1 tasks resource profile 0
[2025-10-19T01:16:45.272+0000] {subprocess.py:106} INFO - 25/10/19 01:16:45 INFO TaskSetManager: Starting task 0.0 in stage 9.0 (TID 5) (172.30.0.7, executor 0, partition 0, ANY, 15389 bytes)
[2025-10-19T01:16:45.314+0000] {subprocess.py:106} INFO - 25/10/19 01:16:45 INFO BlockManagerInfo: Added broadcast_9_piece0 in memory on 172.30.0.7:38971 (size: 22.5 KiB, free: 434.3 MiB)
[2025-10-19T01:16:45.382+0000] {subprocess.py:106} INFO - 25/10/19 01:16:45 INFO BlockManagerInfo: Added broadcast_8_piece0 in memory on 172.30.0.7:38971 (size: 29.5 KiB, free: 434.3 MiB)
[2025-10-19T01:16:45.743+0000] {subprocess.py:106} INFO - 25/10/19 01:16:45 INFO TaskSetManager: Finished task 0.0 in stage 9.0 (TID 5) in 470 ms on 172.30.0.7 (executor 0) (1/1)
[2025-10-19T01:16:45.744+0000] {subprocess.py:106} INFO - 25/10/19 01:16:45 INFO TaskSchedulerImpl: Removed TaskSet 9.0, whose tasks have all completed, from pool
[2025-10-19T01:16:45.749+0000] {subprocess.py:106} INFO - 25/10/19 01:16:45 INFO DAGScheduler: ShuffleMapStage 9 (create at <unknown>:0) finished in 0.496 s
[2025-10-19T01:16:45.750+0000] {subprocess.py:106} INFO - 25/10/19 01:16:45 INFO DAGScheduler: looking for newly runnable stages
[2025-10-19T01:16:45.752+0000] {subprocess.py:106} INFO - 25/10/19 01:16:45 INFO DAGScheduler: running: Set()
[2025-10-19T01:16:45.753+0000] {subprocess.py:106} INFO - 25/10/19 01:16:45 INFO DAGScheduler: waiting: Set()
[2025-10-19T01:16:45.755+0000] {subprocess.py:106} INFO - 25/10/19 01:16:45 INFO DAGScheduler: failed: Set()
[2025-10-19T01:16:45.756+0000] {subprocess.py:106} INFO - 25/10/19 01:16:45 INFO ShufflePartitionsUtil: For shuffle(3), advisory target size: 67108864, actual target size 1048576, minimum partition size: 1048576
[2025-10-19T01:16:45.880+0000] {subprocess.py:106} INFO - 25/10/19 01:16:45 INFO CodeGenerator: Code generated in 86.057877 ms
[2025-10-19T01:16:45.902+0000] {subprocess.py:106} INFO - 25/10/19 01:16:45 INFO MemoryStore: Block broadcast_10 stored as values in memory (estimated size 32.0 KiB, free 434.1 MiB)
[2025-10-19T01:16:45.911+0000] {subprocess.py:106} INFO - 25/10/19 01:16:45 INFO MemoryStore: Block broadcast_10_piece0 stored as bytes in memory (estimated size 29.3 KiB, free 434.1 MiB)
[2025-10-19T01:16:45.912+0000] {subprocess.py:106} INFO - 25/10/19 01:16:45 INFO BlockManagerInfo: Added broadcast_10_piece0 in memory on 423e5338994a:43465 (size: 29.3 KiB, free: 434.3 MiB)
[2025-10-19T01:16:45.913+0000] {subprocess.py:106} INFO - 25/10/19 01:16:45 INFO BlockManagerInfo: Removed broadcast_9_piece0 on 423e5338994a:43465 in memory (size: 22.5 KiB, free: 434.3 MiB)
[2025-10-19T01:16:45.914+0000] {subprocess.py:106} INFO - 25/10/19 01:16:45 INFO SparkContext: Created broadcast 10 from broadcast at SparkWrite.java:193
[2025-10-19T01:16:45.918+0000] {subprocess.py:106} INFO - 25/10/19 01:16:45 INFO BlockManagerInfo: Removed broadcast_9_piece0 on 172.30.0.7:38971 in memory (size: 22.5 KiB, free: 434.3 MiB)
[2025-10-19T01:16:45.922+0000] {subprocess.py:106} INFO - 25/10/19 01:16:45 INFO AppendDataExec: Start processing data source write support: IcebergBatchWrite(table=silver.ecommerce_clean, format=PARQUET). The input RDD has 1 partitions.
[2025-10-19T01:16:45.934+0000] {subprocess.py:106} INFO - 25/10/19 01:16:45 INFO SparkContext: Starting job: create at <unknown>:0
[2025-10-19T01:16:45.936+0000] {subprocess.py:106} INFO - 25/10/19 01:16:45 INFO DAGScheduler: Got job 6 (create at <unknown>:0) with 1 output partitions
[2025-10-19T01:16:45.936+0000] {subprocess.py:106} INFO - 25/10/19 01:16:45 INFO DAGScheduler: Final stage: ResultStage 11 (create at <unknown>:0)
[2025-10-19T01:16:45.942+0000] {subprocess.py:106} INFO - 25/10/19 01:16:45 INFO DAGScheduler: Parents of final stage: List(ShuffleMapStage 10)
[2025-10-19T01:16:45.943+0000] {subprocess.py:106} INFO - 25/10/19 01:16:45 INFO DAGScheduler: Missing parents: List()
[2025-10-19T01:16:45.943+0000] {subprocess.py:106} INFO - 25/10/19 01:16:45 INFO DAGScheduler: Submitting ResultStage 11 (MapPartitionsRDD[21] at create at <unknown>:0), which has no missing parents
[2025-10-19T01:16:45.960+0000] {subprocess.py:106} INFO - 25/10/19 01:16:45 INFO BlockManagerInfo: Removed broadcast_3_piece0 on 423e5338994a:43465 in memory (size: 29.5 KiB, free: 434.3 MiB)
[2025-10-19T01:16:45.963+0000] {subprocess.py:106} INFO - 25/10/19 01:16:45 INFO MemoryStore: Block broadcast_11 stored as values in memory (estimated size 68.6 KiB, free 434.2 MiB)
[2025-10-19T01:16:45.965+0000] {subprocess.py:106} INFO - 25/10/19 01:16:45 INFO MemoryStore: Block broadcast_11_piece0 stored as bytes in memory (estimated size 27.2 KiB, free 434.1 MiB)
[2025-10-19T01:16:45.973+0000] {subprocess.py:106} INFO - 25/10/19 01:16:45 INFO BlockManagerInfo: Added broadcast_11_piece0 in memory on 423e5338994a:43465 (size: 27.2 KiB, free: 434.3 MiB)
[2025-10-19T01:16:45.974+0000] {subprocess.py:106} INFO - 25/10/19 01:16:45 INFO BlockManagerInfo: Removed broadcast_3_piece0 on 172.30.0.7:38971 in memory (size: 29.5 KiB, free: 434.4 MiB)
[2025-10-19T01:16:45.975+0000] {subprocess.py:106} INFO - 25/10/19 01:16:45 INFO SparkContext: Created broadcast 11 from broadcast at DAGScheduler.scala:1585
[2025-10-19T01:16:45.976+0000] {subprocess.py:106} INFO - 25/10/19 01:16:45 INFO DAGScheduler: Submitting 1 missing tasks from ResultStage 11 (MapPartitionsRDD[21] at create at <unknown>:0) (first 15 tasks are for partitions Vector(0))
[2025-10-19T01:16:45.976+0000] {subprocess.py:106} INFO - 25/10/19 01:16:45 INFO TaskSchedulerImpl: Adding task set 11.0 with 1 tasks resource profile 0
[2025-10-19T01:16:45.978+0000] {subprocess.py:106} INFO - 25/10/19 01:16:45 INFO TaskSetManager: Starting task 0.0 in stage 11.0 (TID 6) (172.30.0.7, executor 0, partition 0, NODE_LOCAL, 9003 bytes)
[2025-10-19T01:16:45.995+0000] {subprocess.py:106} INFO - 25/10/19 01:16:45 INFO BlockManagerInfo: Added broadcast_11_piece0 in memory on 172.30.0.7:38971 (size: 27.2 KiB, free: 434.3 MiB)
[2025-10-19T01:16:46.047+0000] {subprocess.py:106} INFO - 25/10/19 01:16:46 INFO MapOutputTrackerMasterEndpoint: Asked to send map output locations for shuffle 3 to 172.30.0.7:41532
[2025-10-19T01:16:46.145+0000] {subprocess.py:106} INFO - 25/10/19 01:16:46 INFO BlockManagerInfo: Added broadcast_10_piece0 in memory on 172.30.0.7:38971 (size: 29.3 KiB, free: 434.3 MiB)
[2025-10-19T01:16:47.588+0000] {subprocess.py:106} INFO - 25/10/19 01:16:47 INFO TaskSetManager: Finished task 0.0 in stage 11.0 (TID 6) in 1609 ms on 172.30.0.7 (executor 0) (1/1)
[2025-10-19T01:16:47.590+0000] {subprocess.py:106} INFO - 25/10/19 01:16:47 INFO TaskSchedulerImpl: Removed TaskSet 11.0, whose tasks have all completed, from pool
[2025-10-19T01:16:47.591+0000] {subprocess.py:106} INFO - 25/10/19 01:16:47 INFO DAGScheduler: ResultStage 11 (create at <unknown>:0) finished in 1.632 s
[2025-10-19T01:16:47.592+0000] {subprocess.py:106} INFO - 25/10/19 01:16:47 INFO DAGScheduler: Job 6 is finished. Cancelling potential speculative or zombie tasks for this job
[2025-10-19T01:16:47.593+0000] {subprocess.py:106} INFO - 25/10/19 01:16:47 INFO TaskSchedulerImpl: Killing all running tasks in stage 11: Stage finished
[2025-10-19T01:16:47.594+0000] {subprocess.py:106} INFO - 25/10/19 01:16:47 INFO DAGScheduler: Job 6 finished: create at <unknown>:0, took 1.656965 s
[2025-10-19T01:16:47.596+0000] {subprocess.py:106} INFO - 25/10/19 01:16:47 INFO AppendDataExec: Data source write support IcebergBatchWrite(table=silver.ecommerce_clean, format=PARQUET) is committing.
[2025-10-19T01:16:47.626+0000] {subprocess.py:106} INFO - 25/10/19 01:16:47 INFO SparkWrite: Committing append with 1 new data files to table silver.ecommerce_clean
[2025-10-19T01:16:48.485+0000] {subprocess.py:106} INFO - 25/10/19 01:16:48 INFO SnapshotProducer: Committed snapshot 730645124918977591 (MergeAppend)
[2025-10-19T01:16:48.531+0000] {subprocess.py:106} INFO - 25/10/19 01:16:48 INFO LoggingMetricsReporter: Received metrics report: CommitReport{tableName=silver.ecommerce_clean, snapshotId=730645124918977591, sequenceNumber=1, operation=append, commitMetrics=CommitMetricsResult{totalDuration=TimerResult{timeUnit=NANOSECONDS, totalDuration=PT0.894329785S, count=1}, attempts=CounterResult{unit=COUNT, value=1}, addedDataFiles=CounterResult{unit=COUNT, value=1}, removedDataFiles=null, totalDataFiles=CounterResult{unit=COUNT, value=1}, addedDeleteFiles=null, addedEqualityDeleteFiles=null, addedPositionalDeleteFiles=null, removedDeleteFiles=null, removedEqualityDeleteFiles=null, removedPositionalDeleteFiles=null, totalDeleteFiles=CounterResult{unit=COUNT, value=0}, addedRecords=CounterResult{unit=COUNT, value=1000}, removedRecords=null, totalRecords=CounterResult{unit=COUNT, value=1000}, addedFilesSizeInBytes=CounterResult{unit=BYTES, value=27807}, removedFilesSizeInBytes=null, totalFilesSizeInBytes=CounterResult{unit=BYTES, value=27807}, addedPositionalDeletes=null, removedPositionalDeletes=null, totalPositionalDeletes=CounterResult{unit=COUNT, value=0}, addedEqualityDeletes=null, removedEqualityDeletes=null, totalEqualityDeletes=CounterResult{unit=COUNT, value=0}}, metadata={engine-version=3.5.3, app-id=app-20251019011630-0004, engine-name=spark, iceberg-version=Apache Iceberg 1.6.1 (commit 8e9d59d299be42b0bca9461457cd1e95dbaad086)}}
[2025-10-19T01:16:48.533+0000] {subprocess.py:106} INFO - 25/10/19 01:16:48 INFO SparkWrite: Committed in 902 ms
[2025-10-19T01:16:48.535+0000] {subprocess.py:106} INFO - 25/10/19 01:16:48 INFO AppendDataExec: Data source write support IcebergBatchWrite(table=silver.ecommerce_clean, format=PARQUET) committed.
[2025-10-19T01:16:48.718+0000] {subprocess.py:106} INFO - 25/10/19 01:16:48 INFO BlockManagerInfo: Removed broadcast_10_piece0 on 423e5338994a:43465 in memory (size: 29.3 KiB, free: 434.3 MiB)
[2025-10-19T01:16:48.724+0000] {subprocess.py:106} INFO - 25/10/19 01:16:48 INFO BlockManagerInfo: Removed broadcast_10_piece0 on 172.30.0.7:38971 in memory (size: 29.3 KiB, free: 434.3 MiB)
[2025-10-19T01:16:48.734+0000] {subprocess.py:106} INFO - 25/10/19 01:16:48 INFO BlockManagerInfo: Removed broadcast_11_piece0 on 423e5338994a:43465 in memory (size: 27.2 KiB, free: 434.3 MiB)
[2025-10-19T01:16:48.739+0000] {subprocess.py:106} INFO - 25/10/19 01:16:48 INFO BlockManagerInfo: Removed broadcast_11_piece0 on 172.30.0.7:38971 in memory (size: 27.2 KiB, free: 434.4 MiB)
[2025-10-19T01:16:48.869+0000] {subprocess.py:106} INFO - 25/10/19 01:16:48 INFO HiveTableOperations: Committed to table hive_catalog.silver.ecommerce_clean with the new metadata location hdfs://tuankiet170-master:9000/data_lake/warehouse/silver.db/ecommerce_clean/metadata/00000-e1135932-5a74-41b9-a4a4-482626d0b828.metadata.json
[2025-10-19T01:16:48.869+0000] {subprocess.py:106} INFO - 25/10/19 01:16:48 INFO BaseMetastoreTableOperations: Successfully committed to table hive_catalog.silver.ecommerce_clean in 332 ms
[2025-10-19T01:16:48.870+0000] {subprocess.py:106} INFO -  Silver table created: hive_catalog.silver.ecommerce_clean
[2025-10-19T01:16:47.793+0000] {subprocess.py:106} INFO - 25/10/19 01:16:47 INFO BlockManagerInfo: Removed broadcast_7_piece0 on 423e5338994a:43465 in memory (size: 29.5 KiB, free: 434.4 MiB)
[2025-10-19T01:16:47.879+0000] {subprocess.py:106} INFO - 25/10/19 01:16:47 INFO CodeGenerator: Code generated in 29.575517 ms
[2025-10-19T01:16:47.944+0000] {subprocess.py:106} INFO - 25/10/19 01:16:47 INFO CodeGenerator: Code generated in 6.746844 ms
[2025-10-19T01:16:47.961+0000] {subprocess.py:106} INFO - 25/10/19 01:16:47 INFO CodeGenerator: Code generated in 7.84639 ms
[2025-10-19T01:16:47.970+0000] {subprocess.py:106} INFO - +---------+---------------+-----------+
[2025-10-19T01:16:47.972+0000] {subprocess.py:106} INFO - |namespace|      tableName|isTemporary|
[2025-10-19T01:16:47.972+0000] {subprocess.py:106} INFO - +---------+---------------+-----------+
[2025-10-19T01:16:47.973+0000] {subprocess.py:106} INFO - |   silver|ecommerce_clean|      false|
[2025-10-19T01:16:47.973+0000] {subprocess.py:106} INFO - +---------+---------------+-----------+
[2025-10-19T01:16:47.974+0000] {subprocess.py:106} INFO - 
[2025-10-19T01:16:48.011+0000] {subprocess.py:106} INFO - 25/10/19 01:16:48 INFO BaseMetastoreTableOperations: Refreshing table metadata from new version: hdfs://tuankiet170-master:9000/data_lake/warehouse/silver.db/ecommerce_clean/metadata/00000-e1135932-5a74-41b9-a4a4-482626d0b828.metadata.json
[2025-10-19T01:16:48.037+0000] {subprocess.py:106} INFO - 25/10/19 01:16:48 INFO BaseMetastoreCatalog: Table loaded by catalog: hive_catalog.silver.ecommerce_clean
[2025-10-19T01:16:48.076+0000] {subprocess.py:106} INFO - 25/10/19 01:16:48 INFO V2ScanRelationPushDown:
[2025-10-19T01:16:48.077+0000] {subprocess.py:106} INFO - Output: customer_id#308, order_date#309, product_id#310, category_id#311, category_name#312, product_name#313, quantity#314, price#315, payment_method#316, city#317, review_score#318, gender#319, age#320, total_price#321
[2025-10-19T01:16:48.078+0000] {subprocess.py:106} INFO - 
[2025-10-19T01:16:48.078+0000] {subprocess.py:106} INFO - 25/10/19 01:16:48 INFO SnapshotScan: Scanning table hive_catalog.silver.ecommerce_clean snapshot 730645124918977591 created at 2025-10-19T01:16:48.477+00:00 with filter true
[2025-10-19T01:16:48.105+0000] {subprocess.py:106} INFO - 25/10/19 01:16:48 INFO BaseDistributedDataScan: Planning file tasks locally for table hive_catalog.silver.ecommerce_clean
[2025-10-19T01:16:48.133+0000] {subprocess.py:106} INFO - 25/10/19 01:16:48 INFO SparkPartitioningAwareScan: Reporting UnknownPartitioning with 1 partition(s) for table hive_catalog.silver.ecommerce_clean
[2025-10-19T01:16:48.140+0000] {subprocess.py:106} INFO - 25/10/19 01:16:48 INFO MemoryStore: Block broadcast_12 stored as values in memory (estimated size 32.0 KiB, free 434.3 MiB)
[2025-10-19T01:16:48.151+0000] {subprocess.py:106} INFO - 25/10/19 01:16:48 INFO MemoryStore: Block broadcast_12_piece0 stored as bytes in memory (estimated size 29.5 KiB, free 434.3 MiB)
[2025-10-19T01:16:48.152+0000] {subprocess.py:106} INFO - 25/10/19 01:16:48 INFO BlockManagerInfo: Added broadcast_12_piece0 in memory on 423e5338994a:43465 (size: 29.5 KiB, free: 434.3 MiB)
[2025-10-19T01:16:48.153+0000] {subprocess.py:106} INFO - 25/10/19 01:16:48 INFO SparkContext: Created broadcast 12 from broadcast at SparkBatch.java:79
[2025-10-19T01:16:48.168+0000] {subprocess.py:106} INFO - 25/10/19 01:16:48 INFO MemoryStore: Block broadcast_13 stored as values in memory (estimated size 32.0 KiB, free 434.2 MiB)
[2025-10-19T01:16:48.171+0000] {subprocess.py:106} INFO - 25/10/19 01:16:48 INFO MemoryStore: Block broadcast_13_piece0 stored as bytes in memory (estimated size 29.6 KiB, free 434.2 MiB)
[2025-10-19T01:16:48.172+0000] {subprocess.py:106} INFO - 25/10/19 01:16:48 INFO BlockManagerInfo: Added broadcast_13_piece0 in memory on 423e5338994a:43465 (size: 29.6 KiB, free: 434.3 MiB)
[2025-10-19T01:16:48.173+0000] {subprocess.py:106} INFO - 25/10/19 01:16:48 INFO SparkContext: Created broadcast 13 from broadcast at SparkBatch.java:79
[2025-10-19T01:16:48.192+0000] {subprocess.py:106} INFO - 25/10/19 01:16:48 INFO BlockManagerInfo: Removed broadcast_8_piece0 on 423e5338994a:43465 in memory (size: 29.5 KiB, free: 434.3 MiB)
[2025-10-19T01:16:48.193+0000] {subprocess.py:106} INFO - 25/10/19 01:16:48 INFO BlockManagerInfo: Removed broadcast_8_piece0 on 172.30.0.7:38971 in memory (size: 29.5 KiB, free: 434.4 MiB)
[2025-10-19T01:16:48.297+0000] {subprocess.py:106} INFO - 25/10/19 01:16:48 INFO CodeGenerator: Code generated in 37.477877 ms
[2025-10-19T01:16:48.323+0000] {subprocess.py:106} INFO - 25/10/19 01:16:48 INFO SparkContext: Starting job: showString at <unknown>:0
[2025-10-19T01:16:48.324+0000] {subprocess.py:106} INFO - 25/10/19 01:16:48 INFO DAGScheduler: Got job 7 (showString at <unknown>:0) with 1 output partitions
[2025-10-19T01:16:48.326+0000] {subprocess.py:106} INFO - 25/10/19 01:16:48 INFO DAGScheduler: Final stage: ResultStage 12 (showString at <unknown>:0)
[2025-10-19T01:16:48.326+0000] {subprocess.py:106} INFO - 25/10/19 01:16:48 INFO DAGScheduler: Parents of final stage: List()
[2025-10-19T01:16:48.331+0000] {subprocess.py:106} INFO - 25/10/19 01:16:48 INFO DAGScheduler: Missing parents: List()
[2025-10-19T01:16:48.334+0000] {subprocess.py:106} INFO - 25/10/19 01:16:48 INFO DAGScheduler: Submitting ResultStage 12 (MapPartitionsRDD[25] at showString at <unknown>:0), which has no missing parents
[2025-10-19T01:16:48.338+0000] {subprocess.py:106} INFO - 25/10/19 01:16:48 INFO MemoryStore: Block broadcast_14 stored as values in memory (estimated size 22.4 KiB, free 434.3 MiB)
[2025-10-19T01:16:48.351+0000] {subprocess.py:106} INFO - 25/10/19 01:16:48 INFO MemoryStore: Block broadcast_14_piece0 stored as bytes in memory (estimated size 7.1 KiB, free 434.3 MiB)
[2025-10-19T01:16:48.352+0000] {subprocess.py:106} INFO - 25/10/19 01:16:48 INFO BlockManagerInfo: Added broadcast_14_piece0 in memory on 423e5338994a:43465 (size: 7.1 KiB, free: 434.3 MiB)
[2025-10-19T01:16:48.354+0000] {subprocess.py:106} INFO - 25/10/19 01:16:48 INFO SparkContext: Created broadcast 14 from broadcast at DAGScheduler.scala:1585
[2025-10-19T01:16:48.356+0000] {subprocess.py:106} INFO - 25/10/19 01:16:48 INFO DAGScheduler: Submitting 1 missing tasks from ResultStage 12 (MapPartitionsRDD[25] at showString at <unknown>:0) (first 15 tasks are for partitions Vector(0))
[2025-10-19T01:16:48.357+0000] {subprocess.py:106} INFO - 25/10/19 01:16:48 INFO TaskSchedulerImpl: Adding task set 12.0 with 1 tasks resource profile 0
[2025-10-19T01:16:48.365+0000] {subprocess.py:106} INFO - 25/10/19 01:16:48 INFO TaskSetManager: Starting task 0.0 in stage 12.0 (TID 7) (172.30.0.7, executor 0, partition 0, ANY, 14647 bytes)
[2025-10-19T01:16:48.388+0000] {subprocess.py:106} INFO - 25/10/19 01:16:48 INFO BlockManagerInfo: Added broadcast_14_piece0 in memory on 172.30.0.7:38971 (size: 7.1 KiB, free: 434.4 MiB)
[2025-10-19T01:16:48.449+0000] {subprocess.py:106} INFO - 25/10/19 01:16:48 INFO BlockManagerInfo: Added broadcast_13_piece0 in memory on 172.30.0.7:38971 (size: 29.6 KiB, free: 434.4 MiB)
[2025-10-19T01:16:48.603+0000] {subprocess.py:106} INFO - 25/10/19 01:16:48 INFO TaskSetManager: Finished task 0.0 in stage 12.0 (TID 7) in 243 ms on 172.30.0.7 (executor 0) (1/1)
[2025-10-19T01:16:48.607+0000] {subprocess.py:106} INFO - 25/10/19 01:16:48 INFO TaskSchedulerImpl: Removed TaskSet 12.0, whose tasks have all completed, from pool
[2025-10-19T01:16:48.608+0000] {subprocess.py:106} INFO - 25/10/19 01:16:48 INFO DAGScheduler: ResultStage 12 (showString at <unknown>:0) finished in 0.269 s
[2025-10-19T01:16:48.609+0000] {subprocess.py:106} INFO - 25/10/19 01:16:48 INFO DAGScheduler: Job 7 is finished. Cancelling potential speculative or zombie tasks for this job
[2025-10-19T01:16:48.615+0000] {subprocess.py:106} INFO - 25/10/19 01:16:48 INFO TaskSchedulerImpl: Killing all running tasks in stage 12: Stage finished
[2025-10-19T01:16:48.616+0000] {subprocess.py:106} INFO - 25/10/19 01:16:48 INFO DAGScheduler: Job 7 finished: showString at <unknown>:0, took 0.282195 s
[2025-10-19T01:16:48.629+0000] {subprocess.py:106} INFO - 25/10/19 01:16:48 INFO CodeGenerator: Code generated in 16.853039 ms
[2025-10-19T01:16:48.634+0000] {subprocess.py:106} INFO - +-----------+----------+----------+-----------+-----------------+------------+--------+------+----------------+-----------------+------------+------+---+-----------+
[2025-10-19T01:16:48.636+0000] {subprocess.py:106} INFO - |customer_id|order_date|product_id|category_id|    category_name|product_name|quantity| price|  payment_method|             city|review_score|gender|age|total_price|
[2025-10-19T01:16:48.641+0000] {subprocess.py:106} INFO - +-----------+----------+----------+-----------+-----------------+------------+--------+------+----------------+-----------------+------------+------+---+-----------+
[2025-10-19T01:16:48.642+0000] {subprocess.py:106} INFO - |      48665|2024-05-14|       620|         10|      ELECTRONICS|      TABLET|       2| 455.6|   BANK TRANSFER|SOUTH HUNTERMOUTH|           5|     M| 65|      911.2|
[2025-10-19T01:16:48.643+0000] {subprocess.py:106} INFO - |      60295|2024-09-14|       636|         50|SPORTS & OUTDOORS|    YOGA MAT|       2|349.54|     CREDIT CARD|       JOSHUABURY|           5|     M| 71|     699.08|
[2025-10-19T01:16:48.643+0000] {subprocess.py:106} INFO - |      89618|2025-03-01|       567|         20|          FASHION|     T-SHIRT|       1| 98.87|CASH ON DELIVERY|  NEW MICHEALTOWN|           5|     F| 42|      98.87|
[2025-10-19T01:16:48.644+0000] {subprocess.py:106} INFO - |      60796|2024-06-01|       535|         50|SPORTS & OUTDOORS|        TENT|       2|241.33|     CREDIT CARD|       JOSHUASTAD|           3|     M| 73|     482.66|
[2025-10-19T01:16:48.644+0000] {subprocess.py:106} INFO - |      87478|2024-04-19|       788|         30|    HOME & LIVING|        VASE|       1| 22.21|   BANK TRANSFER|       WILLIAMTON|           4|     F| 50|      22.21|
[2025-10-19T01:16:48.645+0000] {subprocess.py:106} INFO - |      24147|2024-08-23|       568|         30|    HOME & LIVING|    PAINTING|       1|268.26|CASH ON DELIVERY|        DAVISTOWN|           1|     M| 29|     268.26|
[2025-10-19T01:16:48.645+0000] {subprocess.py:106} INFO - |      58706|2025-02-07|       613|         20|          FASHION|     T-SHIRT|       4|351.62|   BANK TRANSFER|        LAKE CODY|           5|     F| 65|    1406.48|
[2025-10-19T01:16:48.646+0000] {subprocess.py:106} INFO - |      55184|2024-06-09|       151|         20|          FASHION|       SKIRT|       5| 31.41|   BANK TRANSFER|      PORT EDWARD|           5|     M| 23|     157.05|
[2025-10-19T01:16:48.646+0000] {subprocess.py:106} INFO - |      81959|2025-03-13|       433|         20|          FASHION|       PANTS|       2| 369.7|CASH ON DELIVERY|       MARTINBURY|           4|     M| 19|      739.4|
[2025-10-19T01:16:48.646+0000] {subprocess.py:106} INFO - |      13356|2024-12-27|       232|         50|SPORTS & OUTDOORS|  BASKETBALL|       5|408.95|CASH ON DELIVERY|      EAST JOSEPH|           2|     M| 38|    2044.75|
[2025-10-19T01:16:48.647+0000] {subprocess.py:106} INFO - +-----------+----------+----------+-----------+-----------------+------------+--------+------+----------------+-----------------+------------+------+---+-----------+
[2025-10-19T01:16:48.647+0000] {subprocess.py:106} INFO - 
[2025-10-19T01:16:48.648+0000] {subprocess.py:106} INFO - 25/10/19 01:16:48 INFO SparkContext: SparkContext is stopping with exitCode 0.
[2025-10-19T01:16:48.661+0000] {subprocess.py:106} INFO - 25/10/19 01:16:48 INFO SparkUI: Stopped Spark web UI at http://423e5338994a:4040
[2025-10-19T01:16:48.668+0000] {subprocess.py:106} INFO - 25/10/19 01:16:48 INFO StandaloneSchedulerBackend: Shutting down all executors
[2025-10-19T01:16:48.671+0000] {subprocess.py:106} INFO - 25/10/19 01:16:48 INFO StandaloneSchedulerBackend$StandaloneDriverEndpoint: Asking each executor to shut down
[2025-10-19T01:16:48.702+0000] {subprocess.py:106} INFO - 25/10/19 01:16:48 INFO MapOutputTrackerMasterEndpoint: MapOutputTrackerMasterEndpoint stopped!
[2025-10-19T01:16:48.728+0000] {subprocess.py:106} INFO - 25/10/19 01:16:48 INFO MemoryStore: MemoryStore cleared
[2025-10-19T01:16:48.731+0000] {subprocess.py:106} INFO - 25/10/19 01:16:48 INFO BlockManager: BlockManager stopped
[2025-10-19T01:16:48.733+0000] {subprocess.py:106} INFO - 25/10/19 01:16:48 INFO BlockManagerMaster: BlockManagerMaster stopped
[2025-10-19T01:16:48.745+0000] {subprocess.py:106} INFO - 25/10/19 01:16:48 INFO OutputCommitCoordinator$OutputCommitCoordinatorEndpoint: OutputCommitCoordinator stopped!
[2025-10-19T01:16:48.769+0000] {subprocess.py:106} INFO - 25/10/19 01:16:48 INFO SparkContext: Successfully stopped SparkContext
[2025-10-19T01:16:48.997+0000] {subprocess.py:106} INFO - 25/10/19 01:16:48 INFO ShutdownHookManager: Shutdown hook called
[2025-10-19T01:16:48.998+0000] {subprocess.py:106} INFO - 25/10/19 01:16:48 INFO ShutdownHookManager: Deleting directory /tmp/spark-2f1b2cb7-416f-4671-85e5-2771066a41c9
[2025-10-19T01:16:49.010+0000] {subprocess.py:106} INFO - 25/10/19 01:16:49 INFO ShutdownHookManager: Deleting directory /tmp/spark-2f1b2cb7-416f-4671-85e5-2771066a41c9/pyspark-a31c9e18-d08f-4dae-9008-f3f9ca6f07af
[2025-10-19T01:16:49.019+0000] {subprocess.py:106} INFO - 25/10/19 01:16:49 INFO ShutdownHookManager: Deleting directory /tmp/spark-10ffb3a8-fb55-4404-94ea-9eca6cf0dc45
[2025-10-19T01:16:49.240+0000] {subprocess.py:110} INFO - Command exited with return code 0
[2025-10-19T01:16:49.329+0000] {taskinstance.py:341} INFO - ::group::Post task execution logs
[2025-10-19T01:16:49.329+0000] {taskinstance.py:353} INFO - Marking task as SUCCESS. dag_id=etl_datalake_hive_iceberg, task_id=clean_silver, run_id=manual__2025-10-19T01:14:25.984073+00:00, execution_date=20251019T011425, start_date=20251019T011626, end_date=20251019T011649
[2025-10-19T01:16:49.487+0000] {local_task_job_runner.py:266} INFO - Task exited with return code 0
[2025-10-19T01:16:49.538+0000] {taskinstance.py:3901} INFO - 1 downstream tasks scheduled from follow-on schedule check
[2025-10-19T01:16:49.542+0000] {local_task_job_runner.py:245} INFO - ::endgroup::
