[2025-10-20T00:54:56.185+0000] {local_task_job_runner.py:123} INFO - ::group::Pre task execution logs
[2025-10-20T00:54:56.241+0000] {taskinstance.py:2614} INFO - Dependencies all met for dep_context=non-requeueable deps ti=<TaskInstance: system_dag.extract_features_spark scheduled__2025-10-19T00:00:00+00:00 [queued]>
[2025-10-20T00:54:56.257+0000] {taskinstance.py:2614} INFO - Dependencies all met for dep_context=requeueable deps ti=<TaskInstance: system_dag.extract_features_spark scheduled__2025-10-19T00:00:00+00:00 [queued]>
[2025-10-20T00:54:56.257+0000] {taskinstance.py:2867} INFO - Starting attempt 1 of 2
[2025-10-20T00:54:56.278+0000] {taskinstance.py:2890} INFO - Executing <Task(BashOperator): extract_features_spark> on 2025-10-19 00:00:00+00:00
[2025-10-20T00:54:56.295+0000] {standard_task_runner.py:72} INFO - Started process 91 to run task
[2025-10-20T00:54:56.302+0000] {standard_task_runner.py:104} INFO - Running: ['***', 'tasks', 'run', 'system_dag', 'extract_features_spark', 'scheduled__2025-10-19T00:00:00+00:00', '--job-id', '17', '--raw', '--subdir', 'DAGS_FOLDER/system_dag.py', '--cfg-path', '/tmp/tmpas3i4lf9']
[2025-10-20T00:54:56.304+0000] {standard_task_runner.py:105} INFO - Job 17: Subtask extract_features_spark
[2025-10-20T00:54:56.345+0000] {warnings.py:109} WARNING - /home/***/.local/lib/python3.8/site-packages/***/settings.py:209: DeprecationWarning: The sql_alchemy_conn option in [core] has been moved to the sql_alchemy_conn option in [database] - the old setting has been used, but please update your config.
  SQL_ALCHEMY_CONN = conf.get("database", "SQL_ALCHEMY_CONN")

[2025-10-20T00:54:56.460+0000] {task_command.py:467} INFO - Running <TaskInstance: system_dag.extract_features_spark scheduled__2025-10-19T00:00:00+00:00 [running]> on host ff04b21b6cb6
[2025-10-20T00:54:56.461+0000] {warnings.py:109} WARNING - /home/***/.local/lib/python3.8/site-packages/***/settings.py:470: DeprecationWarning: The sql_alchemy_conn option in [core] has been moved to the sql_alchemy_conn option in [database] - the old setting has been used, but please update your config.
  if conf.get("database", "sql_alchemy_conn") == "none://":

[2025-10-20T00:54:56.632+0000] {taskinstance.py:3134} INFO - Exporting env vars: AIRFLOW_CTX_DAG_EMAIL='alert@datateam.local' AIRFLOW_CTX_DAG_OWNER='***' AIRFLOW_CTX_DAG_ID='system_dag' AIRFLOW_CTX_TASK_ID='extract_features_spark' AIRFLOW_CTX_EXECUTION_DATE='2025-10-19T00:00:00+00:00' AIRFLOW_CTX_TRY_NUMBER='1' AIRFLOW_CTX_DAG_RUN_ID='scheduled__2025-10-19T00:00:00+00:00'
[2025-10-20T00:54:56.633+0000] {taskinstance.py:732} INFO - ::endgroup::
[2025-10-20T00:54:56.659+0000] {subprocess.py:78} INFO - Tmp dir root location: /tmp
[2025-10-20T00:54:56.662+0000] {subprocess.py:88} INFO - Running command: ['/bin/bash', '-c', '\n        docker exec spark-submit /opt/spark/bin/spark-submit         --master spark://spark-master:7077         --deploy-mode client         /opt/***/scripts/extract_features_spark.py\n        ']
[2025-10-20T00:54:56.684+0000] {subprocess.py:99} INFO - Output:
[2025-10-20T00:55:00.425+0000] {subprocess.py:106} INFO - 25/10/20 00:55:00 INFO SparkContext: Running Spark version 3.5.3
[2025-10-20T00:55:00.427+0000] {subprocess.py:106} INFO - 25/10/20 00:55:00 INFO SparkContext: OS info Linux, 6.6.87.1-microsoft-standard-WSL2, amd64
[2025-10-20T00:55:00.427+0000] {subprocess.py:106} INFO - 25/10/20 00:55:00 INFO SparkContext: Java version 11.0.24
[2025-10-20T00:55:00.504+0000] {subprocess.py:106} INFO - 25/10/20 00:55:00 WARN NativeCodeLoader: Unable to load native-hadoop library for your platform... using builtin-java classes where applicable
[2025-10-20T00:55:00.635+0000] {subprocess.py:106} INFO - 25/10/20 00:55:00 INFO ResourceUtils: ==============================================================
[2025-10-20T00:55:00.636+0000] {subprocess.py:106} INFO - 25/10/20 00:55:00 INFO ResourceUtils: No custom resources configured for spark.driver.
[2025-10-20T00:55:00.636+0000] {subprocess.py:106} INFO - 25/10/20 00:55:00 INFO ResourceUtils: ==============================================================
[2025-10-20T00:55:00.637+0000] {subprocess.py:106} INFO - 25/10/20 00:55:00 INFO SparkContext: Submitted application: Extract_Features
[2025-10-20T00:55:00.671+0000] {subprocess.py:106} INFO - 25/10/20 00:55:00 INFO ResourceProfile: Default ResourceProfile created, executor resources: Map(memory -> name: memory, amount: 1024, script: , vendor: , offHeap -> name: offHeap, amount: 0, script: , vendor: ), task resources: Map(cpus -> name: cpus, amount: 1.0)
[2025-10-20T00:55:00.680+0000] {subprocess.py:106} INFO - 25/10/20 00:55:00 INFO ResourceProfile: Limiting resource is cpu
[2025-10-20T00:55:00.681+0000] {subprocess.py:106} INFO - 25/10/20 00:55:00 INFO ResourceProfileManager: Added ResourceProfile id: 0
[2025-10-20T00:55:00.755+0000] {subprocess.py:106} INFO - 25/10/20 00:55:00 INFO SecurityManager: Changing view acls to: spark
[2025-10-20T00:55:00.756+0000] {subprocess.py:106} INFO - 25/10/20 00:55:00 INFO SecurityManager: Changing modify acls to: spark
[2025-10-20T00:55:00.756+0000] {subprocess.py:106} INFO - 25/10/20 00:55:00 INFO SecurityManager: Changing view acls groups to:
[2025-10-20T00:55:00.757+0000] {subprocess.py:106} INFO - 25/10/20 00:55:00 INFO SecurityManager: Changing modify acls groups to:
[2025-10-20T00:55:00.757+0000] {subprocess.py:106} INFO - 25/10/20 00:55:00 INFO SecurityManager: SecurityManager: authentication disabled; ui acls disabled; users with view permissions: spark; groups with view permissions: EMPTY; users with modify permissions: spark; groups with modify permissions: EMPTY
[2025-10-20T00:55:01.049+0000] {subprocess.py:106} INFO - 25/10/20 00:55:01 INFO Utils: Successfully started service 'sparkDriver' on port 38475.
[2025-10-20T00:55:01.098+0000] {subprocess.py:106} INFO - 25/10/20 00:55:01 INFO SparkEnv: Registering MapOutputTracker
[2025-10-20T00:55:01.134+0000] {subprocess.py:106} INFO - 25/10/20 00:55:01 INFO SparkEnv: Registering BlockManagerMaster
[2025-10-20T00:55:01.167+0000] {subprocess.py:106} INFO - 25/10/20 00:55:01 INFO BlockManagerMasterEndpoint: Using org.apache.spark.storage.DefaultTopologyMapper for getting topology information
[2025-10-20T00:55:01.167+0000] {subprocess.py:106} INFO - 25/10/20 00:55:01 INFO BlockManagerMasterEndpoint: BlockManagerMasterEndpoint up
[2025-10-20T00:55:01.172+0000] {subprocess.py:106} INFO - 25/10/20 00:55:01 INFO SparkEnv: Registering BlockManagerMasterHeartbeat
[2025-10-20T00:55:01.209+0000] {subprocess.py:106} INFO - 25/10/20 00:55:01 INFO DiskBlockManager: Created local directory at /tmp/blockmgr-1e5f8d31-71fa-4440-963c-264c7d4083be
[2025-10-20T00:55:01.229+0000] {subprocess.py:106} INFO - 25/10/20 00:55:01 INFO MemoryStore: MemoryStore started with capacity 434.4 MiB
[2025-10-20T00:55:01.252+0000] {subprocess.py:106} INFO - 25/10/20 00:55:01 INFO SparkEnv: Registering OutputCommitCoordinator
[2025-10-20T00:55:01.438+0000] {subprocess.py:106} INFO - 25/10/20 00:55:01 INFO JettyUtils: Start Jetty 0.0.0.0:4040 for SparkUI
[2025-10-20T00:55:01.501+0000] {subprocess.py:106} INFO - 25/10/20 00:55:01 INFO Utils: Successfully started service 'SparkUI' on port 4040.
[2025-10-20T00:55:01.632+0000] {subprocess.py:106} INFO - 25/10/20 00:55:01 INFO StandaloneAppClient$ClientEndpoint: Connecting to master spark://spark-master:7077...
[2025-10-20T00:55:01.692+0000] {subprocess.py:106} INFO - 25/10/20 00:55:01 INFO TransportClientFactory: Successfully created connection to spark-master/172.30.0.6:7077 after 34 ms (0 ms spent in bootstraps)
[2025-10-20T00:55:01.777+0000] {subprocess.py:106} INFO - 25/10/20 00:55:01 INFO StandaloneSchedulerBackend: Connected to Spark cluster with app ID app-20251020005501-0008
[2025-10-20T00:55:01.779+0000] {subprocess.py:106} INFO - 25/10/20 00:55:01 INFO StandaloneAppClient$ClientEndpoint: Executor added: app-20251020005501-0008/0 on worker-20251019215931-172.30.0.7-42863 (172.30.0.7:42863) with 1 core(s)
[2025-10-20T00:55:01.779+0000] {subprocess.py:106} INFO - 25/10/20 00:55:01 INFO StandaloneSchedulerBackend: Granted executor ID app-20251020005501-0008/0 on hostPort 172.30.0.7:42863 with 1 core(s), 1024.0 MiB RAM
[2025-10-20T00:55:01.787+0000] {subprocess.py:106} INFO - 25/10/20 00:55:01 INFO Utils: Successfully started service 'org.apache.spark.network.netty.NettyBlockTransferService' on port 39661.
[2025-10-20T00:55:01.788+0000] {subprocess.py:106} INFO - 25/10/20 00:55:01 INFO NettyBlockTransferService: Server created on 423e5338994a:39661
[2025-10-20T00:55:01.789+0000] {subprocess.py:106} INFO - 25/10/20 00:55:01 INFO BlockManager: Using org.apache.spark.storage.RandomBlockReplicationPolicy for block replication policy
[2025-10-20T00:55:01.797+0000] {subprocess.py:106} INFO - 25/10/20 00:55:01 INFO BlockManagerMaster: Registering BlockManager BlockManagerId(driver, 423e5338994a, 39661, None)
[2025-10-20T00:55:01.800+0000] {subprocess.py:106} INFO - 25/10/20 00:55:01 INFO BlockManagerMasterEndpoint: Registering block manager 423e5338994a:39661 with 434.4 MiB RAM, BlockManagerId(driver, 423e5338994a, 39661, None)
[2025-10-20T00:55:01.802+0000] {subprocess.py:106} INFO - 25/10/20 00:55:01 INFO BlockManagerMaster: Registered BlockManager BlockManagerId(driver, 423e5338994a, 39661, None)
[2025-10-20T00:55:01.803+0000] {subprocess.py:106} INFO - 25/10/20 00:55:01 INFO BlockManager: Initialized BlockManager: BlockManagerId(driver, 423e5338994a, 39661, None)
[2025-10-20T00:55:01.844+0000] {subprocess.py:106} INFO - 25/10/20 00:55:01 INFO StandaloneAppClient$ClientEndpoint: Executor updated: app-20251020005501-0008/0 is now RUNNING
[2025-10-20T00:55:02.042+0000] {subprocess.py:106} INFO - 25/10/20 00:55:02 INFO StandaloneSchedulerBackend: SchedulerBackend is ready for scheduling beginning after reached minRegisteredResourcesRatio: 0.0
[2025-10-20T00:55:02.362+0000] {subprocess.py:106} INFO - 25/10/20 00:55:02 INFO SharedState: Setting hive.metastore.warehouse.dir ('null') to the value of spark.sql.warehouse.dir.
[2025-10-20T00:55:02.372+0000] {subprocess.py:106} INFO - 25/10/20 00:55:02 INFO SharedState: Warehouse path is 'file:/opt/spark/work-dir/spark-warehouse'.
[2025-10-20T00:55:04.034+0000] {subprocess.py:106} INFO - 25/10/20 00:55:04 INFO HiveConf: Found configuration file null
[2025-10-20T00:55:04.218+0000] {subprocess.py:106} INFO - 25/10/20 00:55:04 INFO metastore: Trying to connect to metastore with URI thrift://hive-metastore:9083
[2025-10-20T00:55:04.246+0000] {subprocess.py:106} INFO - 25/10/20 00:55:04 INFO metastore: Opened a connection to metastore, current connections: 1
[2025-10-20T00:55:04.261+0000] {subprocess.py:106} INFO - 25/10/20 00:55:04 INFO StandaloneSchedulerBackend$StandaloneDriverEndpoint: Registered executor NettyRpcEndpointRef(spark-client://Executor) (172.30.0.7:58810) with ID 0,  ResourceProfileId 0
[2025-10-20T00:55:04.293+0000] {subprocess.py:106} INFO - 25/10/20 00:55:04 INFO metastore: Connected to metastore.
[2025-10-20T00:55:04.335+0000] {subprocess.py:106} INFO - 25/10/20 00:55:04 INFO BlockManagerMasterEndpoint: Registering block manager 172.30.0.7:41361 with 434.4 MiB RAM, BlockManagerId(0, 172.30.0.7, 41361, None)
[2025-10-20T00:55:04.567+0000] {subprocess.py:106} INFO - 25/10/20 00:55:04 INFO BaseMetastoreTableOperations: Refreshing table metadata from new version: hdfs://tuankiet170-master:9000/data_lake/warehouse/silver.db/ecommerce_clean/metadata/00000-e2e0f0c0-7f23-4b45-8ea5-3df10cf64805.metadata.json
[2025-10-20T00:55:05.505+0000] {subprocess.py:106} INFO - 25/10/20 00:55:05 INFO BaseMetastoreCatalog: Table loaded by catalog: hive_catalog.silver.ecommerce_clean
[2025-10-20T00:55:07.223+0000] {subprocess.py:106} INFO - 25/10/20 00:55:07 INFO BaseMetastoreTableOperations: Refreshing table metadata from new version: hdfs://tuankiet170-master:9000/data_lake/warehouse/gold.db/features_sample/metadata/00001-c8b25576-dfb3-4e30-acb1-025c37f3553a.metadata.json
[2025-10-20T00:55:07.247+0000] {subprocess.py:106} INFO - 25/10/20 00:55:07 INFO BaseMetastoreCatalog: Table loaded by catalog: hive_catalog.gold.features_sample
[2025-10-20T00:55:07.252+0000] {subprocess.py:106} INFO - 25/10/20 00:55:07 INFO BaseMetastoreCatalog: Table properties set at catalog level through catalog properties: {}
[2025-10-20T00:55:07.253+0000] {subprocess.py:106} INFO - 25/10/20 00:55:07 INFO BaseMetastoreCatalog: Table properties enforced at catalog level through catalog properties: {}
[2025-10-20T00:55:07.264+0000] {subprocess.py:106} INFO - 25/10/20 00:55:07 INFO BaseMetastoreTableOperations: Refreshing table metadata from new version: hdfs://tuankiet170-master:9000/data_lake/warehouse/gold.db/features_sample/metadata/00001-c8b25576-dfb3-4e30-acb1-025c37f3553a.metadata.json
[2025-10-20T00:55:07.458+0000] {subprocess.py:106} INFO - 25/10/20 00:55:07 INFO V2ScanRelationPushDown:
[2025-10-20T00:55:07.459+0000] {subprocess.py:106} INFO - Pushing operators to hive_catalog.silver.ecommerce_clean
[2025-10-20T00:55:07.459+0000] {subprocess.py:106} INFO - Pushed Filters: product_id IS NOT NULL
[2025-10-20T00:55:07.459+0000] {subprocess.py:106} INFO - Post-Scan Filters: isnotnull(product_id#161)
[2025-10-20T00:55:07.460+0000] {subprocess.py:106} INFO - 
[2025-10-20T00:55:07.500+0000] {subprocess.py:106} INFO - 25/10/20 00:55:07 INFO V2ScanRelationPushDown:
[2025-10-20T00:55:07.500+0000] {subprocess.py:106} INFO - Output: customer_id#0, order_date#1, product_id#2, quantity#6, price#7, payment_method#8, city#9, review_score#10, gender#11, age#12, total_price#13
[2025-10-20T00:55:07.501+0000] {subprocess.py:106} INFO - 
[2025-10-20T00:55:07.508+0000] {subprocess.py:106} INFO - 25/10/20 00:55:07 INFO V2ScanRelationPushDown:
[2025-10-20T00:55:07.508+0000] {subprocess.py:106} INFO - Output: customer_id#159, product_id#161, quantity#165, price#166
[2025-10-20T00:55:07.509+0000] {subprocess.py:106} INFO - 
[2025-10-20T00:55:07.516+0000] {subprocess.py:106} INFO - 25/10/20 00:55:07 INFO SnapshotScan: Scanning table hive_catalog.silver.ecommerce_clean snapshot 6659383552526747710 created at 2025-10-20T00:54:50.413+00:00 with filter true
[2025-10-20T00:55:07.734+0000] {subprocess.py:106} INFO - 25/10/20 00:55:07 INFO BaseDistributedDataScan: Planning file tasks locally for table hive_catalog.silver.ecommerce_clean
[2025-10-20T00:55:07.826+0000] {subprocess.py:106} INFO - 25/10/20 00:55:07 INFO SparkPartitioningAwareScan: Reporting UnknownPartitioning with 1 partition(s) for table hive_catalog.silver.ecommerce_clean
[2025-10-20T00:55:07.827+0000] {subprocess.py:106} INFO - 25/10/20 00:55:07 INFO SnapshotScan: Scanning table hive_catalog.silver.ecommerce_clean snapshot 6659383552526747710 created at 2025-10-20T00:54:50.413+00:00 with filter product_id IS NOT NULL
[2025-10-20T00:55:07.839+0000] {subprocess.py:106} INFO - 25/10/20 00:55:07 INFO BaseDistributedDataScan: Planning file tasks locally for table hive_catalog.silver.ecommerce_clean
[2025-10-20T00:55:07.868+0000] {subprocess.py:106} INFO - 25/10/20 00:55:07 INFO SparkPartitioningAwareScan: Reporting UnknownPartitioning with 1 partition(s) for table hive_catalog.silver.ecommerce_clean
[2025-10-20T00:55:07.884+0000] {subprocess.py:106} INFO - 25/10/20 00:55:07 INFO SparkWrite: Requesting 0 bytes advisory partition size for table gold.features_sample
[2025-10-20T00:55:07.885+0000] {subprocess.py:106} INFO - 25/10/20 00:55:07 INFO SparkWrite: Requesting UnspecifiedDistribution as write distribution for table gold.features_sample
[2025-10-20T00:55:07.886+0000] {subprocess.py:106} INFO - 25/10/20 00:55:07 INFO SparkWrite: Requesting [] as write ordering for table gold.features_sample
[2025-10-20T00:55:08.008+0000] {subprocess.py:106} INFO - 25/10/20 00:55:08 INFO MemoryStore: Block broadcast_0 stored as values in memory (estimated size 32.0 KiB, free 434.4 MiB)
[2025-10-20T00:55:08.067+0000] {subprocess.py:106} INFO - 25/10/20 00:55:08 INFO MemoryStore: Block broadcast_0_piece0 stored as bytes in memory (estimated size 29.6 KiB, free 434.3 MiB)
[2025-10-20T00:55:08.071+0000] {subprocess.py:106} INFO - 25/10/20 00:55:08 INFO BlockManagerInfo: Added broadcast_0_piece0 in memory on 423e5338994a:39661 (size: 29.6 KiB, free: 434.4 MiB)
[2025-10-20T00:55:08.076+0000] {subprocess.py:106} INFO - 25/10/20 00:55:08 INFO SparkContext: Created broadcast 0 from broadcast at SparkBatch.java:79
[2025-10-20T00:55:08.140+0000] {subprocess.py:106} INFO - 25/10/20 00:55:08 INFO MemoryStore: Block broadcast_1 stored as values in memory (estimated size 32.0 KiB, free 434.3 MiB)
[2025-10-20T00:55:08.148+0000] {subprocess.py:106} INFO - 25/10/20 00:55:08 INFO MemoryStore: Block broadcast_1_piece0 stored as bytes in memory (estimated size 29.5 KiB, free 434.3 MiB)
[2025-10-20T00:55:08.151+0000] {subprocess.py:106} INFO - 25/10/20 00:55:08 INFO BlockManagerInfo: Added broadcast_1_piece0 in memory on 423e5338994a:39661 (size: 29.5 KiB, free: 434.3 MiB)
[2025-10-20T00:55:08.157+0000] {subprocess.py:106} INFO - 25/10/20 00:55:08 INFO SparkContext: Created broadcast 1 from broadcast at SparkBatch.java:79
[2025-10-20T00:55:08.229+0000] {subprocess.py:106} INFO - 25/10/20 00:55:08 INFO MemoryStore: Block broadcast_2 stored as values in memory (estimated size 32.0 KiB, free 434.2 MiB)
[2025-10-20T00:55:08.238+0000] {subprocess.py:106} INFO - 25/10/20 00:55:08 INFO MemoryStore: Block broadcast_2_piece0 stored as bytes in memory (estimated size 29.6 KiB, free 434.2 MiB)
[2025-10-20T00:55:08.241+0000] {subprocess.py:106} INFO - 25/10/20 00:55:08 INFO BlockManagerInfo: Added broadcast_2_piece0 in memory on 423e5338994a:39661 (size: 29.6 KiB, free: 434.3 MiB)
[2025-10-20T00:55:08.243+0000] {subprocess.py:106} INFO - 25/10/20 00:55:08 INFO SparkContext: Created broadcast 2 from broadcast at SparkBatch.java:79
[2025-10-20T00:55:08.264+0000] {subprocess.py:106} INFO - 25/10/20 00:55:08 INFO MemoryStore: Block broadcast_3 stored as values in memory (estimated size 32.0 KiB, free 434.2 MiB)
[2025-10-20T00:55:08.269+0000] {subprocess.py:106} INFO - 25/10/20 00:55:08 INFO MemoryStore: Block broadcast_3_piece0 stored as bytes in memory (estimated size 29.5 KiB, free 434.2 MiB)
[2025-10-20T00:55:08.270+0000] {subprocess.py:106} INFO - 25/10/20 00:55:08 INFO BlockManagerInfo: Added broadcast_3_piece0 in memory on 423e5338994a:39661 (size: 29.5 KiB, free: 434.3 MiB)
[2025-10-20T00:55:08.272+0000] {subprocess.py:106} INFO - 25/10/20 00:55:08 INFO SparkContext: Created broadcast 3 from broadcast at SparkBatch.java:79
[2025-10-20T00:55:08.965+0000] {subprocess.py:106} INFO - 25/10/20 00:55:08 INFO CodeGenerator: Code generated in 297.639809 ms
[2025-10-20T00:55:09.133+0000] {subprocess.py:106} INFO - 25/10/20 00:55:09 INFO DAGScheduler: Registering RDD 3 (createOrReplace at <unknown>:0) as input to shuffle 0
[2025-10-20T00:55:09.138+0000] {subprocess.py:106} INFO - 25/10/20 00:55:09 INFO DAGScheduler: Got map stage job 0 (createOrReplace at <unknown>:0) with 1 output partitions
[2025-10-20T00:55:09.140+0000] {subprocess.py:106} INFO - 25/10/20 00:55:09 INFO DAGScheduler: Final stage: ShuffleMapStage 0 (createOrReplace at <unknown>:0)
[2025-10-20T00:55:09.140+0000] {subprocess.py:106} INFO - 25/10/20 00:55:09 INFO DAGScheduler: Parents of final stage: List()
[2025-10-20T00:55:09.141+0000] {subprocess.py:106} INFO - 25/10/20 00:55:09 INFO DAGScheduler: Missing parents: List()
[2025-10-20T00:55:09.144+0000] {subprocess.py:106} INFO - 25/10/20 00:55:09 INFO DAGScheduler: Submitting ShuffleMapStage 0 (MapPartitionsRDD[3] at createOrReplace at <unknown>:0), which has no missing parents
[2025-10-20T00:55:09.172+0000] {subprocess.py:106} INFO - 25/10/20 00:55:09 INFO MemoryStore: Block broadcast_4 stored as values in memory (estimated size 49.1 KiB, free 434.1 MiB)
[2025-10-20T00:55:09.180+0000] {subprocess.py:106} INFO - 25/10/20 00:55:09 INFO MemoryStore: Block broadcast_4_piece0 stored as bytes in memory (estimated size 20.5 KiB, free 434.1 MiB)
[2025-10-20T00:55:09.181+0000] {subprocess.py:106} INFO - 25/10/20 00:55:09 INFO BlockManagerInfo: Added broadcast_4_piece0 in memory on 423e5338994a:39661 (size: 20.5 KiB, free: 434.3 MiB)
[2025-10-20T00:55:09.182+0000] {subprocess.py:106} INFO - 25/10/20 00:55:09 INFO SparkContext: Created broadcast 4 from broadcast at DAGScheduler.scala:1585
[2025-10-20T00:55:09.204+0000] {subprocess.py:106} INFO - 25/10/20 00:55:09 INFO DAGScheduler: Submitting 1 missing tasks from ShuffleMapStage 0 (MapPartitionsRDD[3] at createOrReplace at <unknown>:0) (first 15 tasks are for partitions Vector(0))
[2025-10-20T00:55:09.205+0000] {subprocess.py:106} INFO - 25/10/20 00:55:09 INFO TaskSchedulerImpl: Adding task set 0.0 with 1 tasks resource profile 0
[2025-10-20T00:55:09.243+0000] {subprocess.py:106} INFO - 25/10/20 00:55:09 INFO TaskSetManager: Starting task 0.0 in stage 0.0 (TID 0) (172.30.0.7, executor 0, partition 0, ANY, 14298 bytes)
[2025-10-20T00:55:09.737+0000] {subprocess.py:106} INFO - 25/10/20 00:55:09 INFO BlockManagerInfo: Added broadcast_4_piece0 in memory on 172.30.0.7:41361 (size: 20.5 KiB, free: 434.4 MiB)
[2025-10-20T00:55:10.670+0000] {subprocess.py:106} INFO - 25/10/20 00:55:10 INFO BlockManagerInfo: Added broadcast_3_piece0 in memory on 172.30.0.7:41361 (size: 29.5 KiB, free: 434.4 MiB)
[2025-10-20T00:55:12.382+0000] {subprocess.py:106} INFO - 25/10/20 00:55:12 INFO TaskSetManager: Finished task 0.0 in stage 0.0 (TID 0) in 3159 ms on 172.30.0.7 (executor 0) (1/1)
[2025-10-20T00:55:12.385+0000] {subprocess.py:106} INFO - 25/10/20 00:55:12 INFO TaskSchedulerImpl: Removed TaskSet 0.0, whose tasks have all completed, from pool
[2025-10-20T00:55:12.397+0000] {subprocess.py:106} INFO - 25/10/20 00:55:12 INFO DAGScheduler: ShuffleMapStage 0 (createOrReplace at <unknown>:0) finished in 3.240 s
[2025-10-20T00:55:12.397+0000] {subprocess.py:106} INFO - 25/10/20 00:55:12 INFO DAGScheduler: looking for newly runnable stages
[2025-10-20T00:55:12.398+0000] {subprocess.py:106} INFO - 25/10/20 00:55:12 INFO DAGScheduler: running: Set()
[2025-10-20T00:55:12.398+0000] {subprocess.py:106} INFO - 25/10/20 00:55:12 INFO DAGScheduler: waiting: Set()
[2025-10-20T00:55:12.398+0000] {subprocess.py:106} INFO - 25/10/20 00:55:12 INFO DAGScheduler: failed: Set()
[2025-10-20T00:55:12.421+0000] {subprocess.py:106} INFO - 25/10/20 00:55:12 INFO MemoryStore: Block broadcast_5 stored as values in memory (estimated size 32.0 KiB, free 434.1 MiB)
[2025-10-20T00:55:12.429+0000] {subprocess.py:106} INFO - 25/10/20 00:55:12 INFO MemoryStore: Block broadcast_5_piece0 stored as bytes in memory (estimated size 29.6 KiB, free 434.0 MiB)
[2025-10-20T00:55:12.431+0000] {subprocess.py:106} INFO - 25/10/20 00:55:12 INFO BlockManagerInfo: Added broadcast_5_piece0 in memory on 423e5338994a:39661 (size: 29.6 KiB, free: 434.2 MiB)
[2025-10-20T00:55:12.432+0000] {subprocess.py:106} INFO - 25/10/20 00:55:12 INFO SparkContext: Created broadcast 5 from broadcast at SparkBatch.java:79
[2025-10-20T00:55:12.463+0000] {subprocess.py:106} INFO - 25/10/20 00:55:12 INFO ShufflePartitionsUtil: For shuffle(0), advisory target size: 67108864, actual target size 1048576, minimum partition size: 1048576
[2025-10-20T00:55:12.464+0000] {subprocess.py:106} INFO - 25/10/20 00:55:12 INFO BlockManagerInfo: Removed broadcast_4_piece0 on 423e5338994a:39661 in memory (size: 20.5 KiB, free: 434.3 MiB)
[2025-10-20T00:55:12.469+0000] {subprocess.py:106} INFO - 25/10/20 00:55:12 INFO BlockManagerInfo: Removed broadcast_4_piece0 on 172.30.0.7:41361 in memory (size: 20.5 KiB, free: 434.4 MiB)
[2025-10-20T00:55:12.562+0000] {subprocess.py:106} INFO - 25/10/20 00:55:12 INFO CodeGenerator: Code generated in 56.320035 ms
[2025-10-20T00:55:12.599+0000] {subprocess.py:106} INFO - 25/10/20 00:55:12 INFO DAGScheduler: Registering RDD 6 (createOrReplace at <unknown>:0) as input to shuffle 1
[2025-10-20T00:55:12.599+0000] {subprocess.py:106} INFO - 25/10/20 00:55:12 INFO DAGScheduler: Got map stage job 1 (createOrReplace at <unknown>:0) with 1 output partitions
[2025-10-20T00:55:12.602+0000] {subprocess.py:106} INFO - 25/10/20 00:55:12 INFO DAGScheduler: Final stage: ShuffleMapStage 2 (createOrReplace at <unknown>:0)
[2025-10-20T00:55:12.603+0000] {subprocess.py:106} INFO - 25/10/20 00:55:12 INFO DAGScheduler: Parents of final stage: List(ShuffleMapStage 1)
[2025-10-20T00:55:12.603+0000] {subprocess.py:106} INFO - 25/10/20 00:55:12 INFO DAGScheduler: Missing parents: List()
[2025-10-20T00:55:12.604+0000] {subprocess.py:106} INFO - 25/10/20 00:55:12 INFO DAGScheduler: Submitting ShuffleMapStage 2 (MapPartitionsRDD[6] at createOrReplace at <unknown>:0), which has no missing parents
[2025-10-20T00:55:12.618+0000] {subprocess.py:106} INFO - 25/10/20 00:55:12 INFO MemoryStore: Block broadcast_6 stored as values in memory (estimated size 69.6 KiB, free 434.0 MiB)
[2025-10-20T00:55:12.625+0000] {subprocess.py:106} INFO - 25/10/20 00:55:12 INFO MemoryStore: Block broadcast_6_piece0 stored as bytes in memory (estimated size 26.6 KiB, free 434.0 MiB)
[2025-10-20T00:55:12.630+0000] {subprocess.py:106} INFO - 25/10/20 00:55:12 INFO BlockManagerInfo: Added broadcast_6_piece0 in memory on 423e5338994a:39661 (size: 26.6 KiB, free: 434.2 MiB)
[2025-10-20T00:55:12.631+0000] {subprocess.py:106} INFO - 25/10/20 00:55:12 INFO SparkContext: Created broadcast 6 from broadcast at DAGScheduler.scala:1585
[2025-10-20T00:55:12.632+0000] {subprocess.py:106} INFO - 25/10/20 00:55:12 INFO BlockManagerInfo: Removed broadcast_5_piece0 on 423e5338994a:39661 in memory (size: 29.6 KiB, free: 434.3 MiB)
[2025-10-20T00:55:12.633+0000] {subprocess.py:106} INFO - 25/10/20 00:55:12 INFO DAGScheduler: Submitting 1 missing tasks from ShuffleMapStage 2 (MapPartitionsRDD[6] at createOrReplace at <unknown>:0) (first 15 tasks are for partitions Vector(0))
[2025-10-20T00:55:12.633+0000] {subprocess.py:106} INFO - 25/10/20 00:55:12 INFO TaskSchedulerImpl: Adding task set 2.0 with 1 tasks resource profile 0
[2025-10-20T00:55:12.634+0000] {subprocess.py:106} INFO - 25/10/20 00:55:12 INFO TaskSetManager: Starting task 0.0 in stage 2.0 (TID 1) (172.30.0.7, executor 0, partition 0, NODE_LOCAL, 8992 bytes)
[2025-10-20T00:55:12.673+0000] {subprocess.py:106} INFO - 25/10/20 00:55:12 INFO BlockManagerInfo: Added broadcast_6_piece0 in memory on 172.30.0.7:41361 (size: 26.6 KiB, free: 434.3 MiB)
[2025-10-20T00:55:12.715+0000] {subprocess.py:106} INFO - 25/10/20 00:55:12 INFO MapOutputTrackerMasterEndpoint: Asked to send map output locations for shuffle 0 to 172.30.0.7:58810
[2025-10-20T00:55:13.062+0000] {subprocess.py:106} INFO - 25/10/20 00:55:13 INFO TaskSetManager: Finished task 0.0 in stage 2.0 (TID 1) in 430 ms on 172.30.0.7 (executor 0) (1/1)
[2025-10-20T00:55:13.063+0000] {subprocess.py:106} INFO - 25/10/20 00:55:13 INFO TaskSchedulerImpl: Removed TaskSet 2.0, whose tasks have all completed, from pool
[2025-10-20T00:55:13.069+0000] {subprocess.py:106} INFO - 25/10/20 00:55:13 INFO DAGScheduler: ShuffleMapStage 2 (createOrReplace at <unknown>:0) finished in 0.450 s
[2025-10-20T00:55:13.069+0000] {subprocess.py:106} INFO - 25/10/20 00:55:13 INFO DAGScheduler: looking for newly runnable stages
[2025-10-20T00:55:13.070+0000] {subprocess.py:106} INFO - 25/10/20 00:55:13 INFO DAGScheduler: running: Set()
[2025-10-20T00:55:13.070+0000] {subprocess.py:106} INFO - 25/10/20 00:55:13 INFO DAGScheduler: waiting: Set()
[2025-10-20T00:55:13.070+0000] {subprocess.py:106} INFO - 25/10/20 00:55:13 INFO DAGScheduler: failed: Set()
[2025-10-20T00:55:13.076+0000] {subprocess.py:106} INFO - 25/10/20 00:55:13 INFO MemoryStore: Block broadcast_7 stored as values in memory (estimated size 32.0 KiB, free 434.0 MiB)
[2025-10-20T00:55:13.083+0000] {subprocess.py:106} INFO - 25/10/20 00:55:13 INFO MemoryStore: Block broadcast_7_piece0 stored as bytes in memory (estimated size 29.5 KiB, free 434.0 MiB)
[2025-10-20T00:55:13.088+0000] {subprocess.py:106} INFO - 25/10/20 00:55:13 INFO BlockManagerInfo: Added broadcast_7_piece0 in memory on 423e5338994a:39661 (size: 29.5 KiB, free: 434.2 MiB)
[2025-10-20T00:55:13.090+0000] {subprocess.py:106} INFO - 25/10/20 00:55:13 INFO BlockManagerInfo: Removed broadcast_6_piece0 on 423e5338994a:39661 in memory (size: 26.6 KiB, free: 434.3 MiB)
[2025-10-20T00:55:13.093+0000] {subprocess.py:106} INFO - 25/10/20 00:55:13 INFO SparkContext: Created broadcast 7 from broadcast at SparkBatch.java:79
[2025-10-20T00:55:13.093+0000] {subprocess.py:106} INFO - 25/10/20 00:55:13 INFO BlockManagerInfo: Removed broadcast_6_piece0 on 172.30.0.7:41361 in memory (size: 26.6 KiB, free: 434.4 MiB)
[2025-10-20T00:55:13.102+0000] {subprocess.py:106} INFO - 25/10/20 00:55:13 INFO ShufflePartitionsUtil: For shuffle(1), advisory target size: 67108864, actual target size 1048576, minimum partition size: 1048576
[2025-10-20T00:55:13.130+0000] {subprocess.py:106} INFO - 25/10/20 00:55:13 INFO HashAggregateExec: spark.sql.codegen.aggregate.map.twolevel.enabled is set to true, but current version of codegened fast hashmap does not support this aggregate.
[2025-10-20T00:55:13.165+0000] {subprocess.py:106} INFO - 25/10/20 00:55:13 INFO CodeGenerator: Code generated in 24.098492 ms
[2025-10-20T00:55:13.202+0000] {subprocess.py:106} INFO - 25/10/20 00:55:13 INFO SparkContext: Starting job: $anonfun$withThreadLocalCaptured$1 at <unknown>:0
[2025-10-20T00:55:13.205+0000] {subprocess.py:106} INFO - 25/10/20 00:55:13 INFO DAGScheduler: Got job 2 ($anonfun$withThreadLocalCaptured$1 at <unknown>:0) with 1 output partitions
[2025-10-20T00:55:13.206+0000] {subprocess.py:106} INFO - 25/10/20 00:55:13 INFO DAGScheduler: Final stage: ResultStage 5 ($anonfun$withThreadLocalCaptured$1 at <unknown>:0)
[2025-10-20T00:55:13.206+0000] {subprocess.py:106} INFO - 25/10/20 00:55:13 INFO DAGScheduler: Parents of final stage: List(ShuffleMapStage 4)
[2025-10-20T00:55:13.207+0000] {subprocess.py:106} INFO - 25/10/20 00:55:13 INFO DAGScheduler: Missing parents: List()
[2025-10-20T00:55:13.208+0000] {subprocess.py:106} INFO - 25/10/20 00:55:13 INFO DAGScheduler: Submitting ResultStage 5 (MapPartitionsRDD[9] at $anonfun$withThreadLocalCaptured$1 at <unknown>:0), which has no missing parents
[2025-10-20T00:55:13.217+0000] {subprocess.py:106} INFO - 25/10/20 00:55:13 INFO MemoryStore: Block broadcast_8 stored as values in memory (estimated size 59.4 KiB, free 434.0 MiB)
[2025-10-20T00:55:13.224+0000] {subprocess.py:106} INFO - 25/10/20 00:55:13 INFO MemoryStore: Block broadcast_8_piece0 stored as bytes in memory (estimated size 24.3 KiB, free 434.0 MiB)
[2025-10-20T00:55:13.227+0000] {subprocess.py:106} INFO - 25/10/20 00:55:13 INFO BlockManagerInfo: Added broadcast_8_piece0 in memory on 423e5338994a:39661 (size: 24.3 KiB, free: 434.2 MiB)
[2025-10-20T00:55:13.229+0000] {subprocess.py:106} INFO - 25/10/20 00:55:13 INFO BlockManagerInfo: Removed broadcast_7_piece0 on 423e5338994a:39661 in memory (size: 29.5 KiB, free: 434.3 MiB)
[2025-10-20T00:55:13.229+0000] {subprocess.py:106} INFO - 25/10/20 00:55:13 INFO SparkContext: Created broadcast 8 from broadcast at DAGScheduler.scala:1585
[2025-10-20T00:55:13.230+0000] {subprocess.py:106} INFO - 25/10/20 00:55:13 INFO DAGScheduler: Submitting 1 missing tasks from ResultStage 5 (MapPartitionsRDD[9] at $anonfun$withThreadLocalCaptured$1 at <unknown>:0) (first 15 tasks are for partitions Vector(0))
[2025-10-20T00:55:13.230+0000] {subprocess.py:106} INFO - 25/10/20 00:55:13 INFO TaskSchedulerImpl: Adding task set 5.0 with 1 tasks resource profile 0
[2025-10-20T00:55:13.232+0000] {subprocess.py:106} INFO - 25/10/20 00:55:13 INFO TaskSetManager: Starting task 0.0 in stage 5.0 (TID 2) (172.30.0.7, executor 0, partition 0, NODE_LOCAL, 9003 bytes)
[2025-10-20T00:55:13.259+0000] {subprocess.py:106} INFO - 25/10/20 00:55:13 INFO BlockManagerInfo: Added broadcast_8_piece0 in memory on 172.30.0.7:41361 (size: 24.3 KiB, free: 434.3 MiB)
[2025-10-20T00:55:13.347+0000] {subprocess.py:106} INFO - 25/10/20 00:55:13 INFO MapOutputTrackerMasterEndpoint: Asked to send map output locations for shuffle 1 to 172.30.0.7:58810
[2025-10-20T00:55:13.413+0000] {subprocess.py:106} INFO - 25/10/20 00:55:13 INFO TaskSetManager: Finished task 0.0 in stage 5.0 (TID 2) in 182 ms on 172.30.0.7 (executor 0) (1/1)
[2025-10-20T00:55:13.415+0000] {subprocess.py:106} INFO - 25/10/20 00:55:13 INFO TaskSchedulerImpl: Removed TaskSet 5.0, whose tasks have all completed, from pool
[2025-10-20T00:55:13.416+0000] {subprocess.py:106} INFO - 25/10/20 00:55:13 INFO DAGScheduler: ResultStage 5 ($anonfun$withThreadLocalCaptured$1 at <unknown>:0) finished in 0.200 s
[2025-10-20T00:55:13.417+0000] {subprocess.py:106} INFO - 25/10/20 00:55:13 INFO DAGScheduler: Job 2 is finished. Cancelling potential speculative or zombie tasks for this job
[2025-10-20T00:55:13.418+0000] {subprocess.py:106} INFO - 25/10/20 00:55:13 INFO TaskSchedulerImpl: Killing all running tasks in stage 5: Stage finished
[2025-10-20T00:55:13.419+0000] {subprocess.py:106} INFO - 25/10/20 00:55:13 INFO DAGScheduler: Job 2 finished: $anonfun$withThreadLocalCaptured$1 at <unknown>:0, took 0.216392 s
[2025-10-20T00:55:13.448+0000] {subprocess.py:106} INFO - 25/10/20 00:55:13 INFO BlockManagerInfo: Removed broadcast_8_piece0 on 423e5338994a:39661 in memory (size: 24.3 KiB, free: 434.3 MiB)
[2025-10-20T00:55:13.451+0000] {subprocess.py:106} INFO - 25/10/20 00:55:13 INFO BlockManagerInfo: Removed broadcast_8_piece0 on 172.30.0.7:41361 in memory (size: 24.3 KiB, free: 434.4 MiB)
[2025-10-20T00:55:13.462+0000] {subprocess.py:106} INFO - 25/10/20 00:55:13 INFO CodeGenerator: Code generated in 9.464012 ms
[2025-10-20T00:55:13.484+0000] {subprocess.py:106} INFO - 25/10/20 00:55:13 INFO MemoryStore: Block broadcast_9_piece0 stored as bytes in memory (estimated size 12.7 KiB, free 434.1 MiB)
[2025-10-20T00:55:13.486+0000] {subprocess.py:106} INFO - 25/10/20 00:55:13 INFO BlockManagerInfo: Added broadcast_9_piece0 in memory on 423e5338994a:39661 (size: 12.7 KiB, free: 434.3 MiB)
[2025-10-20T00:55:13.487+0000] {subprocess.py:106} INFO - 25/10/20 00:55:13 INFO SparkContext: Created broadcast 9 from $anonfun$withThreadLocalCaptured$1 at <unknown>:0
[2025-10-20T00:55:13.494+0000] {subprocess.py:106} INFO - 25/10/20 00:55:13 INFO MemoryStore: Block broadcast_10 stored as values in memory (estimated size 32.0 KiB, free 434.1 MiB)
[2025-10-20T00:55:13.501+0000] {subprocess.py:106} INFO - 25/10/20 00:55:13 INFO MemoryStore: Block broadcast_10_piece0 stored as bytes in memory (estimated size 29.6 KiB, free 434.1 MiB)
[2025-10-20T00:55:13.503+0000] {subprocess.py:106} INFO - 25/10/20 00:55:13 INFO BlockManagerInfo: Added broadcast_10_piece0 in memory on 423e5338994a:39661 (size: 29.6 KiB, free: 434.2 MiB)
[2025-10-20T00:55:13.506+0000] {subprocess.py:106} INFO - 25/10/20 00:55:13 INFO SparkContext: Created broadcast 10 from broadcast at SparkBatch.java:79
[2025-10-20T00:55:13.551+0000] {subprocess.py:106} INFO - 25/10/20 00:55:13 INFO TorrentBroadcast: Started reading broadcast variable 9 with 1 pieces (estimated total size 4.0 MiB)
[2025-10-20T00:55:13.569+0000] {subprocess.py:106} INFO - 25/10/20 00:55:13 INFO TorrentBroadcast: Reading broadcast variable 9 took 17 ms
[2025-10-20T00:55:13.588+0000] {subprocess.py:106} INFO - 25/10/20 00:55:13 INFO BlockManagerInfo: Removed broadcast_10_piece0 on 423e5338994a:39661 in memory (size: 29.6 KiB, free: 434.3 MiB)
[2025-10-20T00:55:13.652+0000] {subprocess.py:106} INFO - 25/10/20 00:55:13 INFO CodeGenerator: Code generated in 42.916126 ms
[2025-10-20T00:55:13.668+0000] {subprocess.py:106} INFO - 25/10/20 00:55:13 INFO MemoryStore: Block broadcast_11 stored as values in memory (estimated size 32.0 KiB, free 434.1 MiB)
[2025-10-20T00:55:13.677+0000] {subprocess.py:106} INFO - 25/10/20 00:55:13 INFO MemoryStore: Block broadcast_11_piece0 stored as bytes in memory (estimated size 29.3 KiB, free 434.1 MiB)
[2025-10-20T00:55:13.679+0000] {subprocess.py:106} INFO - 25/10/20 00:55:13 INFO BlockManagerInfo: Added broadcast_11_piece0 in memory on 423e5338994a:39661 (size: 29.3 KiB, free: 434.2 MiB)
[2025-10-20T00:55:13.685+0000] {subprocess.py:106} INFO - 25/10/20 00:55:13 INFO SparkContext: Created broadcast 11 from broadcast at SparkWrite.java:193
[2025-10-20T00:55:13.685+0000] {subprocess.py:106} INFO - 25/10/20 00:55:13 INFO AppendDataExec: Start processing data source write support: IcebergBatchWrite(table=gold.features_sample, format=PARQUET). The input RDD has 1 partitions.
[2025-10-20T00:55:13.698+0000] {subprocess.py:106} INFO - 25/10/20 00:55:13 INFO SparkContext: Starting job: createOrReplace at <unknown>:0
[2025-10-20T00:55:13.699+0000] {subprocess.py:106} INFO - 25/10/20 00:55:13 INFO DAGScheduler: Got job 3 (createOrReplace at <unknown>:0) with 1 output partitions
[2025-10-20T00:55:13.699+0000] {subprocess.py:106} INFO - 25/10/20 00:55:13 INFO DAGScheduler: Final stage: ResultStage 6 (createOrReplace at <unknown>:0)
[2025-10-20T00:55:13.700+0000] {subprocess.py:106} INFO - 25/10/20 00:55:13 INFO DAGScheduler: Parents of final stage: List()
[2025-10-20T00:55:13.710+0000] {subprocess.py:106} INFO - 25/10/20 00:55:13 INFO DAGScheduler: Missing parents: List()
[2025-10-20T00:55:13.713+0000] {subprocess.py:106} INFO - 25/10/20 00:55:13 INFO DAGScheduler: Submitting ResultStage 6 (MapPartitionsRDD[12] at createOrReplace at <unknown>:0), which has no missing parents
[2025-10-20T00:55:13.716+0000] {subprocess.py:106} INFO - 25/10/20 00:55:13 INFO MemoryStore: Block broadcast_12 stored as values in memory (estimated size 27.3 KiB, free 434.1 MiB)
[2025-10-20T00:55:13.719+0000] {subprocess.py:106} INFO - 25/10/20 00:55:13 INFO MemoryStore: Block broadcast_12_piece0 stored as bytes in memory (estimated size 9.7 KiB, free 434.1 MiB)
[2025-10-20T00:55:13.722+0000] {subprocess.py:106} INFO - 25/10/20 00:55:13 INFO BlockManagerInfo: Added broadcast_12_piece0 in memory on 423e5338994a:39661 (size: 9.7 KiB, free: 434.2 MiB)
[2025-10-20T00:55:13.722+0000] {subprocess.py:106} INFO - 25/10/20 00:55:13 INFO SparkContext: Created broadcast 12 from broadcast at DAGScheduler.scala:1585
[2025-10-20T00:55:13.723+0000] {subprocess.py:106} INFO - 25/10/20 00:55:13 INFO DAGScheduler: Submitting 1 missing tasks from ResultStage 6 (MapPartitionsRDD[12] at createOrReplace at <unknown>:0) (first 15 tasks are for partitions Vector(0))
[2025-10-20T00:55:13.724+0000] {subprocess.py:106} INFO - 25/10/20 00:55:13 INFO TaskSchedulerImpl: Adding task set 6.0 with 1 tasks resource profile 0
[2025-10-20T00:55:13.727+0000] {subprocess.py:106} INFO - 25/10/20 00:55:13 INFO TaskSetManager: Starting task 0.0 in stage 6.0 (TID 3) (172.30.0.7, executor 0, partition 0, ANY, 14458 bytes)
[2025-10-20T00:55:13.741+0000] {subprocess.py:106} INFO - 25/10/20 00:55:13 INFO BlockManagerInfo: Added broadcast_12_piece0 in memory on 172.30.0.7:41361 (size: 9.7 KiB, free: 434.4 MiB)
[2025-10-20T00:55:13.791+0000] {subprocess.py:106} INFO - 25/10/20 00:55:13 INFO BlockManagerInfo: Added broadcast_9_piece0 in memory on 172.30.0.7:41361 (size: 12.7 KiB, free: 434.3 MiB)
[2025-10-20T00:55:13.812+0000] {subprocess.py:106} INFO - 25/10/20 00:55:13 INFO BlockManagerInfo: Added broadcast_11_piece0 in memory on 172.30.0.7:41361 (size: 29.3 KiB, free: 434.3 MiB)
[2025-10-20T00:55:14.018+0000] {subprocess.py:106} INFO - 25/10/20 00:55:14 INFO BlockManagerInfo: Added broadcast_2_piece0 in memory on 172.30.0.7:41361 (size: 29.6 KiB, free: 434.3 MiB)
[2025-10-20T00:55:14.339+0000] {subprocess.py:106} INFO - 25/10/20 00:55:14 INFO TaskSetManager: Finished task 0.0 in stage 6.0 (TID 3) in 613 ms on 172.30.0.7 (executor 0) (1/1)
[2025-10-20T00:55:14.340+0000] {subprocess.py:106} INFO - 25/10/20 00:55:14 INFO TaskSchedulerImpl: Removed TaskSet 6.0, whose tasks have all completed, from pool
[2025-10-20T00:55:14.340+0000] {subprocess.py:106} INFO - 25/10/20 00:55:14 INFO DAGScheduler: ResultStage 6 (createOrReplace at <unknown>:0) finished in 0.626 s
[2025-10-20T00:55:14.341+0000] {subprocess.py:106} INFO - 25/10/20 00:55:14 INFO DAGScheduler: Job 3 is finished. Cancelling potential speculative or zombie tasks for this job
[2025-10-20T00:55:14.341+0000] {subprocess.py:106} INFO - 25/10/20 00:55:14 INFO TaskSchedulerImpl: Killing all running tasks in stage 6: Stage finished
[2025-10-20T00:55:14.341+0000] {subprocess.py:106} INFO - 25/10/20 00:55:14 INFO DAGScheduler: Job 3 finished: createOrReplace at <unknown>:0, took 0.643489 s
[2025-10-20T00:55:14.342+0000] {subprocess.py:106} INFO - 25/10/20 00:55:14 INFO AppendDataExec: Data source write support IcebergBatchWrite(table=gold.features_sample, format=PARQUET) is committing.
[2025-10-20T00:55:14.359+0000] {subprocess.py:106} INFO - 25/10/20 00:55:14 INFO SparkWrite: Committing append with 1 new data files to table gold.features_sample
[2025-10-20T00:55:15.036+0000] {subprocess.py:106} INFO - 25/10/20 00:55:15 INFO SnapshotProducer: Committed snapshot 887466931737194775 (MergeAppend)
[2025-10-20T00:55:15.071+0000] {subprocess.py:106} INFO - 25/10/20 00:55:15 INFO BlockManagerInfo: Removed broadcast_12_piece0 on 423e5338994a:39661 in memory (size: 9.7 KiB, free: 434.2 MiB)
[2025-10-20T00:55:15.074+0000] {subprocess.py:106} INFO - 25/10/20 00:55:15 INFO BlockManagerInfo: Removed broadcast_12_piece0 on 172.30.0.7:41361 in memory (size: 9.7 KiB, free: 434.3 MiB)
[2025-10-20T00:55:15.086+0000] {subprocess.py:106} INFO - 25/10/20 00:55:15 INFO LoggingMetricsReporter: Received metrics report: CommitReport{tableName=gold.features_sample, snapshotId=887466931737194775, sequenceNumber=3, operation=append, commitMetrics=CommitMetricsResult{totalDuration=TimerResult{timeUnit=NANOSECONDS, totalDuration=PT0.716823373S, count=1}, attempts=CounterResult{unit=COUNT, value=1}, addedDataFiles=CounterResult{unit=COUNT, value=1}, removedDataFiles=null, totalDataFiles=CounterResult{unit=COUNT, value=1}, addedDeleteFiles=null, addedEqualityDeleteFiles=null, addedPositionalDeleteFiles=null, removedDeleteFiles=null, removedEqualityDeleteFiles=null, removedPositionalDeleteFiles=null, totalDeleteFiles=CounterResult{unit=COUNT, value=0}, addedRecords=CounterResult{unit=COUNT, value=101}, removedRecords=null, totalRecords=CounterResult{unit=COUNT, value=101}, addedFilesSizeInBytes=CounterResult{unit=BYTES, value=9216}, removedFilesSizeInBytes=null, totalFilesSizeInBytes=CounterResult{unit=BYTES, value=9216}, addedPositionalDeletes=null, removedPositionalDeletes=null, totalPositionalDeletes=CounterResult{unit=COUNT, value=0}, addedEqualityDeletes=null, removedEqualityDeletes=null, totalEqualityDeletes=CounterResult{unit=COUNT, value=0}}, metadata={engine-version=3.5.3, app-id=app-20251020005501-0008, engine-name=spark, iceberg-version=Apache Iceberg 1.6.1 (commit 8e9d59d299be42b0bca9461457cd1e95dbaad086)}}
[2025-10-20T00:55:15.087+0000] {subprocess.py:106} INFO - 25/10/20 00:55:15 INFO SparkWrite: Committed in 722 ms
[2025-10-20T00:55:15.087+0000] {subprocess.py:106} INFO - 25/10/20 00:55:15 INFO AppendDataExec: Data source write support IcebergBatchWrite(table=gold.features_sample, format=PARQUET) committed.
[2025-10-20T00:55:15.874+0000] {subprocess.py:106} INFO - 25/10/20 00:55:15 INFO HiveTableOperations: Committed to table hive_catalog.gold.features_sample with the new metadata location hdfs://tuankiet170-master:9000/data_lake/warehouse/gold.db/features_sample/metadata/00002-b1e6c6de-ff4f-410f-b866-6e7d38015550.metadata.json
[2025-10-20T00:55:15.878+0000] {subprocess.py:106} INFO - 25/10/20 00:55:15 INFO BaseMetastoreTableOperations: Successfully committed to table hive_catalog.gold.features_sample in 729 ms
[2025-10-20T00:55:15.996+0000] {subprocess.py:106} INFO - 25/10/20 00:55:15 INFO BlockManagerInfo: Removed broadcast_11_piece0 on 423e5338994a:39661 in memory (size: 29.3 KiB, free: 434.3 MiB)
[2025-10-20T00:55:16.000+0000] {subprocess.py:106} INFO - 25/10/20 00:55:15 INFO BlockManagerInfo: Removed broadcast_11_piece0 on 172.30.0.7:41361 in memory (size: 29.3 KiB, free: 434.3 MiB)
[2025-10-20T00:55:16.052+0000] {subprocess.py:106} INFO - 25/10/20 00:55:16 INFO V2ScanRelationPushDown:
[2025-10-20T00:55:16.053+0000] {subprocess.py:106} INFO - Pushing operators to hive_catalog.silver.ecommerce_clean
[2025-10-20T00:55:16.053+0000] {subprocess.py:106} INFO - Pushed Filters: product_id IS NOT NULL
[2025-10-20T00:55:16.053+0000] {subprocess.py:106} INFO - Post-Scan Filters: isnotnull(product_id#161)
[2025-10-20T00:55:16.054+0000] {subprocess.py:106} INFO - 
[2025-10-20T00:55:16.054+0000] {subprocess.py:106} INFO - 25/10/20 00:55:16 INFO V2ScanRelationPushDown:
[2025-10-20T00:55:16.055+0000] {subprocess.py:106} INFO - Output: customer_id#0, order_date#1, product_id#2, quantity#6, price#7, payment_method#8, city#9, review_score#10, gender#11, age#12, total_price#13
[2025-10-20T00:55:16.055+0000] {subprocess.py:106} INFO - 
[2025-10-20T00:55:16.057+0000] {subprocess.py:106} INFO - 25/10/20 00:55:16 INFO V2ScanRelationPushDown:
[2025-10-20T00:55:16.058+0000] {subprocess.py:106} INFO - Output: customer_id#159, product_id#161, quantity#165, price#166
[2025-10-20T00:55:16.058+0000] {subprocess.py:106} INFO - 
[2025-10-20T00:55:16.059+0000] {subprocess.py:106} INFO - 25/10/20 00:55:16 INFO SnapshotScan: Scanning table hive_catalog.silver.ecommerce_clean snapshot 6659383552526747710 created at 2025-10-20T00:54:50.413+00:00 with filter true
[2025-10-20T00:55:16.059+0000] {subprocess.py:106} INFO - 25/10/20 00:55:16 INFO BaseDistributedDataScan: Planning file tasks locally for table hive_catalog.silver.ecommerce_clean
[2025-10-20T00:55:16.091+0000] {subprocess.py:106} INFO - 25/10/20 00:55:16 INFO SparkPartitioningAwareScan: Reporting UnknownPartitioning with 1 partition(s) for table hive_catalog.silver.ecommerce_clean
[2025-10-20T00:55:16.091+0000] {subprocess.py:106} INFO - 25/10/20 00:55:16 INFO SnapshotScan: Scanning table hive_catalog.silver.ecommerce_clean snapshot 6659383552526747710 created at 2025-10-20T00:54:50.413+00:00 with filter product_id IS NOT NULL
[2025-10-20T00:55:16.098+0000] {subprocess.py:106} INFO - 25/10/20 00:55:16 INFO BaseDistributedDataScan: Planning file tasks locally for table hive_catalog.silver.ecommerce_clean
[2025-10-20T00:55:16.117+0000] {subprocess.py:106} INFO - 25/10/20 00:55:16 INFO SparkPartitioningAwareScan: Reporting UnknownPartitioning with 1 partition(s) for table hive_catalog.silver.ecommerce_clean
[2025-10-20T00:55:16.137+0000] {subprocess.py:106} INFO - 25/10/20 00:55:16 INFO MemoryStore: Block broadcast_13 stored as values in memory (estimated size 32.0 KiB, free 434.1 MiB)
[2025-10-20T00:55:16.145+0000] {subprocess.py:106} INFO - 25/10/20 00:55:16 INFO MemoryStore: Block broadcast_13_piece0 stored as bytes in memory (estimated size 29.6 KiB, free 434.1 MiB)
[2025-10-20T00:55:16.146+0000] {subprocess.py:106} INFO - 25/10/20 00:55:16 INFO BlockManagerInfo: Added broadcast_13_piece0 in memory on 423e5338994a:39661 (size: 29.6 KiB, free: 434.2 MiB)
[2025-10-20T00:55:16.147+0000] {subprocess.py:106} INFO - 25/10/20 00:55:16 INFO SparkContext: Created broadcast 13 from broadcast at SparkBatch.java:79
[2025-10-20T00:55:16.170+0000] {subprocess.py:106} INFO - 25/10/20 00:55:16 INFO BlockManagerInfo: Removed broadcast_0_piece0 on 423e5338994a:39661 in memory (size: 29.6 KiB, free: 434.3 MiB)
[2025-10-20T00:55:16.171+0000] {subprocess.py:106} INFO - 25/10/20 00:55:16 INFO MemoryStore: Block broadcast_14 stored as values in memory (estimated size 32.0 KiB, free 434.1 MiB)
[2025-10-20T00:55:16.173+0000] {subprocess.py:106} INFO - 25/10/20 00:55:16 INFO MemoryStore: Block broadcast_14_piece0 stored as bytes in memory (estimated size 29.5 KiB, free 434.1 MiB)
[2025-10-20T00:55:16.174+0000] {subprocess.py:106} INFO - 25/10/20 00:55:16 INFO BlockManagerInfo: Added broadcast_14_piece0 in memory on 423e5338994a:39661 (size: 29.5 KiB, free: 434.2 MiB)
[2025-10-20T00:55:16.174+0000] {subprocess.py:106} INFO - 25/10/20 00:55:16 INFO SparkContext: Created broadcast 14 from broadcast at SparkBatch.java:79
[2025-10-20T00:55:16.178+0000] {subprocess.py:106} INFO - 25/10/20 00:55:16 INFO BlockManagerInfo: Removed broadcast_1_piece0 on 423e5338994a:39661 in memory (size: 29.5 KiB, free: 434.3 MiB)
[2025-10-20T00:55:16.190+0000] {subprocess.py:106} INFO - 25/10/20 00:55:16 INFO MemoryStore: Block broadcast_15 stored as values in memory (estimated size 32.0 KiB, free 434.1 MiB)
[2025-10-20T00:55:16.196+0000] {subprocess.py:106} INFO - 25/10/20 00:55:16 INFO MemoryStore: Block broadcast_15_piece0 stored as bytes in memory (estimated size 29.6 KiB, free 434.1 MiB)
[2025-10-20T00:55:16.197+0000] {subprocess.py:106} INFO - 25/10/20 00:55:16 INFO BlockManagerInfo: Added broadcast_15_piece0 in memory on 423e5338994a:39661 (size: 29.6 KiB, free: 434.2 MiB)
[2025-10-20T00:55:16.198+0000] {subprocess.py:106} INFO - 25/10/20 00:55:16 INFO SparkContext: Created broadcast 15 from broadcast at SparkBatch.java:79
[2025-10-20T00:55:16.211+0000] {subprocess.py:106} INFO - 25/10/20 00:55:16 INFO MemoryStore: Block broadcast_16 stored as values in memory (estimated size 32.0 KiB, free 434.1 MiB)
[2025-10-20T00:55:16.214+0000] {subprocess.py:106} INFO - 25/10/20 00:55:16 INFO MemoryStore: Block broadcast_16_piece0 stored as bytes in memory (estimated size 29.5 KiB, free 434.0 MiB)
[2025-10-20T00:55:16.222+0000] {subprocess.py:106} INFO - 25/10/20 00:55:16 INFO BlockManagerInfo: Added broadcast_16_piece0 in memory on 423e5338994a:39661 (size: 29.5 KiB, free: 434.2 MiB)
[2025-10-20T00:55:16.222+0000] {subprocess.py:106} INFO - 25/10/20 00:55:16 INFO SparkContext: Created broadcast 16 from broadcast at SparkBatch.java:79
[2025-10-20T00:55:16.274+0000] {subprocess.py:106} INFO - 25/10/20 00:55:16 INFO DAGScheduler: Registering RDD 16 (csv at <unknown>:0) as input to shuffle 2
[2025-10-20T00:55:16.278+0000] {subprocess.py:106} INFO - 25/10/20 00:55:16 INFO DAGScheduler: Got map stage job 4 (csv at <unknown>:0) with 1 output partitions
[2025-10-20T00:55:16.278+0000] {subprocess.py:106} INFO - 25/10/20 00:55:16 INFO DAGScheduler: Final stage: ShuffleMapStage 7 (csv at <unknown>:0)
[2025-10-20T00:55:16.279+0000] {subprocess.py:106} INFO - 25/10/20 00:55:16 INFO DAGScheduler: Parents of final stage: List()
[2025-10-20T00:55:16.279+0000] {subprocess.py:106} INFO - 25/10/20 00:55:16 INFO DAGScheduler: Missing parents: List()
[2025-10-20T00:55:16.279+0000] {subprocess.py:106} INFO - 25/10/20 00:55:16 INFO DAGScheduler: Submitting ShuffleMapStage 7 (MapPartitionsRDD[16] at csv at <unknown>:0), which has no missing parents
[2025-10-20T00:55:16.280+0000] {subprocess.py:106} INFO - 25/10/20 00:55:16 INFO MemoryStore: Block broadcast_17 stored as values in memory (estimated size 49.7 KiB, free 434.0 MiB)
[2025-10-20T00:55:16.286+0000] {subprocess.py:106} INFO - 25/10/20 00:55:16 INFO MemoryStore: Block broadcast_17_piece0 stored as bytes in memory (estimated size 20.6 KiB, free 434.0 MiB)
[2025-10-20T00:55:16.288+0000] {subprocess.py:106} INFO - 25/10/20 00:55:16 INFO BlockManagerInfo: Added broadcast_17_piece0 in memory on 423e5338994a:39661 (size: 20.6 KiB, free: 434.2 MiB)
[2025-10-20T00:55:16.289+0000] {subprocess.py:106} INFO - 25/10/20 00:55:16 INFO SparkContext: Created broadcast 17 from broadcast at DAGScheduler.scala:1585
[2025-10-20T00:55:16.289+0000] {subprocess.py:106} INFO - 25/10/20 00:55:16 INFO DAGScheduler: Submitting 1 missing tasks from ShuffleMapStage 7 (MapPartitionsRDD[16] at csv at <unknown>:0) (first 15 tasks are for partitions Vector(0))
[2025-10-20T00:55:16.289+0000] {subprocess.py:106} INFO - 25/10/20 00:55:16 INFO TaskSchedulerImpl: Adding task set 7.0 with 1 tasks resource profile 0
[2025-10-20T00:55:16.291+0000] {subprocess.py:106} INFO - 25/10/20 00:55:16 INFO TaskSetManager: Starting task 0.0 in stage 7.0 (TID 4) (172.30.0.7, executor 0, partition 0, ANY, 14303 bytes)
[2025-10-20T00:55:16.317+0000] {subprocess.py:106} INFO - 25/10/20 00:55:16 INFO BlockManagerInfo: Added broadcast_17_piece0 in memory on 172.30.0.7:41361 (size: 20.6 KiB, free: 434.3 MiB)
[2025-10-20T00:55:16.332+0000] {subprocess.py:106} INFO - 25/10/20 00:55:16 INFO BlockManagerInfo: Removed broadcast_3_piece0 on 423e5338994a:39661 in memory (size: 29.5 KiB, free: 434.2 MiB)
[2025-10-20T00:55:16.333+0000] {subprocess.py:106} INFO - 25/10/20 00:55:16 INFO BlockManagerInfo: Removed broadcast_3_piece0 on 172.30.0.7:41361 in memory (size: 29.5 KiB, free: 434.3 MiB)
[2025-10-20T00:55:16.343+0000] {subprocess.py:106} INFO - 25/10/20 00:55:16 INFO BlockManagerInfo: Removed broadcast_2_piece0 on 423e5338994a:39661 in memory (size: 29.6 KiB, free: 434.3 MiB)
[2025-10-20T00:55:16.352+0000] {subprocess.py:106} INFO - 25/10/20 00:55:16 INFO BlockManagerInfo: Removed broadcast_2_piece0 on 172.30.0.7:41361 in memory (size: 29.6 KiB, free: 434.4 MiB)
[2025-10-20T00:55:16.364+0000] {subprocess.py:106} INFO - 25/10/20 00:55:16 INFO BlockManagerInfo: Removed broadcast_9_piece0 on 423e5338994a:39661 in memory (size: 12.7 KiB, free: 434.3 MiB)
[2025-10-20T00:55:16.384+0000] {subprocess.py:106} INFO - 25/10/20 00:55:16 INFO BlockManagerInfo: Removed broadcast_9_piece0 on 172.30.0.7:41361 in memory (size: 12.7 KiB, free: 434.4 MiB)
[2025-10-20T00:55:16.385+0000] {subprocess.py:106} INFO - 25/10/20 00:55:16 INFO BlockManagerInfo: Added broadcast_16_piece0 in memory on 172.30.0.7:41361 (size: 29.5 KiB, free: 434.4 MiB)
[2025-10-20T00:55:16.560+0000] {subprocess.py:106} INFO - 25/10/20 00:55:16 INFO TaskSetManager: Finished task 0.0 in stage 7.0 (TID 4) in 270 ms on 172.30.0.7 (executor 0) (1/1)
[2025-10-20T00:55:16.561+0000] {subprocess.py:106} INFO - 25/10/20 00:55:16 INFO TaskSchedulerImpl: Removed TaskSet 7.0, whose tasks have all completed, from pool
[2025-10-20T00:55:16.562+0000] {subprocess.py:106} INFO - 25/10/20 00:55:16 INFO DAGScheduler: ShuffleMapStage 7 (csv at <unknown>:0) finished in 0.284 s
[2025-10-20T00:55:16.563+0000] {subprocess.py:106} INFO - 25/10/20 00:55:16 INFO DAGScheduler: looking for newly runnable stages
[2025-10-20T00:55:16.563+0000] {subprocess.py:106} INFO - 25/10/20 00:55:16 INFO DAGScheduler: running: Set()
[2025-10-20T00:55:16.564+0000] {subprocess.py:106} INFO - 25/10/20 00:55:16 INFO DAGScheduler: waiting: Set()
[2025-10-20T00:55:16.564+0000] {subprocess.py:106} INFO - 25/10/20 00:55:16 INFO DAGScheduler: failed: Set()
[2025-10-20T00:55:16.580+0000] {subprocess.py:106} INFO - 25/10/20 00:55:16 INFO MemoryStore: Block broadcast_18 stored as values in memory (estimated size 32.0 KiB, free 434.1 MiB)
[2025-10-20T00:55:16.594+0000] {subprocess.py:106} INFO - 25/10/20 00:55:16 INFO MemoryStore: Block broadcast_18_piece0 stored as bytes in memory (estimated size 29.6 KiB, free 434.0 MiB)
[2025-10-20T00:55:16.595+0000] {subprocess.py:106} INFO - 25/10/20 00:55:16 INFO BlockManagerInfo: Added broadcast_18_piece0 in memory on 423e5338994a:39661 (size: 29.6 KiB, free: 434.2 MiB)
[2025-10-20T00:55:16.597+0000] {subprocess.py:106} INFO - 25/10/20 00:55:16 INFO SparkContext: Created broadcast 18 from broadcast at SparkBatch.java:79
[2025-10-20T00:55:16.598+0000] {subprocess.py:106} INFO - 25/10/20 00:55:16 INFO BlockManagerInfo: Removed broadcast_17_piece0 on 423e5338994a:39661 in memory (size: 20.6 KiB, free: 434.3 MiB)
[2025-10-20T00:55:16.602+0000] {subprocess.py:106} INFO - 25/10/20 00:55:16 INFO BlockManagerInfo: Removed broadcast_17_piece0 on 172.30.0.7:41361 in memory (size: 20.6 KiB, free: 434.4 MiB)
[2025-10-20T00:55:16.616+0000] {subprocess.py:106} INFO - 25/10/20 00:55:16 INFO ShufflePartitionsUtil: For shuffle(2), advisory target size: 67108864, actual target size 1048576, minimum partition size: 1048576
[2025-10-20T00:55:16.673+0000] {subprocess.py:106} INFO - 25/10/20 00:55:16 INFO DAGScheduler: Registering RDD 19 (csv at <unknown>:0) as input to shuffle 3
[2025-10-20T00:55:16.674+0000] {subprocess.py:106} INFO - 25/10/20 00:55:16 INFO DAGScheduler: Got map stage job 5 (csv at <unknown>:0) with 1 output partitions
[2025-10-20T00:55:16.674+0000] {subprocess.py:106} INFO - 25/10/20 00:55:16 INFO DAGScheduler: Final stage: ShuffleMapStage 9 (csv at <unknown>:0)
[2025-10-20T00:55:16.675+0000] {subprocess.py:106} INFO - 25/10/20 00:55:16 INFO DAGScheduler: Parents of final stage: List(ShuffleMapStage 8)
[2025-10-20T00:55:16.675+0000] {subprocess.py:106} INFO - 25/10/20 00:55:16 INFO DAGScheduler: Missing parents: List()
[2025-10-20T00:55:16.676+0000] {subprocess.py:106} INFO - 25/10/20 00:55:16 INFO DAGScheduler: Submitting ShuffleMapStage 9 (MapPartitionsRDD[19] at csv at <unknown>:0), which has no missing parents
[2025-10-20T00:55:16.685+0000] {subprocess.py:106} INFO - 25/10/20 00:55:16 INFO MemoryStore: Block broadcast_19 stored as values in memory (estimated size 70.0 KiB, free 434.0 MiB)
[2025-10-20T00:55:16.694+0000] {subprocess.py:106} INFO - 25/10/20 00:55:16 INFO MemoryStore: Block broadcast_19_piece0 stored as bytes in memory (estimated size 26.8 KiB, free 434.0 MiB)
[2025-10-20T00:55:16.698+0000] {subprocess.py:106} INFO - 25/10/20 00:55:16 INFO BlockManagerInfo: Added broadcast_19_piece0 in memory on 423e5338994a:39661 (size: 26.8 KiB, free: 434.2 MiB)
[2025-10-20T00:55:16.699+0000] {subprocess.py:106} INFO - 25/10/20 00:55:16 INFO SparkContext: Created broadcast 19 from broadcast at DAGScheduler.scala:1585
[2025-10-20T00:55:16.699+0000] {subprocess.py:106} INFO - 25/10/20 00:55:16 INFO DAGScheduler: Submitting 1 missing tasks from ShuffleMapStage 9 (MapPartitionsRDD[19] at csv at <unknown>:0) (first 15 tasks are for partitions Vector(0))
[2025-10-20T00:55:16.700+0000] {subprocess.py:106} INFO - 25/10/20 00:55:16 INFO TaskSchedulerImpl: Adding task set 9.0 with 1 tasks resource profile 0
[2025-10-20T00:55:16.701+0000] {subprocess.py:106} INFO - 25/10/20 00:55:16 INFO TaskSetManager: Starting task 0.0 in stage 9.0 (TID 5) (172.30.0.7, executor 0, partition 0, NODE_LOCAL, 8992 bytes)
[2025-10-20T00:55:16.729+0000] {subprocess.py:106} INFO - 25/10/20 00:55:16 INFO BlockManagerInfo: Added broadcast_19_piece0 in memory on 172.30.0.7:41361 (size: 26.8 KiB, free: 434.3 MiB)
[2025-10-20T00:55:16.751+0000] {subprocess.py:106} INFO - 25/10/20 00:55:16 INFO MapOutputTrackerMasterEndpoint: Asked to send map output locations for shuffle 2 to 172.30.0.7:58810
[2025-10-20T00:55:16.963+0000] {subprocess.py:106} INFO - 25/10/20 00:55:16 INFO TaskSetManager: Finished task 0.0 in stage 9.0 (TID 5) in 264 ms on 172.30.0.7 (executor 0) (1/1)
[2025-10-20T00:55:16.966+0000] {subprocess.py:106} INFO - 25/10/20 00:55:16 INFO TaskSchedulerImpl: Removed TaskSet 9.0, whose tasks have all completed, from pool
[2025-10-20T00:55:16.967+0000] {subprocess.py:106} INFO - 25/10/20 00:55:16 INFO DAGScheduler: ShuffleMapStage 9 (csv at <unknown>:0) finished in 0.283 s
[2025-10-20T00:55:16.968+0000] {subprocess.py:106} INFO - 25/10/20 00:55:16 INFO DAGScheduler: looking for newly runnable stages
[2025-10-20T00:55:16.968+0000] {subprocess.py:106} INFO - 25/10/20 00:55:16 INFO DAGScheduler: running: Set()
[2025-10-20T00:55:16.969+0000] {subprocess.py:106} INFO - 25/10/20 00:55:16 INFO DAGScheduler: waiting: Set()
[2025-10-20T00:55:16.969+0000] {subprocess.py:106} INFO - 25/10/20 00:55:16 INFO DAGScheduler: failed: Set()
[2025-10-20T00:55:16.978+0000] {subprocess.py:106} INFO - 25/10/20 00:55:16 INFO MemoryStore: Block broadcast_20 stored as values in memory (estimated size 32.0 KiB, free 434.0 MiB)
[2025-10-20T00:55:16.987+0000] {subprocess.py:106} INFO - 25/10/20 00:55:16 INFO MemoryStore: Block broadcast_20_piece0 stored as bytes in memory (estimated size 29.5 KiB, free 433.9 MiB)
[2025-10-20T00:55:16.994+0000] {subprocess.py:106} INFO - 25/10/20 00:55:16 INFO BlockManagerInfo: Added broadcast_20_piece0 in memory on 423e5338994a:39661 (size: 29.5 KiB, free: 434.2 MiB)
[2025-10-20T00:55:16.997+0000] {subprocess.py:106} INFO - 25/10/20 00:55:16 INFO SparkContext: Created broadcast 20 from broadcast at SparkBatch.java:79
[2025-10-20T00:55:16.998+0000] {subprocess.py:106} INFO - 25/10/20 00:55:16 INFO BlockManagerInfo: Removed broadcast_19_piece0 on 423e5338994a:39661 in memory (size: 26.8 KiB, free: 434.2 MiB)
[2025-10-20T00:55:17.000+0000] {subprocess.py:106} INFO - 25/10/20 00:55:16 INFO BlockManagerInfo: Removed broadcast_19_piece0 on 172.30.0.7:41361 in memory (size: 26.8 KiB, free: 434.4 MiB)
[2025-10-20T00:55:17.008+0000] {subprocess.py:106} INFO - 25/10/20 00:55:17 INFO ShufflePartitionsUtil: For shuffle(3), advisory target size: 67108864, actual target size 1048576, minimum partition size: 1048576
[2025-10-20T00:55:17.036+0000] {subprocess.py:106} INFO - 25/10/20 00:55:17 INFO HashAggregateExec: spark.sql.codegen.aggregate.map.twolevel.enabled is set to true, but current version of codegened fast hashmap does not support this aggregate.
[2025-10-20T00:55:17.068+0000] {subprocess.py:106} INFO - 25/10/20 00:55:17 INFO SparkContext: Starting job: $anonfun$withThreadLocalCaptured$1 at <unknown>:0
[2025-10-20T00:55:17.069+0000] {subprocess.py:106} INFO - 25/10/20 00:55:17 INFO DAGScheduler: Got job 6 ($anonfun$withThreadLocalCaptured$1 at <unknown>:0) with 1 output partitions
[2025-10-20T00:55:17.070+0000] {subprocess.py:106} INFO - 25/10/20 00:55:17 INFO DAGScheduler: Final stage: ResultStage 12 ($anonfun$withThreadLocalCaptured$1 at <unknown>:0)
[2025-10-20T00:55:17.070+0000] {subprocess.py:106} INFO - 25/10/20 00:55:17 INFO DAGScheduler: Parents of final stage: List(ShuffleMapStage 11)
[2025-10-20T00:55:17.070+0000] {subprocess.py:106} INFO - 25/10/20 00:55:17 INFO DAGScheduler: Missing parents: List()
[2025-10-20T00:55:17.074+0000] {subprocess.py:106} INFO - 25/10/20 00:55:17 INFO DAGScheduler: Submitting ResultStage 12 (MapPartitionsRDD[22] at $anonfun$withThreadLocalCaptured$1 at <unknown>:0), which has no missing parents
[2025-10-20T00:55:17.077+0000] {subprocess.py:106} INFO - 25/10/20 00:55:17 INFO MemoryStore: Block broadcast_21 stored as values in memory (estimated size 59.4 KiB, free 434.0 MiB)
[2025-10-20T00:55:17.083+0000] {subprocess.py:106} INFO - 25/10/20 00:55:17 INFO MemoryStore: Block broadcast_21_piece0 stored as bytes in memory (estimated size 24.2 KiB, free 434.0 MiB)
[2025-10-20T00:55:17.085+0000] {subprocess.py:106} INFO - 25/10/20 00:55:17 INFO BlockManagerInfo: Added broadcast_21_piece0 in memory on 423e5338994a:39661 (size: 24.2 KiB, free: 434.2 MiB)
[2025-10-20T00:55:17.086+0000] {subprocess.py:106} INFO - 25/10/20 00:55:17 INFO BlockManagerInfo: Removed broadcast_18_piece0 on 423e5338994a:39661 in memory (size: 29.6 KiB, free: 434.2 MiB)
[2025-10-20T00:55:17.088+0000] {subprocess.py:106} INFO - 25/10/20 00:55:17 INFO SparkContext: Created broadcast 21 from broadcast at DAGScheduler.scala:1585
[2025-10-20T00:55:17.089+0000] {subprocess.py:106} INFO - 25/10/20 00:55:17 INFO DAGScheduler: Submitting 1 missing tasks from ResultStage 12 (MapPartitionsRDD[22] at $anonfun$withThreadLocalCaptured$1 at <unknown>:0) (first 15 tasks are for partitions Vector(0))
[2025-10-20T00:55:17.090+0000] {subprocess.py:106} INFO - 25/10/20 00:55:17 INFO TaskSchedulerImpl: Adding task set 12.0 with 1 tasks resource profile 0
[2025-10-20T00:55:17.090+0000] {subprocess.py:106} INFO - 25/10/20 00:55:17 INFO TaskSetManager: Starting task 0.0 in stage 12.0 (TID 6) (172.30.0.7, executor 0, partition 0, NODE_LOCAL, 9003 bytes)
[2025-10-20T00:55:17.105+0000] {subprocess.py:106} INFO - 25/10/20 00:55:17 INFO BlockManagerInfo: Added broadcast_21_piece0 in memory on 172.30.0.7:41361 (size: 24.2 KiB, free: 434.3 MiB)
[2025-10-20T00:55:17.119+0000] {subprocess.py:106} INFO - 25/10/20 00:55:17 INFO MapOutputTrackerMasterEndpoint: Asked to send map output locations for shuffle 3 to 172.30.0.7:58810
[2025-10-20T00:55:17.164+0000] {subprocess.py:106} INFO - 25/10/20 00:55:17 INFO TaskSetManager: Finished task 0.0 in stage 12.0 (TID 6) in 60 ms on 172.30.0.7 (executor 0) (1/1)
[2025-10-20T00:55:17.167+0000] {subprocess.py:106} INFO - 25/10/20 00:55:17 INFO TaskSchedulerImpl: Removed TaskSet 12.0, whose tasks have all completed, from pool
[2025-10-20T00:55:17.167+0000] {subprocess.py:106} INFO - 25/10/20 00:55:17 INFO DAGScheduler: ResultStage 12 ($anonfun$withThreadLocalCaptured$1 at <unknown>:0) finished in 0.077 s
[2025-10-20T00:55:17.168+0000] {subprocess.py:106} INFO - 25/10/20 00:55:17 INFO DAGScheduler: Job 6 is finished. Cancelling potential speculative or zombie tasks for this job
[2025-10-20T00:55:17.169+0000] {subprocess.py:106} INFO - 25/10/20 00:55:17 INFO TaskSchedulerImpl: Killing all running tasks in stage 12: Stage finished
[2025-10-20T00:55:17.169+0000] {subprocess.py:106} INFO - 25/10/20 00:55:17 INFO DAGScheduler: Job 6 finished: $anonfun$withThreadLocalCaptured$1 at <unknown>:0, took 0.084101 s
[2025-10-20T00:55:17.172+0000] {subprocess.py:106} INFO - 25/10/20 00:55:17 INFO BlockManagerInfo: Removed broadcast_21_piece0 on 423e5338994a:39661 in memory (size: 24.2 KiB, free: 434.3 MiB)
[2025-10-20T00:55:17.174+0000] {subprocess.py:106} INFO - 25/10/20 00:55:17 INFO MemoryStore: Block broadcast_22_piece0 stored as bytes in memory (estimated size 12.7 KiB, free 434.1 MiB)
[2025-10-20T00:55:17.175+0000] {subprocess.py:106} INFO - 25/10/20 00:55:17 INFO BlockManagerInfo: Added broadcast_22_piece0 in memory on 423e5338994a:39661 (size: 12.7 KiB, free: 434.2 MiB)
[2025-10-20T00:55:17.177+0000] {subprocess.py:106} INFO - 25/10/20 00:55:17 INFO SparkContext: Created broadcast 22 from $anonfun$withThreadLocalCaptured$1 at <unknown>:0
[2025-10-20T00:55:17.189+0000] {subprocess.py:106} INFO - 25/10/20 00:55:17 INFO BlockManagerInfo: Removed broadcast_21_piece0 on 172.30.0.7:41361 in memory (size: 24.2 KiB, free: 434.4 MiB)
[2025-10-20T00:55:17.193+0000] {subprocess.py:106} INFO - 25/10/20 00:55:17 INFO MemoryStore: Block broadcast_23 stored as values in memory (estimated size 32.0 KiB, free 434.1 MiB)
[2025-10-20T00:55:17.194+0000] {subprocess.py:106} INFO - 25/10/20 00:55:17 INFO MemoryStore: Block broadcast_23_piece0 stored as bytes in memory (estimated size 29.6 KiB, free 434.0 MiB)
[2025-10-20T00:55:17.196+0000] {subprocess.py:106} INFO - 25/10/20 00:55:17 INFO BlockManagerInfo: Added broadcast_23_piece0 in memory on 423e5338994a:39661 (size: 29.6 KiB, free: 434.2 MiB)
[2025-10-20T00:55:17.198+0000] {subprocess.py:106} INFO - 25/10/20 00:55:17 INFO SparkContext: Created broadcast 23 from broadcast at SparkBatch.java:79
[2025-10-20T00:55:17.396+0000] {subprocess.py:106} INFO - 25/10/20 00:55:17 INFO FileOutputCommitter: File Output Committer Algorithm version is 1
[2025-10-20T00:55:17.396+0000] {subprocess.py:106} INFO - 25/10/20 00:55:17 INFO FileOutputCommitter: FileOutputCommitter skip cleanup _temporary folders under output directory:false, ignore cleanup failures: false
[2025-10-20T00:55:17.397+0000] {subprocess.py:106} INFO - 25/10/20 00:55:17 INFO SQLHadoopMapReduceCommitProtocol: Using output committer class org.apache.hadoop.mapreduce.lib.output.FileOutputCommitter
[2025-10-20T00:55:17.455+0000] {subprocess.py:106} INFO - 25/10/20 00:55:17 INFO SparkContext: Starting job: csv at <unknown>:0
[2025-10-20T00:55:17.457+0000] {subprocess.py:106} INFO - 25/10/20 00:55:17 INFO DAGScheduler: Got job 7 (csv at <unknown>:0) with 1 output partitions
[2025-10-20T00:55:17.458+0000] {subprocess.py:106} INFO - 25/10/20 00:55:17 INFO DAGScheduler: Final stage: ResultStage 13 (csv at <unknown>:0)
[2025-10-20T00:55:17.458+0000] {subprocess.py:106} INFO - 25/10/20 00:55:17 INFO DAGScheduler: Parents of final stage: List()
[2025-10-20T00:55:17.461+0000] {subprocess.py:106} INFO - 25/10/20 00:55:17 INFO DAGScheduler: Missing parents: List()
[2025-10-20T00:55:17.462+0000] {subprocess.py:106} INFO - 25/10/20 00:55:17 INFO DAGScheduler: Submitting ResultStage 13 (MapPartitionsRDD[27] at csv at <unknown>:0), which has no missing parents
[2025-10-20T00:55:17.516+0000] {subprocess.py:106} INFO - 25/10/20 00:55:17 INFO BlockManagerInfo: Removed broadcast_20_piece0 on 423e5338994a:39661 in memory (size: 29.5 KiB, free: 434.2 MiB)
[2025-10-20T00:55:17.521+0000] {subprocess.py:106} INFO - 25/10/20 00:55:17 INFO MemoryStore: Block broadcast_24 stored as values in memory (estimated size 230.8 KiB, free 433.9 MiB)
[2025-10-20T00:55:17.529+0000] {subprocess.py:106} INFO - 25/10/20 00:55:17 INFO MemoryStore: Block broadcast_24_piece0 stored as bytes in memory (estimated size 81.8 KiB, free 433.8 MiB)
[2025-10-20T00:55:17.532+0000] {subprocess.py:106} INFO - 25/10/20 00:55:17 INFO BlockManagerInfo: Added broadcast_24_piece0 in memory on 423e5338994a:39661 (size: 81.8 KiB, free: 434.2 MiB)
[2025-10-20T00:55:17.532+0000] {subprocess.py:106} INFO - 25/10/20 00:55:17 INFO SparkContext: Created broadcast 24 from broadcast at DAGScheduler.scala:1585
[2025-10-20T00:55:17.533+0000] {subprocess.py:106} INFO - 25/10/20 00:55:17 INFO DAGScheduler: Submitting 1 missing tasks from ResultStage 13 (MapPartitionsRDD[27] at csv at <unknown>:0) (first 15 tasks are for partitions Vector(0))
[2025-10-20T00:55:17.533+0000] {subprocess.py:106} INFO - 25/10/20 00:55:17 INFO TaskSchedulerImpl: Adding task set 13.0 with 1 tasks resource profile 0
[2025-10-20T00:55:17.538+0000] {subprocess.py:106} INFO - 25/10/20 00:55:17 INFO TaskSetManager: Starting task 0.0 in stage 13.0 (TID 7) (172.30.0.7, executor 0, partition 0, ANY, 14667 bytes)
[2025-10-20T00:55:17.581+0000] {subprocess.py:106} INFO - 25/10/20 00:55:17 INFO BlockManagerInfo: Added broadcast_24_piece0 in memory on 172.30.0.7:41361 (size: 81.8 KiB, free: 434.3 MiB)
[2025-10-20T00:55:17.826+0000] {subprocess.py:106} INFO - 25/10/20 00:55:17 INFO BlockManagerInfo: Added broadcast_22_piece0 in memory on 172.30.0.7:41361 (size: 12.7 KiB, free: 434.3 MiB)
[2025-10-20T00:55:17.847+0000] {subprocess.py:106} INFO - 25/10/20 00:55:17 INFO BlockManagerInfo: Added broadcast_23_piece0 in memory on 172.30.0.7:41361 (size: 29.6 KiB, free: 434.3 MiB)
[2025-10-20T00:55:18.062+0000] {subprocess.py:106} INFO - 25/10/20 00:55:18 INFO TaskSetManager: Finished task 0.0 in stage 13.0 (TID 7) in 529 ms on 172.30.0.7 (executor 0) (1/1)
[2025-10-20T00:55:18.067+0000] {subprocess.py:106} INFO - 25/10/20 00:55:18 INFO TaskSchedulerImpl: Removed TaskSet 13.0, whose tasks have all completed, from pool
[2025-10-20T00:55:18.067+0000] {subprocess.py:106} INFO - 25/10/20 00:55:18 INFO DAGScheduler: ResultStage 13 (csv at <unknown>:0) finished in 0.600 s
[2025-10-20T00:55:18.068+0000] {subprocess.py:106} INFO - 25/10/20 00:55:18 INFO DAGScheduler: Job 7 is finished. Cancelling potential speculative or zombie tasks for this job
[2025-10-20T00:55:18.068+0000] {subprocess.py:106} INFO - 25/10/20 00:55:18 INFO TaskSchedulerImpl: Killing all running tasks in stage 13: Stage finished
[2025-10-20T00:55:18.068+0000] {subprocess.py:106} INFO - 25/10/20 00:55:18 INFO DAGScheduler: Job 7 finished: csv at <unknown>:0, took 0.609441 s
[2025-10-20T00:55:18.069+0000] {subprocess.py:106} INFO - 25/10/20 00:55:18 INFO FileFormatWriter: Start to commit write Job 300462f2-982f-4941-9859-158849db7145.
[2025-10-20T00:55:18.118+0000] {subprocess.py:106} INFO - 25/10/20 00:55:18 INFO FileFormatWriter: Write Job 300462f2-982f-4941-9859-158849db7145 committed. Elapsed time: 49 ms.
[2025-10-20T00:55:18.121+0000] {subprocess.py:106} INFO - 25/10/20 00:55:18 INFO FileFormatWriter: Finished processing stats for write job 300462f2-982f-4941-9859-158849db7145.
[2025-10-20T00:55:18.133+0000] {subprocess.py:106} INFO - 25/10/20 00:55:18 INFO SparkContext: SparkContext is stopping with exitCode 0.
[2025-10-20T00:55:18.154+0000] {subprocess.py:106} INFO - 25/10/20 00:55:18 INFO SparkUI: Stopped Spark web UI at http://423e5338994a:4040
[2025-10-20T00:55:18.160+0000] {subprocess.py:106} INFO - 25/10/20 00:55:18 INFO StandaloneSchedulerBackend: Shutting down all executors
[2025-10-20T00:55:18.160+0000] {subprocess.py:106} INFO - 25/10/20 00:55:18 INFO StandaloneSchedulerBackend$StandaloneDriverEndpoint: Asking each executor to shut down
[2025-10-20T00:55:18.184+0000] {subprocess.py:106} INFO - 25/10/20 00:55:18 INFO MapOutputTrackerMasterEndpoint: MapOutputTrackerMasterEndpoint stopped!
[2025-10-20T00:55:18.219+0000] {subprocess.py:106} INFO - 25/10/20 00:55:18 INFO MemoryStore: MemoryStore cleared
[2025-10-20T00:55:18.220+0000] {subprocess.py:106} INFO - 25/10/20 00:55:18 INFO BlockManager: BlockManager stopped
[2025-10-20T00:55:18.226+0000] {subprocess.py:106} INFO - 25/10/20 00:55:18 INFO BlockManagerMaster: BlockManagerMaster stopped
[2025-10-20T00:55:18.230+0000] {subprocess.py:106} INFO - 25/10/20 00:55:18 INFO OutputCommitCoordinator$OutputCommitCoordinatorEndpoint: OutputCommitCoordinator stopped!
[2025-10-20T00:55:18.244+0000] {subprocess.py:106} INFO - 25/10/20 00:55:18 INFO SparkContext: Successfully stopped SparkContext
[2025-10-20T00:55:18.616+0000] {subprocess.py:106} INFO - Features were saved to hive_catalog- Gold Layer
[2025-10-20T00:55:18.678+0000] {subprocess.py:106} INFO - 25/10/20 00:55:18 INFO ShutdownHookManager: Shutdown hook called
[2025-10-20T00:55:18.678+0000] {subprocess.py:106} INFO - 25/10/20 00:55:18 INFO ShutdownHookManager: Deleting directory /tmp/spark-0ef49ee3-58cd-42ae-9988-9a98d97ed6dd
[2025-10-20T00:55:18.683+0000] {subprocess.py:106} INFO - 25/10/20 00:55:18 INFO ShutdownHookManager: Deleting directory /tmp/spark-7ad5d30e-457b-4f6a-8c90-75364be649d1
[2025-10-20T00:55:18.688+0000] {subprocess.py:106} INFO - 25/10/20 00:55:18 INFO ShutdownHookManager: Deleting directory /tmp/spark-7ad5d30e-457b-4f6a-8c90-75364be649d1/pyspark-1b83f4ad-4506-48ff-9b17-1c7fe39e46fc
[2025-10-20T00:55:19.000+0000] {subprocess.py:110} INFO - Command exited with return code 0
[2025-10-20T00:55:19.075+0000] {taskinstance.py:341} INFO - ::group::Post task execution logs
[2025-10-20T00:55:19.076+0000] {taskinstance.py:353} INFO - Marking task as SUCCESS. dag_id=system_dag, task_id=extract_features_spark, run_id=scheduled__2025-10-19T00:00:00+00:00, execution_date=20251019T000000, start_date=20251020T005456, end_date=20251020T005519
[2025-10-20T00:55:19.184+0000] {local_task_job_runner.py:266} INFO - Task exited with return code 0
[2025-10-20T00:55:19.236+0000] {taskinstance.py:3901} INFO - 1 downstream tasks scheduled from follow-on schedule check
[2025-10-20T00:55:19.241+0000] {local_task_job_runner.py:245} INFO - ::endgroup::
