[2025-10-20T01:38:47.510+0000] {local_task_job_runner.py:123} INFO - ::group::Pre task execution logs
[2025-10-20T01:38:47.596+0000] {taskinstance.py:2614} INFO - Dependencies all met for dep_context=non-requeueable deps ti=<TaskInstance: system_dag.train_lightGBM scheduled__2025-10-19T00:00:00+00:00 [queued]>
[2025-10-20T01:38:47.611+0000] {taskinstance.py:2614} INFO - Dependencies all met for dep_context=requeueable deps ti=<TaskInstance: system_dag.train_lightGBM scheduled__2025-10-19T00:00:00+00:00 [queued]>
[2025-10-20T01:38:47.612+0000] {taskinstance.py:2867} INFO - Starting attempt 2 of 2
[2025-10-20T01:38:47.630+0000] {taskinstance.py:2890} INFO - Executing <Task(BashOperator): train_lightGBM> on 2025-10-19 00:00:00+00:00
[2025-10-20T01:38:47.639+0000] {standard_task_runner.py:72} INFO - Started process 45 to run task
[2025-10-20T01:38:47.648+0000] {standard_task_runner.py:104} INFO - Running: ['***', 'tasks', 'run', 'system_dag', 'train_lightGBM', 'scheduled__2025-10-19T00:00:00+00:00', '--job-id', '30', '--raw', '--subdir', 'DAGS_FOLDER/system_dag.py', '--cfg-path', '/tmp/tmp94qbna50']
[2025-10-20T01:38:47.649+0000] {standard_task_runner.py:105} INFO - Job 30: Subtask train_lightGBM
[2025-10-20T01:38:47.692+0000] {warnings.py:109} WARNING - /home/***/.local/lib/python3.8/site-packages/***/settings.py:209: DeprecationWarning: The sql_alchemy_conn option in [core] has been moved to the sql_alchemy_conn option in [database] - the old setting has been used, but please update your config.
  SQL_ALCHEMY_CONN = conf.get("database", "SQL_ALCHEMY_CONN")

[2025-10-20T01:38:47.810+0000] {task_command.py:467} INFO - Running <TaskInstance: system_dag.train_lightGBM scheduled__2025-10-19T00:00:00+00:00 [running]> on host 061a181ac328
[2025-10-20T01:38:47.811+0000] {warnings.py:109} WARNING - /home/***/.local/lib/python3.8/site-packages/***/settings.py:470: DeprecationWarning: The sql_alchemy_conn option in [core] has been moved to the sql_alchemy_conn option in [database] - the old setting has been used, but please update your config.
  if conf.get("database", "sql_alchemy_conn") == "none://":

[2025-10-20T01:38:47.971+0000] {taskinstance.py:3134} INFO - Exporting env vars: AIRFLOW_CTX_DAG_EMAIL='alert@datateam.local' AIRFLOW_CTX_DAG_OWNER='***' AIRFLOW_CTX_DAG_ID='system_dag' AIRFLOW_CTX_TASK_ID='train_lightGBM' AIRFLOW_CTX_EXECUTION_DATE='2025-10-19T00:00:00+00:00' AIRFLOW_CTX_TRY_NUMBER='2' AIRFLOW_CTX_DAG_RUN_ID='scheduled__2025-10-19T00:00:00+00:00'
[2025-10-20T01:38:47.973+0000] {taskinstance.py:732} INFO - ::endgroup::
[2025-10-20T01:38:47.998+0000] {subprocess.py:78} INFO - Tmp dir root location: /tmp
[2025-10-20T01:38:48.000+0000] {subprocess.py:88} INFO - Running command: ['/bin/bash', '-c', '\n        docker exec spark-submit /opt/spark/bin/spark-submit         --master spark://spark-master:7077         --deploy-mode client         /opt/***/scripts/train_lightGBM.py\n        ']
[2025-10-20T01:38:48.021+0000] {subprocess.py:99} INFO - Output:
[2025-10-20T01:38:54.425+0000] {subprocess.py:106} INFO - 25/10/20 01:38:54 INFO SparkContext: Running Spark version 3.5.3
[2025-10-20T01:38:54.429+0000] {subprocess.py:106} INFO - 25/10/20 01:38:54 INFO SparkContext: OS info Linux, 6.6.87.1-microsoft-standard-WSL2, amd64
[2025-10-20T01:38:54.429+0000] {subprocess.py:106} INFO - 25/10/20 01:38:54 INFO SparkContext: Java version 11.0.24
[2025-10-20T01:38:54.527+0000] {subprocess.py:106} INFO - 25/10/20 01:38:54 WARN NativeCodeLoader: Unable to load native-hadoop library for your platform... using builtin-java classes where applicable
[2025-10-20T01:38:54.692+0000] {subprocess.py:106} INFO - 25/10/20 01:38:54 INFO ResourceUtils: ==============================================================
[2025-10-20T01:38:54.693+0000] {subprocess.py:106} INFO - 25/10/20 01:38:54 INFO ResourceUtils: No custom resources configured for spark.driver.
[2025-10-20T01:38:54.693+0000] {subprocess.py:106} INFO - 25/10/20 01:38:54 INFO ResourceUtils: ==============================================================
[2025-10-20T01:38:54.694+0000] {subprocess.py:106} INFO - 25/10/20 01:38:54 INFO SparkContext: Submitted application: Train_LightGBM
[2025-10-20T01:38:54.764+0000] {subprocess.py:106} INFO - 25/10/20 01:38:54 INFO ResourceProfile: Default ResourceProfile created, executor resources: Map(memory -> name: memory, amount: 1024, script: , vendor: , offHeap -> name: offHeap, amount: 0, script: , vendor: ), task resources: Map(cpus -> name: cpus, amount: 1.0)
[2025-10-20T01:38:54.808+0000] {subprocess.py:106} INFO - 25/10/20 01:38:54 INFO ResourceProfile: Limiting resource is cpu
[2025-10-20T01:38:54.809+0000] {subprocess.py:106} INFO - 25/10/20 01:38:54 INFO ResourceProfileManager: Added ResourceProfile id: 0
[2025-10-20T01:38:54.926+0000] {subprocess.py:106} INFO - 25/10/20 01:38:54 INFO SecurityManager: Changing view acls to: spark
[2025-10-20T01:38:54.927+0000] {subprocess.py:106} INFO - 25/10/20 01:38:54 INFO SecurityManager: Changing modify acls to: spark
[2025-10-20T01:38:54.929+0000] {subprocess.py:106} INFO - 25/10/20 01:38:54 INFO SecurityManager: Changing view acls groups to:
[2025-10-20T01:38:54.929+0000] {subprocess.py:106} INFO - 25/10/20 01:38:54 INFO SecurityManager: Changing modify acls groups to:
[2025-10-20T01:38:54.929+0000] {subprocess.py:106} INFO - 25/10/20 01:38:54 INFO SecurityManager: SecurityManager: authentication disabled; ui acls disabled; users with view permissions: spark; groups with view permissions: EMPTY; users with modify permissions: spark; groups with modify permissions: EMPTY
[2025-10-20T01:38:55.266+0000] {subprocess.py:106} INFO - 25/10/20 01:38:55 INFO Utils: Successfully started service 'sparkDriver' on port 39229.
[2025-10-20T01:38:55.313+0000] {subprocess.py:106} INFO - 25/10/20 01:38:55 INFO SparkEnv: Registering MapOutputTracker
[2025-10-20T01:38:55.363+0000] {subprocess.py:106} INFO - 25/10/20 01:38:55 INFO SparkEnv: Registering BlockManagerMaster
[2025-10-20T01:38:55.390+0000] {subprocess.py:106} INFO - 25/10/20 01:38:55 INFO BlockManagerMasterEndpoint: Using org.apache.spark.storage.DefaultTopologyMapper for getting topology information
[2025-10-20T01:38:55.391+0000] {subprocess.py:106} INFO - 25/10/20 01:38:55 INFO BlockManagerMasterEndpoint: BlockManagerMasterEndpoint up
[2025-10-20T01:38:55.395+0000] {subprocess.py:106} INFO - 25/10/20 01:38:55 INFO SparkEnv: Registering BlockManagerMasterHeartbeat
[2025-10-20T01:38:55.437+0000] {subprocess.py:106} INFO - 25/10/20 01:38:55 INFO DiskBlockManager: Created local directory at /tmp/blockmgr-36b0cdef-fa7c-4d53-9db0-4f202c42ec8b
[2025-10-20T01:38:55.454+0000] {subprocess.py:106} INFO - 25/10/20 01:38:55 INFO MemoryStore: MemoryStore started with capacity 434.4 MiB
[2025-10-20T01:38:55.470+0000] {subprocess.py:106} INFO - 25/10/20 01:38:55 INFO SparkEnv: Registering OutputCommitCoordinator
[2025-10-20T01:38:55.719+0000] {subprocess.py:106} INFO - 25/10/20 01:38:55 INFO JettyUtils: Start Jetty 0.0.0.0:4040 for SparkUI
[2025-10-20T01:38:55.805+0000] {subprocess.py:106} INFO - 25/10/20 01:38:55 INFO Utils: Successfully started service 'SparkUI' on port 4040.
[2025-10-20T01:38:55.933+0000] {subprocess.py:106} INFO - 25/10/20 01:38:55 INFO StandaloneAppClient$ClientEndpoint: Connecting to master spark://spark-master:7077...
[2025-10-20T01:38:55.990+0000] {subprocess.py:106} INFO - 25/10/20 01:38:55 INFO TransportClientFactory: Successfully created connection to spark-master/172.30.0.6:7077 after 30 ms (0 ms spent in bootstraps)
[2025-10-20T01:38:56.314+0000] {subprocess.py:106} INFO - 25/10/20 01:38:56 INFO StandaloneSchedulerBackend: Connected to Spark cluster with app ID app-20251020013856-0000
[2025-10-20T01:38:56.327+0000] {subprocess.py:106} INFO - 25/10/20 01:38:56 INFO Utils: Successfully started service 'org.apache.spark.network.netty.NettyBlockTransferService' on port 34899.
[2025-10-20T01:38:56.328+0000] {subprocess.py:106} INFO - 25/10/20 01:38:56 INFO NettyBlockTransferService: Server created on 423e5338994a:34899
[2025-10-20T01:38:56.330+0000] {subprocess.py:106} INFO - 25/10/20 01:38:56 INFO BlockManager: Using org.apache.spark.storage.RandomBlockReplicationPolicy for block replication policy
[2025-10-20T01:38:56.341+0000] {subprocess.py:106} INFO - 25/10/20 01:38:56 INFO BlockManagerMaster: Registering BlockManager BlockManagerId(driver, 423e5338994a, 34899, None)
[2025-10-20T01:38:56.343+0000] {subprocess.py:106} INFO - 25/10/20 01:38:56 INFO StandaloneAppClient$ClientEndpoint: Executor added: app-20251020013856-0000/0 on worker-20251020012542-172.30.0.7-41511 (172.30.0.7:41511) with 1 core(s)
[2025-10-20T01:38:56.347+0000] {subprocess.py:106} INFO - 25/10/20 01:38:56 INFO StandaloneSchedulerBackend: Granted executor ID app-20251020013856-0000/0 on hostPort 172.30.0.7:41511 with 1 core(s), 1024.0 MiB RAM
[2025-10-20T01:38:56.348+0000] {subprocess.py:106} INFO - 25/10/20 01:38:56 INFO BlockManagerMasterEndpoint: Registering block manager 423e5338994a:34899 with 434.4 MiB RAM, BlockManagerId(driver, 423e5338994a, 34899, None)
[2025-10-20T01:38:56.349+0000] {subprocess.py:106} INFO - 25/10/20 01:38:56 INFO BlockManagerMaster: Registered BlockManager BlockManagerId(driver, 423e5338994a, 34899, None)
[2025-10-20T01:38:56.351+0000] {subprocess.py:106} INFO - 25/10/20 01:38:56 INFO BlockManager: Initialized BlockManager: BlockManagerId(driver, 423e5338994a, 34899, None)
[2025-10-20T01:38:56.716+0000] {subprocess.py:106} INFO - 25/10/20 01:38:56 INFO StandaloneSchedulerBackend: SchedulerBackend is ready for scheduling beginning after reached minRegisteredResourcesRatio: 0.0
[2025-10-20T01:38:56.717+0000] {subprocess.py:106} INFO - 25/10/20 01:38:56 INFO StandaloneAppClient$ClientEndpoint: Executor updated: app-20251020013856-0000/0 is now RUNNING
[2025-10-20T01:38:57.125+0000] {subprocess.py:106} INFO - 25/10/20 01:38:57 INFO SharedState: Setting hive.metastore.warehouse.dir ('null') to the value of spark.sql.warehouse.dir.
[2025-10-20T01:38:57.137+0000] {subprocess.py:106} INFO - 25/10/20 01:38:57 INFO SharedState: Warehouse path is 'file:/opt/spark/work-dir/spark-warehouse'.
[2025-10-20T01:38:59.140+0000] {subprocess.py:106} INFO - 25/10/20 01:38:59 INFO HiveConf: Found configuration file null
[2025-10-20T01:38:59.385+0000] {subprocess.py:106} INFO - 25/10/20 01:38:59 INFO metastore: Trying to connect to metastore with URI thrift://hive-metastore:9083
[2025-10-20T01:38:59.413+0000] {subprocess.py:106} INFO - 25/10/20 01:38:59 INFO metastore: Opened a connection to metastore, current connections: 1
[2025-10-20T01:38:59.463+0000] {subprocess.py:106} INFO - 25/10/20 01:38:59 INFO metastore: Connected to metastore.
[2025-10-20T01:39:00.183+0000] {subprocess.py:106} INFO - 25/10/20 01:39:00 INFO StandaloneSchedulerBackend$StandaloneDriverEndpoint: Registered executor NettyRpcEndpointRef(spark-client://Executor) (172.30.0.7:47110) with ID 0,  ResourceProfileId 0
[2025-10-20T01:39:00.313+0000] {subprocess.py:106} INFO - 25/10/20 01:39:00 INFO BlockManagerMasterEndpoint: Registering block manager 172.30.0.7:44333 with 434.4 MiB RAM, BlockManagerId(0, 172.30.0.7, 44333, None)
[2025-10-20T01:39:00.387+0000] {subprocess.py:106} INFO - 25/10/20 01:39:00 INFO BaseMetastoreTableOperations: Refreshing table metadata from new version: hdfs://tuankiet170-master:9000/data_lake/warehouse/gold.db/features_sample/metadata/00002-b1e6c6de-ff4f-410f-b866-6e7d38015550.metadata.json
[2025-10-20T01:39:03.540+0000] {subprocess.py:106} INFO - 25/10/20 01:39:03 INFO BaseMetastoreCatalog: Table loaded by catalog: hive_catalog.gold.features_sample
[2025-10-20T01:39:04.550+0000] {subprocess.py:106} INFO - 25/10/20 01:39:04 INFO SnapshotScan: Scanning table hive_catalog.gold.features_sample snapshot 887466931737194775 created at 2025-10-20T00:55:15.038+00:00 with filter true
[2025-10-20T01:39:04.903+0000] {subprocess.py:106} INFO - 25/10/20 01:39:04 INFO BaseDistributedDataScan: Planning file tasks locally for table hive_catalog.gold.features_sample
[2025-10-20T01:39:05.053+0000] {subprocess.py:106} INFO - 25/10/20 01:39:05 INFO V2ScanRelationPushDown:
[2025-10-20T01:39:05.054+0000] {subprocess.py:106} INFO - Pushing operators to hive_catalog.gold.features_sample
[2025-10-20T01:39:05.054+0000] {subprocess.py:106} INFO - Pushed Aggregate Functions:
[2025-10-20T01:39:05.054+0000] {subprocess.py:106} INFO -  COUNT(*)
[2025-10-20T01:39:05.055+0000] {subprocess.py:106} INFO - Pushed Group by:
[2025-10-20T01:39:05.055+0000] {subprocess.py:106} INFO - 
[2025-10-20T01:39:05.055+0000] {subprocess.py:106} INFO - 
[2025-10-20T01:39:05.968+0000] {subprocess.py:106} INFO - 25/10/20 01:39:05 INFO CodeGenerator: Code generated in 209.783959 ms
[2025-10-20T01:39:05.987+0000] {subprocess.py:106} INFO - 25/10/20 01:39:05 INFO CodeGenerator: Code generated in 11.571093 ms
[2025-10-20T01:39:06.097+0000] {subprocess.py:106} INFO - 25/10/20 01:39:06 INFO DAGScheduler: Registering RDD 2 (count at <unknown>:0) as input to shuffle 0
[2025-10-20T01:39:06.104+0000] {subprocess.py:106} INFO - 25/10/20 01:39:06 INFO DAGScheduler: Got map stage job 0 (count at <unknown>:0) with 1 output partitions
[2025-10-20T01:39:06.105+0000] {subprocess.py:106} INFO - 25/10/20 01:39:06 INFO DAGScheduler: Final stage: ShuffleMapStage 0 (count at <unknown>:0)
[2025-10-20T01:39:06.107+0000] {subprocess.py:106} INFO - 25/10/20 01:39:06 INFO DAGScheduler: Parents of final stage: List()
[2025-10-20T01:39:06.111+0000] {subprocess.py:106} INFO - 25/10/20 01:39:06 INFO DAGScheduler: Missing parents: List()
[2025-10-20T01:39:06.112+0000] {subprocess.py:106} INFO - 25/10/20 01:39:06 INFO DAGScheduler: Submitting ShuffleMapStage 0 (MapPartitionsRDD[2] at count at <unknown>:0), which has no missing parents
[2025-10-20T01:39:06.238+0000] {subprocess.py:106} INFO - 25/10/20 01:39:06 INFO MemoryStore: Block broadcast_0 stored as values in memory (estimated size 12.6 KiB, free 434.4 MiB)
[2025-10-20T01:39:06.300+0000] {subprocess.py:106} INFO - 25/10/20 01:39:06 INFO MemoryStore: Block broadcast_0_piece0 stored as bytes in memory (estimated size 6.2 KiB, free 434.4 MiB)
[2025-10-20T01:39:06.304+0000] {subprocess.py:106} INFO - 25/10/20 01:39:06 INFO BlockManagerInfo: Added broadcast_0_piece0 in memory on 423e5338994a:34899 (size: 6.2 KiB, free: 434.4 MiB)
[2025-10-20T01:39:06.308+0000] {subprocess.py:106} INFO - 25/10/20 01:39:06 INFO SparkContext: Created broadcast 0 from broadcast at DAGScheduler.scala:1585
[2025-10-20T01:39:06.325+0000] {subprocess.py:106} INFO - 25/10/20 01:39:06 INFO DAGScheduler: Submitting 1 missing tasks from ShuffleMapStage 0 (MapPartitionsRDD[2] at count at <unknown>:0) (first 15 tasks are for partitions Vector(0))
[2025-10-20T01:39:06.326+0000] {subprocess.py:106} INFO - 25/10/20 01:39:06 INFO TaskSchedulerImpl: Adding task set 0.0 with 1 tasks resource profile 0
[2025-10-20T01:39:06.359+0000] {subprocess.py:106} INFO - 25/10/20 01:39:06 INFO TaskSetManager: Starting task 0.0 in stage 0.0 (TID 0) (172.30.0.7, executor 0, partition 0, PROCESS_LOCAL, 9164 bytes)
[2025-10-20T01:39:06.614+0000] {subprocess.py:106} INFO - 25/10/20 01:39:06 INFO BlockManagerInfo: Added broadcast_0_piece0 in memory on 172.30.0.7:44333 (size: 6.2 KiB, free: 434.4 MiB)
[2025-10-20T01:39:07.321+0000] {subprocess.py:106} INFO - 25/10/20 01:39:07 INFO TaskSetManager: Finished task 0.0 in stage 0.0 (TID 0) in 974 ms on 172.30.0.7 (executor 0) (1/1)
[2025-10-20T01:39:07.323+0000] {subprocess.py:106} INFO - 25/10/20 01:39:07 INFO TaskSchedulerImpl: Removed TaskSet 0.0, whose tasks have all completed, from pool
[2025-10-20T01:39:07.332+0000] {subprocess.py:106} INFO - 25/10/20 01:39:07 INFO DAGScheduler: ShuffleMapStage 0 (count at <unknown>:0) finished in 1.208 s
[2025-10-20T01:39:07.333+0000] {subprocess.py:106} INFO - 25/10/20 01:39:07 INFO DAGScheduler: looking for newly runnable stages
[2025-10-20T01:39:07.333+0000] {subprocess.py:106} INFO - 25/10/20 01:39:07 INFO DAGScheduler: running: Set()
[2025-10-20T01:39:07.334+0000] {subprocess.py:106} INFO - 25/10/20 01:39:07 INFO DAGScheduler: waiting: Set()
[2025-10-20T01:39:07.334+0000] {subprocess.py:106} INFO - 25/10/20 01:39:07 INFO DAGScheduler: failed: Set()
[2025-10-20T01:39:07.377+0000] {subprocess.py:106} INFO - 25/10/20 01:39:07 INFO CodeGenerator: Code generated in 14.447616 ms
[2025-10-20T01:39:07.424+0000] {subprocess.py:106} INFO - 25/10/20 01:39:07 INFO SparkContext: Starting job: count at <unknown>:0
[2025-10-20T01:39:07.427+0000] {subprocess.py:106} INFO - 25/10/20 01:39:07 INFO DAGScheduler: Got job 1 (count at <unknown>:0) with 1 output partitions
[2025-10-20T01:39:07.428+0000] {subprocess.py:106} INFO - 25/10/20 01:39:07 INFO DAGScheduler: Final stage: ResultStage 2 (count at <unknown>:0)
[2025-10-20T01:39:07.429+0000] {subprocess.py:106} INFO - 25/10/20 01:39:07 INFO DAGScheduler: Parents of final stage: List(ShuffleMapStage 1)
[2025-10-20T01:39:07.429+0000] {subprocess.py:106} INFO - 25/10/20 01:39:07 INFO DAGScheduler: Missing parents: List()
[2025-10-20T01:39:07.432+0000] {subprocess.py:106} INFO - 25/10/20 01:39:07 INFO DAGScheduler: Submitting ResultStage 2 (MapPartitionsRDD[5] at count at <unknown>:0), which has no missing parents
[2025-10-20T01:39:07.442+0000] {subprocess.py:106} INFO - 25/10/20 01:39:07 INFO MemoryStore: Block broadcast_1 stored as values in memory (estimated size 13.7 KiB, free 434.4 MiB)
[2025-10-20T01:39:07.451+0000] {subprocess.py:106} INFO - 25/10/20 01:39:07 INFO MemoryStore: Block broadcast_1_piece0 stored as bytes in memory (estimated size 6.3 KiB, free 434.4 MiB)
[2025-10-20T01:39:07.452+0000] {subprocess.py:106} INFO - 25/10/20 01:39:07 INFO BlockManagerInfo: Added broadcast_1_piece0 in memory on 423e5338994a:34899 (size: 6.3 KiB, free: 434.4 MiB)
[2025-10-20T01:39:07.453+0000] {subprocess.py:106} INFO - 25/10/20 01:39:07 INFO SparkContext: Created broadcast 1 from broadcast at DAGScheduler.scala:1585
[2025-10-20T01:39:07.455+0000] {subprocess.py:106} INFO - 25/10/20 01:39:07 INFO DAGScheduler: Submitting 1 missing tasks from ResultStage 2 (MapPartitionsRDD[5] at count at <unknown>:0) (first 15 tasks are for partitions Vector(0))
[2025-10-20T01:39:07.456+0000] {subprocess.py:106} INFO - 25/10/20 01:39:07 INFO TaskSchedulerImpl: Adding task set 2.0 with 1 tasks resource profile 0
[2025-10-20T01:39:07.463+0000] {subprocess.py:106} INFO - 25/10/20 01:39:07 INFO TaskSetManager: Starting task 0.0 in stage 2.0 (TID 1) (172.30.0.7, executor 0, partition 0, NODE_LOCAL, 9003 bytes)
[2025-10-20T01:39:07.500+0000] {subprocess.py:106} INFO - 25/10/20 01:39:07 INFO BlockManagerInfo: Removed broadcast_0_piece0 on 423e5338994a:34899 in memory (size: 6.2 KiB, free: 434.4 MiB)
[2025-10-20T01:39:07.505+0000] {subprocess.py:106} INFO - 25/10/20 01:39:07 INFO BlockManagerInfo: Added broadcast_1_piece0 in memory on 172.30.0.7:44333 (size: 6.3 KiB, free: 434.4 MiB)
[2025-10-20T01:39:07.513+0000] {subprocess.py:106} INFO - 25/10/20 01:39:07 INFO BlockManagerInfo: Removed broadcast_0_piece0 on 172.30.0.7:44333 in memory (size: 6.2 KiB, free: 434.4 MiB)
[2025-10-20T01:39:07.582+0000] {subprocess.py:106} INFO - 25/10/20 01:39:07 INFO MapOutputTrackerMasterEndpoint: Asked to send map output locations for shuffle 0 to 172.30.0.7:47110
[2025-10-20T01:39:07.722+0000] {subprocess.py:106} INFO - 25/10/20 01:39:07 INFO TaskSetManager: Finished task 0.0 in stage 2.0 (TID 1) in 260 ms on 172.30.0.7 (executor 0) (1/1)
[2025-10-20T01:39:07.723+0000] {subprocess.py:106} INFO - 25/10/20 01:39:07 INFO TaskSchedulerImpl: Removed TaskSet 2.0, whose tasks have all completed, from pool
[2025-10-20T01:39:07.724+0000] {subprocess.py:106} INFO - 25/10/20 01:39:07 INFO DAGScheduler: ResultStage 2 (count at <unknown>:0) finished in 0.284 s
[2025-10-20T01:39:07.726+0000] {subprocess.py:106} INFO - 25/10/20 01:39:07 INFO DAGScheduler: Job 1 is finished. Cancelling potential speculative or zombie tasks for this job
[2025-10-20T01:39:07.727+0000] {subprocess.py:106} INFO - 25/10/20 01:39:07 INFO TaskSchedulerImpl: Killing all running tasks in stage 2: Stage finished
[2025-10-20T01:39:07.728+0000] {subprocess.py:106} INFO - 25/10/20 01:39:07 INFO DAGScheduler: Job 1 finished: count at <unknown>:0, took 0.303973 s
[2025-10-20T01:39:07.738+0000] {subprocess.py:106} INFO - Features rows count = 101
[2025-10-20T01:39:07.738+0000] {subprocess.py:106} INFO - Converting to pandas DataFrame
[2025-10-20T01:39:07.814+0000] {subprocess.py:106} INFO - 25/10/20 01:39:07 INFO V2ScanRelationPushDown:
[2025-10-20T01:39:07.814+0000] {subprocess.py:106} INFO - Output: customer_id#0, product_id#1, order_date#2, year#3, month#4, day#5, dow#6, quantity#7, price#8, total_price#9, review_score#10, payment_method#11, city#12, gender#13, age#14, prod_total_qty#15L, prod_avg_price#16, prod_unique_buyers#17L
[2025-10-20T01:39:07.815+0000] {subprocess.py:106} INFO - 
[2025-10-20T01:39:07.818+0000] {subprocess.py:106} INFO - 25/10/20 01:39:07 INFO SnapshotScan: Scanning table hive_catalog.gold.features_sample snapshot 887466931737194775 created at 2025-10-20T00:55:15.038+00:00 with filter true
[2025-10-20T01:39:07.818+0000] {subprocess.py:106} INFO - 25/10/20 01:39:07 INFO BaseDistributedDataScan: Planning file tasks locally for table hive_catalog.gold.features_sample
[2025-10-20T01:39:07.863+0000] {subprocess.py:106} INFO - 25/10/20 01:39:07 INFO SparkPartitioningAwareScan: Reporting UnknownPartitioning with 1 partition(s) for table hive_catalog.gold.features_sample
[2025-10-20T01:39:07.886+0000] {subprocess.py:106} INFO - 25/10/20 01:39:07 INFO MemoryStore: Block broadcast_2 stored as values in memory (estimated size 32.0 KiB, free 434.3 MiB)
[2025-10-20T01:39:07.911+0000] {subprocess.py:106} INFO - 25/10/20 01:39:07 INFO BlockManagerInfo: Removed broadcast_1_piece0 on 423e5338994a:34899 in memory (size: 6.3 KiB, free: 434.4 MiB)
[2025-10-20T01:39:07.913+0000] {subprocess.py:106} INFO - 25/10/20 01:39:07 INFO MemoryStore: Block broadcast_2_piece0 stored as bytes in memory (estimated size 29.6 KiB, free 434.3 MiB)
[2025-10-20T01:39:07.914+0000] {subprocess.py:106} INFO - 25/10/20 01:39:07 INFO BlockManagerInfo: Added broadcast_2_piece0 in memory on 423e5338994a:34899 (size: 29.6 KiB, free: 434.4 MiB)
[2025-10-20T01:39:07.915+0000] {subprocess.py:106} INFO - 25/10/20 01:39:07 INFO BlockManagerInfo: Removed broadcast_1_piece0 on 172.30.0.7:44333 in memory (size: 6.3 KiB, free: 434.4 MiB)
[2025-10-20T01:39:07.915+0000] {subprocess.py:106} INFO - 25/10/20 01:39:07 INFO SparkContext: Created broadcast 2 from toPandas at /opt/***/scripts/train_lightGBM.py:37
[2025-10-20T01:39:07.951+0000] {subprocess.py:106} INFO - 25/10/20 01:39:07 INFO MemoryStore: Block broadcast_3 stored as values in memory (estimated size 32.0 KiB, free 434.3 MiB)
[2025-10-20T01:39:07.958+0000] {subprocess.py:106} INFO - 25/10/20 01:39:07 INFO MemoryStore: Block broadcast_3_piece0 stored as bytes in memory (estimated size 29.6 KiB, free 434.3 MiB)
[2025-10-20T01:39:07.959+0000] {subprocess.py:106} INFO - 25/10/20 01:39:07 INFO BlockManagerInfo: Added broadcast_3_piece0 in memory on 423e5338994a:34899 (size: 29.6 KiB, free: 434.3 MiB)
[2025-10-20T01:39:07.960+0000] {subprocess.py:106} INFO - 25/10/20 01:39:07 INFO SparkContext: Created broadcast 3 from toPandas at /opt/***/scripts/train_lightGBM.py:37
[2025-10-20T01:39:08.048+0000] {subprocess.py:106} INFO - 25/10/20 01:39:08 INFO CodeGenerator: Code generated in 42.014184 ms
[2025-10-20T01:39:08.077+0000] {subprocess.py:106} INFO - 25/10/20 01:39:08 INFO SparkContext: Starting job: toPandas at /opt/***/scripts/train_lightGBM.py:37
[2025-10-20T01:39:08.078+0000] {subprocess.py:106} INFO - 25/10/20 01:39:08 INFO DAGScheduler: Got job 2 (toPandas at /opt/***/scripts/train_lightGBM.py:37) with 1 output partitions
[2025-10-20T01:39:08.078+0000] {subprocess.py:106} INFO - 25/10/20 01:39:08 INFO DAGScheduler: Final stage: ResultStage 3 (toPandas at /opt/***/scripts/train_lightGBM.py:37)
[2025-10-20T01:39:08.079+0000] {subprocess.py:106} INFO - 25/10/20 01:39:08 INFO DAGScheduler: Parents of final stage: List()
[2025-10-20T01:39:08.079+0000] {subprocess.py:106} INFO - 25/10/20 01:39:08 INFO DAGScheduler: Missing parents: List()
[2025-10-20T01:39:08.079+0000] {subprocess.py:106} INFO - 25/10/20 01:39:08 INFO DAGScheduler: Submitting ResultStage 3 (MapPartitionsRDD[9] at toPandas at /opt/***/scripts/train_lightGBM.py:37), which has no missing parents
[2025-10-20T01:39:08.084+0000] {subprocess.py:106} INFO - 25/10/20 01:39:08 INFO MemoryStore: Block broadcast_4 stored as values in memory (estimated size 22.5 KiB, free 434.3 MiB)
[2025-10-20T01:39:08.092+0000] {subprocess.py:106} INFO - 25/10/20 01:39:08 INFO MemoryStore: Block broadcast_4_piece0 stored as bytes in memory (estimated size 6.6 KiB, free 434.3 MiB)
[2025-10-20T01:39:08.095+0000] {subprocess.py:106} INFO - 25/10/20 01:39:08 INFO BlockManagerInfo: Added broadcast_4_piece0 in memory on 423e5338994a:34899 (size: 6.6 KiB, free: 434.3 MiB)
[2025-10-20T01:39:08.096+0000] {subprocess.py:106} INFO - 25/10/20 01:39:08 INFO SparkContext: Created broadcast 4 from broadcast at DAGScheduler.scala:1585
[2025-10-20T01:39:08.098+0000] {subprocess.py:106} INFO - 25/10/20 01:39:08 INFO DAGScheduler: Submitting 1 missing tasks from ResultStage 3 (MapPartitionsRDD[9] at toPandas at /opt/***/scripts/train_lightGBM.py:37) (first 15 tasks are for partitions Vector(0))
[2025-10-20T01:39:08.099+0000] {subprocess.py:106} INFO - 25/10/20 01:39:08 INFO TaskSchedulerImpl: Adding task set 3.0 with 1 tasks resource profile 0
[2025-10-20T01:39:08.135+0000] {subprocess.py:106} INFO - 25/10/20 01:39:08 INFO TaskSetManager: Starting task 0.0 in stage 3.0 (TID 2) (172.30.0.7, executor 0, partition 0, ANY, 15093 bytes)
[2025-10-20T01:39:08.427+0000] {subprocess.py:106} INFO - 25/10/20 01:39:08 INFO BlockManagerInfo: Added broadcast_4_piece0 in memory on 172.30.0.7:44333 (size: 6.6 KiB, free: 434.4 MiB)
[2025-10-20T01:39:08.510+0000] {subprocess.py:106} INFO - 25/10/20 01:39:08 INFO BlockManagerInfo: Added broadcast_3_piece0 in memory on 172.30.0.7:44333 (size: 29.6 KiB, free: 434.4 MiB)
[2025-10-20T01:39:10.119+0000] {subprocess.py:106} INFO - 25/10/20 01:39:10 INFO TaskSetManager: Finished task 0.0 in stage 3.0 (TID 2) in 2020 ms on 172.30.0.7 (executor 0) (1/1)
[2025-10-20T01:39:10.120+0000] {subprocess.py:106} INFO - 25/10/20 01:39:10 INFO TaskSchedulerImpl: Removed TaskSet 3.0, whose tasks have all completed, from pool
[2025-10-20T01:39:10.121+0000] {subprocess.py:106} INFO - 25/10/20 01:39:10 INFO DAGScheduler: ResultStage 3 (toPandas at /opt/***/scripts/train_lightGBM.py:37) finished in 2.039 s
[2025-10-20T01:39:10.121+0000] {subprocess.py:106} INFO - 25/10/20 01:39:10 INFO DAGScheduler: Job 2 is finished. Cancelling potential speculative or zombie tasks for this job
[2025-10-20T01:39:10.122+0000] {subprocess.py:106} INFO - 25/10/20 01:39:10 INFO TaskSchedulerImpl: Killing all running tasks in stage 3: Stage finished
[2025-10-20T01:39:10.122+0000] {subprocess.py:106} INFO - 25/10/20 01:39:10 INFO DAGScheduler: Job 2 finished: toPandas at /opt/***/scripts/train_lightGBM.py:37, took 2.044670 s
[2025-10-20T01:39:10.210+0000] {subprocess.py:106} INFO - 25/10/20 01:39:10 INFO SparkContext: SparkContext is stopping with exitCode 0.
[2025-10-20T01:39:10.223+0000] {subprocess.py:106} INFO - 25/10/20 01:39:10 INFO SparkUI: Stopped Spark web UI at http://423e5338994a:4040
[2025-10-20T01:39:10.227+0000] {subprocess.py:106} INFO - 25/10/20 01:39:10 INFO StandaloneSchedulerBackend: Shutting down all executors
[2025-10-20T01:39:10.227+0000] {subprocess.py:106} INFO - 25/10/20 01:39:10 INFO StandaloneSchedulerBackend$StandaloneDriverEndpoint: Asking each executor to shut down
[2025-10-20T01:39:10.247+0000] {subprocess.py:106} INFO - 25/10/20 01:39:10 INFO MapOutputTrackerMasterEndpoint: MapOutputTrackerMasterEndpoint stopped!
[2025-10-20T01:39:10.267+0000] {subprocess.py:106} INFO - 25/10/20 01:39:10 INFO MemoryStore: MemoryStore cleared
[2025-10-20T01:39:10.271+0000] {subprocess.py:106} INFO - 25/10/20 01:39:10 INFO BlockManager: BlockManager stopped
[2025-10-20T01:39:10.276+0000] {subprocess.py:106} INFO - 25/10/20 01:39:10 INFO BlockManagerMaster: BlockManagerMaster stopped
[2025-10-20T01:39:10.279+0000] {subprocess.py:106} INFO - 25/10/20 01:39:10 INFO OutputCommitCoordinator$OutputCommitCoordinatorEndpoint: OutputCommitCoordinator stopped!
[2025-10-20T01:39:10.290+0000] {subprocess.py:106} INFO - 25/10/20 01:39:10 INFO SparkContext: Successfully stopped SparkContext
[2025-10-20T01:39:10.300+0000] {subprocess.py:106} INFO - Converted to pandas. Shape: (101, 18)
[2025-10-20T01:39:10.314+0000] {subprocess.py:106} INFO - Feature cols: ['price', 'prod_avg_price', 'prod_total_qty', 'prod_unique_buyers', 'year', 'month', 'dow', 'review_score', 'age', 'payment_method']
[2025-10-20T01:39:10.314+0000] {subprocess.py:106} INFO - Train/test split ...
[2025-10-20T01:39:10.318+0000] {subprocess.py:106} INFO - Training LGBMRegressor ...
[2025-10-20T01:39:10.361+0000] {subprocess.py:106} INFO - [LightGBM] [Info] Auto-choosing col-wise multi-threading, the overhead of testing was 0.000130 seconds.
[2025-10-20T01:39:10.362+0000] {subprocess.py:106} INFO - You can set `force_col_wise=true` to remove the overhead.
[2025-10-20T01:39:10.362+0000] {subprocess.py:106} INFO - [LightGBM] [Info] Total Bins 131
[2025-10-20T01:39:10.363+0000] {subprocess.py:106} INFO - [LightGBM] [Info] Number of data points in the train set: 85, number of used features: 9
[2025-10-20T01:39:10.364+0000] {subprocess.py:106} INFO - [LightGBM] [Info] Start training from score 3.000000
[2025-10-20T01:39:10.366+0000] {subprocess.py:106} INFO - [LightGBM] [Warning] No further splits with positive gain, best gain: -inf
[2025-10-20T01:39:10.366+0000] {subprocess.py:106} INFO - Training until validation scores don't improve for 30 rounds
[2025-10-20T01:39:10.367+0000] {subprocess.py:106} INFO - [LightGBM] [Warning] No further splits with positive gain, best gain: -inf
[2025-10-20T01:39:10.367+0000] {subprocess.py:106} INFO - [LightGBM] [Warning] No further splits with positive gain, best gain: -inf
[2025-10-20T01:39:10.368+0000] {subprocess.py:106} INFO - [LightGBM] [Warning] No further splits with positive gain, best gain: -inf
[2025-10-20T01:39:10.368+0000] {subprocess.py:106} INFO - [LightGBM] [Warning] No further splits with positive gain, best gain: -inf
[2025-10-20T01:39:10.368+0000] {subprocess.py:106} INFO - [LightGBM] [Warning] No further splits with positive gain, best gain: -inf
[2025-10-20T01:39:10.369+0000] {subprocess.py:106} INFO - [LightGBM] [Warning] No further splits with positive gain, best gain: -inf
[2025-10-20T01:39:10.369+0000] {subprocess.py:106} INFO - [LightGBM] [Warning] No further splits with positive gain, best gain: -inf
[2025-10-20T01:39:10.369+0000] {subprocess.py:106} INFO - [LightGBM] [Warning] No further splits with positive gain, best gain: -inf
[2025-10-20T01:39:10.370+0000] {subprocess.py:106} INFO - [LightGBM] [Warning] No further splits with positive gain, best gain: -inf
[2025-10-20T01:39:10.370+0000] {subprocess.py:106} INFO - [LightGBM] [Warning] No further splits with positive gain, best gain: -inf
[2025-10-20T01:39:10.370+0000] {subprocess.py:106} INFO - [LightGBM] [Warning] No further splits with positive gain, best gain: -inf
[2025-10-20T01:39:10.370+0000] {subprocess.py:106} INFO - [LightGBM] [Warning] No further splits with positive gain, best gain: -inf
[2025-10-20T01:39:10.371+0000] {subprocess.py:106} INFO - [LightGBM] [Warning] No further splits with positive gain, best gain: -inf
[2025-10-20T01:39:10.371+0000] {subprocess.py:106} INFO - [LightGBM] [Warning] No further splits with positive gain, best gain: -inf
[2025-10-20T01:39:10.371+0000] {subprocess.py:106} INFO - [LightGBM] [Warning] No further splits with positive gain, best gain: -inf
[2025-10-20T01:39:10.372+0000] {subprocess.py:106} INFO - [LightGBM] [Warning] No further splits with positive gain, best gain: -inf
[2025-10-20T01:39:10.372+0000] {subprocess.py:106} INFO - [LightGBM] [Warning] No further splits with positive gain, best gain: -inf
[2025-10-20T01:39:10.372+0000] {subprocess.py:106} INFO - [LightGBM] [Warning] No further splits with positive gain, best gain: -inf
[2025-10-20T01:39:10.373+0000] {subprocess.py:106} INFO - [LightGBM] [Warning] No further splits with positive gain, best gain: -inf
[2025-10-20T01:39:10.373+0000] {subprocess.py:106} INFO - [20]	valid_0's rmse: 1.53383	valid_0's l2: 2.35264
[2025-10-20T01:39:10.373+0000] {subprocess.py:106} INFO - [LightGBM] [Warning] No further splits with positive gain, best gain: -inf
[2025-10-20T01:39:10.373+0000] {subprocess.py:106} INFO - [LightGBM] [Warning] No further splits with positive gain, best gain: -inf
[2025-10-20T01:39:10.374+0000] {subprocess.py:106} INFO - [LightGBM] [Warning] No further splits with positive gain, best gain: -inf
[2025-10-20T01:39:10.374+0000] {subprocess.py:106} INFO - [LightGBM] [Warning] No further splits with positive gain, best gain: -inf
[2025-10-20T01:39:10.374+0000] {subprocess.py:106} INFO - [LightGBM] [Warning] No further splits with positive gain, best gain: -inf
[2025-10-20T01:39:10.375+0000] {subprocess.py:106} INFO - [LightGBM] [Warning] No further splits with positive gain, best gain: -inf
[2025-10-20T01:39:10.375+0000] {subprocess.py:106} INFO - [LightGBM] [Warning] No further splits with positive gain, best gain: -inf
[2025-10-20T01:39:10.375+0000] {subprocess.py:106} INFO - [LightGBM] [Warning] No further splits with positive gain, best gain: -inf
[2025-10-20T01:39:10.376+0000] {subprocess.py:106} INFO - [LightGBM] [Warning] No further splits with positive gain, best gain: -inf
[2025-10-20T01:39:10.376+0000] {subprocess.py:106} INFO - [LightGBM] [Warning] No further splits with positive gain, best gain: -inf
[2025-10-20T01:39:10.377+0000] {subprocess.py:106} INFO - [LightGBM] [Warning] No further splits with positive gain, best gain: -inf
[2025-10-20T01:39:10.377+0000] {subprocess.py:106} INFO - [LightGBM] [Warning] No further splits with positive gain, best gain: -inf
[2025-10-20T01:39:10.377+0000] {subprocess.py:106} INFO - [LightGBM] [Warning] No further splits with positive gain, best gain: -inf
[2025-10-20T01:39:10.378+0000] {subprocess.py:106} INFO - [LightGBM] [Warning] No further splits with positive gain, best gain: -inf
[2025-10-20T01:39:10.378+0000] {subprocess.py:106} INFO - [LightGBM] [Warning] No further splits with positive gain, best gain: -inf
[2025-10-20T01:39:10.379+0000] {subprocess.py:106} INFO - [LightGBM] [Warning] No further splits with positive gain, best gain: -inf
[2025-10-20T01:39:10.379+0000] {subprocess.py:106} INFO - [LightGBM] [Warning] No further splits with positive gain, best gain: -inf
[2025-10-20T01:39:10.379+0000] {subprocess.py:106} INFO - [LightGBM] [Warning] No further splits with positive gain, best gain: -inf
[2025-10-20T01:39:10.380+0000] {subprocess.py:106} INFO - [LightGBM] [Warning] No further splits with positive gain, best gain: -inf
[2025-10-20T01:39:10.380+0000] {subprocess.py:106} INFO - [LightGBM] [Warning] No further splits with positive gain, best gain: -inf
[2025-10-20T01:39:10.381+0000] {subprocess.py:106} INFO - [40]	valid_0's rmse: 1.49129	valid_0's l2: 2.22393
[2025-10-20T01:39:10.381+0000] {subprocess.py:106} INFO - [LightGBM] [Warning] No further splits with positive gain, best gain: -inf
[2025-10-20T01:39:10.381+0000] {subprocess.py:106} INFO - [LightGBM] [Warning] No further splits with positive gain, best gain: -inf
[2025-10-20T01:39:10.382+0000] {subprocess.py:106} INFO - [LightGBM] [Warning] No further splits with positive gain, best gain: -inf
[2025-10-20T01:39:10.382+0000] {subprocess.py:106} INFO - [LightGBM] [Warning] No further splits with positive gain, best gain: -inf
[2025-10-20T01:39:10.382+0000] {subprocess.py:106} INFO - [LightGBM] [Warning] No further splits with positive gain, best gain: -inf
[2025-10-20T01:39:10.383+0000] {subprocess.py:106} INFO - [LightGBM] [Warning] No further splits with positive gain, best gain: -inf
[2025-10-20T01:39:10.383+0000] {subprocess.py:106} INFO - [LightGBM] [Warning] No further splits with positive gain, best gain: -inf
[2025-10-20T01:39:10.384+0000] {subprocess.py:106} INFO - [LightGBM] [Warning] No further splits with positive gain, best gain: -inf
[2025-10-20T01:39:10.384+0000] {subprocess.py:106} INFO - [LightGBM] [Warning] No further splits with positive gain, best gain: -inf
[2025-10-20T01:39:10.385+0000] {subprocess.py:106} INFO - [LightGBM] [Warning] No further splits with positive gain, best gain: -inf
[2025-10-20T01:39:10.385+0000] {subprocess.py:106} INFO - [LightGBM] [Warning] No further splits with positive gain, best gain: -inf
[2025-10-20T01:39:10.385+0000] {subprocess.py:106} INFO - [LightGBM] [Warning] No further splits with positive gain, best gain: -inf
[2025-10-20T01:39:10.385+0000] {subprocess.py:106} INFO - [LightGBM] [Warning] No further splits with positive gain, best gain: -inf
[2025-10-20T01:39:10.386+0000] {subprocess.py:106} INFO - [LightGBM] [Warning] No further splits with positive gain, best gain: -inf
[2025-10-20T01:39:10.386+0000] {subprocess.py:106} INFO - [LightGBM] [Warning] No further splits with positive gain, best gain: -inf
[2025-10-20T01:39:10.386+0000] {subprocess.py:106} INFO - [LightGBM] [Warning] No further splits with positive gain, best gain: -inf
[2025-10-20T01:39:10.387+0000] {subprocess.py:106} INFO - [LightGBM] [Warning] No further splits with positive gain, best gain: -inf
[2025-10-20T01:39:10.387+0000] {subprocess.py:106} INFO - [LightGBM] [Warning] No further splits with positive gain, best gain: -inf
[2025-10-20T01:39:10.387+0000] {subprocess.py:106} INFO - [LightGBM] [Warning] No further splits with positive gain, best gain: -inf
[2025-10-20T01:39:10.388+0000] {subprocess.py:106} INFO - [LightGBM] [Warning] No further splits with positive gain, best gain: -inf
[2025-10-20T01:39:10.388+0000] {subprocess.py:106} INFO - [60]	valid_0's rmse: 1.47455	valid_0's l2: 2.1743
[2025-10-20T01:39:10.388+0000] {subprocess.py:106} INFO - [LightGBM] [Warning] No further splits with positive gain, best gain: -inf
[2025-10-20T01:39:10.389+0000] {subprocess.py:106} INFO - [LightGBM] [Warning] No further splits with positive gain, best gain: -inf
[2025-10-20T01:39:10.389+0000] {subprocess.py:106} INFO - [LightGBM] [Warning] No further splits with positive gain, best gain: -inf
[2025-10-20T01:39:10.389+0000] {subprocess.py:106} INFO - [LightGBM] [Warning] No further splits with positive gain, best gain: -inf
[2025-10-20T01:39:10.389+0000] {subprocess.py:106} INFO - [LightGBM] [Warning] No further splits with positive gain, best gain: -inf
[2025-10-20T01:39:10.390+0000] {subprocess.py:106} INFO - [LightGBM] [Warning] No further splits with positive gain, best gain: -inf
[2025-10-20T01:39:10.390+0000] {subprocess.py:106} INFO - [LightGBM] [Warning] No further splits with positive gain, best gain: -inf
[2025-10-20T01:39:10.391+0000] {subprocess.py:106} INFO - [LightGBM] [Warning] No further splits with positive gain, best gain: -inf
[2025-10-20T01:39:10.391+0000] {subprocess.py:106} INFO - [LightGBM] [Warning] No further splits with positive gain, best gain: -inf
[2025-10-20T01:39:10.391+0000] {subprocess.py:106} INFO - [LightGBM] [Warning] No further splits with positive gain, best gain: -inf
[2025-10-20T01:39:10.392+0000] {subprocess.py:106} INFO - [LightGBM] [Warning] No further splits with positive gain, best gain: -inf
[2025-10-20T01:39:10.392+0000] {subprocess.py:106} INFO - [LightGBM] [Warning] No further splits with positive gain, best gain: -inf
[2025-10-20T01:39:10.392+0000] {subprocess.py:106} INFO - [LightGBM] [Warning] No further splits with positive gain, best gain: -inf
[2025-10-20T01:39:10.392+0000] {subprocess.py:106} INFO - [LightGBM] [Warning] No further splits with positive gain, best gain: -inf
[2025-10-20T01:39:10.393+0000] {subprocess.py:106} INFO - [LightGBM] [Warning] No further splits with positive gain, best gain: -inf
[2025-10-20T01:39:10.393+0000] {subprocess.py:106} INFO - [LightGBM] [Warning] No further splits with positive gain, best gain: -inf
[2025-10-20T01:39:10.393+0000] {subprocess.py:106} INFO - [LightGBM] [Warning] No further splits with positive gain, best gain: -inf
[2025-10-20T01:39:10.394+0000] {subprocess.py:106} INFO - [LightGBM] [Warning] No further splits with positive gain, best gain: -inf
[2025-10-20T01:39:10.394+0000] {subprocess.py:106} INFO - [LightGBM] [Warning] No further splits with positive gain, best gain: -inf
[2025-10-20T01:39:10.394+0000] {subprocess.py:106} INFO - [LightGBM] [Warning] No further splits with positive gain, best gain: -inf
[2025-10-20T01:39:10.394+0000] {subprocess.py:106} INFO - [80]	valid_0's rmse: 1.46092	valid_0's l2: 2.1343
[2025-10-20T01:39:10.395+0000] {subprocess.py:106} INFO - [LightGBM] [Warning] No further splits with positive gain, best gain: -inf
[2025-10-20T01:39:10.395+0000] {subprocess.py:106} INFO - [LightGBM] [Warning] No further splits with positive gain, best gain: -inf
[2025-10-20T01:39:10.395+0000] {subprocess.py:106} INFO - [LightGBM] [Warning] No further splits with positive gain, best gain: -inf
[2025-10-20T01:39:10.396+0000] {subprocess.py:106} INFO - [LightGBM] [Warning] No further splits with positive gain, best gain: -inf
[2025-10-20T01:39:10.396+0000] {subprocess.py:106} INFO - [LightGBM] [Warning] No further splits with positive gain, best gain: -inf
[2025-10-20T01:39:10.396+0000] {subprocess.py:106} INFO - [LightGBM] [Warning] No further splits with positive gain, best gain: -inf
[2025-10-20T01:39:10.397+0000] {subprocess.py:106} INFO - [LightGBM] [Warning] No further splits with positive gain, best gain: -inf
[2025-10-20T01:39:10.397+0000] {subprocess.py:106} INFO - [LightGBM] [Warning] No further splits with positive gain, best gain: -inf
[2025-10-20T01:39:10.397+0000] {subprocess.py:106} INFO - [LightGBM] [Warning] No further splits with positive gain, best gain: -inf
[2025-10-20T01:39:10.397+0000] {subprocess.py:106} INFO - [LightGBM] [Warning] No further splits with positive gain, best gain: -inf
[2025-10-20T01:39:10.398+0000] {subprocess.py:106} INFO - [LightGBM] [Warning] No further splits with positive gain, best gain: -inf
[2025-10-20T01:39:10.398+0000] {subprocess.py:106} INFO - [LightGBM] [Warning] No further splits with positive gain, best gain: -inf
[2025-10-20T01:39:10.398+0000] {subprocess.py:106} INFO - [LightGBM] [Warning] No further splits with positive gain, best gain: -inf
[2025-10-20T01:39:10.398+0000] {subprocess.py:106} INFO - [LightGBM] [Warning] No further splits with positive gain, best gain: -inf
[2025-10-20T01:39:10.399+0000] {subprocess.py:106} INFO - [LightGBM] [Warning] No further splits with positive gain, best gain: -inf
[2025-10-20T01:39:10.399+0000] {subprocess.py:106} INFO - [LightGBM] [Warning] No further splits with positive gain, best gain: -inf
[2025-10-20T01:39:10.399+0000] {subprocess.py:106} INFO - [LightGBM] [Warning] No further splits with positive gain, best gain: -inf
[2025-10-20T01:39:10.400+0000] {subprocess.py:106} INFO - [LightGBM] [Warning] No further splits with positive gain, best gain: -inf
[2025-10-20T01:39:10.400+0000] {subprocess.py:106} INFO - [LightGBM] [Warning] No further splits with positive gain, best gain: -inf
[2025-10-20T01:39:10.400+0000] {subprocess.py:106} INFO - [LightGBM] [Warning] No further splits with positive gain, best gain: -inf
[2025-10-20T01:39:10.400+0000] {subprocess.py:106} INFO - [100]	valid_0's rmse: 1.4626	valid_0's l2: 2.13918
[2025-10-20T01:39:10.401+0000] {subprocess.py:106} INFO - [LightGBM] [Warning] No further splits with positive gain, best gain: -inf
[2025-10-20T01:39:10.401+0000] {subprocess.py:106} INFO - [LightGBM] [Warning] No further splits with positive gain, best gain: -inf
[2025-10-20T01:39:10.401+0000] {subprocess.py:106} INFO - [LightGBM] [Warning] No further splits with positive gain, best gain: -inf
[2025-10-20T01:39:10.402+0000] {subprocess.py:106} INFO - [LightGBM] [Warning] No further splits with positive gain, best gain: -inf
[2025-10-20T01:39:10.402+0000] {subprocess.py:106} INFO - [LightGBM] [Warning] No further splits with positive gain, best gain: -inf
[2025-10-20T01:39:10.402+0000] {subprocess.py:106} INFO - [LightGBM] [Warning] No further splits with positive gain, best gain: -inf
[2025-10-20T01:39:10.403+0000] {subprocess.py:106} INFO - [LightGBM] [Warning] No further splits with positive gain, best gain: -inf
[2025-10-20T01:39:10.403+0000] {subprocess.py:106} INFO - [LightGBM] [Warning] No further splits with positive gain, best gain: -inf
[2025-10-20T01:39:10.403+0000] {subprocess.py:106} INFO - [LightGBM] [Warning] No further splits with positive gain, best gain: -inf
[2025-10-20T01:39:10.404+0000] {subprocess.py:106} INFO - [LightGBM] [Warning] No further splits with positive gain, best gain: -inf
[2025-10-20T01:39:10.404+0000] {subprocess.py:106} INFO - [LightGBM] [Warning] No further splits with positive gain, best gain: -inf
[2025-10-20T01:39:10.404+0000] {subprocess.py:106} INFO - [LightGBM] [Warning] No further splits with positive gain, best gain: -inf
[2025-10-20T01:39:10.405+0000] {subprocess.py:106} INFO - [LightGBM] [Warning] No further splits with positive gain, best gain: -inf
[2025-10-20T01:39:10.405+0000] {subprocess.py:106} INFO - [LightGBM] [Warning] No further splits with positive gain, best gain: -inf
[2025-10-20T01:39:10.405+0000] {subprocess.py:106} INFO - [LightGBM] [Warning] No further splits with positive gain, best gain: -inf
[2025-10-20T01:39:10.405+0000] {subprocess.py:106} INFO - [LightGBM] [Warning] No further splits with positive gain, best gain: -inf
[2025-10-20T01:39:10.406+0000] {subprocess.py:106} INFO - [LightGBM] [Warning] No further splits with positive gain, best gain: -inf
[2025-10-20T01:39:10.406+0000] {subprocess.py:106} INFO - [LightGBM] [Warning] No further splits with positive gain, best gain: -inf
[2025-10-20T01:39:10.406+0000] {subprocess.py:106} INFO - [LightGBM] [Warning] No further splits with positive gain, best gain: -inf
[2025-10-20T01:39:10.406+0000] {subprocess.py:106} INFO - [LightGBM] [Warning] No further splits with positive gain, best gain: -inf
[2025-10-20T01:39:10.407+0000] {subprocess.py:106} INFO - [120]	valid_0's rmse: 1.46242	valid_0's l2: 2.13866
[2025-10-20T01:39:10.407+0000] {subprocess.py:106} INFO - [LightGBM] [Warning] No further splits with positive gain, best gain: -inf
[2025-10-20T01:39:10.407+0000] {subprocess.py:106} INFO - [LightGBM] [Warning] No further splits with positive gain, best gain: -inf
[2025-10-20T01:39:10.407+0000] {subprocess.py:106} INFO - [LightGBM] [Warning] No further splits with positive gain, best gain: -inf
[2025-10-20T01:39:10.408+0000] {subprocess.py:106} INFO - [LightGBM] [Warning] No further splits with positive gain, best gain: -inf
[2025-10-20T01:39:10.408+0000] {subprocess.py:106} INFO - [LightGBM] [Warning] No further splits with positive gain, best gain: -inf
[2025-10-20T01:39:10.408+0000] {subprocess.py:106} INFO - [LightGBM] [Warning] No further splits with positive gain, best gain: -inf
[2025-10-20T01:39:10.408+0000] {subprocess.py:106} INFO - Early stopping, best iteration is:
[2025-10-20T01:39:10.409+0000] {subprocess.py:106} INFO - [96]	valid_0's rmse: 1.4596	valid_0's l2: 2.13044
[2025-10-20T01:39:10.409+0000] {subprocess.py:106} INFO - Saved model to /tmp/lgbm_demand_model.pkl
[2025-10-20T01:39:10.409+0000] {subprocess.py:106} INFO - Trying to upload model to HDFS via hdfs (Python Library)...
[2025-10-20T01:39:13.150+0000] {subprocess.py:106} INFO - Directory /models already exists.
[2025-10-20T01:39:15.256+0000] {subprocess.py:106} INFO - WebHDFS upload failed: Cannot create file/models/lgbm_demand_model.pkl. Name node is in safe mode.
[2025-10-20T01:39:15.257+0000] {subprocess.py:106} INFO - The reported blocks 250 needs additional 37 blocks to reach the threshold 0.9990 of total blocks 288.
[2025-10-20T01:39:15.257+0000] {subprocess.py:106} INFO - The minimum number of live datanodes is not required. Safe mode will be turned off automatically once the thresholds have been reached. NamenodeHostName:tuankiet170-master
[2025-10-20T01:39:15.258+0000] {subprocess.py:106} INFO - 	at org.apache.hadoop.hdfs.server.namenode.FSNamesystem.newSafemodeException(FSNamesystem.java:1661)
[2025-10-20T01:39:15.258+0000] {subprocess.py:106} INFO - 	at org.apache.hadoop.hdfs.server.namenode.FSNamesystem.checkNameNodeSafeMode(FSNamesystem.java:1648)
[2025-10-20T01:39:15.258+0000] {subprocess.py:106} INFO - 	at org.apache.hadoop.hdfs.server.namenode.FSNamesystem.startFileInt(FSNamesystem.java:2771)
[2025-10-20T01:39:15.259+0000] {subprocess.py:106} INFO - 	at org.apache.hadoop.hdfs.server.namenode.FSNamesystem.startFile(FSNamesystem.java:2713)
[2025-10-20T01:39:15.259+0000] {subprocess.py:106} INFO - 	at org.apache.hadoop.hdfs.server.namenode.NameNodeRpcServer.create(NameNodeRpcServer.java:830)
[2025-10-20T01:39:15.259+0000] {subprocess.py:106} INFO - 	at org.apache.hadoop.hdfs.protocolPB.ClientNamenodeProtocolServerSideTranslatorPB.create(ClientNamenodeProtocolServerSideTranslatorPB.java:504)
[2025-10-20T01:39:15.260+0000] {subprocess.py:106} INFO - 	at org.apache.hadoop.hdfs.protocol.proto.ClientNamenodeProtocolProtos$ClientNamenodeProtocol$2.callBlockingMethod(ClientNamenodeProtocolProtos.java)
[2025-10-20T01:39:15.260+0000] {subprocess.py:106} INFO - 	at org.apache.hadoop.ipc.ProtobufRpcEngine2$Server$ProtoBufRpcInvoker.call(ProtobufRpcEngine2.java:621)
[2025-10-20T01:39:15.260+0000] {subprocess.py:106} INFO - 	at org.apache.hadoop.ipc.ProtobufRpcEngine2$Server$ProtoBufRpcInvoker.call(ProtobufRpcEngine2.java:589)
[2025-10-20T01:39:15.261+0000] {subprocess.py:106} INFO - 	at org.apache.hadoop.ipc.ProtobufRpcEngine2$Server$ProtoBufRpcInvoker.call(ProtobufRpcEngine2.java:573)
[2025-10-20T01:39:15.261+0000] {subprocess.py:106} INFO - 	at org.apache.hadoop.ipc.RPC$Server.call(RPC.java:1227)
[2025-10-20T01:39:15.261+0000] {subprocess.py:106} INFO - 	at org.apache.hadoop.ipc.Server$RpcCall.run(Server.java:1246)
[2025-10-20T01:39:15.261+0000] {subprocess.py:106} INFO - 	at org.apache.hadoop.ipc.Server$RpcCall.run(Server.java:1169)
[2025-10-20T01:39:15.262+0000] {subprocess.py:106} INFO - 	at java.security.AccessController.doPrivileged(Native Method)
[2025-10-20T01:39:15.262+0000] {subprocess.py:106} INFO - 	at javax.security.auth.Subject.doAs(Subject.java:422)
[2025-10-20T01:39:15.262+0000] {subprocess.py:106} INFO - 	at org.apache.hadoop.security.UserGroupInformation.doAs(UserGroupInformation.java:1953)
[2025-10-20T01:39:15.262+0000] {subprocess.py:106} INFO - 	at org.apache.hadoop.ipc.Server$Handler.run(Server.java:3198)
[2025-10-20T01:39:15.263+0000] {subprocess.py:106} INFO - 
[2025-10-20T01:39:15.496+0000] {subprocess.py:106} INFO - 25/10/20 01:39:15 INFO ShutdownHookManager: Shutdown hook called
[2025-10-20T01:39:15.498+0000] {subprocess.py:106} INFO - 25/10/20 01:39:15 INFO ShutdownHookManager: Deleting directory /tmp/spark-d19602b6-ef11-4ca5-9164-275c987ac1ba
[2025-10-20T01:39:15.500+0000] {subprocess.py:106} INFO - 25/10/20 01:39:15 INFO ShutdownHookManager: Deleting directory /tmp/spark-f440a483-cd92-46a4-a43c-4033cde1a1fc
[2025-10-20T01:39:15.504+0000] {subprocess.py:106} INFO - 25/10/20 01:39:15 INFO ShutdownHookManager: Deleting directory /tmp/spark-f440a483-cd92-46a4-a43c-4033cde1a1fc/pyspark-7eba5365-045c-44a1-9583-560634596374
[2025-10-20T01:39:15.653+0000] {subprocess.py:110} INFO - Command exited with return code 0
[2025-10-20T01:39:15.723+0000] {taskinstance.py:341} INFO - ::group::Post task execution logs
[2025-10-20T01:39:15.724+0000] {taskinstance.py:353} INFO - Marking task as SUCCESS. dag_id=system_dag, task_id=train_lightGBM, run_id=scheduled__2025-10-19T00:00:00+00:00, execution_date=20251019T000000, start_date=20251020T013847, end_date=20251020T013915
[2025-10-20T01:39:15.816+0000] {local_task_job_runner.py:266} INFO - Task exited with return code 0
[2025-10-20T01:39:15.857+0000] {taskinstance.py:3901} INFO - 1 downstream tasks scheduled from follow-on schedule check
[2025-10-20T01:39:15.861+0000] {local_task_job_runner.py:245} INFO - ::endgroup::
