[2025-10-20T00:54:30.312+0000] {local_task_job_runner.py:123} INFO - ::group::Pre task execution logs
[2025-10-20T00:54:30.362+0000] {taskinstance.py:2614} INFO - Dependencies all met for dep_context=non-requeueable deps ti=<TaskInstance: system_dag.clean_silver scheduled__2025-10-19T00:00:00+00:00 [queued]>
[2025-10-20T00:54:30.375+0000] {taskinstance.py:2614} INFO - Dependencies all met for dep_context=requeueable deps ti=<TaskInstance: system_dag.clean_silver scheduled__2025-10-19T00:00:00+00:00 [queued]>
[2025-10-20T00:54:30.376+0000] {taskinstance.py:2867} INFO - Starting attempt 1 of 2
[2025-10-20T00:54:30.390+0000] {taskinstance.py:2890} INFO - Executing <Task(BashOperator): clean_silver> on 2025-10-19 00:00:00+00:00
[2025-10-20T00:54:30.399+0000] {standard_task_runner.py:72} INFO - Started process 77 to run task
[2025-10-20T00:54:30.404+0000] {standard_task_runner.py:104} INFO - Running: ['***', 'tasks', 'run', 'system_dag', 'clean_silver', 'scheduled__2025-10-19T00:00:00+00:00', '--job-id', '16', '--raw', '--subdir', 'DAGS_FOLDER/system_dag.py', '--cfg-path', '/tmp/tmpbujjfj7v']
[2025-10-20T00:54:30.406+0000] {standard_task_runner.py:105} INFO - Job 16: Subtask clean_silver
[2025-10-20T00:54:30.436+0000] {warnings.py:109} WARNING - /home/***/.local/lib/python3.8/site-packages/***/settings.py:209: DeprecationWarning: The sql_alchemy_conn option in [core] has been moved to the sql_alchemy_conn option in [database] - the old setting has been used, but please update your config.
  SQL_ALCHEMY_CONN = conf.get("database", "SQL_ALCHEMY_CONN")

[2025-10-20T00:54:30.517+0000] {task_command.py:467} INFO - Running <TaskInstance: system_dag.clean_silver scheduled__2025-10-19T00:00:00+00:00 [running]> on host ff04b21b6cb6
[2025-10-20T00:54:30.518+0000] {warnings.py:109} WARNING - /home/***/.local/lib/python3.8/site-packages/***/settings.py:470: DeprecationWarning: The sql_alchemy_conn option in [core] has been moved to the sql_alchemy_conn option in [database] - the old setting has been used, but please update your config.
  if conf.get("database", "sql_alchemy_conn") == "none://":

[2025-10-20T00:54:30.650+0000] {taskinstance.py:3134} INFO - Exporting env vars: AIRFLOW_CTX_DAG_EMAIL='alert@datateam.local' AIRFLOW_CTX_DAG_OWNER='***' AIRFLOW_CTX_DAG_ID='system_dag' AIRFLOW_CTX_TASK_ID='clean_silver' AIRFLOW_CTX_EXECUTION_DATE='2025-10-19T00:00:00+00:00' AIRFLOW_CTX_TRY_NUMBER='1' AIRFLOW_CTX_DAG_RUN_ID='scheduled__2025-10-19T00:00:00+00:00'
[2025-10-20T00:54:30.651+0000] {taskinstance.py:732} INFO - ::endgroup::
[2025-10-20T00:54:30.679+0000] {subprocess.py:78} INFO - Tmp dir root location: /tmp
[2025-10-20T00:54:30.680+0000] {subprocess.py:88} INFO - Running command: ['/bin/bash', '-c', '\n        docker exec spark-submit /opt/spark/bin/spark-submit         --master spark://spark-master:7077         --deploy-mode client         /opt/***/scripts/Clean_Silver.py\n        ']
[2025-10-20T00:54:30.698+0000] {subprocess.py:99} INFO - Output:
[2025-10-20T00:54:34.096+0000] {subprocess.py:106} INFO - 25/10/20 00:54:34 INFO SparkContext: Running Spark version 3.5.3
[2025-10-20T00:54:34.098+0000] {subprocess.py:106} INFO - 25/10/20 00:54:34 INFO SparkContext: OS info Linux, 6.6.87.1-microsoft-standard-WSL2, amd64
[2025-10-20T00:54:34.099+0000] {subprocess.py:106} INFO - 25/10/20 00:54:34 INFO SparkContext: Java version 11.0.24
[2025-10-20T00:54:34.174+0000] {subprocess.py:106} INFO - 25/10/20 00:54:34 WARN NativeCodeLoader: Unable to load native-hadoop library for your platform... using builtin-java classes where applicable
[2025-10-20T00:54:34.274+0000] {subprocess.py:106} INFO - 25/10/20 00:54:34 INFO ResourceUtils: ==============================================================
[2025-10-20T00:54:34.274+0000] {subprocess.py:106} INFO - 25/10/20 00:54:34 INFO ResourceUtils: No custom resources configured for spark.driver.
[2025-10-20T00:54:34.275+0000] {subprocess.py:106} INFO - 25/10/20 00:54:34 INFO ResourceUtils: ==============================================================
[2025-10-20T00:54:34.275+0000] {subprocess.py:106} INFO - 25/10/20 00:54:34 INFO SparkContext: Submitted application: Clean_Silver_Hive_Iceberg
[2025-10-20T00:54:34.302+0000] {subprocess.py:106} INFO - 25/10/20 00:54:34 INFO ResourceProfile: Default ResourceProfile created, executor resources: Map(memory -> name: memory, amount: 1024, script: , vendor: , offHeap -> name: offHeap, amount: 0, script: , vendor: ), task resources: Map(cpus -> name: cpus, amount: 1.0)
[2025-10-20T00:54:34.312+0000] {subprocess.py:106} INFO - 25/10/20 00:54:34 INFO ResourceProfile: Limiting resource is cpu
[2025-10-20T00:54:34.313+0000] {subprocess.py:106} INFO - 25/10/20 00:54:34 INFO ResourceProfileManager: Added ResourceProfile id: 0
[2025-10-20T00:54:34.400+0000] {subprocess.py:106} INFO - 25/10/20 00:54:34 INFO SecurityManager: Changing view acls to: spark
[2025-10-20T00:54:34.401+0000] {subprocess.py:106} INFO - 25/10/20 00:54:34 INFO SecurityManager: Changing modify acls to: spark
[2025-10-20T00:54:34.402+0000] {subprocess.py:106} INFO - 25/10/20 00:54:34 INFO SecurityManager: Changing view acls groups to:
[2025-10-20T00:54:34.403+0000] {subprocess.py:106} INFO - 25/10/20 00:54:34 INFO SecurityManager: Changing modify acls groups to:
[2025-10-20T00:54:34.403+0000] {subprocess.py:106} INFO - 25/10/20 00:54:34 INFO SecurityManager: SecurityManager: authentication disabled; ui acls disabled; users with view permissions: spark; groups with view permissions: EMPTY; users with modify permissions: spark; groups with modify permissions: EMPTY
[2025-10-20T00:54:34.686+0000] {subprocess.py:106} INFO - 25/10/20 00:54:34 INFO Utils: Successfully started service 'sparkDriver' on port 44733.
[2025-10-20T00:54:34.728+0000] {subprocess.py:106} INFO - 25/10/20 00:54:34 INFO SparkEnv: Registering MapOutputTracker
[2025-10-20T00:54:34.781+0000] {subprocess.py:106} INFO - 25/10/20 00:54:34 INFO SparkEnv: Registering BlockManagerMaster
[2025-10-20T00:54:34.809+0000] {subprocess.py:106} INFO - 25/10/20 00:54:34 INFO BlockManagerMasterEndpoint: Using org.apache.spark.storage.DefaultTopologyMapper for getting topology information
[2025-10-20T00:54:34.810+0000] {subprocess.py:106} INFO - 25/10/20 00:54:34 INFO BlockManagerMasterEndpoint: BlockManagerMasterEndpoint up
[2025-10-20T00:54:34.814+0000] {subprocess.py:106} INFO - 25/10/20 00:54:34 INFO SparkEnv: Registering BlockManagerMasterHeartbeat
[2025-10-20T00:54:34.847+0000] {subprocess.py:106} INFO - 25/10/20 00:54:34 INFO DiskBlockManager: Created local directory at /tmp/blockmgr-f0b18b8c-1ff6-4e97-bbbc-b59688ba6dfa
[2025-10-20T00:54:34.862+0000] {subprocess.py:106} INFO - 25/10/20 00:54:34 INFO MemoryStore: MemoryStore started with capacity 434.4 MiB
[2025-10-20T00:54:34.877+0000] {subprocess.py:106} INFO - 25/10/20 00:54:34 INFO SparkEnv: Registering OutputCommitCoordinator
[2025-10-20T00:54:35.039+0000] {subprocess.py:106} INFO - 25/10/20 00:54:35 INFO JettyUtils: Start Jetty 0.0.0.0:4040 for SparkUI
[2025-10-20T00:54:35.103+0000] {subprocess.py:106} INFO - 25/10/20 00:54:35 INFO Utils: Successfully started service 'SparkUI' on port 4040.
[2025-10-20T00:54:35.223+0000] {subprocess.py:106} INFO - 25/10/20 00:54:35 INFO StandaloneAppClient$ClientEndpoint: Connecting to master spark://spark-master:7077...
[2025-10-20T00:54:35.271+0000] {subprocess.py:106} INFO - 25/10/20 00:54:35 INFO TransportClientFactory: Successfully created connection to spark-master/172.30.0.6:7077 after 25 ms (0 ms spent in bootstraps)
[2025-10-20T00:54:35.357+0000] {subprocess.py:106} INFO - 25/10/20 00:54:35 INFO StandaloneSchedulerBackend: Connected to Spark cluster with app ID app-20251020005435-0007
[2025-10-20T00:54:35.358+0000] {subprocess.py:106} INFO - 25/10/20 00:54:35 INFO StandaloneAppClient$ClientEndpoint: Executor added: app-20251020005435-0007/0 on worker-20251019215931-172.30.0.7-42863 (172.30.0.7:42863) with 1 core(s)
[2025-10-20T00:54:35.360+0000] {subprocess.py:106} INFO - 25/10/20 00:54:35 INFO StandaloneSchedulerBackend: Granted executor ID app-20251020005435-0007/0 on hostPort 172.30.0.7:42863 with 1 core(s), 1024.0 MiB RAM
[2025-10-20T00:54:35.374+0000] {subprocess.py:106} INFO - 25/10/20 00:54:35 INFO Utils: Successfully started service 'org.apache.spark.network.netty.NettyBlockTransferService' on port 37959.
[2025-10-20T00:54:35.375+0000] {subprocess.py:106} INFO - 25/10/20 00:54:35 INFO NettyBlockTransferService: Server created on 423e5338994a:37959
[2025-10-20T00:54:35.378+0000] {subprocess.py:106} INFO - 25/10/20 00:54:35 INFO BlockManager: Using org.apache.spark.storage.RandomBlockReplicationPolicy for block replication policy
[2025-10-20T00:54:35.387+0000] {subprocess.py:106} INFO - 25/10/20 00:54:35 INFO BlockManagerMaster: Registering BlockManager BlockManagerId(driver, 423e5338994a, 37959, None)
[2025-10-20T00:54:35.392+0000] {subprocess.py:106} INFO - 25/10/20 00:54:35 INFO BlockManagerMasterEndpoint: Registering block manager 423e5338994a:37959 with 434.4 MiB RAM, BlockManagerId(driver, 423e5338994a, 37959, None)
[2025-10-20T00:54:35.395+0000] {subprocess.py:106} INFO - 25/10/20 00:54:35 INFO BlockManagerMaster: Registered BlockManager BlockManagerId(driver, 423e5338994a, 37959, None)
[2025-10-20T00:54:35.397+0000] {subprocess.py:106} INFO - 25/10/20 00:54:35 INFO BlockManager: Initialized BlockManager: BlockManagerId(driver, 423e5338994a, 37959, None)
[2025-10-20T00:54:35.481+0000] {subprocess.py:106} INFO - 25/10/20 00:54:35 INFO StandaloneAppClient$ClientEndpoint: Executor updated: app-20251020005435-0007/0 is now RUNNING
[2025-10-20T00:54:35.643+0000] {subprocess.py:106} INFO - 25/10/20 00:54:35 INFO StandaloneSchedulerBackend: SchedulerBackend is ready for scheduling beginning after reached minRegisteredResourcesRatio: 0.0
[2025-10-20T00:54:35.970+0000] {subprocess.py:106} INFO - 25/10/20 00:54:35 INFO SharedState: Setting hive.metastore.warehouse.dir ('null') to the value of spark.sql.warehouse.dir.
[2025-10-20T00:54:35.979+0000] {subprocess.py:106} INFO - 25/10/20 00:54:35 INFO SharedState: Warehouse path is 'file:/opt/spark/work-dir/spark-warehouse'.
[2025-10-20T00:54:37.640+0000] {subprocess.py:106} INFO - 25/10/20 00:54:37 INFO HiveConf: Found configuration file null
[2025-10-20T00:54:37.859+0000] {subprocess.py:106} INFO - 25/10/20 00:54:37 INFO metastore: Trying to connect to metastore with URI thrift://hive-metastore:9083
[2025-10-20T00:54:37.889+0000] {subprocess.py:106} INFO - 25/10/20 00:54:37 INFO metastore: Opened a connection to metastore, current connections: 1
[2025-10-20T00:54:37.940+0000] {subprocess.py:106} INFO - 25/10/20 00:54:37 INFO metastore: Connected to metastore.
[2025-10-20T00:54:38.052+0000] {subprocess.py:106} INFO - 25/10/20 00:54:38 INFO StandaloneSchedulerBackend$StandaloneDriverEndpoint: Registered executor NettyRpcEndpointRef(spark-client://Executor) (172.30.0.7:34712) with ID 0,  ResourceProfileId 0
[2025-10-20T00:54:38.156+0000] {subprocess.py:106} INFO - 25/10/20 00:54:38 INFO BlockManagerMasterEndpoint: Registering block manager 172.30.0.7:37205 with 434.4 MiB RAM, BlockManagerId(0, 172.30.0.7, 37205, None)
[2025-10-20T00:54:38.316+0000] {subprocess.py:106} INFO - 25/10/20 00:54:38 INFO BaseMetastoreTableOperations: Refreshing table metadata from new version: hdfs://tuankiet170-master:9000/data_lake/warehouse/bronze.db/online_retail_raw/metadata/00000-52e73b03-636e-442f-ae66-1c46dbf37299.metadata.json
[2025-10-20T00:54:39.208+0000] {subprocess.py:106} INFO - 25/10/20 00:54:39 INFO BaseMetastoreCatalog: Table loaded by catalog: hive_catalog.bronze.online_retail_raw
[2025-10-20T00:54:40.025+0000] {subprocess.py:106} INFO - 25/10/20 00:54:40 INFO SnapshotScan: Scanning table hive_catalog.bronze.online_retail_raw snapshot 5279824907812085804 created at 2025-10-20T00:54:24.332+00:00 with filter true
[2025-10-20T00:54:40.227+0000] {subprocess.py:106} INFO - 25/10/20 00:54:40 INFO BaseDistributedDataScan: Planning file tasks locally for table hive_catalog.bronze.online_retail_raw
[2025-10-20T00:54:40.359+0000] {subprocess.py:106} INFO - 25/10/20 00:54:40 INFO V2ScanRelationPushDown:
[2025-10-20T00:54:40.360+0000] {subprocess.py:106} INFO - Pushing operators to hive_catalog.bronze.online_retail_raw
[2025-10-20T00:54:40.360+0000] {subprocess.py:106} INFO - Pushed Aggregate Functions:
[2025-10-20T00:54:40.361+0000] {subprocess.py:106} INFO -  COUNT(*)
[2025-10-20T00:54:40.361+0000] {subprocess.py:106} INFO - Pushed Group by:
[2025-10-20T00:54:40.362+0000] {subprocess.py:106} INFO - 
[2025-10-20T00:54:40.362+0000] {subprocess.py:106} INFO - 
[2025-10-20T00:54:41.456+0000] {subprocess.py:106} INFO - 25/10/20 00:54:41 INFO CodeGenerator: Code generated in 294.380552 ms
[2025-10-20T00:54:41.477+0000] {subprocess.py:106} INFO - 25/10/20 00:54:41 INFO CodeGenerator: Code generated in 11.999119 ms
[2025-10-20T00:54:41.601+0000] {subprocess.py:106} INFO - 25/10/20 00:54:41 INFO DAGScheduler: Registering RDD 2 (count at <unknown>:0) as input to shuffle 0
[2025-10-20T00:54:41.606+0000] {subprocess.py:106} INFO - 25/10/20 00:54:41 INFO DAGScheduler: Got map stage job 0 (count at <unknown>:0) with 1 output partitions
[2025-10-20T00:54:41.607+0000] {subprocess.py:106} INFO - 25/10/20 00:54:41 INFO DAGScheduler: Final stage: ShuffleMapStage 0 (count at <unknown>:0)
[2025-10-20T00:54:41.607+0000] {subprocess.py:106} INFO - 25/10/20 00:54:41 INFO DAGScheduler: Parents of final stage: List()
[2025-10-20T00:54:41.608+0000] {subprocess.py:106} INFO - 25/10/20 00:54:41 INFO DAGScheduler: Missing parents: List()
[2025-10-20T00:54:41.613+0000] {subprocess.py:106} INFO - 25/10/20 00:54:41 INFO DAGScheduler: Submitting ShuffleMapStage 0 (MapPartitionsRDD[2] at count at <unknown>:0), which has no missing parents
[2025-10-20T00:54:41.744+0000] {subprocess.py:106} INFO - 25/10/20 00:54:41 INFO MemoryStore: Block broadcast_0 stored as values in memory (estimated size 12.6 KiB, free 434.4 MiB)
[2025-10-20T00:54:41.796+0000] {subprocess.py:106} INFO - 25/10/20 00:54:41 INFO MemoryStore: Block broadcast_0_piece0 stored as bytes in memory (estimated size 6.2 KiB, free 434.4 MiB)
[2025-10-20T00:54:41.805+0000] {subprocess.py:106} INFO - 25/10/20 00:54:41 INFO BlockManagerInfo: Added broadcast_0_piece0 in memory on 423e5338994a:37959 (size: 6.2 KiB, free: 434.4 MiB)
[2025-10-20T00:54:41.808+0000] {subprocess.py:106} INFO - 25/10/20 00:54:41 INFO SparkContext: Created broadcast 0 from broadcast at DAGScheduler.scala:1585
[2025-10-20T00:54:41.822+0000] {subprocess.py:106} INFO - 25/10/20 00:54:41 INFO DAGScheduler: Submitting 1 missing tasks from ShuffleMapStage 0 (MapPartitionsRDD[2] at count at <unknown>:0) (first 15 tasks are for partitions Vector(0))
[2025-10-20T00:54:41.826+0000] {subprocess.py:106} INFO - 25/10/20 00:54:41 INFO TaskSchedulerImpl: Adding task set 0.0 with 1 tasks resource profile 0
[2025-10-20T00:54:41.850+0000] {subprocess.py:106} INFO - 25/10/20 00:54:41 INFO TaskSetManager: Starting task 0.0 in stage 0.0 (TID 0) (172.30.0.7, executor 0, partition 0, PROCESS_LOCAL, 9164 bytes)
[2025-10-20T00:54:42.109+0000] {subprocess.py:106} INFO - 25/10/20 00:54:42 INFO BlockManagerInfo: Added broadcast_0_piece0 in memory on 172.30.0.7:37205 (size: 6.2 KiB, free: 434.4 MiB)
[2025-10-20T00:54:42.714+0000] {subprocess.py:106} INFO - 25/10/20 00:54:42 INFO TaskSetManager: Finished task 0.0 in stage 0.0 (TID 0) in 875 ms on 172.30.0.7 (executor 0) (1/1)
[2025-10-20T00:54:42.717+0000] {subprocess.py:106} INFO - 25/10/20 00:54:42 INFO TaskSchedulerImpl: Removed TaskSet 0.0, whose tasks have all completed, from pool
[2025-10-20T00:54:42.726+0000] {subprocess.py:106} INFO - 25/10/20 00:54:42 INFO DAGScheduler: ShuffleMapStage 0 (count at <unknown>:0) finished in 1.098 s
[2025-10-20T00:54:42.727+0000] {subprocess.py:106} INFO - 25/10/20 00:54:42 INFO DAGScheduler: looking for newly runnable stages
[2025-10-20T00:54:42.728+0000] {subprocess.py:106} INFO - 25/10/20 00:54:42 INFO DAGScheduler: running: Set()
[2025-10-20T00:54:42.728+0000] {subprocess.py:106} INFO - 25/10/20 00:54:42 INFO DAGScheduler: waiting: Set()
[2025-10-20T00:54:42.729+0000] {subprocess.py:106} INFO - 25/10/20 00:54:42 INFO DAGScheduler: failed: Set()
[2025-10-20T00:54:42.778+0000] {subprocess.py:106} INFO - 25/10/20 00:54:42 INFO CodeGenerator: Code generated in 14.795932 ms
[2025-10-20T00:54:42.819+0000] {subprocess.py:106} INFO - 25/10/20 00:54:42 INFO SparkContext: Starting job: count at <unknown>:0
[2025-10-20T00:54:42.822+0000] {subprocess.py:106} INFO - 25/10/20 00:54:42 INFO DAGScheduler: Got job 1 (count at <unknown>:0) with 1 output partitions
[2025-10-20T00:54:42.822+0000] {subprocess.py:106} INFO - 25/10/20 00:54:42 INFO DAGScheduler: Final stage: ResultStage 2 (count at <unknown>:0)
[2025-10-20T00:54:42.823+0000] {subprocess.py:106} INFO - 25/10/20 00:54:42 INFO DAGScheduler: Parents of final stage: List(ShuffleMapStage 1)
[2025-10-20T00:54:42.823+0000] {subprocess.py:106} INFO - 25/10/20 00:54:42 INFO DAGScheduler: Missing parents: List()
[2025-10-20T00:54:42.825+0000] {subprocess.py:106} INFO - 25/10/20 00:54:42 INFO DAGScheduler: Submitting ResultStage 2 (MapPartitionsRDD[5] at count at <unknown>:0), which has no missing parents
[2025-10-20T00:54:42.835+0000] {subprocess.py:106} INFO - 25/10/20 00:54:42 INFO MemoryStore: Block broadcast_1 stored as values in memory (estimated size 13.7 KiB, free 434.4 MiB)
[2025-10-20T00:54:42.842+0000] {subprocess.py:106} INFO - 25/10/20 00:54:42 INFO MemoryStore: Block broadcast_1_piece0 stored as bytes in memory (estimated size 6.3 KiB, free 434.4 MiB)
[2025-10-20T00:54:42.843+0000] {subprocess.py:106} INFO - 25/10/20 00:54:42 INFO BlockManagerInfo: Added broadcast_1_piece0 in memory on 423e5338994a:37959 (size: 6.3 KiB, free: 434.4 MiB)
[2025-10-20T00:54:42.846+0000] {subprocess.py:106} INFO - 25/10/20 00:54:42 INFO SparkContext: Created broadcast 1 from broadcast at DAGScheduler.scala:1585
[2025-10-20T00:54:42.847+0000] {subprocess.py:106} INFO - 25/10/20 00:54:42 INFO DAGScheduler: Submitting 1 missing tasks from ResultStage 2 (MapPartitionsRDD[5] at count at <unknown>:0) (first 15 tasks are for partitions Vector(0))
[2025-10-20T00:54:42.847+0000] {subprocess.py:106} INFO - 25/10/20 00:54:42 INFO TaskSchedulerImpl: Adding task set 2.0 with 1 tasks resource profile 0
[2025-10-20T00:54:42.851+0000] {subprocess.py:106} INFO - 25/10/20 00:54:42 INFO TaskSetManager: Starting task 0.0 in stage 2.0 (TID 1) (172.30.0.7, executor 0, partition 0, NODE_LOCAL, 9003 bytes)
[2025-10-20T00:54:42.875+0000] {subprocess.py:106} INFO - 25/10/20 00:54:42 INFO BlockManagerInfo: Removed broadcast_0_piece0 on 423e5338994a:37959 in memory (size: 6.2 KiB, free: 434.4 MiB)
[2025-10-20T00:54:42.880+0000] {subprocess.py:106} INFO - 25/10/20 00:54:42 INFO BlockManagerInfo: Added broadcast_1_piece0 in memory on 172.30.0.7:37205 (size: 6.3 KiB, free: 434.4 MiB)
[2025-10-20T00:54:42.884+0000] {subprocess.py:106} INFO - 25/10/20 00:54:42 INFO BlockManagerInfo: Removed broadcast_0_piece0 on 172.30.0.7:37205 in memory (size: 6.2 KiB, free: 434.4 MiB)
[2025-10-20T00:54:42.948+0000] {subprocess.py:106} INFO - 25/10/20 00:54:42 INFO MapOutputTrackerMasterEndpoint: Asked to send map output locations for shuffle 0 to 172.30.0.7:34712
[2025-10-20T00:54:43.060+0000] {subprocess.py:106} INFO - 25/10/20 00:54:43 INFO TaskSetManager: Finished task 0.0 in stage 2.0 (TID 1) in 210 ms on 172.30.0.7 (executor 0) (1/1)
[2025-10-20T00:54:43.060+0000] {subprocess.py:106} INFO - 25/10/20 00:54:43 INFO TaskSchedulerImpl: Removed TaskSet 2.0, whose tasks have all completed, from pool
[2025-10-20T00:54:43.061+0000] {subprocess.py:106} INFO - 25/10/20 00:54:43 INFO DAGScheduler: ResultStage 2 (count at <unknown>:0) finished in 0.229 s
[2025-10-20T00:54:43.062+0000] {subprocess.py:106} INFO - 25/10/20 00:54:43 INFO DAGScheduler: Job 1 is finished. Cancelling potential speculative or zombie tasks for this job
[2025-10-20T00:54:43.063+0000] {subprocess.py:106} INFO - 25/10/20 00:54:43 INFO TaskSchedulerImpl: Killing all running tasks in stage 2: Stage finished
[2025-10-20T00:54:43.064+0000] {subprocess.py:106} INFO - 25/10/20 00:54:43 INFO DAGScheduler: Job 1 finished: count at <unknown>:0, took 0.245468 s
[2025-10-20T00:54:43.073+0000] {subprocess.py:106} INFO - Original rows in Bronze: 1000
[2025-10-20T00:54:43.076+0000] {subprocess.py:106} INFO - root
[2025-10-20T00:54:43.078+0000] {subprocess.py:106} INFO -  |-- customer_id: integer (nullable = true)
[2025-10-20T00:54:43.079+0000] {subprocess.py:106} INFO -  |-- order_date: date (nullable = true)
[2025-10-20T00:54:43.079+0000] {subprocess.py:106} INFO -  |-- product_id: integer (nullable = true)
[2025-10-20T00:54:43.079+0000] {subprocess.py:106} INFO -  |-- category_id: integer (nullable = true)
[2025-10-20T00:54:43.080+0000] {subprocess.py:106} INFO -  |-- category_name: string (nullable = true)
[2025-10-20T00:54:43.080+0000] {subprocess.py:106} INFO -  |-- product_name: string (nullable = true)
[2025-10-20T00:54:43.081+0000] {subprocess.py:106} INFO -  |-- quantity: integer (nullable = true)
[2025-10-20T00:54:43.081+0000] {subprocess.py:106} INFO -  |-- price: double (nullable = true)
[2025-10-20T00:54:43.081+0000] {subprocess.py:106} INFO -  |-- payment_method: string (nullable = true)
[2025-10-20T00:54:43.082+0000] {subprocess.py:106} INFO -  |-- city: string (nullable = true)
[2025-10-20T00:54:43.082+0000] {subprocess.py:106} INFO -  |-- review_score: double (nullable = true)
[2025-10-20T00:54:43.082+0000] {subprocess.py:106} INFO -  |-- gender: string (nullable = true)
[2025-10-20T00:54:43.083+0000] {subprocess.py:106} INFO -  |-- age: integer (nullable = true)
[2025-10-20T00:54:43.083+0000] {subprocess.py:106} INFO - 
[2025-10-20T00:54:43.344+0000] {subprocess.py:106} INFO - 25/10/20 00:54:43 INFO BlockManagerInfo: Removed broadcast_1_piece0 on 423e5338994a:37959 in memory (size: 6.3 KiB, free: 434.4 MiB)
[2025-10-20T00:54:43.347+0000] {subprocess.py:106} INFO - 25/10/20 00:54:43 INFO BlockManagerInfo: Removed broadcast_1_piece0 on 172.30.0.7:37205 in memory (size: 6.3 KiB, free: 434.4 MiB)
[2025-10-20T00:54:43.478+0000] {subprocess.py:106} INFO - 25/10/20 00:54:43 INFO V2ScanRelationPushDown:
[2025-10-20T00:54:43.479+0000] {subprocess.py:106} INFO - Pushing operators to hive_catalog.bronze.online_retail_raw
[2025-10-20T00:54:43.479+0000] {subprocess.py:106} INFO - Pushed Filters: quantity IS NOT NULL, price IS NOT NULL, quantity > 0, price > 0.0
[2025-10-20T00:54:43.480+0000] {subprocess.py:106} INFO - Post-Scan Filters: isnotnull(quantity#6),isnotnull(price#7),(quantity#6 > 0),(price#7 > 0.0),atleastnnonnulls(6, customer_id#0, order_date#1, product_id#2, product_name#5, quantity#6, price#7)
[2025-10-20T00:54:43.480+0000] {subprocess.py:106} INFO - 
[2025-10-20T00:54:43.514+0000] {subprocess.py:106} INFO - 25/10/20 00:54:43 INFO V2ScanRelationPushDown:
[2025-10-20T00:54:43.515+0000] {subprocess.py:106} INFO - Output: customer_id#0, order_date#1, product_id#2, category_id#3, category_name#4, product_name#5, quantity#6, price#7, payment_method#8, city#9, review_score#10, gender#11, age#12
[2025-10-20T00:54:43.516+0000] {subprocess.py:106} INFO - 
[2025-10-20T00:54:43.526+0000] {subprocess.py:106} INFO - 25/10/20 00:54:43 INFO SnapshotScan: Scanning table hive_catalog.bronze.online_retail_raw snapshot 5279824907812085804 created at 2025-10-20T00:54:24.332+00:00 with filter (((quantity IS NOT NULL AND price IS NOT NULL) AND quantity > (1-digit-int)) AND price > (1-digit-float))
[2025-10-20T00:54:43.539+0000] {subprocess.py:106} INFO - 25/10/20 00:54:43 INFO BaseDistributedDataScan: Planning file tasks locally for table hive_catalog.bronze.online_retail_raw
[2025-10-20T00:54:43.586+0000] {subprocess.py:106} INFO - 25/10/20 00:54:43 INFO SparkPartitioningAwareScan: Reporting UnknownPartitioning with 1 partition(s) for table hive_catalog.bronze.online_retail_raw
[2025-10-20T00:54:43.606+0000] {subprocess.py:106} INFO - 25/10/20 00:54:43 INFO MemoryStore: Block broadcast_2 stored as values in memory (estimated size 32.0 KiB, free 434.4 MiB)
[2025-10-20T00:54:43.624+0000] {subprocess.py:106} INFO - 25/10/20 00:54:43 INFO MemoryStore: Block broadcast_2_piece0 stored as bytes in memory (estimated size 29.5 KiB, free 434.3 MiB)
[2025-10-20T00:54:43.626+0000] {subprocess.py:106} INFO - 25/10/20 00:54:43 INFO BlockManagerInfo: Added broadcast_2_piece0 in memory on 423e5338994a:37959 (size: 29.5 KiB, free: 434.4 MiB)
[2025-10-20T00:54:43.627+0000] {subprocess.py:106} INFO - 25/10/20 00:54:43 INFO SparkContext: Created broadcast 2 from broadcast at SparkBatch.java:79
[2025-10-20T00:54:43.657+0000] {subprocess.py:106} INFO - 25/10/20 00:54:43 INFO MemoryStore: Block broadcast_3 stored as values in memory (estimated size 32.0 KiB, free 434.3 MiB)
[2025-10-20T00:54:43.664+0000] {subprocess.py:106} INFO - 25/10/20 00:54:43 INFO MemoryStore: Block broadcast_3_piece0 stored as bytes in memory (estimated size 29.5 KiB, free 434.3 MiB)
[2025-10-20T00:54:43.665+0000] {subprocess.py:106} INFO - 25/10/20 00:54:43 INFO BlockManagerInfo: Added broadcast_3_piece0 in memory on 423e5338994a:37959 (size: 29.5 KiB, free: 434.3 MiB)
[2025-10-20T00:54:43.667+0000] {subprocess.py:106} INFO - 25/10/20 00:54:43 INFO SparkContext: Created broadcast 3 from broadcast at SparkBatch.java:79
[2025-10-20T00:54:43.835+0000] {subprocess.py:106} INFO - 25/10/20 00:54:43 INFO CodeGenerator: Code generated in 89.501817 ms
[2025-10-20T00:54:43.880+0000] {subprocess.py:106} INFO - 25/10/20 00:54:43 INFO DAGScheduler: Registering RDD 9 (count at <unknown>:0) as input to shuffle 1
[2025-10-20T00:54:43.883+0000] {subprocess.py:106} INFO - 25/10/20 00:54:43 INFO DAGScheduler: Got map stage job 2 (count at <unknown>:0) with 1 output partitions
[2025-10-20T00:54:43.883+0000] {subprocess.py:106} INFO - 25/10/20 00:54:43 INFO DAGScheduler: Final stage: ShuffleMapStage 3 (count at <unknown>:0)
[2025-10-20T00:54:43.884+0000] {subprocess.py:106} INFO - 25/10/20 00:54:43 INFO DAGScheduler: Parents of final stage: List()
[2025-10-20T00:54:43.884+0000] {subprocess.py:106} INFO - 25/10/20 00:54:43 INFO DAGScheduler: Missing parents: List()
[2025-10-20T00:54:43.885+0000] {subprocess.py:106} INFO - 25/10/20 00:54:43 INFO DAGScheduler: Submitting ShuffleMapStage 3 (MapPartitionsRDD[9] at count at <unknown>:0), which has no missing parents
[2025-10-20T00:54:43.891+0000] {subprocess.py:106} INFO - 25/10/20 00:54:43 INFO MemoryStore: Block broadcast_4 stored as values in memory (estimated size 61.2 KiB, free 434.2 MiB)
[2025-10-20T00:54:43.897+0000] {subprocess.py:106} INFO - 25/10/20 00:54:43 INFO MemoryStore: Block broadcast_4_piece0 stored as bytes in memory (estimated size 22.5 KiB, free 434.2 MiB)
[2025-10-20T00:54:43.898+0000] {subprocess.py:106} INFO - 25/10/20 00:54:43 INFO BlockManagerInfo: Added broadcast_4_piece0 in memory on 423e5338994a:37959 (size: 22.5 KiB, free: 434.3 MiB)
[2025-10-20T00:54:43.899+0000] {subprocess.py:106} INFO - 25/10/20 00:54:43 INFO SparkContext: Created broadcast 4 from broadcast at DAGScheduler.scala:1585
[2025-10-20T00:54:43.899+0000] {subprocess.py:106} INFO - 25/10/20 00:54:43 INFO DAGScheduler: Submitting 1 missing tasks from ShuffleMapStage 3 (MapPartitionsRDD[9] at count at <unknown>:0) (first 15 tasks are for partitions Vector(0))
[2025-10-20T00:54:43.900+0000] {subprocess.py:106} INFO - 25/10/20 00:54:43 INFO TaskSchedulerImpl: Adding task set 3.0 with 1 tasks resource profile 0
[2025-10-20T00:54:43.914+0000] {subprocess.py:106} INFO - 25/10/20 00:54:43 INFO TaskSetManager: Starting task 0.0 in stage 3.0 (TID 2) (172.30.0.7, executor 0, partition 0, ANY, 15389 bytes)
[2025-10-20T00:54:44.189+0000] {subprocess.py:106} INFO - 25/10/20 00:54:44 INFO BlockManagerInfo: Added broadcast_4_piece0 in memory on 172.30.0.7:37205 (size: 22.5 KiB, free: 434.4 MiB)
[2025-10-20T00:54:44.640+0000] {subprocess.py:106} INFO - 25/10/20 00:54:44 INFO BlockManagerInfo: Added broadcast_3_piece0 in memory on 172.30.0.7:37205 (size: 29.5 KiB, free: 434.3 MiB)
[2025-10-20T00:54:46.896+0000] {subprocess.py:106} INFO - 25/10/20 00:54:46 INFO TaskSetManager: Finished task 0.0 in stage 3.0 (TID 2) in 2995 ms on 172.30.0.7 (executor 0) (1/1)
[2025-10-20T00:54:46.897+0000] {subprocess.py:106} INFO - 25/10/20 00:54:46 INFO TaskSchedulerImpl: Removed TaskSet 3.0, whose tasks have all completed, from pool
[2025-10-20T00:54:46.900+0000] {subprocess.py:106} INFO - 25/10/20 00:54:46 INFO DAGScheduler: ShuffleMapStage 3 (count at <unknown>:0) finished in 3.011 s
[2025-10-20T00:54:46.901+0000] {subprocess.py:106} INFO - 25/10/20 00:54:46 INFO DAGScheduler: looking for newly runnable stages
[2025-10-20T00:54:46.902+0000] {subprocess.py:106} INFO - 25/10/20 00:54:46 INFO DAGScheduler: running: Set()
[2025-10-20T00:54:46.902+0000] {subprocess.py:106} INFO - 25/10/20 00:54:46 INFO DAGScheduler: waiting: Set()
[2025-10-20T00:54:46.903+0000] {subprocess.py:106} INFO - 25/10/20 00:54:46 INFO DAGScheduler: failed: Set()
[2025-10-20T00:54:46.918+0000] {subprocess.py:106} INFO - 25/10/20 00:54:46 INFO ShufflePartitionsUtil: For shuffle(1), advisory target size: 67108864, actual target size 1048576, minimum partition size: 1048576
[2025-10-20T00:54:47.004+0000] {subprocess.py:106} INFO - 25/10/20 00:54:47 INFO CodeGenerator: Code generated in 53.994164 ms
[2025-10-20T00:54:47.041+0000] {subprocess.py:106} INFO - 25/10/20 00:54:47 INFO DAGScheduler: Registering RDD 12 (count at <unknown>:0) as input to shuffle 2
[2025-10-20T00:54:47.043+0000] {subprocess.py:106} INFO - 25/10/20 00:54:47 INFO DAGScheduler: Got map stage job 3 (count at <unknown>:0) with 1 output partitions
[2025-10-20T00:54:47.043+0000] {subprocess.py:106} INFO - 25/10/20 00:54:47 INFO DAGScheduler: Final stage: ShuffleMapStage 5 (count at <unknown>:0)
[2025-10-20T00:54:47.044+0000] {subprocess.py:106} INFO - 25/10/20 00:54:47 INFO DAGScheduler: Parents of final stage: List(ShuffleMapStage 4)
[2025-10-20T00:54:47.044+0000] {subprocess.py:106} INFO - 25/10/20 00:54:47 INFO DAGScheduler: Missing parents: List()
[2025-10-20T00:54:47.045+0000] {subprocess.py:106} INFO - 25/10/20 00:54:47 INFO DAGScheduler: Submitting ShuffleMapStage 5 (MapPartitionsRDD[12] at count at <unknown>:0), which has no missing parents
[2025-10-20T00:54:47.067+0000] {subprocess.py:106} INFO - 25/10/20 00:54:47 INFO MemoryStore: Block broadcast_5 stored as values in memory (estimated size 61.4 KiB, free 434.1 MiB)
[2025-10-20T00:54:47.078+0000] {subprocess.py:106} INFO - 25/10/20 00:54:47 INFO MemoryStore: Block broadcast_5_piece0 stored as bytes in memory (estimated size 24.2 KiB, free 434.1 MiB)
[2025-10-20T00:54:47.083+0000] {subprocess.py:106} INFO - 25/10/20 00:54:47 INFO BlockManagerInfo: Added broadcast_5_piece0 in memory on 423e5338994a:37959 (size: 24.2 KiB, free: 434.3 MiB)
[2025-10-20T00:54:47.088+0000] {subprocess.py:106} INFO - 25/10/20 00:54:47 INFO BlockManagerInfo: Removed broadcast_4_piece0 on 423e5338994a:37959 in memory (size: 22.5 KiB, free: 434.3 MiB)
[2025-10-20T00:54:47.089+0000] {subprocess.py:106} INFO - 25/10/20 00:54:47 INFO BlockManagerInfo: Removed broadcast_4_piece0 on 172.30.0.7:37205 in memory (size: 22.5 KiB, free: 434.4 MiB)
[2025-10-20T00:54:47.091+0000] {subprocess.py:106} INFO - 25/10/20 00:54:47 INFO SparkContext: Created broadcast 5 from broadcast at DAGScheduler.scala:1585
[2025-10-20T00:54:47.093+0000] {subprocess.py:106} INFO - 25/10/20 00:54:47 INFO DAGScheduler: Submitting 1 missing tasks from ShuffleMapStage 5 (MapPartitionsRDD[12] at count at <unknown>:0) (first 15 tasks are for partitions Vector(0))
[2025-10-20T00:54:47.094+0000] {subprocess.py:106} INFO - 25/10/20 00:54:47 INFO TaskSchedulerImpl: Adding task set 5.0 with 1 tasks resource profile 0
[2025-10-20T00:54:47.095+0000] {subprocess.py:106} INFO - 25/10/20 00:54:47 INFO TaskSetManager: Starting task 0.0 in stage 5.0 (TID 3) (172.30.0.7, executor 0, partition 0, NODE_LOCAL, 8992 bytes)
[2025-10-20T00:54:47.158+0000] {subprocess.py:106} INFO - 25/10/20 00:54:47 INFO BlockManagerInfo: Added broadcast_5_piece0 in memory on 172.30.0.7:37205 (size: 24.2 KiB, free: 434.3 MiB)
[2025-10-20T00:54:47.205+0000] {subprocess.py:106} INFO - 25/10/20 00:54:47 INFO MapOutputTrackerMasterEndpoint: Asked to send map output locations for shuffle 1 to 172.30.0.7:34712
[2025-10-20T00:54:47.329+0000] {subprocess.py:106} INFO - 25/10/20 00:54:47 INFO TaskSetManager: Finished task 0.0 in stage 5.0 (TID 3) in 235 ms on 172.30.0.7 (executor 0) (1/1)
[2025-10-20T00:54:47.330+0000] {subprocess.py:106} INFO - 25/10/20 00:54:47 INFO TaskSchedulerImpl: Removed TaskSet 5.0, whose tasks have all completed, from pool
[2025-10-20T00:54:47.331+0000] {subprocess.py:106} INFO - 25/10/20 00:54:47 INFO DAGScheduler: ShuffleMapStage 5 (count at <unknown>:0) finished in 0.268 s
[2025-10-20T00:54:47.332+0000] {subprocess.py:106} INFO - 25/10/20 00:54:47 INFO DAGScheduler: looking for newly runnable stages
[2025-10-20T00:54:47.332+0000] {subprocess.py:106} INFO - 25/10/20 00:54:47 INFO DAGScheduler: running: Set()
[2025-10-20T00:54:47.332+0000] {subprocess.py:106} INFO - 25/10/20 00:54:47 INFO DAGScheduler: waiting: Set()
[2025-10-20T00:54:47.333+0000] {subprocess.py:106} INFO - 25/10/20 00:54:47 INFO DAGScheduler: failed: Set()
[2025-10-20T00:54:47.355+0000] {subprocess.py:106} INFO - 25/10/20 00:54:47 INFO CodeGenerator: Code generated in 8.297246 ms
[2025-10-20T00:54:47.371+0000] {subprocess.py:106} INFO - 25/10/20 00:54:47 INFO SparkContext: Starting job: count at <unknown>:0
[2025-10-20T00:54:47.373+0000] {subprocess.py:106} INFO - 25/10/20 00:54:47 INFO DAGScheduler: Got job 4 (count at <unknown>:0) with 1 output partitions
[2025-10-20T00:54:47.374+0000] {subprocess.py:106} INFO - 25/10/20 00:54:47 INFO DAGScheduler: Final stage: ResultStage 8 (count at <unknown>:0)
[2025-10-20T00:54:47.374+0000] {subprocess.py:106} INFO - 25/10/20 00:54:47 INFO DAGScheduler: Parents of final stage: List(ShuffleMapStage 7)
[2025-10-20T00:54:47.375+0000] {subprocess.py:106} INFO - 25/10/20 00:54:47 INFO DAGScheduler: Missing parents: List()
[2025-10-20T00:54:47.375+0000] {subprocess.py:106} INFO - 25/10/20 00:54:47 INFO DAGScheduler: Submitting ResultStage 8 (MapPartitionsRDD[15] at count at <unknown>:0), which has no missing parents
[2025-10-20T00:54:47.379+0000] {subprocess.py:106} INFO - 25/10/20 00:54:47 INFO MemoryStore: Block broadcast_6 stored as values in memory (estimated size 12.5 KiB, free 434.2 MiB)
[2025-10-20T00:54:47.387+0000] {subprocess.py:106} INFO - 25/10/20 00:54:47 INFO MemoryStore: Block broadcast_6_piece0 stored as bytes in memory (estimated size 5.9 KiB, free 434.2 MiB)
[2025-10-20T00:54:47.397+0000] {subprocess.py:106} INFO - 25/10/20 00:54:47 INFO BlockManagerInfo: Added broadcast_6_piece0 in memory on 423e5338994a:37959 (size: 5.9 KiB, free: 434.3 MiB)
[2025-10-20T00:54:47.408+0000] {subprocess.py:106} INFO - 25/10/20 00:54:47 INFO SparkContext: Created broadcast 6 from broadcast at DAGScheduler.scala:1585
[2025-10-20T00:54:47.410+0000] {subprocess.py:106} INFO - 25/10/20 00:54:47 INFO DAGScheduler: Submitting 1 missing tasks from ResultStage 8 (MapPartitionsRDD[15] at count at <unknown>:0) (first 15 tasks are for partitions Vector(0))
[2025-10-20T00:54:47.413+0000] {subprocess.py:106} INFO - 25/10/20 00:54:47 INFO TaskSchedulerImpl: Adding task set 8.0 with 1 tasks resource profile 0
[2025-10-20T00:54:47.414+0000] {subprocess.py:106} INFO - 25/10/20 00:54:47 INFO BlockManagerInfo: Removed broadcast_5_piece0 on 423e5338994a:37959 in memory (size: 24.2 KiB, free: 434.3 MiB)
[2025-10-20T00:54:47.415+0000] {subprocess.py:106} INFO - 25/10/20 00:54:47 INFO TaskSetManager: Starting task 0.0 in stage 8.0 (TID 4) (172.30.0.7, executor 0, partition 0, NODE_LOCAL, 9003 bytes)
[2025-10-20T00:54:47.416+0000] {subprocess.py:106} INFO - 25/10/20 00:54:47 INFO BlockManagerInfo: Removed broadcast_5_piece0 on 172.30.0.7:37205 in memory (size: 24.2 KiB, free: 434.4 MiB)
[2025-10-20T00:54:47.453+0000] {subprocess.py:106} INFO - 25/10/20 00:54:47 INFO BlockManagerInfo: Added broadcast_6_piece0 in memory on 172.30.0.7:37205 (size: 5.9 KiB, free: 434.4 MiB)
[2025-10-20T00:54:47.468+0000] {subprocess.py:106} INFO - 25/10/20 00:54:47 INFO MapOutputTrackerMasterEndpoint: Asked to send map output locations for shuffle 2 to 172.30.0.7:34712
[2025-10-20T00:54:47.526+0000] {subprocess.py:106} INFO - 25/10/20 00:54:47 INFO TaskSetManager: Finished task 0.0 in stage 8.0 (TID 4) in 126 ms on 172.30.0.7 (executor 0) (1/1)
[2025-10-20T00:54:47.530+0000] {subprocess.py:106} INFO - 25/10/20 00:54:47 INFO TaskSchedulerImpl: Removed TaskSet 8.0, whose tasks have all completed, from pool
[2025-10-20T00:54:47.532+0000] {subprocess.py:106} INFO - 25/10/20 00:54:47 INFO DAGScheduler: ResultStage 8 (count at <unknown>:0) finished in 0.151 s
[2025-10-20T00:54:47.532+0000] {subprocess.py:106} INFO - 25/10/20 00:54:47 INFO DAGScheduler: Job 4 is finished. Cancelling potential speculative or zombie tasks for this job
[2025-10-20T00:54:47.533+0000] {subprocess.py:106} INFO - 25/10/20 00:54:47 INFO TaskSchedulerImpl: Killing all running tasks in stage 8: Stage finished
[2025-10-20T00:54:47.538+0000] {subprocess.py:106} INFO - 25/10/20 00:54:47 INFO DAGScheduler: Job 4 finished: count at <unknown>:0, took 0.157499 s
[2025-10-20T00:54:47.543+0000] {subprocess.py:106} INFO - Cleaned rows in Silver: 1000
[2025-10-20T00:54:47.691+0000] {subprocess.py:106} INFO - 25/10/20 00:54:47 INFO BaseMetastoreTableOperations: Refreshing table metadata from new version: hdfs://tuankiet170-master:9000/data_lake/warehouse/silver.db/ecommerce_clean/metadata/00000-e1135932-5a74-41b9-a4a4-482626d0b828.metadata.json
[2025-10-20T00:54:47.716+0000] {subprocess.py:106} INFO - 25/10/20 00:54:47 INFO BaseMetastoreCatalog: Table loaded by catalog: hive_catalog.silver.ecommerce_clean
[2025-10-20T00:54:47.808+0000] {subprocess.py:106} INFO - 25/10/20 00:54:47 INFO HiveCatalog: Dropped table: silver.ecommerce_clean
[2025-10-20T00:54:48.028+0000] {subprocess.py:106} INFO - 25/10/20 00:54:48 INFO BaseMetastoreCatalog: Table properties set at catalog level through catalog properties: {}
[2025-10-20T00:54:48.037+0000] {subprocess.py:106} INFO - 25/10/20 00:54:48 INFO BaseMetastoreCatalog: Table properties enforced at catalog level through catalog properties: {}
[2025-10-20T00:54:48.107+0000] {subprocess.py:106} INFO - 25/10/20 00:54:48 INFO V2ScanRelationPushDown:
[2025-10-20T00:54:48.108+0000] {subprocess.py:106} INFO - Pushing operators to hive_catalog.bronze.online_retail_raw
[2025-10-20T00:54:48.109+0000] {subprocess.py:106} INFO - Pushed Filters: quantity IS NOT NULL, price IS NOT NULL, quantity > 0, price > 0.0
[2025-10-20T00:54:48.109+0000] {subprocess.py:106} INFO - Post-Scan Filters: isnotnull(quantity#6),isnotnull(price#7),(quantity#6 > 0),(price#7 > 0.0),atleastnnonnulls(6, customer_id#0, order_date#1, product_id#2, product_name#5, quantity#6, price#7)
[2025-10-20T00:54:48.110+0000] {subprocess.py:106} INFO - 
[2025-10-20T00:54:48.111+0000] {subprocess.py:106} INFO - 25/10/20 00:54:48 INFO V2ScanRelationPushDown:
[2025-10-20T00:54:48.111+0000] {subprocess.py:106} INFO - Output: customer_id#0, order_date#1, product_id#2, category_id#3, category_name#4, product_name#5, quantity#6, price#7, payment_method#8, city#9, review_score#10, gender#11, age#12
[2025-10-20T00:54:48.112+0000] {subprocess.py:106} INFO - 
[2025-10-20T00:54:48.112+0000] {subprocess.py:106} INFO - 25/10/20 00:54:48 INFO SnapshotScan: Scanning table hive_catalog.bronze.online_retail_raw snapshot 5279824907812085804 created at 2025-10-20T00:54:24.332+00:00 with filter (((quantity IS NOT NULL AND price IS NOT NULL) AND quantity > (1-digit-int)) AND price > (1-digit-float))
[2025-10-20T00:54:48.113+0000] {subprocess.py:106} INFO - 25/10/20 00:54:48 INFO BaseDistributedDataScan: Planning file tasks locally for table hive_catalog.bronze.online_retail_raw
[2025-10-20T00:54:48.144+0000] {subprocess.py:106} INFO - 25/10/20 00:54:48 INFO BlockManagerInfo: Removed broadcast_6_piece0 on 423e5338994a:37959 in memory (size: 5.9 KiB, free: 434.3 MiB)
[2025-10-20T00:54:48.145+0000] {subprocess.py:106} INFO - 25/10/20 00:54:48 INFO SparkPartitioningAwareScan: Reporting UnknownPartitioning with 1 partition(s) for table hive_catalog.bronze.online_retail_raw
[2025-10-20T00:54:48.147+0000] {subprocess.py:106} INFO - 25/10/20 00:54:48 INFO BlockManagerInfo: Removed broadcast_6_piece0 on 172.30.0.7:37205 in memory (size: 5.9 KiB, free: 434.4 MiB)
[2025-10-20T00:54:48.177+0000] {subprocess.py:106} INFO - 25/10/20 00:54:48 INFO SparkWrite: Requesting 0 bytes advisory partition size for table silver.ecommerce_clean
[2025-10-20T00:54:48.177+0000] {subprocess.py:106} INFO - 25/10/20 00:54:48 INFO SparkWrite: Requesting UnspecifiedDistribution as write distribution for table silver.ecommerce_clean
[2025-10-20T00:54:48.181+0000] {subprocess.py:106} INFO - 25/10/20 00:54:48 INFO SparkWrite: Requesting [] as write ordering for table silver.ecommerce_clean
[2025-10-20T00:54:48.210+0000] {subprocess.py:106} INFO - 25/10/20 00:54:48 INFO MemoryStore: Block broadcast_7 stored as values in memory (estimated size 32.0 KiB, free 434.2 MiB)
[2025-10-20T00:54:48.218+0000] {subprocess.py:106} INFO - 25/10/20 00:54:48 INFO MemoryStore: Block broadcast_7_piece0 stored as bytes in memory (estimated size 29.5 KiB, free 434.2 MiB)
[2025-10-20T00:54:48.219+0000] {subprocess.py:106} INFO - 25/10/20 00:54:48 INFO BlockManagerInfo: Added broadcast_7_piece0 in memory on 423e5338994a:37959 (size: 29.5 KiB, free: 434.3 MiB)
[2025-10-20T00:54:48.220+0000] {subprocess.py:106} INFO - 25/10/20 00:54:48 INFO SparkContext: Created broadcast 7 from broadcast at SparkBatch.java:79
[2025-10-20T00:54:48.237+0000] {subprocess.py:106} INFO - 25/10/20 00:54:48 INFO MemoryStore: Block broadcast_8 stored as values in memory (estimated size 32.0 KiB, free 434.2 MiB)
[2025-10-20T00:54:48.252+0000] {subprocess.py:106} INFO - 25/10/20 00:54:48 INFO MemoryStore: Block broadcast_8_piece0 stored as bytes in memory (estimated size 29.5 KiB, free 434.2 MiB)
[2025-10-20T00:54:48.254+0000] {subprocess.py:106} INFO - 25/10/20 00:54:48 INFO BlockManagerInfo: Removed broadcast_2_piece0 on 423e5338994a:37959 in memory (size: 29.5 KiB, free: 434.3 MiB)
[2025-10-20T00:54:48.255+0000] {subprocess.py:106} INFO - 25/10/20 00:54:48 INFO BlockManagerInfo: Added broadcast_8_piece0 in memory on 423e5338994a:37959 (size: 29.5 KiB, free: 434.3 MiB)
[2025-10-20T00:54:48.256+0000] {subprocess.py:106} INFO - 25/10/20 00:54:48 INFO SparkContext: Created broadcast 8 from broadcast at SparkBatch.java:79
[2025-10-20T00:54:48.330+0000] {subprocess.py:106} INFO - 25/10/20 00:54:48 INFO DAGScheduler: Registering RDD 19 (create at <unknown>:0) as input to shuffle 3
[2025-10-20T00:54:48.331+0000] {subprocess.py:106} INFO - 25/10/20 00:54:48 INFO DAGScheduler: Got map stage job 5 (create at <unknown>:0) with 1 output partitions
[2025-10-20T00:54:48.331+0000] {subprocess.py:106} INFO - 25/10/20 00:54:48 INFO DAGScheduler: Final stage: ShuffleMapStage 9 (create at <unknown>:0)
[2025-10-20T00:54:48.332+0000] {subprocess.py:106} INFO - 25/10/20 00:54:48 INFO DAGScheduler: Parents of final stage: List()
[2025-10-20T00:54:48.332+0000] {subprocess.py:106} INFO - 25/10/20 00:54:48 INFO DAGScheduler: Missing parents: List()
[2025-10-20T00:54:48.334+0000] {subprocess.py:106} INFO - 25/10/20 00:54:48 INFO DAGScheduler: Submitting ShuffleMapStage 9 (MapPartitionsRDD[19] at create at <unknown>:0), which has no missing parents
[2025-10-20T00:54:48.337+0000] {subprocess.py:106} INFO - 25/10/20 00:54:48 INFO MemoryStore: Block broadcast_9 stored as values in memory (estimated size 61.2 KiB, free 434.2 MiB)
[2025-10-20T00:54:48.345+0000] {subprocess.py:106} INFO - 25/10/20 00:54:48 INFO MemoryStore: Block broadcast_9_piece0 stored as bytes in memory (estimated size 22.5 KiB, free 434.1 MiB)
[2025-10-20T00:54:48.347+0000] {subprocess.py:106} INFO - 25/10/20 00:54:48 INFO BlockManagerInfo: Added broadcast_9_piece0 in memory on 423e5338994a:37959 (size: 22.5 KiB, free: 434.3 MiB)
[2025-10-20T00:54:48.349+0000] {subprocess.py:106} INFO - 25/10/20 00:54:48 INFO SparkContext: Created broadcast 9 from broadcast at DAGScheduler.scala:1585
[2025-10-20T00:54:48.349+0000] {subprocess.py:106} INFO - 25/10/20 00:54:48 INFO DAGScheduler: Submitting 1 missing tasks from ShuffleMapStage 9 (MapPartitionsRDD[19] at create at <unknown>:0) (first 15 tasks are for partitions Vector(0))
[2025-10-20T00:54:48.350+0000] {subprocess.py:106} INFO - 25/10/20 00:54:48 INFO TaskSchedulerImpl: Adding task set 9.0 with 1 tasks resource profile 0
[2025-10-20T00:54:48.352+0000] {subprocess.py:106} INFO - 25/10/20 00:54:48 INFO TaskSetManager: Starting task 0.0 in stage 9.0 (TID 5) (172.30.0.7, executor 0, partition 0, ANY, 15389 bytes)
[2025-10-20T00:54:48.381+0000] {subprocess.py:106} INFO - 25/10/20 00:54:48 INFO BlockManagerInfo: Added broadcast_9_piece0 in memory on 172.30.0.7:37205 (size: 22.5 KiB, free: 434.3 MiB)
[2025-10-20T00:54:48.390+0000] {subprocess.py:106} INFO - 25/10/20 00:54:48 INFO BlockManagerInfo: Removed broadcast_3_piece0 on 423e5338994a:37959 in memory (size: 29.5 KiB, free: 434.3 MiB)
[2025-10-20T00:54:48.399+0000] {subprocess.py:106} INFO - 25/10/20 00:54:48 INFO BlockManagerInfo: Removed broadcast_3_piece0 on 172.30.0.7:37205 in memory (size: 29.5 KiB, free: 434.4 MiB)
[2025-10-20T00:54:48.448+0000] {subprocess.py:106} INFO - 25/10/20 00:54:48 INFO BlockManagerInfo: Added broadcast_8_piece0 in memory on 172.30.0.7:37205 (size: 29.5 KiB, free: 434.3 MiB)
[2025-10-20T00:54:48.679+0000] {subprocess.py:106} INFO - 25/10/20 00:54:48 INFO TaskSetManager: Finished task 0.0 in stage 9.0 (TID 5) in 328 ms on 172.30.0.7 (executor 0) (1/1)
[2025-10-20T00:54:48.685+0000] {subprocess.py:106} INFO - 25/10/20 00:54:48 INFO TaskSchedulerImpl: Removed TaskSet 9.0, whose tasks have all completed, from pool
[2025-10-20T00:54:48.685+0000] {subprocess.py:106} INFO - 25/10/20 00:54:48 INFO DAGScheduler: ShuffleMapStage 9 (create at <unknown>:0) finished in 0.346 s
[2025-10-20T00:54:48.686+0000] {subprocess.py:106} INFO - 25/10/20 00:54:48 INFO DAGScheduler: looking for newly runnable stages
[2025-10-20T00:54:48.686+0000] {subprocess.py:106} INFO - 25/10/20 00:54:48 INFO DAGScheduler: running: Set()
[2025-10-20T00:54:48.686+0000] {subprocess.py:106} INFO - 25/10/20 00:54:48 INFO DAGScheduler: waiting: Set()
[2025-10-20T00:54:48.687+0000] {subprocess.py:106} INFO - 25/10/20 00:54:48 INFO DAGScheduler: failed: Set()
[2025-10-20T00:54:48.687+0000] {subprocess.py:106} INFO - 25/10/20 00:54:48 INFO ShufflePartitionsUtil: For shuffle(3), advisory target size: 67108864, actual target size 1048576, minimum partition size: 1048576
[2025-10-20T00:54:48.799+0000] {subprocess.py:106} INFO - 25/10/20 00:54:48 INFO CodeGenerator: Code generated in 94.560375 ms
[2025-10-20T00:54:48.829+0000] {subprocess.py:106} INFO - 25/10/20 00:54:48 INFO MemoryStore: Block broadcast_10 stored as values in memory (estimated size 32.0 KiB, free 434.2 MiB)
[2025-10-20T00:54:48.845+0000] {subprocess.py:106} INFO - 25/10/20 00:54:48 INFO MemoryStore: Block broadcast_10_piece0 stored as bytes in memory (estimated size 29.3 KiB, free 434.1 MiB)
[2025-10-20T00:54:48.846+0000] {subprocess.py:106} INFO - 25/10/20 00:54:48 INFO BlockManagerInfo: Removed broadcast_9_piece0 on 423e5338994a:37959 in memory (size: 22.5 KiB, free: 434.3 MiB)
[2025-10-20T00:54:48.846+0000] {subprocess.py:106} INFO - 25/10/20 00:54:48 INFO BlockManagerInfo: Added broadcast_10_piece0 in memory on 423e5338994a:37959 (size: 29.3 KiB, free: 434.3 MiB)
[2025-10-20T00:54:48.847+0000] {subprocess.py:106} INFO - 25/10/20 00:54:48 INFO SparkContext: Created broadcast 10 from broadcast at SparkWrite.java:193
[2025-10-20T00:54:48.847+0000] {subprocess.py:106} INFO - 25/10/20 00:54:48 INFO BlockManagerInfo: Removed broadcast_9_piece0 on 172.30.0.7:37205 in memory (size: 22.5 KiB, free: 434.4 MiB)
[2025-10-20T00:54:48.853+0000] {subprocess.py:106} INFO - 25/10/20 00:54:48 INFO AppendDataExec: Start processing data source write support: IcebergBatchWrite(table=silver.ecommerce_clean, format=PARQUET). The input RDD has 1 partitions.
[2025-10-20T00:54:48.869+0000] {subprocess.py:106} INFO - 25/10/20 00:54:48 INFO SparkContext: Starting job: create at <unknown>:0
[2025-10-20T00:54:48.870+0000] {subprocess.py:106} INFO - 25/10/20 00:54:48 INFO DAGScheduler: Got job 6 (create at <unknown>:0) with 1 output partitions
[2025-10-20T00:54:48.871+0000] {subprocess.py:106} INFO - 25/10/20 00:54:48 INFO DAGScheduler: Final stage: ResultStage 11 (create at <unknown>:0)
[2025-10-20T00:54:48.872+0000] {subprocess.py:106} INFO - 25/10/20 00:54:48 INFO DAGScheduler: Parents of final stage: List(ShuffleMapStage 10)
[2025-10-20T00:54:48.883+0000] {subprocess.py:106} INFO - 25/10/20 00:54:48 INFO DAGScheduler: Missing parents: List()
[2025-10-20T00:54:48.886+0000] {subprocess.py:106} INFO - 25/10/20 00:54:48 INFO DAGScheduler: Submitting ResultStage 11 (MapPartitionsRDD[21] at create at <unknown>:0), which has no missing parents
[2025-10-20T00:54:48.897+0000] {subprocess.py:106} INFO - 25/10/20 00:54:48 INFO MemoryStore: Block broadcast_11 stored as values in memory (estimated size 68.6 KiB, free 434.2 MiB)
[2025-10-20T00:54:48.903+0000] {subprocess.py:106} INFO - 25/10/20 00:54:48 INFO MemoryStore: Block broadcast_11_piece0 stored as bytes in memory (estimated size 27.2 KiB, free 434.1 MiB)
[2025-10-20T00:54:48.904+0000] {subprocess.py:106} INFO - 25/10/20 00:54:48 INFO BlockManagerInfo: Added broadcast_11_piece0 in memory on 423e5338994a:37959 (size: 27.2 KiB, free: 434.3 MiB)
[2025-10-20T00:54:48.905+0000] {subprocess.py:106} INFO - 25/10/20 00:54:48 INFO SparkContext: Created broadcast 11 from broadcast at DAGScheduler.scala:1585
[2025-10-20T00:54:48.906+0000] {subprocess.py:106} INFO - 25/10/20 00:54:48 INFO DAGScheduler: Submitting 1 missing tasks from ResultStage 11 (MapPartitionsRDD[21] at create at <unknown>:0) (first 15 tasks are for partitions Vector(0))
[2025-10-20T00:54:48.906+0000] {subprocess.py:106} INFO - 25/10/20 00:54:48 INFO TaskSchedulerImpl: Adding task set 11.0 with 1 tasks resource profile 0
[2025-10-20T00:54:48.908+0000] {subprocess.py:106} INFO - 25/10/20 00:54:48 INFO TaskSetManager: Starting task 0.0 in stage 11.0 (TID 6) (172.30.0.7, executor 0, partition 0, NODE_LOCAL, 9003 bytes)
[2025-10-20T00:54:48.930+0000] {subprocess.py:106} INFO - 25/10/20 00:54:48 INFO BlockManagerInfo: Added broadcast_11_piece0 in memory on 172.30.0.7:37205 (size: 27.2 KiB, free: 434.3 MiB)
[2025-10-20T00:54:48.984+0000] {subprocess.py:106} INFO - 25/10/20 00:54:48 INFO MapOutputTrackerMasterEndpoint: Asked to send map output locations for shuffle 3 to 172.30.0.7:34712
[2025-10-20T00:54:49.054+0000] {subprocess.py:106} INFO - 25/10/20 00:54:49 INFO BlockManagerInfo: Added broadcast_10_piece0 in memory on 172.30.0.7:37205 (size: 29.3 KiB, free: 434.3 MiB)
[2025-10-20T00:54:49.645+0000] {subprocess.py:106} INFO - 25/10/20 00:54:49 INFO TaskSetManager: Finished task 0.0 in stage 11.0 (TID 6) in 737 ms on 172.30.0.7 (executor 0) (1/1)
[2025-10-20T00:54:49.646+0000] {subprocess.py:106} INFO - 25/10/20 00:54:49 INFO TaskSchedulerImpl: Removed TaskSet 11.0, whose tasks have all completed, from pool
[2025-10-20T00:54:49.646+0000] {subprocess.py:106} INFO - 25/10/20 00:54:49 INFO DAGScheduler: ResultStage 11 (create at <unknown>:0) finished in 0.751 s
[2025-10-20T00:54:49.646+0000] {subprocess.py:106} INFO - 25/10/20 00:54:49 INFO DAGScheduler: Job 6 is finished. Cancelling potential speculative or zombie tasks for this job
[2025-10-20T00:54:49.647+0000] {subprocess.py:106} INFO - 25/10/20 00:54:49 INFO TaskSchedulerImpl: Killing all running tasks in stage 11: Stage finished
[2025-10-20T00:54:49.647+0000] {subprocess.py:106} INFO - 25/10/20 00:54:49 INFO DAGScheduler: Job 6 finished: create at <unknown>:0, took 0.778019 s
[2025-10-20T00:54:49.648+0000] {subprocess.py:106} INFO - 25/10/20 00:54:49 INFO AppendDataExec: Data source write support IcebergBatchWrite(table=silver.ecommerce_clean, format=PARQUET) is committing.
[2025-10-20T00:54:49.672+0000] {subprocess.py:106} INFO - 25/10/20 00:54:49 INFO SparkWrite: Committing append with 1 new data files to table silver.ecommerce_clean
[2025-10-20T00:54:49.786+0000] {subprocess.py:106} INFO - 25/10/20 00:54:49 INFO BlockManagerInfo: Removed broadcast_11_piece0 on 423e5338994a:37959 in memory (size: 27.2 KiB, free: 434.3 MiB)
[2025-10-20T00:54:49.788+0000] {subprocess.py:106} INFO - 25/10/20 00:54:49 INFO BlockManagerInfo: Removed broadcast_11_piece0 on 172.30.0.7:37205 in memory (size: 27.2 KiB, free: 434.3 MiB)
[2025-10-20T00:54:50.419+0000] {subprocess.py:106} INFO - 25/10/20 00:54:50 INFO SnapshotProducer: Committed snapshot 6659383552526747710 (MergeAppend)
[2025-10-20T00:54:50.452+0000] {subprocess.py:106} INFO - 25/10/20 00:54:50 INFO LoggingMetricsReporter: Received metrics report: CommitReport{tableName=silver.ecommerce_clean, snapshotId=6659383552526747710, sequenceNumber=1, operation=append, commitMetrics=CommitMetricsResult{totalDuration=TimerResult{timeUnit=NANOSECONDS, totalDuration=PT0.772039395S, count=1}, attempts=CounterResult{unit=COUNT, value=1}, addedDataFiles=CounterResult{unit=COUNT, value=1}, removedDataFiles=null, totalDataFiles=CounterResult{unit=COUNT, value=1}, addedDeleteFiles=null, addedEqualityDeleteFiles=null, addedPositionalDeleteFiles=null, removedDeleteFiles=null, removedEqualityDeleteFiles=null, removedPositionalDeleteFiles=null, totalDeleteFiles=CounterResult{unit=COUNT, value=0}, addedRecords=CounterResult{unit=COUNT, value=1000}, removedRecords=null, totalRecords=CounterResult{unit=COUNT, value=1000}, addedFilesSizeInBytes=CounterResult{unit=BYTES, value=27807}, removedFilesSizeInBytes=null, totalFilesSizeInBytes=CounterResult{unit=BYTES, value=27807}, addedPositionalDeletes=null, removedPositionalDeletes=null, totalPositionalDeletes=CounterResult{unit=COUNT, value=0}, addedEqualityDeletes=null, removedEqualityDeletes=null, totalEqualityDeletes=CounterResult{unit=COUNT, value=0}}, metadata={engine-version=3.5.3, app-id=app-20251020005435-0007, engine-name=spark, iceberg-version=Apache Iceberg 1.6.1 (commit 8e9d59d299be42b0bca9461457cd1e95dbaad086)}}
[2025-10-20T00:54:50.453+0000] {subprocess.py:106} INFO - 25/10/20 00:54:50 INFO SparkWrite: Committed in 779 ms
[2025-10-20T00:54:50.453+0000] {subprocess.py:106} INFO - 25/10/20 00:54:50 INFO AppendDataExec: Data source write support IcebergBatchWrite(table=silver.ecommerce_clean, format=PARQUET) committed.
[2025-10-20T00:54:51.069+0000] {subprocess.py:106} INFO - 25/10/20 00:54:51 INFO BlockManagerInfo: Removed broadcast_10_piece0 on 423e5338994a:37959 in memory (size: 29.3 KiB, free: 434.3 MiB)
[2025-10-20T00:54:51.070+0000] {subprocess.py:106} INFO - 25/10/20 00:54:51 INFO BlockManagerInfo: Removed broadcast_10_piece0 on 172.30.0.7:37205 in memory (size: 29.3 KiB, free: 434.4 MiB)
[2025-10-20T00:54:51.244+0000] {subprocess.py:106} INFO - 25/10/20 00:54:51 INFO HiveTableOperations: Committed to table hive_catalog.silver.ecommerce_clean with the new metadata location hdfs://tuankiet170-master:9000/data_lake/warehouse/silver.db/ecommerce_clean/metadata/00000-e2e0f0c0-7f23-4b45-8ea5-3df10cf64805.metadata.json
[2025-10-20T00:54:51.245+0000] {subprocess.py:106} INFO - 25/10/20 00:54:51 INFO BaseMetastoreTableOperations: Successfully committed to table hive_catalog.silver.ecommerce_clean in 789 ms
[2025-10-20T00:54:51.249+0000] {subprocess.py:106} INFO -  Silver table created: hive_catalog.silver.ecommerce_clean
[2025-10-20T00:54:52.320+0000] {subprocess.py:106} INFO - 25/10/20 00:54:52 INFO BlockManagerInfo: Removed broadcast_7_piece0 on 423e5338994a:37959 in memory (size: 29.5 KiB, free: 434.4 MiB)
[2025-10-20T00:54:52.328+0000] {subprocess.py:106} INFO - 25/10/20 00:54:52 INFO BlockManagerInfo: Removed broadcast_8_piece0 on 423e5338994a:37959 in memory (size: 29.5 KiB, free: 434.4 MiB)
[2025-10-20T00:54:52.331+0000] {subprocess.py:106} INFO - 25/10/20 00:54:52 INFO BlockManagerInfo: Removed broadcast_8_piece0 on 172.30.0.7:37205 in memory (size: 29.5 KiB, free: 434.4 MiB)
[2025-10-20T00:54:52.656+0000] {subprocess.py:106} INFO - 25/10/20 00:54:52 INFO CodeGenerator: Code generated in 25.348736 ms
[2025-10-20T00:54:52.740+0000] {subprocess.py:106} INFO - 25/10/20 00:54:52 INFO CodeGenerator: Code generated in 5.761708 ms
[2025-10-20T00:54:52.757+0000] {subprocess.py:106} INFO - 25/10/20 00:54:52 INFO CodeGenerator: Code generated in 6.884784 ms
[2025-10-20T00:54:52.768+0000] {subprocess.py:106} INFO - +---------+---------------+-----------+
[2025-10-20T00:54:52.769+0000] {subprocess.py:106} INFO - |namespace|      tableName|isTemporary|
[2025-10-20T00:54:52.769+0000] {subprocess.py:106} INFO - +---------+---------------+-----------+
[2025-10-20T00:54:52.769+0000] {subprocess.py:106} INFO - |   silver|ecommerce_clean|      false|
[2025-10-20T00:54:52.770+0000] {subprocess.py:106} INFO - +---------+---------------+-----------+
[2025-10-20T00:54:52.770+0000] {subprocess.py:106} INFO - 
[2025-10-20T00:54:52.814+0000] {subprocess.py:106} INFO - 25/10/20 00:54:52 INFO BaseMetastoreTableOperations: Refreshing table metadata from new version: hdfs://tuankiet170-master:9000/data_lake/warehouse/silver.db/ecommerce_clean/metadata/00000-e2e0f0c0-7f23-4b45-8ea5-3df10cf64805.metadata.json
[2025-10-20T00:54:52.840+0000] {subprocess.py:106} INFO - 25/10/20 00:54:52 INFO BaseMetastoreCatalog: Table loaded by catalog: hive_catalog.silver.ecommerce_clean
[2025-10-20T00:54:52.873+0000] {subprocess.py:106} INFO - 25/10/20 00:54:52 INFO V2ScanRelationPushDown:
[2025-10-20T00:54:52.874+0000] {subprocess.py:106} INFO - Output: customer_id#308, order_date#309, product_id#310, category_id#311, category_name#312, product_name#313, quantity#314, price#315, payment_method#316, city#317, review_score#318, gender#319, age#320, total_price#321
[2025-10-20T00:54:52.874+0000] {subprocess.py:106} INFO - 
[2025-10-20T00:54:52.877+0000] {subprocess.py:106} INFO - 25/10/20 00:54:52 INFO SnapshotScan: Scanning table hive_catalog.silver.ecommerce_clean snapshot 6659383552526747710 created at 2025-10-20T00:54:50.413+00:00 with filter true
[2025-10-20T00:54:52.905+0000] {subprocess.py:106} INFO - 25/10/20 00:54:52 INFO BaseDistributedDataScan: Planning file tasks locally for table hive_catalog.silver.ecommerce_clean
[2025-10-20T00:54:52.929+0000] {subprocess.py:106} INFO - 25/10/20 00:54:52 INFO SparkPartitioningAwareScan: Reporting UnknownPartitioning with 1 partition(s) for table hive_catalog.silver.ecommerce_clean
[2025-10-20T00:54:52.938+0000] {subprocess.py:106} INFO - 25/10/20 00:54:52 INFO MemoryStore: Block broadcast_12 stored as values in memory (estimated size 32.0 KiB, free 434.4 MiB)
[2025-10-20T00:54:52.947+0000] {subprocess.py:106} INFO - 25/10/20 00:54:52 INFO MemoryStore: Block broadcast_12_piece0 stored as bytes in memory (estimated size 29.5 KiB, free 434.3 MiB)
[2025-10-20T00:54:52.950+0000] {subprocess.py:106} INFO - 25/10/20 00:54:52 INFO BlockManagerInfo: Added broadcast_12_piece0 in memory on 423e5338994a:37959 (size: 29.5 KiB, free: 434.4 MiB)
[2025-10-20T00:54:52.957+0000] {subprocess.py:106} INFO - 25/10/20 00:54:52 INFO SparkContext: Created broadcast 12 from broadcast at SparkBatch.java:79
[2025-10-20T00:54:52.964+0000] {subprocess.py:106} INFO - 25/10/20 00:54:52 INFO MemoryStore: Block broadcast_13 stored as values in memory (estimated size 32.0 KiB, free 434.3 MiB)
[2025-10-20T00:54:52.967+0000] {subprocess.py:106} INFO - 25/10/20 00:54:52 INFO MemoryStore: Block broadcast_13_piece0 stored as bytes in memory (estimated size 29.5 KiB, free 434.3 MiB)
[2025-10-20T00:54:52.969+0000] {subprocess.py:106} INFO - 25/10/20 00:54:52 INFO BlockManagerInfo: Added broadcast_13_piece0 in memory on 423e5338994a:37959 (size: 29.5 KiB, free: 434.3 MiB)
[2025-10-20T00:54:52.980+0000] {subprocess.py:106} INFO - 25/10/20 00:54:52 INFO SparkContext: Created broadcast 13 from broadcast at SparkBatch.java:79
[2025-10-20T00:54:53.070+0000] {subprocess.py:106} INFO - 25/10/20 00:54:53 INFO CodeGenerator: Code generated in 22.984235 ms
[2025-10-20T00:54:53.101+0000] {subprocess.py:106} INFO - 25/10/20 00:54:53 INFO SparkContext: Starting job: showString at <unknown>:0
[2025-10-20T00:54:53.103+0000] {subprocess.py:106} INFO - 25/10/20 00:54:53 INFO DAGScheduler: Got job 7 (showString at <unknown>:0) with 1 output partitions
[2025-10-20T00:54:53.104+0000] {subprocess.py:106} INFO - 25/10/20 00:54:53 INFO DAGScheduler: Final stage: ResultStage 12 (showString at <unknown>:0)
[2025-10-20T00:54:53.104+0000] {subprocess.py:106} INFO - 25/10/20 00:54:53 INFO DAGScheduler: Parents of final stage: List()
[2025-10-20T00:54:53.107+0000] {subprocess.py:106} INFO - 25/10/20 00:54:53 INFO DAGScheduler: Missing parents: List()
[2025-10-20T00:54:53.108+0000] {subprocess.py:106} INFO - 25/10/20 00:54:53 INFO DAGScheduler: Submitting ResultStage 12 (MapPartitionsRDD[25] at showString at <unknown>:0), which has no missing parents
[2025-10-20T00:54:53.112+0000] {subprocess.py:106} INFO - 25/10/20 00:54:53 INFO MemoryStore: Block broadcast_14 stored as values in memory (estimated size 22.4 KiB, free 434.3 MiB)
[2025-10-20T00:54:53.123+0000] {subprocess.py:106} INFO - 25/10/20 00:54:53 INFO MemoryStore: Block broadcast_14_piece0 stored as bytes in memory (estimated size 7.1 KiB, free 434.3 MiB)
[2025-10-20T00:54:53.129+0000] {subprocess.py:106} INFO - 25/10/20 00:54:53 INFO BlockManagerInfo: Added broadcast_14_piece0 in memory on 423e5338994a:37959 (size: 7.1 KiB, free: 434.3 MiB)
[2025-10-20T00:54:53.130+0000] {subprocess.py:106} INFO - 25/10/20 00:54:53 INFO SparkContext: Created broadcast 14 from broadcast at DAGScheduler.scala:1585
[2025-10-20T00:54:53.130+0000] {subprocess.py:106} INFO - 25/10/20 00:54:53 INFO DAGScheduler: Submitting 1 missing tasks from ResultStage 12 (MapPartitionsRDD[25] at showString at <unknown>:0) (first 15 tasks are for partitions Vector(0))
[2025-10-20T00:54:53.131+0000] {subprocess.py:106} INFO - 25/10/20 00:54:53 INFO TaskSchedulerImpl: Adding task set 12.0 with 1 tasks resource profile 0
[2025-10-20T00:54:53.131+0000] {subprocess.py:106} INFO - 25/10/20 00:54:53 INFO TaskSetManager: Starting task 0.0 in stage 12.0 (TID 7) (172.30.0.7, executor 0, partition 0, ANY, 14647 bytes)
[2025-10-20T00:54:53.157+0000] {subprocess.py:106} INFO - 25/10/20 00:54:53 INFO BlockManagerInfo: Added broadcast_14_piece0 in memory on 172.30.0.7:37205 (size: 7.1 KiB, free: 434.4 MiB)
[2025-10-20T00:54:53.231+0000] {subprocess.py:106} INFO - 25/10/20 00:54:53 INFO BlockManagerInfo: Added broadcast_13_piece0 in memory on 172.30.0.7:37205 (size: 29.5 KiB, free: 434.4 MiB)
[2025-10-20T00:54:53.347+0000] {subprocess.py:106} INFO - 25/10/20 00:54:53 INFO TaskSetManager: Finished task 0.0 in stage 12.0 (TID 7) in 220 ms on 172.30.0.7 (executor 0) (1/1)
[2025-10-20T00:54:53.349+0000] {subprocess.py:106} INFO - 25/10/20 00:54:53 INFO TaskSchedulerImpl: Removed TaskSet 12.0, whose tasks have all completed, from pool
[2025-10-20T00:54:53.352+0000] {subprocess.py:106} INFO - 25/10/20 00:54:53 INFO DAGScheduler: ResultStage 12 (showString at <unknown>:0) finished in 0.239 s
[2025-10-20T00:54:53.353+0000] {subprocess.py:106} INFO - 25/10/20 00:54:53 INFO DAGScheduler: Job 7 is finished. Cancelling potential speculative or zombie tasks for this job
[2025-10-20T00:54:53.357+0000] {subprocess.py:106} INFO - 25/10/20 00:54:53 INFO TaskSchedulerImpl: Killing all running tasks in stage 12: Stage finished
[2025-10-20T00:54:53.357+0000] {subprocess.py:106} INFO - 25/10/20 00:54:53 INFO DAGScheduler: Job 7 finished: showString at <unknown>:0, took 0.247859 s
[2025-10-20T00:54:53.367+0000] {subprocess.py:106} INFO - 25/10/20 00:54:53 INFO CodeGenerator: Code generated in 11.794876 ms
[2025-10-20T00:54:53.372+0000] {subprocess.py:106} INFO - +-----------+----------+----------+-----------+-----------------+------------+--------+------+----------------+-----------------+------------+------+---+-----------+
[2025-10-20T00:54:53.373+0000] {subprocess.py:106} INFO - |customer_id|order_date|product_id|category_id|    category_name|product_name|quantity| price|  payment_method|             city|review_score|gender|age|total_price|
[2025-10-20T00:54:53.373+0000] {subprocess.py:106} INFO - +-----------+----------+----------+-----------+-----------------+------------+--------+------+----------------+-----------------+------------+------+---+-----------+
[2025-10-20T00:54:53.374+0000] {subprocess.py:106} INFO - |      48665|2024-05-14|       620|         10|      ELECTRONICS|      TABLET|       2| 455.6|   BANK TRANSFER|SOUTH HUNTERMOUTH|           5|     M| 65|      911.2|
[2025-10-20T00:54:53.374+0000] {subprocess.py:106} INFO - |      60295|2024-09-14|       636|         50|SPORTS & OUTDOORS|    YOGA MAT|       2|349.54|     CREDIT CARD|       JOSHUABURY|           5|     M| 71|     699.08|
[2025-10-20T00:54:53.374+0000] {subprocess.py:106} INFO - |      89618|2025-03-01|       567|         20|          FASHION|     T-SHIRT|       1| 98.87|CASH ON DELIVERY|  NEW MICHEALTOWN|           5|     F| 42|      98.87|
[2025-10-20T00:54:53.375+0000] {subprocess.py:106} INFO - |      60796|2024-06-01|       535|         50|SPORTS & OUTDOORS|        TENT|       2|241.33|     CREDIT CARD|       JOSHUASTAD|           3|     M| 73|     482.66|
[2025-10-20T00:54:53.375+0000] {subprocess.py:106} INFO - |      87478|2024-04-19|       788|         30|    HOME & LIVING|        VASE|       1| 22.21|   BANK TRANSFER|       WILLIAMTON|           4|     F| 50|      22.21|
[2025-10-20T00:54:53.375+0000] {subprocess.py:106} INFO - |      24147|2024-08-23|       568|         30|    HOME & LIVING|    PAINTING|       1|268.26|CASH ON DELIVERY|        DAVISTOWN|           1|     M| 29|     268.26|
[2025-10-20T00:54:53.376+0000] {subprocess.py:106} INFO - |      58706|2025-02-07|       613|         20|          FASHION|     T-SHIRT|       4|351.62|   BANK TRANSFER|        LAKE CODY|           5|     F| 65|    1406.48|
[2025-10-20T00:54:53.376+0000] {subprocess.py:106} INFO - |      55184|2024-06-09|       151|         20|          FASHION|       SKIRT|       5| 31.41|   BANK TRANSFER|      PORT EDWARD|           5|     M| 23|     157.05|
[2025-10-20T00:54:53.377+0000] {subprocess.py:106} INFO - |      81959|2025-03-13|       433|         20|          FASHION|       PANTS|       2| 369.7|CASH ON DELIVERY|       MARTINBURY|           4|     M| 19|      739.4|
[2025-10-20T00:54:53.377+0000] {subprocess.py:106} INFO - |      13356|2024-12-27|       232|         50|SPORTS & OUTDOORS|  BASKETBALL|       5|408.95|CASH ON DELIVERY|      EAST JOSEPH|           2|     M| 38|    2044.75|
[2025-10-20T00:54:53.377+0000] {subprocess.py:106} INFO - +-----------+----------+----------+-----------+-----------------+------------+--------+------+----------------+-----------------+------------+------+---+-----------+
[2025-10-20T00:54:53.377+0000] {subprocess.py:106} INFO - 
[2025-10-20T00:54:53.378+0000] {subprocess.py:106} INFO - 25/10/20 00:54:53 INFO SparkContext: SparkContext is stopping with exitCode 0.
[2025-10-20T00:54:53.396+0000] {subprocess.py:106} INFO - 25/10/20 00:54:53 INFO SparkUI: Stopped Spark web UI at http://423e5338994a:4040
[2025-10-20T00:54:53.401+0000] {subprocess.py:106} INFO - 25/10/20 00:54:53 INFO StandaloneSchedulerBackend: Shutting down all executors
[2025-10-20T00:54:53.402+0000] {subprocess.py:106} INFO - 25/10/20 00:54:53 INFO StandaloneSchedulerBackend$StandaloneDriverEndpoint: Asking each executor to shut down
[2025-10-20T00:54:53.430+0000] {subprocess.py:106} INFO - 25/10/20 00:54:53 INFO MapOutputTrackerMasterEndpoint: MapOutputTrackerMasterEndpoint stopped!
[2025-10-20T00:54:53.455+0000] {subprocess.py:106} INFO - 25/10/20 00:54:53 INFO MemoryStore: MemoryStore cleared
[2025-10-20T00:54:53.456+0000] {subprocess.py:106} INFO - 25/10/20 00:54:53 INFO BlockManager: BlockManager stopped
[2025-10-20T00:54:53.461+0000] {subprocess.py:106} INFO - 25/10/20 00:54:53 INFO BlockManagerMaster: BlockManagerMaster stopped
[2025-10-20T00:54:53.470+0000] {subprocess.py:106} INFO - 25/10/20 00:54:53 INFO OutputCommitCoordinator$OutputCommitCoordinatorEndpoint: OutputCommitCoordinator stopped!
[2025-10-20T00:54:53.481+0000] {subprocess.py:106} INFO - 25/10/20 00:54:53 INFO SparkContext: Successfully stopped SparkContext
[2025-10-20T00:54:53.787+0000] {subprocess.py:106} INFO - 25/10/20 00:54:53 INFO ShutdownHookManager: Shutdown hook called
[2025-10-20T00:54:53.788+0000] {subprocess.py:106} INFO - 25/10/20 00:54:53 INFO ShutdownHookManager: Deleting directory /tmp/spark-ee7eaef2-9b87-430c-b234-de08d46ed1bf
[2025-10-20T00:54:53.796+0000] {subprocess.py:106} INFO - 25/10/20 00:54:53 INFO ShutdownHookManager: Deleting directory /tmp/spark-54fa94ab-dffe-4a37-9c2e-886ad48a251a
[2025-10-20T00:54:53.804+0000] {subprocess.py:106} INFO - 25/10/20 00:54:53 INFO ShutdownHookManager: Deleting directory /tmp/spark-ee7eaef2-9b87-430c-b234-de08d46ed1bf/pyspark-bd598357-205a-4da9-a66b-9a6df0ab3bcb
[2025-10-20T00:54:54.371+0000] {subprocess.py:110} INFO - Command exited with return code 0
[2025-10-20T00:54:54.502+0000] {taskinstance.py:341} INFO - ::group::Post task execution logs
[2025-10-20T00:54:54.503+0000] {taskinstance.py:353} INFO - Marking task as SUCCESS. dag_id=system_dag, task_id=clean_silver, run_id=scheduled__2025-10-19T00:00:00+00:00, execution_date=20251019T000000, start_date=20251020T005430, end_date=20251020T005454
[2025-10-20T00:54:54.714+0000] {local_task_job_runner.py:266} INFO - Task exited with return code 0
[2025-10-20T00:54:54.847+0000] {taskinstance.py:3901} INFO - 3 downstream tasks scheduled from follow-on schedule check
[2025-10-20T00:54:54.853+0000] {local_task_job_runner.py:245} INFO - ::endgroup::
