[2025-10-18T07:30:45.963+0000] {processor.py:186} INFO - Started process (PID=37) to work on /opt/airflow/dags/etl_datalake_dag.py
[2025-10-18T07:30:45.965+0000] {processor.py:914} INFO - Processing file /opt/airflow/dags/etl_datalake_dag.py for tasks to queue
[2025-10-18T07:30:45.971+0000] {logging_mixin.py:190} INFO - [2025-10-18T07:30:45.970+0000] {dagbag.py:588} INFO - Filling up the DagBag from /opt/airflow/dags/etl_datalake_dag.py
[2025-10-18T07:30:46.104+0000] {processor.py:925} INFO - DAG(s) 'etl_datalake_hive_iceberg' retrieved from /opt/airflow/dags/etl_datalake_dag.py
[2025-10-18T07:30:46.265+0000] {logging_mixin.py:190} INFO - [2025-10-18T07:30:46.264+0000] {dag.py:3239} INFO - Sync 1 DAGs
[2025-10-18T07:30:46.814+0000] {processor.py:208} INFO - Processing /opt/airflow/dags/etl_datalake_dag.py took 0.888 seconds
[2025-10-18T07:31:17.179+0000] {processor.py:186} INFO - Started process (PID=38) to work on /opt/airflow/dags/etl_datalake_dag.py
[2025-10-18T07:31:17.182+0000] {processor.py:914} INFO - Processing file /opt/airflow/dags/etl_datalake_dag.py for tasks to queue
[2025-10-18T07:31:17.184+0000] {logging_mixin.py:190} INFO - [2025-10-18T07:31:17.184+0000] {dagbag.py:588} INFO - Filling up the DagBag from /opt/airflow/dags/etl_datalake_dag.py
[2025-10-18T07:31:17.257+0000] {processor.py:925} INFO - DAG(s) 'etl_datalake_hive_iceberg' retrieved from /opt/airflow/dags/etl_datalake_dag.py
[2025-10-18T07:31:17.402+0000] {logging_mixin.py:190} INFO - [2025-10-18T07:31:17.402+0000] {dag.py:3239} INFO - Sync 1 DAGs
[2025-10-18T07:31:17.652+0000] {processor.py:208} INFO - Processing /opt/airflow/dags/etl_datalake_dag.py took 0.495 seconds
[2025-10-18T07:31:47.809+0000] {processor.py:186} INFO - Started process (PID=39) to work on /opt/airflow/dags/etl_datalake_dag.py
[2025-10-18T07:31:47.810+0000] {processor.py:914} INFO - Processing file /opt/airflow/dags/etl_datalake_dag.py for tasks to queue
[2025-10-18T07:31:47.814+0000] {logging_mixin.py:190} INFO - [2025-10-18T07:31:47.813+0000] {dagbag.py:588} INFO - Filling up the DagBag from /opt/airflow/dags/etl_datalake_dag.py
[2025-10-18T07:31:47.890+0000] {processor.py:925} INFO - DAG(s) 'etl_datalake_hive_iceberg' retrieved from /opt/airflow/dags/etl_datalake_dag.py
[2025-10-18T07:31:47.986+0000] {logging_mixin.py:190} INFO - [2025-10-18T07:31:47.986+0000] {dag.py:3239} INFO - Sync 1 DAGs
[2025-10-18T07:31:48.116+0000] {processor.py:208} INFO - Processing /opt/airflow/dags/etl_datalake_dag.py took 0.334 seconds
[2025-10-18T07:32:18.232+0000] {processor.py:186} INFO - Started process (PID=40) to work on /opt/airflow/dags/etl_datalake_dag.py
[2025-10-18T07:32:18.234+0000] {processor.py:914} INFO - Processing file /opt/airflow/dags/etl_datalake_dag.py for tasks to queue
[2025-10-18T07:32:18.242+0000] {logging_mixin.py:190} INFO - [2025-10-18T07:32:18.241+0000] {dagbag.py:588} INFO - Filling up the DagBag from /opt/airflow/dags/etl_datalake_dag.py
[2025-10-18T07:32:18.300+0000] {processor.py:925} INFO - DAG(s) 'etl_datalake_hive_iceberg' retrieved from /opt/airflow/dags/etl_datalake_dag.py
[2025-10-18T07:32:18.407+0000] {logging_mixin.py:190} INFO - [2025-10-18T07:32:18.407+0000] {dag.py:3239} INFO - Sync 1 DAGs
[2025-10-18T07:32:18.615+0000] {processor.py:208} INFO - Processing /opt/airflow/dags/etl_datalake_dag.py took 0.397 seconds
[2025-10-18T07:32:48.964+0000] {processor.py:186} INFO - Started process (PID=41) to work on /opt/airflow/dags/etl_datalake_dag.py
[2025-10-18T07:32:48.969+0000] {processor.py:914} INFO - Processing file /opt/airflow/dags/etl_datalake_dag.py for tasks to queue
[2025-10-18T07:32:48.972+0000] {logging_mixin.py:190} INFO - [2025-10-18T07:32:48.972+0000] {dagbag.py:588} INFO - Filling up the DagBag from /opt/airflow/dags/etl_datalake_dag.py
[2025-10-18T07:32:49.059+0000] {processor.py:925} INFO - DAG(s) 'etl_datalake_hive_iceberg' retrieved from /opt/airflow/dags/etl_datalake_dag.py
[2025-10-18T07:32:49.183+0000] {logging_mixin.py:190} INFO - [2025-10-18T07:32:49.183+0000] {dag.py:3239} INFO - Sync 1 DAGs
[2025-10-18T07:32:49.325+0000] {processor.py:208} INFO - Processing /opt/airflow/dags/etl_datalake_dag.py took 0.379 seconds
[2025-10-18T07:33:21.919+0000] {processor.py:186} INFO - Started process (PID=42) to work on /opt/airflow/dags/etl_datalake_dag.py
[2025-10-18T07:33:21.923+0000] {processor.py:914} INFO - Processing file /opt/airflow/dags/etl_datalake_dag.py for tasks to queue
[2025-10-18T07:33:21.933+0000] {logging_mixin.py:190} INFO - [2025-10-18T07:33:21.932+0000] {dagbag.py:588} INFO - Filling up the DagBag from /opt/airflow/dags/etl_datalake_dag.py
[2025-10-18T07:33:22.100+0000] {processor.py:925} INFO - DAG(s) 'etl_datalake_hive_iceberg' retrieved from /opt/airflow/dags/etl_datalake_dag.py
[2025-10-18T07:33:22.448+0000] {logging_mixin.py:190} INFO - [2025-10-18T07:33:22.447+0000] {dag.py:3239} INFO - Sync 1 DAGs
[2025-10-18T07:33:22.780+0000] {processor.py:208} INFO - Processing /opt/airflow/dags/etl_datalake_dag.py took 0.900 seconds
[2025-10-18T07:33:54.900+0000] {processor.py:186} INFO - Started process (PID=43) to work on /opt/airflow/dags/etl_datalake_dag.py
[2025-10-18T07:33:54.901+0000] {processor.py:914} INFO - Processing file /opt/airflow/dags/etl_datalake_dag.py for tasks to queue
[2025-10-18T07:33:54.907+0000] {logging_mixin.py:190} INFO - [2025-10-18T07:33:54.906+0000] {dagbag.py:588} INFO - Filling up the DagBag from /opt/airflow/dags/etl_datalake_dag.py
[2025-10-18T07:33:55.000+0000] {processor.py:925} INFO - DAG(s) 'etl_datalake_hive_iceberg' retrieved from /opt/airflow/dags/etl_datalake_dag.py
[2025-10-18T07:33:55.143+0000] {logging_mixin.py:190} INFO - [2025-10-18T07:33:55.143+0000] {dag.py:3239} INFO - Sync 1 DAGs
[2025-10-18T07:33:55.209+0000] {logging_mixin.py:190} INFO - [2025-10-18T07:33:55.209+0000] {dag.py:4180} INFO - Setting next_dagrun for etl_datalake_hive_iceberg to 2025-10-18T00:00:00+00:00, run_after=2025-10-19T00:00:00+00:00
[2025-10-18T07:33:55.289+0000] {processor.py:208} INFO - Processing /opt/airflow/dags/etl_datalake_dag.py took 0.405 seconds
[2025-10-18T07:34:26.920+0000] {processor.py:186} INFO - Started process (PID=44) to work on /opt/airflow/dags/etl_datalake_dag.py
[2025-10-18T07:34:26.921+0000] {processor.py:914} INFO - Processing file /opt/airflow/dags/etl_datalake_dag.py for tasks to queue
[2025-10-18T07:34:26.922+0000] {logging_mixin.py:190} INFO - [2025-10-18T07:34:26.922+0000] {dagbag.py:588} INFO - Filling up the DagBag from /opt/airflow/dags/etl_datalake_dag.py
[2025-10-18T07:34:26.952+0000] {processor.py:925} INFO - DAG(s) 'etl_datalake_hive_iceberg' retrieved from /opt/airflow/dags/etl_datalake_dag.py
[2025-10-18T07:34:27.008+0000] {logging_mixin.py:190} INFO - [2025-10-18T07:34:27.008+0000] {dag.py:3239} INFO - Sync 1 DAGs
[2025-10-18T07:34:27.054+0000] {logging_mixin.py:190} INFO - [2025-10-18T07:34:27.054+0000] {dag.py:4180} INFO - Setting next_dagrun for etl_datalake_hive_iceberg to 2025-10-18T00:00:00+00:00, run_after=2025-10-19T00:00:00+00:00
[2025-10-18T07:34:27.116+0000] {processor.py:208} INFO - Processing /opt/airflow/dags/etl_datalake_dag.py took 0.205 seconds
[2025-10-18T07:34:59.917+0000] {processor.py:186} INFO - Started process (PID=45) to work on /opt/airflow/dags/etl_datalake_dag.py
[2025-10-18T07:34:59.918+0000] {processor.py:914} INFO - Processing file /opt/airflow/dags/etl_datalake_dag.py for tasks to queue
[2025-10-18T07:34:59.920+0000] {logging_mixin.py:190} INFO - [2025-10-18T07:34:59.919+0000] {dagbag.py:588} INFO - Filling up the DagBag from /opt/airflow/dags/etl_datalake_dag.py
[2025-10-18T07:34:59.941+0000] {processor.py:925} INFO - DAG(s) 'etl_datalake_hive_iceberg' retrieved from /opt/airflow/dags/etl_datalake_dag.py
[2025-10-18T07:34:59.985+0000] {logging_mixin.py:190} INFO - [2025-10-18T07:34:59.985+0000] {dag.py:3239} INFO - Sync 1 DAGs
[2025-10-18T07:35:00.022+0000] {logging_mixin.py:190} INFO - [2025-10-18T07:35:00.022+0000] {dag.py:4180} INFO - Setting next_dagrun for etl_datalake_hive_iceberg to 2025-10-18T00:00:00+00:00, run_after=2025-10-19T00:00:00+00:00
[2025-10-18T07:35:00.055+0000] {processor.py:208} INFO - Processing /opt/airflow/dags/etl_datalake_dag.py took 0.145 seconds
[2025-10-18T07:35:32.993+0000] {processor.py:186} INFO - Started process (PID=46) to work on /opt/airflow/dags/etl_datalake_dag.py
[2025-10-18T07:35:32.994+0000] {processor.py:914} INFO - Processing file /opt/airflow/dags/etl_datalake_dag.py for tasks to queue
[2025-10-18T07:35:32.996+0000] {logging_mixin.py:190} INFO - [2025-10-18T07:35:32.996+0000] {dagbag.py:588} INFO - Filling up the DagBag from /opt/airflow/dags/etl_datalake_dag.py
[2025-10-18T07:35:33.027+0000] {processor.py:925} INFO - DAG(s) 'etl_datalake_hive_iceberg' retrieved from /opt/airflow/dags/etl_datalake_dag.py
[2025-10-18T07:35:33.075+0000] {logging_mixin.py:190} INFO - [2025-10-18T07:35:33.075+0000] {dag.py:3239} INFO - Sync 1 DAGs
[2025-10-18T07:35:33.275+0000] {logging_mixin.py:190} INFO - [2025-10-18T07:35:33.275+0000] {dag.py:4180} INFO - Setting next_dagrun for etl_datalake_hive_iceberg to 2025-10-18T00:00:00+00:00, run_after=2025-10-19T00:00:00+00:00
[2025-10-18T07:35:33.481+0000] {processor.py:208} INFO - Processing /opt/airflow/dags/etl_datalake_dag.py took 0.499 seconds
[2025-10-18T07:36:05.089+0000] {processor.py:186} INFO - Started process (PID=47) to work on /opt/airflow/dags/etl_datalake_dag.py
[2025-10-18T07:36:05.090+0000] {processor.py:914} INFO - Processing file /opt/airflow/dags/etl_datalake_dag.py for tasks to queue
[2025-10-18T07:36:05.092+0000] {logging_mixin.py:190} INFO - [2025-10-18T07:36:05.092+0000] {dagbag.py:588} INFO - Filling up the DagBag from /opt/airflow/dags/etl_datalake_dag.py
[2025-10-18T07:36:05.121+0000] {processor.py:925} INFO - DAG(s) 'etl_datalake_hive_iceberg' retrieved from /opt/airflow/dags/etl_datalake_dag.py
[2025-10-18T07:36:05.324+0000] {logging_mixin.py:190} INFO - [2025-10-18T07:36:05.323+0000] {dag.py:3239} INFO - Sync 1 DAGs
[2025-10-18T07:36:05.546+0000] {logging_mixin.py:190} INFO - [2025-10-18T07:36:05.546+0000] {dag.py:4180} INFO - Setting next_dagrun for etl_datalake_hive_iceberg to 2025-10-18T00:00:00+00:00, run_after=2025-10-19T00:00:00+00:00
[2025-10-18T07:36:05.659+0000] {processor.py:208} INFO - Processing /opt/airflow/dags/etl_datalake_dag.py took 0.578 seconds
[2025-10-18T07:36:37.607+0000] {processor.py:186} INFO - Started process (PID=48) to work on /opt/airflow/dags/etl_datalake_dag.py
[2025-10-18T07:36:37.609+0000] {processor.py:914} INFO - Processing file /opt/airflow/dags/etl_datalake_dag.py for tasks to queue
[2025-10-18T07:36:37.612+0000] {logging_mixin.py:190} INFO - [2025-10-18T07:36:37.611+0000] {dagbag.py:588} INFO - Filling up the DagBag from /opt/airflow/dags/etl_datalake_dag.py
[2025-10-18T07:36:37.653+0000] {processor.py:925} INFO - DAG(s) 'etl_datalake_hive_iceberg' retrieved from /opt/airflow/dags/etl_datalake_dag.py
[2025-10-18T07:36:37.718+0000] {logging_mixin.py:190} INFO - [2025-10-18T07:36:37.718+0000] {dag.py:3239} INFO - Sync 1 DAGs
[2025-10-18T07:36:37.755+0000] {logging_mixin.py:190} INFO - [2025-10-18T07:36:37.755+0000] {dag.py:4180} INFO - Setting next_dagrun for etl_datalake_hive_iceberg to 2025-10-18T00:00:00+00:00, run_after=2025-10-19T00:00:00+00:00
[2025-10-18T07:36:37.789+0000] {processor.py:208} INFO - Processing /opt/airflow/dags/etl_datalake_dag.py took 0.193 seconds
[2025-10-18T07:37:10.526+0000] {processor.py:186} INFO - Started process (PID=49) to work on /opt/airflow/dags/etl_datalake_dag.py
[2025-10-18T07:37:10.527+0000] {processor.py:914} INFO - Processing file /opt/airflow/dags/etl_datalake_dag.py for tasks to queue
[2025-10-18T07:37:10.529+0000] {logging_mixin.py:190} INFO - [2025-10-18T07:37:10.529+0000] {dagbag.py:588} INFO - Filling up the DagBag from /opt/airflow/dags/etl_datalake_dag.py
[2025-10-18T07:37:10.550+0000] {processor.py:925} INFO - DAG(s) 'etl_datalake_hive_iceberg' retrieved from /opt/airflow/dags/etl_datalake_dag.py
[2025-10-18T07:37:10.587+0000] {logging_mixin.py:190} INFO - [2025-10-18T07:37:10.587+0000] {dag.py:3239} INFO - Sync 1 DAGs
[2025-10-18T07:37:10.618+0000] {logging_mixin.py:190} INFO - [2025-10-18T07:37:10.618+0000] {dag.py:4180} INFO - Setting next_dagrun for etl_datalake_hive_iceberg to 2025-10-18T00:00:00+00:00, run_after=2025-10-19T00:00:00+00:00
[2025-10-18T07:37:10.649+0000] {processor.py:208} INFO - Processing /opt/airflow/dags/etl_datalake_dag.py took 0.130 seconds
[2025-10-18T07:37:43.466+0000] {processor.py:186} INFO - Started process (PID=50) to work on /opt/airflow/dags/etl_datalake_dag.py
[2025-10-18T07:37:43.467+0000] {processor.py:914} INFO - Processing file /opt/airflow/dags/etl_datalake_dag.py for tasks to queue
[2025-10-18T07:37:43.468+0000] {logging_mixin.py:190} INFO - [2025-10-18T07:37:43.468+0000] {dagbag.py:588} INFO - Filling up the DagBag from /opt/airflow/dags/etl_datalake_dag.py
[2025-10-18T07:37:43.495+0000] {processor.py:925} INFO - DAG(s) 'etl_datalake_hive_iceberg' retrieved from /opt/airflow/dags/etl_datalake_dag.py
[2025-10-18T07:37:43.564+0000] {logging_mixin.py:190} INFO - [2025-10-18T07:37:43.564+0000] {dag.py:3239} INFO - Sync 1 DAGs
[2025-10-18T07:37:43.613+0000] {logging_mixin.py:190} INFO - [2025-10-18T07:37:43.612+0000] {dag.py:4180} INFO - Setting next_dagrun for etl_datalake_hive_iceberg to 2025-10-18T00:00:00+00:00, run_after=2025-10-19T00:00:00+00:00
[2025-10-18T07:37:43.661+0000] {processor.py:208} INFO - Processing /opt/airflow/dags/etl_datalake_dag.py took 0.204 seconds
[2025-10-18T07:38:16.603+0000] {processor.py:186} INFO - Started process (PID=51) to work on /opt/airflow/dags/etl_datalake_dag.py
[2025-10-18T07:38:16.605+0000] {processor.py:914} INFO - Processing file /opt/airflow/dags/etl_datalake_dag.py for tasks to queue
[2025-10-18T07:38:16.608+0000] {logging_mixin.py:190} INFO - [2025-10-18T07:38:16.608+0000] {dagbag.py:588} INFO - Filling up the DagBag from /opt/airflow/dags/etl_datalake_dag.py
[2025-10-18T07:38:16.650+0000] {processor.py:925} INFO - DAG(s) 'etl_datalake_hive_iceberg' retrieved from /opt/airflow/dags/etl_datalake_dag.py
[2025-10-18T07:38:16.720+0000] {logging_mixin.py:190} INFO - [2025-10-18T07:38:16.719+0000] {dag.py:3239} INFO - Sync 1 DAGs
[2025-10-18T07:38:16.764+0000] {logging_mixin.py:190} INFO - [2025-10-18T07:38:16.764+0000] {dag.py:4180} INFO - Setting next_dagrun for etl_datalake_hive_iceberg to 2025-10-18T00:00:00+00:00, run_after=2025-10-19T00:00:00+00:00
[2025-10-18T07:38:16.808+0000] {processor.py:208} INFO - Processing /opt/airflow/dags/etl_datalake_dag.py took 0.223 seconds
[2025-10-18T07:38:48.571+0000] {processor.py:186} INFO - Started process (PID=52) to work on /opt/airflow/dags/etl_datalake_dag.py
[2025-10-18T07:38:48.572+0000] {processor.py:914} INFO - Processing file /opt/airflow/dags/etl_datalake_dag.py for tasks to queue
[2025-10-18T07:38:48.574+0000] {logging_mixin.py:190} INFO - [2025-10-18T07:38:48.573+0000] {dagbag.py:588} INFO - Filling up the DagBag from /opt/airflow/dags/etl_datalake_dag.py
[2025-10-18T07:38:48.676+0000] {processor.py:925} INFO - DAG(s) 'etl_datalake_hive_iceberg' retrieved from /opt/airflow/dags/etl_datalake_dag.py
[2025-10-18T07:38:48.758+0000] {logging_mixin.py:190} INFO - [2025-10-18T07:38:48.757+0000] {dag.py:3239} INFO - Sync 1 DAGs
[2025-10-18T07:38:48.798+0000] {logging_mixin.py:190} INFO - [2025-10-18T07:38:48.797+0000] {dag.py:4180} INFO - Setting next_dagrun for etl_datalake_hive_iceberg to 2025-10-18T00:00:00+00:00, run_after=2025-10-19T00:00:00+00:00
[2025-10-18T07:38:48.862+0000] {processor.py:208} INFO - Processing /opt/airflow/dags/etl_datalake_dag.py took 0.303 seconds
[2025-10-18T07:39:21.663+0000] {processor.py:186} INFO - Started process (PID=53) to work on /opt/airflow/dags/etl_datalake_dag.py
[2025-10-18T07:39:21.664+0000] {processor.py:914} INFO - Processing file /opt/airflow/dags/etl_datalake_dag.py for tasks to queue
[2025-10-18T07:39:21.665+0000] {logging_mixin.py:190} INFO - [2025-10-18T07:39:21.665+0000] {dagbag.py:588} INFO - Filling up the DagBag from /opt/airflow/dags/etl_datalake_dag.py
[2025-10-18T07:39:21.687+0000] {processor.py:925} INFO - DAG(s) 'etl_datalake_hive_iceberg' retrieved from /opt/airflow/dags/etl_datalake_dag.py
[2025-10-18T07:39:21.735+0000] {logging_mixin.py:190} INFO - [2025-10-18T07:39:21.734+0000] {dag.py:3239} INFO - Sync 1 DAGs
[2025-10-18T07:39:21.774+0000] {logging_mixin.py:190} INFO - [2025-10-18T07:39:21.774+0000] {dag.py:4180} INFO - Setting next_dagrun for etl_datalake_hive_iceberg to 2025-10-18T00:00:00+00:00, run_after=2025-10-19T00:00:00+00:00
[2025-10-18T07:39:21.809+0000] {processor.py:208} INFO - Processing /opt/airflow/dags/etl_datalake_dag.py took 0.158 seconds
[2025-10-18T07:39:54.720+0000] {processor.py:186} INFO - Started process (PID=54) to work on /opt/airflow/dags/etl_datalake_dag.py
[2025-10-18T07:39:54.721+0000] {processor.py:914} INFO - Processing file /opt/airflow/dags/etl_datalake_dag.py for tasks to queue
[2025-10-18T07:39:54.722+0000] {logging_mixin.py:190} INFO - [2025-10-18T07:39:54.722+0000] {dagbag.py:588} INFO - Filling up the DagBag from /opt/airflow/dags/etl_datalake_dag.py
[2025-10-18T07:39:54.746+0000] {processor.py:925} INFO - DAG(s) 'etl_datalake_hive_iceberg' retrieved from /opt/airflow/dags/etl_datalake_dag.py
[2025-10-18T07:39:54.793+0000] {logging_mixin.py:190} INFO - [2025-10-18T07:39:54.792+0000] {dag.py:3239} INFO - Sync 1 DAGs
[2025-10-18T07:39:54.832+0000] {logging_mixin.py:190} INFO - [2025-10-18T07:39:54.832+0000] {dag.py:4180} INFO - Setting next_dagrun for etl_datalake_hive_iceberg to 2025-10-18T00:00:00+00:00, run_after=2025-10-19T00:00:00+00:00
[2025-10-18T07:39:54.858+0000] {processor.py:208} INFO - Processing /opt/airflow/dags/etl_datalake_dag.py took 0.145 seconds
[2025-10-18T07:40:26.643+0000] {processor.py:186} INFO - Started process (PID=55) to work on /opt/airflow/dags/etl_datalake_dag.py
[2025-10-18T07:40:26.644+0000] {processor.py:914} INFO - Processing file /opt/airflow/dags/etl_datalake_dag.py for tasks to queue
[2025-10-18T07:40:26.646+0000] {logging_mixin.py:190} INFO - [2025-10-18T07:40:26.646+0000] {dagbag.py:588} INFO - Filling up the DagBag from /opt/airflow/dags/etl_datalake_dag.py
[2025-10-18T07:40:26.673+0000] {processor.py:925} INFO - DAG(s) 'etl_datalake_hive_iceberg' retrieved from /opt/airflow/dags/etl_datalake_dag.py
[2025-10-18T07:40:26.725+0000] {logging_mixin.py:190} INFO - [2025-10-18T07:40:26.725+0000] {dag.py:3239} INFO - Sync 1 DAGs
[2025-10-18T07:40:26.766+0000] {logging_mixin.py:190} INFO - [2025-10-18T07:40:26.766+0000] {dag.py:4180} INFO - Setting next_dagrun for etl_datalake_hive_iceberg to 2025-10-18T00:00:00+00:00, run_after=2025-10-19T00:00:00+00:00
[2025-10-18T07:40:26.799+0000] {processor.py:208} INFO - Processing /opt/airflow/dags/etl_datalake_dag.py took 0.162 seconds
[2025-10-18T07:40:59.683+0000] {processor.py:186} INFO - Started process (PID=56) to work on /opt/airflow/dags/etl_datalake_dag.py
[2025-10-18T07:40:59.683+0000] {processor.py:914} INFO - Processing file /opt/airflow/dags/etl_datalake_dag.py for tasks to queue
[2025-10-18T07:40:59.685+0000] {logging_mixin.py:190} INFO - [2025-10-18T07:40:59.685+0000] {dagbag.py:588} INFO - Filling up the DagBag from /opt/airflow/dags/etl_datalake_dag.py
[2025-10-18T07:40:59.704+0000] {processor.py:925} INFO - DAG(s) 'etl_datalake_hive_iceberg' retrieved from /opt/airflow/dags/etl_datalake_dag.py
[2025-10-18T07:40:59.741+0000] {logging_mixin.py:190} INFO - [2025-10-18T07:40:59.741+0000] {dag.py:3239} INFO - Sync 1 DAGs
[2025-10-18T07:40:59.777+0000] {logging_mixin.py:190} INFO - [2025-10-18T07:40:59.777+0000] {dag.py:4180} INFO - Setting next_dagrun for etl_datalake_hive_iceberg to 2025-10-18T00:00:00+00:00, run_after=2025-10-19T00:00:00+00:00
[2025-10-18T07:40:59.815+0000] {processor.py:208} INFO - Processing /opt/airflow/dags/etl_datalake_dag.py took 0.141 seconds
[2025-10-18T07:41:32.619+0000] {processor.py:186} INFO - Started process (PID=57) to work on /opt/airflow/dags/etl_datalake_dag.py
[2025-10-18T07:41:32.620+0000] {processor.py:914} INFO - Processing file /opt/airflow/dags/etl_datalake_dag.py for tasks to queue
[2025-10-18T07:41:32.622+0000] {logging_mixin.py:190} INFO - [2025-10-18T07:41:32.622+0000] {dagbag.py:588} INFO - Filling up the DagBag from /opt/airflow/dags/etl_datalake_dag.py
[2025-10-18T07:41:32.643+0000] {processor.py:925} INFO - DAG(s) 'etl_datalake_hive_iceberg' retrieved from /opt/airflow/dags/etl_datalake_dag.py
[2025-10-18T07:41:32.687+0000] {logging_mixin.py:190} INFO - [2025-10-18T07:41:32.687+0000] {dag.py:3239} INFO - Sync 1 DAGs
[2025-10-18T07:41:32.718+0000] {logging_mixin.py:190} INFO - [2025-10-18T07:41:32.718+0000] {dag.py:4180} INFO - Setting next_dagrun for etl_datalake_hive_iceberg to 2025-10-18T00:00:00+00:00, run_after=2025-10-19T00:00:00+00:00
[2025-10-18T07:41:32.748+0000] {processor.py:208} INFO - Processing /opt/airflow/dags/etl_datalake_dag.py took 0.135 seconds
[2025-10-18T07:42:05.648+0000] {processor.py:186} INFO - Started process (PID=58) to work on /opt/airflow/dags/etl_datalake_dag.py
[2025-10-18T07:42:05.649+0000] {processor.py:914} INFO - Processing file /opt/airflow/dags/etl_datalake_dag.py for tasks to queue
[2025-10-18T07:42:05.651+0000] {logging_mixin.py:190} INFO - [2025-10-18T07:42:05.651+0000] {dagbag.py:588} INFO - Filling up the DagBag from /opt/airflow/dags/etl_datalake_dag.py
[2025-10-18T07:42:05.669+0000] {processor.py:925} INFO - DAG(s) 'etl_datalake_hive_iceberg' retrieved from /opt/airflow/dags/etl_datalake_dag.py
[2025-10-18T07:42:05.717+0000] {logging_mixin.py:190} INFO - [2025-10-18T07:42:05.717+0000] {dag.py:3239} INFO - Sync 1 DAGs
[2025-10-18T07:42:05.757+0000] {logging_mixin.py:190} INFO - [2025-10-18T07:42:05.757+0000] {dag.py:4180} INFO - Setting next_dagrun for etl_datalake_hive_iceberg to 2025-10-18T00:00:00+00:00, run_after=2025-10-19T00:00:00+00:00
[2025-10-18T07:42:05.786+0000] {processor.py:208} INFO - Processing /opt/airflow/dags/etl_datalake_dag.py took 0.143 seconds
[2025-10-18T07:42:37.564+0000] {processor.py:186} INFO - Started process (PID=59) to work on /opt/airflow/dags/etl_datalake_dag.py
[2025-10-18T07:42:37.566+0000] {processor.py:914} INFO - Processing file /opt/airflow/dags/etl_datalake_dag.py for tasks to queue
[2025-10-18T07:42:37.567+0000] {logging_mixin.py:190} INFO - [2025-10-18T07:42:37.567+0000] {dagbag.py:588} INFO - Filling up the DagBag from /opt/airflow/dags/etl_datalake_dag.py
[2025-10-18T07:42:37.589+0000] {processor.py:925} INFO - DAG(s) 'etl_datalake_hive_iceberg' retrieved from /opt/airflow/dags/etl_datalake_dag.py
[2025-10-18T07:42:37.639+0000] {logging_mixin.py:190} INFO - [2025-10-18T07:42:37.639+0000] {dag.py:3239} INFO - Sync 1 DAGs
[2025-10-18T07:42:37.687+0000] {logging_mixin.py:190} INFO - [2025-10-18T07:42:37.687+0000] {dag.py:4180} INFO - Setting next_dagrun for etl_datalake_hive_iceberg to 2025-10-18T00:00:00+00:00, run_after=2025-10-19T00:00:00+00:00
[2025-10-18T07:42:37.726+0000] {processor.py:208} INFO - Processing /opt/airflow/dags/etl_datalake_dag.py took 0.171 seconds
[2025-10-18T07:43:10.594+0000] {processor.py:186} INFO - Started process (PID=60) to work on /opt/airflow/dags/etl_datalake_dag.py
[2025-10-18T07:43:10.595+0000] {processor.py:914} INFO - Processing file /opt/airflow/dags/etl_datalake_dag.py for tasks to queue
[2025-10-18T07:43:10.597+0000] {logging_mixin.py:190} INFO - [2025-10-18T07:43:10.597+0000] {dagbag.py:588} INFO - Filling up the DagBag from /opt/airflow/dags/etl_datalake_dag.py
[2025-10-18T07:43:10.617+0000] {processor.py:925} INFO - DAG(s) 'etl_datalake_hive_iceberg' retrieved from /opt/airflow/dags/etl_datalake_dag.py
[2025-10-18T07:43:10.656+0000] {logging_mixin.py:190} INFO - [2025-10-18T07:43:10.656+0000] {dag.py:3239} INFO - Sync 1 DAGs
[2025-10-18T07:43:10.689+0000] {logging_mixin.py:190} INFO - [2025-10-18T07:43:10.688+0000] {dag.py:4180} INFO - Setting next_dagrun for etl_datalake_hive_iceberg to 2025-10-18T00:00:00+00:00, run_after=2025-10-19T00:00:00+00:00
[2025-10-18T07:43:10.717+0000] {processor.py:208} INFO - Processing /opt/airflow/dags/etl_datalake_dag.py took 0.131 seconds
[2025-10-18T07:43:43.551+0000] {processor.py:186} INFO - Started process (PID=61) to work on /opt/airflow/dags/etl_datalake_dag.py
[2025-10-18T07:43:43.552+0000] {processor.py:914} INFO - Processing file /opt/airflow/dags/etl_datalake_dag.py for tasks to queue
[2025-10-18T07:43:43.553+0000] {logging_mixin.py:190} INFO - [2025-10-18T07:43:43.553+0000] {dagbag.py:588} INFO - Filling up the DagBag from /opt/airflow/dags/etl_datalake_dag.py
[2025-10-18T07:43:43.571+0000] {processor.py:925} INFO - DAG(s) 'etl_datalake_hive_iceberg' retrieved from /opt/airflow/dags/etl_datalake_dag.py
[2025-10-18T07:43:43.607+0000] {logging_mixin.py:190} INFO - [2025-10-18T07:43:43.606+0000] {dag.py:3239} INFO - Sync 1 DAGs
[2025-10-18T07:43:43.633+0000] {logging_mixin.py:190} INFO - [2025-10-18T07:43:43.633+0000] {dag.py:4180} INFO - Setting next_dagrun for etl_datalake_hive_iceberg to 2025-10-18T00:00:00+00:00, run_after=2025-10-19T00:00:00+00:00
[2025-10-18T07:43:43.660+0000] {processor.py:208} INFO - Processing /opt/airflow/dags/etl_datalake_dag.py took 0.115 seconds
[2025-10-18T07:44:16.486+0000] {processor.py:186} INFO - Started process (PID=62) to work on /opt/airflow/dags/etl_datalake_dag.py
[2025-10-18T07:44:16.486+0000] {processor.py:914} INFO - Processing file /opt/airflow/dags/etl_datalake_dag.py for tasks to queue
[2025-10-18T07:44:16.487+0000] {logging_mixin.py:190} INFO - [2025-10-18T07:44:16.487+0000] {dagbag.py:588} INFO - Filling up the DagBag from /opt/airflow/dags/etl_datalake_dag.py
[2025-10-18T07:44:16.505+0000] {processor.py:925} INFO - DAG(s) 'etl_datalake_hive_iceberg' retrieved from /opt/airflow/dags/etl_datalake_dag.py
[2025-10-18T07:44:16.539+0000] {logging_mixin.py:190} INFO - [2025-10-18T07:44:16.539+0000] {dag.py:3239} INFO - Sync 1 DAGs
[2025-10-18T07:44:16.579+0000] {logging_mixin.py:190} INFO - [2025-10-18T07:44:16.579+0000] {dag.py:4180} INFO - Setting next_dagrun for etl_datalake_hive_iceberg to 2025-10-18T00:00:00+00:00, run_after=2025-10-19T00:00:00+00:00
[2025-10-18T07:44:16.616+0000] {processor.py:208} INFO - Processing /opt/airflow/dags/etl_datalake_dag.py took 0.136 seconds
[2025-10-18T07:44:48.449+0000] {processor.py:186} INFO - Started process (PID=63) to work on /opt/airflow/dags/etl_datalake_dag.py
[2025-10-18T07:44:48.450+0000] {processor.py:914} INFO - Processing file /opt/airflow/dags/etl_datalake_dag.py for tasks to queue
[2025-10-18T07:44:48.452+0000] {logging_mixin.py:190} INFO - [2025-10-18T07:44:48.452+0000] {dagbag.py:588} INFO - Filling up the DagBag from /opt/airflow/dags/etl_datalake_dag.py
[2025-10-18T07:44:48.476+0000] {processor.py:925} INFO - DAG(s) 'etl_datalake_hive_iceberg' retrieved from /opt/airflow/dags/etl_datalake_dag.py
[2025-10-18T07:44:48.519+0000] {logging_mixin.py:190} INFO - [2025-10-18T07:44:48.519+0000] {dag.py:3239} INFO - Sync 1 DAGs
[2025-10-18T07:44:48.554+0000] {logging_mixin.py:190} INFO - [2025-10-18T07:44:48.554+0000] {dag.py:4180} INFO - Setting next_dagrun for etl_datalake_hive_iceberg to 2025-10-18T00:00:00+00:00, run_after=2025-10-19T00:00:00+00:00
[2025-10-18T07:44:48.589+0000] {processor.py:208} INFO - Processing /opt/airflow/dags/etl_datalake_dag.py took 0.147 seconds
[2025-10-18T07:45:21.494+0000] {processor.py:186} INFO - Started process (PID=64) to work on /opt/airflow/dags/etl_datalake_dag.py
[2025-10-18T07:45:21.495+0000] {processor.py:914} INFO - Processing file /opt/airflow/dags/etl_datalake_dag.py for tasks to queue
[2025-10-18T07:45:21.497+0000] {logging_mixin.py:190} INFO - [2025-10-18T07:45:21.497+0000] {dagbag.py:588} INFO - Filling up the DagBag from /opt/airflow/dags/etl_datalake_dag.py
[2025-10-18T07:45:21.521+0000] {processor.py:925} INFO - DAG(s) 'etl_datalake_hive_iceberg' retrieved from /opt/airflow/dags/etl_datalake_dag.py
[2025-10-18T07:45:21.566+0000] {logging_mixin.py:190} INFO - [2025-10-18T07:45:21.566+0000] {dag.py:3239} INFO - Sync 1 DAGs
[2025-10-18T07:45:21.606+0000] {logging_mixin.py:190} INFO - [2025-10-18T07:45:21.606+0000] {dag.py:4180} INFO - Setting next_dagrun for etl_datalake_hive_iceberg to 2025-10-18T00:00:00+00:00, run_after=2025-10-19T00:00:00+00:00
[2025-10-18T07:45:21.653+0000] {processor.py:208} INFO - Processing /opt/airflow/dags/etl_datalake_dag.py took 0.170 seconds
[2025-10-18T07:45:54.441+0000] {processor.py:186} INFO - Started process (PID=65) to work on /opt/airflow/dags/etl_datalake_dag.py
[2025-10-18T07:45:54.441+0000] {processor.py:914} INFO - Processing file /opt/airflow/dags/etl_datalake_dag.py for tasks to queue
[2025-10-18T07:45:54.443+0000] {logging_mixin.py:190} INFO - [2025-10-18T07:45:54.442+0000] {dagbag.py:588} INFO - Filling up the DagBag from /opt/airflow/dags/etl_datalake_dag.py
[2025-10-18T07:45:54.462+0000] {processor.py:925} INFO - DAG(s) 'etl_datalake_hive_iceberg' retrieved from /opt/airflow/dags/etl_datalake_dag.py
[2025-10-18T07:45:54.509+0000] {logging_mixin.py:190} INFO - [2025-10-18T07:45:54.508+0000] {dag.py:3239} INFO - Sync 1 DAGs
[2025-10-18T07:45:54.544+0000] {logging_mixin.py:190} INFO - [2025-10-18T07:45:54.544+0000] {dag.py:4180} INFO - Setting next_dagrun for etl_datalake_hive_iceberg to 2025-10-18T00:00:00+00:00, run_after=2025-10-19T00:00:00+00:00
[2025-10-18T07:45:54.582+0000] {processor.py:208} INFO - Processing /opt/airflow/dags/etl_datalake_dag.py took 0.146 seconds
[2025-10-18T07:46:27.512+0000] {processor.py:186} INFO - Started process (PID=66) to work on /opt/airflow/dags/etl_datalake_dag.py
[2025-10-18T07:46:27.513+0000] {processor.py:914} INFO - Processing file /opt/airflow/dags/etl_datalake_dag.py for tasks to queue
[2025-10-18T07:46:27.515+0000] {logging_mixin.py:190} INFO - [2025-10-18T07:46:27.515+0000] {dagbag.py:588} INFO - Filling up the DagBag from /opt/airflow/dags/etl_datalake_dag.py
[2025-10-18T07:46:27.541+0000] {processor.py:925} INFO - DAG(s) 'etl_datalake_hive_iceberg' retrieved from /opt/airflow/dags/etl_datalake_dag.py
[2025-10-18T07:46:27.590+0000] {logging_mixin.py:190} INFO - [2025-10-18T07:46:27.590+0000] {dag.py:3239} INFO - Sync 1 DAGs
[2025-10-18T07:46:27.649+0000] {logging_mixin.py:190} INFO - [2025-10-18T07:46:27.649+0000] {dag.py:4180} INFO - Setting next_dagrun for etl_datalake_hive_iceberg to 2025-10-18T00:00:00+00:00, run_after=2025-10-19T00:00:00+00:00
[2025-10-18T07:46:27.687+0000] {processor.py:208} INFO - Processing /opt/airflow/dags/etl_datalake_dag.py took 0.183 seconds
[2025-10-18T07:46:59.594+0000] {processor.py:186} INFO - Started process (PID=67) to work on /opt/airflow/dags/etl_datalake_dag.py
[2025-10-18T07:46:59.595+0000] {processor.py:914} INFO - Processing file /opt/airflow/dags/etl_datalake_dag.py for tasks to queue
[2025-10-18T07:46:59.600+0000] {logging_mixin.py:190} INFO - [2025-10-18T07:46:59.599+0000] {dagbag.py:588} INFO - Filling up the DagBag from /opt/airflow/dags/etl_datalake_dag.py
[2025-10-18T07:46:59.641+0000] {processor.py:925} INFO - DAG(s) 'etl_datalake_hive_iceberg' retrieved from /opt/airflow/dags/etl_datalake_dag.py
[2025-10-18T07:46:59.700+0000] {logging_mixin.py:190} INFO - [2025-10-18T07:46:59.700+0000] {dag.py:3239} INFO - Sync 1 DAGs
[2025-10-18T07:46:59.741+0000] {logging_mixin.py:190} INFO - [2025-10-18T07:46:59.741+0000] {dag.py:4180} INFO - Setting next_dagrun for etl_datalake_hive_iceberg to 2025-10-18T00:00:00+00:00, run_after=2025-10-19T00:00:00+00:00
[2025-10-18T07:46:59.776+0000] {processor.py:208} INFO - Processing /opt/airflow/dags/etl_datalake_dag.py took 0.194 seconds
[2025-10-18T07:47:32.570+0000] {processor.py:186} INFO - Started process (PID=68) to work on /opt/airflow/dags/etl_datalake_dag.py
[2025-10-18T07:47:32.571+0000] {processor.py:914} INFO - Processing file /opt/airflow/dags/etl_datalake_dag.py for tasks to queue
[2025-10-18T07:47:32.572+0000] {logging_mixin.py:190} INFO - [2025-10-18T07:47:32.572+0000] {dagbag.py:588} INFO - Filling up the DagBag from /opt/airflow/dags/etl_datalake_dag.py
[2025-10-18T07:47:32.597+0000] {processor.py:925} INFO - DAG(s) 'etl_datalake_hive_iceberg' retrieved from /opt/airflow/dags/etl_datalake_dag.py
[2025-10-18T07:47:32.657+0000] {logging_mixin.py:190} INFO - [2025-10-18T07:47:32.657+0000] {dag.py:3239} INFO - Sync 1 DAGs
[2025-10-18T07:47:32.711+0000] {logging_mixin.py:190} INFO - [2025-10-18T07:47:32.711+0000] {dag.py:4180} INFO - Setting next_dagrun for etl_datalake_hive_iceberg to 2025-10-18T00:00:00+00:00, run_after=2025-10-19T00:00:00+00:00
[2025-10-18T07:47:32.769+0000] {processor.py:208} INFO - Processing /opt/airflow/dags/etl_datalake_dag.py took 0.207 seconds
[2025-10-18T07:48:05.624+0000] {processor.py:186} INFO - Started process (PID=69) to work on /opt/airflow/dags/etl_datalake_dag.py
[2025-10-18T07:48:05.625+0000] {processor.py:914} INFO - Processing file /opt/airflow/dags/etl_datalake_dag.py for tasks to queue
[2025-10-18T07:48:05.627+0000] {logging_mixin.py:190} INFO - [2025-10-18T07:48:05.626+0000] {dagbag.py:588} INFO - Filling up the DagBag from /opt/airflow/dags/etl_datalake_dag.py
[2025-10-18T07:48:05.648+0000] {processor.py:925} INFO - DAG(s) 'etl_datalake_hive_iceberg' retrieved from /opt/airflow/dags/etl_datalake_dag.py
[2025-10-18T07:48:05.696+0000] {logging_mixin.py:190} INFO - [2025-10-18T07:48:05.696+0000] {dag.py:3239} INFO - Sync 1 DAGs
[2025-10-18T07:48:05.732+0000] {logging_mixin.py:190} INFO - [2025-10-18T07:48:05.732+0000] {dag.py:4180} INFO - Setting next_dagrun for etl_datalake_hive_iceberg to 2025-10-18T00:00:00+00:00, run_after=2025-10-19T00:00:00+00:00
[2025-10-18T07:48:05.771+0000] {processor.py:208} INFO - Processing /opt/airflow/dags/etl_datalake_dag.py took 0.154 seconds
[2025-10-18T07:48:37.637+0000] {processor.py:186} INFO - Started process (PID=70) to work on /opt/airflow/dags/etl_datalake_dag.py
[2025-10-18T07:48:37.638+0000] {processor.py:914} INFO - Processing file /opt/airflow/dags/etl_datalake_dag.py for tasks to queue
[2025-10-18T07:48:37.644+0000] {logging_mixin.py:190} INFO - [2025-10-18T07:48:37.644+0000] {dagbag.py:588} INFO - Filling up the DagBag from /opt/airflow/dags/etl_datalake_dag.py
[2025-10-18T07:48:37.677+0000] {processor.py:925} INFO - DAG(s) 'etl_datalake_hive_iceberg' retrieved from /opt/airflow/dags/etl_datalake_dag.py
[2025-10-18T07:48:37.760+0000] {logging_mixin.py:190} INFO - [2025-10-18T07:48:37.760+0000] {dag.py:3239} INFO - Sync 1 DAGs
[2025-10-18T07:48:37.807+0000] {logging_mixin.py:190} INFO - [2025-10-18T07:48:37.807+0000] {dag.py:4180} INFO - Setting next_dagrun for etl_datalake_hive_iceberg to 2025-10-18T00:00:00+00:00, run_after=2025-10-19T00:00:00+00:00
[2025-10-18T07:48:37.847+0000] {processor.py:208} INFO - Processing /opt/airflow/dags/etl_datalake_dag.py took 0.219 seconds
[2025-10-18T07:49:10.775+0000] {processor.py:186} INFO - Started process (PID=71) to work on /opt/airflow/dags/etl_datalake_dag.py
[2025-10-18T07:49:10.777+0000] {processor.py:914} INFO - Processing file /opt/airflow/dags/etl_datalake_dag.py for tasks to queue
[2025-10-18T07:49:10.782+0000] {logging_mixin.py:190} INFO - [2025-10-18T07:49:10.781+0000] {dagbag.py:588} INFO - Filling up the DagBag from /opt/airflow/dags/etl_datalake_dag.py
[2025-10-18T07:49:10.814+0000] {processor.py:925} INFO - DAG(s) 'etl_datalake_hive_iceberg' retrieved from /opt/airflow/dags/etl_datalake_dag.py
[2025-10-18T07:49:10.878+0000] {logging_mixin.py:190} INFO - [2025-10-18T07:49:10.877+0000] {dag.py:3239} INFO - Sync 1 DAGs
[2025-10-18T07:49:10.926+0000] {logging_mixin.py:190} INFO - [2025-10-18T07:49:10.926+0000] {dag.py:4180} INFO - Setting next_dagrun for etl_datalake_hive_iceberg to 2025-10-18T00:00:00+00:00, run_after=2025-10-19T00:00:00+00:00
[2025-10-18T07:49:10.964+0000] {processor.py:208} INFO - Processing /opt/airflow/dags/etl_datalake_dag.py took 0.199 seconds
[2025-10-18T07:49:44.512+0000] {processor.py:186} INFO - Started process (PID=72) to work on /opt/airflow/dags/etl_datalake_dag.py
[2025-10-18T07:49:44.513+0000] {processor.py:914} INFO - Processing file /opt/airflow/dags/etl_datalake_dag.py for tasks to queue
[2025-10-18T07:49:44.514+0000] {logging_mixin.py:190} INFO - [2025-10-18T07:49:44.514+0000] {dagbag.py:588} INFO - Filling up the DagBag from /opt/airflow/dags/etl_datalake_dag.py
[2025-10-18T07:49:44.552+0000] {processor.py:925} INFO - DAG(s) 'etl_datalake_hive_iceberg' retrieved from /opt/airflow/dags/etl_datalake_dag.py
[2025-10-18T07:49:44.636+0000] {logging_mixin.py:190} INFO - [2025-10-18T07:49:44.636+0000] {dag.py:3239} INFO - Sync 1 DAGs
[2025-10-18T07:49:44.714+0000] {logging_mixin.py:190} INFO - [2025-10-18T07:49:44.713+0000] {dag.py:4180} INFO - Setting next_dagrun for etl_datalake_hive_iceberg to 2025-10-18T00:00:00+00:00, run_after=2025-10-19T00:00:00+00:00
[2025-10-18T07:49:44.810+0000] {processor.py:208} INFO - Processing /opt/airflow/dags/etl_datalake_dag.py took 0.308 seconds
[2025-10-18T07:50:17.025+0000] {processor.py:186} INFO - Started process (PID=73) to work on /opt/airflow/dags/etl_datalake_dag.py
[2025-10-18T07:50:17.026+0000] {processor.py:914} INFO - Processing file /opt/airflow/dags/etl_datalake_dag.py for tasks to queue
[2025-10-18T07:50:17.028+0000] {logging_mixin.py:190} INFO - [2025-10-18T07:50:17.028+0000] {dagbag.py:588} INFO - Filling up the DagBag from /opt/airflow/dags/etl_datalake_dag.py
[2025-10-18T07:50:17.051+0000] {processor.py:925} INFO - DAG(s) 'etl_datalake_hive_iceberg' retrieved from /opt/airflow/dags/etl_datalake_dag.py
[2025-10-18T07:50:17.099+0000] {logging_mixin.py:190} INFO - [2025-10-18T07:50:17.099+0000] {dag.py:3239} INFO - Sync 1 DAGs
[2025-10-18T07:50:17.140+0000] {logging_mixin.py:190} INFO - [2025-10-18T07:50:17.140+0000] {dag.py:4180} INFO - Setting next_dagrun for etl_datalake_hive_iceberg to 2025-10-18T00:00:00+00:00, run_after=2025-10-19T00:00:00+00:00
[2025-10-18T07:50:17.189+0000] {processor.py:208} INFO - Processing /opt/airflow/dags/etl_datalake_dag.py took 0.171 seconds
[2025-10-18T07:50:50.588+0000] {processor.py:186} INFO - Started process (PID=74) to work on /opt/airflow/dags/etl_datalake_dag.py
[2025-10-18T07:50:50.589+0000] {processor.py:914} INFO - Processing file /opt/airflow/dags/etl_datalake_dag.py for tasks to queue
[2025-10-18T07:50:50.592+0000] {logging_mixin.py:190} INFO - [2025-10-18T07:50:50.592+0000] {dagbag.py:588} INFO - Filling up the DagBag from /opt/airflow/dags/etl_datalake_dag.py
[2025-10-18T07:50:50.614+0000] {processor.py:925} INFO - DAG(s) 'etl_datalake_hive_iceberg' retrieved from /opt/airflow/dags/etl_datalake_dag.py
[2025-10-18T07:50:50.657+0000] {logging_mixin.py:190} INFO - [2025-10-18T07:50:50.657+0000] {dag.py:3239} INFO - Sync 1 DAGs
[2025-10-18T07:50:50.695+0000] {logging_mixin.py:190} INFO - [2025-10-18T07:50:50.695+0000] {dag.py:4180} INFO - Setting next_dagrun for etl_datalake_hive_iceberg to 2025-10-18T00:00:00+00:00, run_after=2025-10-19T00:00:00+00:00
[2025-10-18T07:50:50.731+0000] {processor.py:208} INFO - Processing /opt/airflow/dags/etl_datalake_dag.py took 0.151 seconds
[2025-10-18T07:51:24.268+0000] {processor.py:186} INFO - Started process (PID=75) to work on /opt/airflow/dags/etl_datalake_dag.py
[2025-10-18T07:51:24.268+0000] {processor.py:914} INFO - Processing file /opt/airflow/dags/etl_datalake_dag.py for tasks to queue
[2025-10-18T07:51:24.270+0000] {logging_mixin.py:190} INFO - [2025-10-18T07:51:24.269+0000] {dagbag.py:588} INFO - Filling up the DagBag from /opt/airflow/dags/etl_datalake_dag.py
[2025-10-18T07:51:24.292+0000] {processor.py:925} INFO - DAG(s) 'etl_datalake_hive_iceberg' retrieved from /opt/airflow/dags/etl_datalake_dag.py
[2025-10-18T07:51:24.335+0000] {logging_mixin.py:190} INFO - [2025-10-18T07:51:24.334+0000] {dag.py:3239} INFO - Sync 1 DAGs
[2025-10-18T07:51:24.412+0000] {logging_mixin.py:190} INFO - [2025-10-18T07:51:24.412+0000] {dag.py:4180} INFO - Setting next_dagrun for etl_datalake_hive_iceberg to 2025-10-18T00:00:00+00:00, run_after=2025-10-19T00:00:00+00:00
[2025-10-18T07:51:24.457+0000] {processor.py:208} INFO - Processing /opt/airflow/dags/etl_datalake_dag.py took 0.197 seconds
[2025-10-18T07:51:57.915+0000] {processor.py:186} INFO - Started process (PID=76) to work on /opt/airflow/dags/etl_datalake_dag.py
[2025-10-18T07:51:57.916+0000] {processor.py:914} INFO - Processing file /opt/airflow/dags/etl_datalake_dag.py for tasks to queue
[2025-10-18T07:51:57.920+0000] {logging_mixin.py:190} INFO - [2025-10-18T07:51:57.919+0000] {dagbag.py:588} INFO - Filling up the DagBag from /opt/airflow/dags/etl_datalake_dag.py
[2025-10-18T07:51:57.993+0000] {processor.py:925} INFO - DAG(s) 'etl_datalake_hive_iceberg' retrieved from /opt/airflow/dags/etl_datalake_dag.py
[2025-10-18T07:51:58.138+0000] {logging_mixin.py:190} INFO - [2025-10-18T07:51:58.137+0000] {dag.py:3239} INFO - Sync 1 DAGs
[2025-10-18T07:51:58.230+0000] {logging_mixin.py:190} INFO - [2025-10-18T07:51:58.229+0000] {dag.py:4180} INFO - Setting next_dagrun for etl_datalake_hive_iceberg to 2025-10-18T00:00:00+00:00, run_after=2025-10-19T00:00:00+00:00
[2025-10-18T07:51:58.322+0000] {processor.py:208} INFO - Processing /opt/airflow/dags/etl_datalake_dag.py took 0.458 seconds
[2025-10-18T07:52:30.596+0000] {processor.py:186} INFO - Started process (PID=77) to work on /opt/airflow/dags/etl_datalake_dag.py
[2025-10-18T07:52:30.597+0000] {processor.py:914} INFO - Processing file /opt/airflow/dags/etl_datalake_dag.py for tasks to queue
[2025-10-18T07:52:30.598+0000] {logging_mixin.py:190} INFO - [2025-10-18T07:52:30.598+0000] {dagbag.py:588} INFO - Filling up the DagBag from /opt/airflow/dags/etl_datalake_dag.py
[2025-10-18T07:52:30.619+0000] {processor.py:925} INFO - DAG(s) 'etl_datalake_hive_iceberg' retrieved from /opt/airflow/dags/etl_datalake_dag.py
[2025-10-18T07:52:30.662+0000] {logging_mixin.py:190} INFO - [2025-10-18T07:52:30.662+0000] {dag.py:3239} INFO - Sync 1 DAGs
[2025-10-18T07:52:30.697+0000] {logging_mixin.py:190} INFO - [2025-10-18T07:52:30.697+0000] {dag.py:4180} INFO - Setting next_dagrun for etl_datalake_hive_iceberg to 2025-10-18T00:00:00+00:00, run_after=2025-10-19T00:00:00+00:00
[2025-10-18T07:52:30.733+0000] {processor.py:208} INFO - Processing /opt/airflow/dags/etl_datalake_dag.py took 0.142 seconds
[2025-10-18T07:53:04.120+0000] {processor.py:186} INFO - Started process (PID=78) to work on /opt/airflow/dags/etl_datalake_dag.py
[2025-10-18T07:53:04.121+0000] {processor.py:914} INFO - Processing file /opt/airflow/dags/etl_datalake_dag.py for tasks to queue
[2025-10-18T07:53:04.122+0000] {logging_mixin.py:190} INFO - [2025-10-18T07:53:04.122+0000] {dagbag.py:588} INFO - Filling up the DagBag from /opt/airflow/dags/etl_datalake_dag.py
[2025-10-18T07:53:04.137+0000] {processor.py:925} INFO - DAG(s) 'etl_datalake_hive_iceberg' retrieved from /opt/airflow/dags/etl_datalake_dag.py
[2025-10-18T07:53:04.180+0000] {logging_mixin.py:190} INFO - [2025-10-18T07:53:04.179+0000] {dag.py:3239} INFO - Sync 1 DAGs
[2025-10-18T07:53:04.213+0000] {logging_mixin.py:190} INFO - [2025-10-18T07:53:04.213+0000] {dag.py:4180} INFO - Setting next_dagrun for etl_datalake_hive_iceberg to 2025-10-18T00:00:00+00:00, run_after=2025-10-19T00:00:00+00:00
[2025-10-18T07:53:04.247+0000] {processor.py:208} INFO - Processing /opt/airflow/dags/etl_datalake_dag.py took 0.133 seconds
[2025-10-18T07:53:37.837+0000] {processor.py:186} INFO - Started process (PID=79) to work on /opt/airflow/dags/etl_datalake_dag.py
[2025-10-18T07:53:37.838+0000] {processor.py:914} INFO - Processing file /opt/airflow/dags/etl_datalake_dag.py for tasks to queue
[2025-10-18T07:53:37.840+0000] {logging_mixin.py:190} INFO - [2025-10-18T07:53:37.839+0000] {dagbag.py:588} INFO - Filling up the DagBag from /opt/airflow/dags/etl_datalake_dag.py
[2025-10-18T07:53:37.861+0000] {processor.py:925} INFO - DAG(s) 'etl_datalake_hive_iceberg' retrieved from /opt/airflow/dags/etl_datalake_dag.py
[2025-10-18T07:53:37.900+0000] {logging_mixin.py:190} INFO - [2025-10-18T07:53:37.900+0000] {dag.py:3239} INFO - Sync 1 DAGs
[2025-10-18T07:53:37.932+0000] {logging_mixin.py:190} INFO - [2025-10-18T07:53:37.932+0000] {dag.py:4180} INFO - Setting next_dagrun for etl_datalake_hive_iceberg to 2025-10-18T00:00:00+00:00, run_after=2025-10-19T00:00:00+00:00
[2025-10-18T07:53:37.961+0000] {processor.py:208} INFO - Processing /opt/airflow/dags/etl_datalake_dag.py took 0.131 seconds
