[2025-10-20T00:54:05.811+0000] {local_task_job_runner.py:123} INFO - ::group::Pre task execution logs
[2025-10-20T00:54:05.881+0000] {taskinstance.py:2614} INFO - Dependencies all met for dep_context=non-requeueable deps ti=<TaskInstance: system_dag.load_bronze scheduled__2025-10-19T00:00:00+00:00 [queued]>
[2025-10-20T00:54:05.901+0000] {taskinstance.py:2614} INFO - Dependencies all met for dep_context=requeueable deps ti=<TaskInstance: system_dag.load_bronze scheduled__2025-10-19T00:00:00+00:00 [queued]>
[2025-10-20T00:54:05.902+0000] {taskinstance.py:2867} INFO - Starting attempt 1 of 2
[2025-10-20T00:54:05.940+0000] {taskinstance.py:2890} INFO - Executing <Task(BashOperator): load_bronze> on 2025-10-19 00:00:00+00:00
[2025-10-20T00:54:05.950+0000] {standard_task_runner.py:72} INFO - Started process 63 to run task
[2025-10-20T00:54:05.954+0000] {standard_task_runner.py:104} INFO - Running: ['***', 'tasks', 'run', 'system_dag', 'load_bronze', 'scheduled__2025-10-19T00:00:00+00:00', '--job-id', '15', '--raw', '--subdir', 'DAGS_FOLDER/system_dag.py', '--cfg-path', '/tmp/tmp5djecxo4']
[2025-10-20T00:54:05.961+0000] {standard_task_runner.py:105} INFO - Job 15: Subtask load_bronze
[2025-10-20T00:54:06.004+0000] {warnings.py:109} WARNING - /home/***/.local/lib/python3.8/site-packages/***/settings.py:209: DeprecationWarning: The sql_alchemy_conn option in [core] has been moved to the sql_alchemy_conn option in [database] - the old setting has been used, but please update your config.
  SQL_ALCHEMY_CONN = conf.get("database", "SQL_ALCHEMY_CONN")

[2025-10-20T00:54:06.109+0000] {task_command.py:467} INFO - Running <TaskInstance: system_dag.load_bronze scheduled__2025-10-19T00:00:00+00:00 [running]> on host ff04b21b6cb6
[2025-10-20T00:54:06.110+0000] {warnings.py:109} WARNING - /home/***/.local/lib/python3.8/site-packages/***/settings.py:470: DeprecationWarning: The sql_alchemy_conn option in [core] has been moved to the sql_alchemy_conn option in [database] - the old setting has been used, but please update your config.
  if conf.get("database", "sql_alchemy_conn") == "none://":

[2025-10-20T00:54:06.267+0000] {taskinstance.py:3134} INFO - Exporting env vars: AIRFLOW_CTX_DAG_EMAIL='alert@datateam.local' AIRFLOW_CTX_DAG_OWNER='***' AIRFLOW_CTX_DAG_ID='system_dag' AIRFLOW_CTX_TASK_ID='load_bronze' AIRFLOW_CTX_EXECUTION_DATE='2025-10-19T00:00:00+00:00' AIRFLOW_CTX_TRY_NUMBER='1' AIRFLOW_CTX_DAG_RUN_ID='scheduled__2025-10-19T00:00:00+00:00'
[2025-10-20T00:54:06.269+0000] {taskinstance.py:732} INFO - ::endgroup::
[2025-10-20T00:54:06.303+0000] {subprocess.py:78} INFO - Tmp dir root location: /tmp
[2025-10-20T00:54:06.308+0000] {subprocess.py:88} INFO - Running command: ['/bin/bash', '-c', '\n        docker exec spark-submit /opt/spark/bin/spark-submit         --master spark://spark-master:7077         --deploy-mode client         /opt/***/scripts/Load_Bronze.py\n        ']
[2025-10-20T00:54:06.329+0000] {subprocess.py:99} INFO - Output:
[2025-10-20T00:54:10.097+0000] {subprocess.py:106} INFO - 25/10/20 00:54:10 INFO SparkContext: Running Spark version 3.5.3
[2025-10-20T00:54:10.098+0000] {subprocess.py:106} INFO - 25/10/20 00:54:10 INFO SparkContext: OS info Linux, 6.6.87.1-microsoft-standard-WSL2, amd64
[2025-10-20T00:54:10.099+0000] {subprocess.py:106} INFO - 25/10/20 00:54:10 INFO SparkContext: Java version 11.0.24
[2025-10-20T00:54:10.178+0000] {subprocess.py:106} INFO - 25/10/20 00:54:10 WARN NativeCodeLoader: Unable to load native-hadoop library for your platform... using builtin-java classes where applicable
[2025-10-20T00:54:10.287+0000] {subprocess.py:106} INFO - 25/10/20 00:54:10 INFO ResourceUtils: ==============================================================
[2025-10-20T00:54:10.288+0000] {subprocess.py:106} INFO - 25/10/20 00:54:10 INFO ResourceUtils: No custom resources configured for spark.driver.
[2025-10-20T00:54:10.288+0000] {subprocess.py:106} INFO - 25/10/20 00:54:10 INFO ResourceUtils: ==============================================================
[2025-10-20T00:54:10.289+0000] {subprocess.py:106} INFO - 25/10/20 00:54:10 INFO SparkContext: Submitted application: Load_Bronze_Hive_Iceberg
[2025-10-20T00:54:10.315+0000] {subprocess.py:106} INFO - 25/10/20 00:54:10 INFO ResourceProfile: Default ResourceProfile created, executor resources: Map(memory -> name: memory, amount: 1024, script: , vendor: , offHeap -> name: offHeap, amount: 0, script: , vendor: ), task resources: Map(cpus -> name: cpus, amount: 1.0)
[2025-10-20T00:54:10.324+0000] {subprocess.py:106} INFO - 25/10/20 00:54:10 INFO ResourceProfile: Limiting resource is cpu
[2025-10-20T00:54:10.325+0000] {subprocess.py:106} INFO - 25/10/20 00:54:10 INFO ResourceProfileManager: Added ResourceProfile id: 0
[2025-10-20T00:54:10.421+0000] {subprocess.py:106} INFO - 25/10/20 00:54:10 INFO SecurityManager: Changing view acls to: spark
[2025-10-20T00:54:10.421+0000] {subprocess.py:106} INFO - 25/10/20 00:54:10 INFO SecurityManager: Changing modify acls to: spark
[2025-10-20T00:54:10.422+0000] {subprocess.py:106} INFO - 25/10/20 00:54:10 INFO SecurityManager: Changing view acls groups to:
[2025-10-20T00:54:10.429+0000] {subprocess.py:106} INFO - 25/10/20 00:54:10 INFO SecurityManager: Changing modify acls groups to:
[2025-10-20T00:54:10.429+0000] {subprocess.py:106} INFO - 25/10/20 00:54:10 INFO SecurityManager: SecurityManager: authentication disabled; ui acls disabled; users with view permissions: spark; groups with view permissions: EMPTY; users with modify permissions: spark; groups with modify permissions: EMPTY
[2025-10-20T00:54:10.694+0000] {subprocess.py:106} INFO - 25/10/20 00:54:10 INFO Utils: Successfully started service 'sparkDriver' on port 41571.
[2025-10-20T00:54:10.738+0000] {subprocess.py:106} INFO - 25/10/20 00:54:10 INFO SparkEnv: Registering MapOutputTracker
[2025-10-20T00:54:10.785+0000] {subprocess.py:106} INFO - 25/10/20 00:54:10 INFO SparkEnv: Registering BlockManagerMaster
[2025-10-20T00:54:10.808+0000] {subprocess.py:106} INFO - 25/10/20 00:54:10 INFO BlockManagerMasterEndpoint: Using org.apache.spark.storage.DefaultTopologyMapper for getting topology information
[2025-10-20T00:54:10.809+0000] {subprocess.py:106} INFO - 25/10/20 00:54:10 INFO BlockManagerMasterEndpoint: BlockManagerMasterEndpoint up
[2025-10-20T00:54:10.814+0000] {subprocess.py:106} INFO - 25/10/20 00:54:10 INFO SparkEnv: Registering BlockManagerMasterHeartbeat
[2025-10-20T00:54:10.849+0000] {subprocess.py:106} INFO - 25/10/20 00:54:10 INFO DiskBlockManager: Created local directory at /tmp/blockmgr-6e15c28d-005c-45b6-a251-e6f7d1c30d4a
[2025-10-20T00:54:10.867+0000] {subprocess.py:106} INFO - 25/10/20 00:54:10 INFO MemoryStore: MemoryStore started with capacity 434.4 MiB
[2025-10-20T00:54:10.885+0000] {subprocess.py:106} INFO - 25/10/20 00:54:10 INFO SparkEnv: Registering OutputCommitCoordinator
[2025-10-20T00:54:11.076+0000] {subprocess.py:106} INFO - 25/10/20 00:54:11 INFO JettyUtils: Start Jetty 0.0.0.0:4040 for SparkUI
[2025-10-20T00:54:11.148+0000] {subprocess.py:106} INFO - 25/10/20 00:54:11 INFO Utils: Successfully started service 'SparkUI' on port 4040.
[2025-10-20T00:54:11.301+0000] {subprocess.py:106} INFO - 25/10/20 00:54:11 INFO StandaloneAppClient$ClientEndpoint: Connecting to master spark://spark-master:7077...
[2025-10-20T00:54:11.355+0000] {subprocess.py:106} INFO - 25/10/20 00:54:11 INFO TransportClientFactory: Successfully created connection to spark-master/172.30.0.6:7077 after 31 ms (0 ms spent in bootstraps)
[2025-10-20T00:54:11.491+0000] {subprocess.py:106} INFO - 25/10/20 00:54:11 INFO StandaloneSchedulerBackend: Connected to Spark cluster with app ID app-20251020005411-0006
[2025-10-20T00:54:11.493+0000] {subprocess.py:106} INFO - 25/10/20 00:54:11 INFO StandaloneAppClient$ClientEndpoint: Executor added: app-20251020005411-0006/0 on worker-20251019215931-172.30.0.7-42863 (172.30.0.7:42863) with 1 core(s)
[2025-10-20T00:54:11.496+0000] {subprocess.py:106} INFO - 25/10/20 00:54:11 INFO StandaloneSchedulerBackend: Granted executor ID app-20251020005411-0006/0 on hostPort 172.30.0.7:42863 with 1 core(s), 1024.0 MiB RAM
[2025-10-20T00:54:11.504+0000] {subprocess.py:106} INFO - 25/10/20 00:54:11 INFO Utils: Successfully started service 'org.apache.spark.network.netty.NettyBlockTransferService' on port 42597.
[2025-10-20T00:54:11.509+0000] {subprocess.py:106} INFO - 25/10/20 00:54:11 INFO NettyBlockTransferService: Server created on 423e5338994a:42597
[2025-10-20T00:54:11.509+0000] {subprocess.py:106} INFO - 25/10/20 00:54:11 INFO BlockManager: Using org.apache.spark.storage.RandomBlockReplicationPolicy for block replication policy
[2025-10-20T00:54:11.517+0000] {subprocess.py:106} INFO - 25/10/20 00:54:11 INFO BlockManagerMaster: Registering BlockManager BlockManagerId(driver, 423e5338994a, 42597, None)
[2025-10-20T00:54:11.521+0000] {subprocess.py:106} INFO - 25/10/20 00:54:11 INFO BlockManagerMasterEndpoint: Registering block manager 423e5338994a:42597 with 434.4 MiB RAM, BlockManagerId(driver, 423e5338994a, 42597, None)
[2025-10-20T00:54:11.524+0000] {subprocess.py:106} INFO - 25/10/20 00:54:11 INFO BlockManagerMaster: Registered BlockManager BlockManagerId(driver, 423e5338994a, 42597, None)
[2025-10-20T00:54:11.529+0000] {subprocess.py:106} INFO - 25/10/20 00:54:11 INFO BlockManager: Initialized BlockManager: BlockManagerId(driver, 423e5338994a, 42597, None)
[2025-10-20T00:54:11.723+0000] {subprocess.py:106} INFO - 25/10/20 00:54:11 INFO StandaloneAppClient$ClientEndpoint: Executor updated: app-20251020005411-0006/0 is now RUNNING
[2025-10-20T00:54:11.772+0000] {subprocess.py:106} INFO - 25/10/20 00:54:11 INFO StandaloneSchedulerBackend: SchedulerBackend is ready for scheduling beginning after reached minRegisteredResourcesRatio: 0.0
[2025-10-20T00:54:12.131+0000] {subprocess.py:106} INFO - 25/10/20 00:54:12 INFO SharedState: Setting hive.metastore.warehouse.dir ('null') to the value of spark.sql.warehouse.dir.
[2025-10-20T00:54:12.143+0000] {subprocess.py:106} INFO - 25/10/20 00:54:12 INFO SharedState: Warehouse path is 'file:/opt/spark/work-dir/spark-warehouse'.
[2025-10-20T00:54:14.087+0000] {subprocess.py:106} INFO - 25/10/20 00:54:14 INFO InMemoryFileIndex: It took 92 ms to list leaf files for 1 paths.
[2025-10-20T00:54:14.302+0000] {subprocess.py:106} INFO - 25/10/20 00:54:14 INFO MemoryStore: Block broadcast_0 stored as values in memory (estimated size 202.8 KiB, free 434.2 MiB)
[2025-10-20T00:54:14.389+0000] {subprocess.py:106} INFO - 25/10/20 00:54:14 INFO MemoryStore: Block broadcast_0_piece0 stored as bytes in memory (estimated size 35.1 KiB, free 434.2 MiB)
[2025-10-20T00:54:14.392+0000] {subprocess.py:106} INFO - 25/10/20 00:54:14 INFO BlockManagerInfo: Added broadcast_0_piece0 in memory on 423e5338994a:42597 (size: 35.1 KiB, free: 434.4 MiB)
[2025-10-20T00:54:14.399+0000] {subprocess.py:106} INFO - 25/10/20 00:54:14 INFO SparkContext: Created broadcast 0 from csv at <unknown>:0
[2025-10-20T00:54:14.837+0000] {subprocess.py:106} INFO - 25/10/20 00:54:14 INFO FileInputFormat: Total input files to process : 1
[2025-10-20T00:54:14.843+0000] {subprocess.py:106} INFO - 25/10/20 00:54:14 INFO FileInputFormat: Total input files to process : 1
[2025-10-20T00:54:14.945+0000] {subprocess.py:106} INFO - 25/10/20 00:54:14 INFO StandaloneSchedulerBackend$StandaloneDriverEndpoint: Registered executor NettyRpcEndpointRef(spark-client://Executor) (172.30.0.7:38070) with ID 0,  ResourceProfileId 0
[2025-10-20T00:54:14.978+0000] {subprocess.py:106} INFO - 25/10/20 00:54:14 INFO SparkContext: Starting job: csv at <unknown>:0
[2025-10-20T00:54:15.009+0000] {subprocess.py:106} INFO - 25/10/20 00:54:15 INFO DAGScheduler: Got job 0 (csv at <unknown>:0) with 1 output partitions
[2025-10-20T00:54:15.009+0000] {subprocess.py:106} INFO - 25/10/20 00:54:15 INFO DAGScheduler: Final stage: ResultStage 0 (csv at <unknown>:0)
[2025-10-20T00:54:15.010+0000] {subprocess.py:106} INFO - 25/10/20 00:54:15 INFO DAGScheduler: Parents of final stage: List()
[2025-10-20T00:54:15.012+0000] {subprocess.py:106} INFO - 25/10/20 00:54:15 INFO DAGScheduler: Missing parents: List()
[2025-10-20T00:54:15.017+0000] {subprocess.py:106} INFO - 25/10/20 00:54:15 INFO DAGScheduler: Submitting ResultStage 0 (MapPartitionsRDD[2] at csv at <unknown>:0), which has no missing parents
[2025-10-20T00:54:15.046+0000] {subprocess.py:106} INFO - 25/10/20 00:54:15 INFO MemoryStore: Block broadcast_1 stored as values in memory (estimated size 7.6 KiB, free 434.2 MiB)
[2025-10-20T00:54:15.050+0000] {subprocess.py:106} INFO - 25/10/20 00:54:15 INFO MemoryStore: Block broadcast_1_piece0 stored as bytes in memory (estimated size 4.4 KiB, free 434.2 MiB)
[2025-10-20T00:54:15.050+0000] {subprocess.py:106} INFO - 25/10/20 00:54:15 INFO BlockManagerInfo: Added broadcast_1_piece0 in memory on 423e5338994a:42597 (size: 4.4 KiB, free: 434.4 MiB)
[2025-10-20T00:54:15.054+0000] {subprocess.py:106} INFO - 25/10/20 00:54:15 INFO SparkContext: Created broadcast 1 from broadcast at DAGScheduler.scala:1585
[2025-10-20T00:54:15.075+0000] {subprocess.py:106} INFO - 25/10/20 00:54:15 INFO BlockManagerMasterEndpoint: Registering block manager 172.30.0.7:38779 with 434.4 MiB RAM, BlockManagerId(0, 172.30.0.7, 38779, None)
[2025-10-20T00:54:15.076+0000] {subprocess.py:106} INFO - 25/10/20 00:54:15 INFO DAGScheduler: Submitting 1 missing tasks from ResultStage 0 (MapPartitionsRDD[2] at csv at <unknown>:0) (first 15 tasks are for partitions Vector(0))
[2025-10-20T00:54:15.078+0000] {subprocess.py:106} INFO - 25/10/20 00:54:15 INFO TaskSchedulerImpl: Adding task set 0.0 with 1 tasks resource profile 0
[2025-10-20T00:54:15.158+0000] {subprocess.py:106} INFO - 25/10/20 00:54:15 INFO TaskSetManager: Starting task 0.0 in stage 0.0 (TID 0) (172.30.0.7, executor 0, partition 0, PROCESS_LOCAL, 9174 bytes)
[2025-10-20T00:54:15.391+0000] {subprocess.py:106} INFO - 25/10/20 00:54:15 INFO BlockManagerInfo: Added broadcast_1_piece0 in memory on 172.30.0.7:38779 (size: 4.4 KiB, free: 434.4 MiB)
[2025-10-20T00:54:15.648+0000] {subprocess.py:106} INFO - 25/10/20 00:54:15 INFO BlockManagerInfo: Added broadcast_0_piece0 in memory on 172.30.0.7:38779 (size: 35.1 KiB, free: 434.4 MiB)
[2025-10-20T00:54:16.471+0000] {subprocess.py:106} INFO - 25/10/20 00:54:16 INFO TaskSetManager: Finished task 0.0 in stage 0.0 (TID 0) in 1331 ms on 172.30.0.7 (executor 0) (1/1)
[2025-10-20T00:54:16.473+0000] {subprocess.py:106} INFO - 25/10/20 00:54:16 INFO TaskSchedulerImpl: Removed TaskSet 0.0, whose tasks have all completed, from pool
[2025-10-20T00:54:16.480+0000] {subprocess.py:106} INFO - 25/10/20 00:54:16 INFO DAGScheduler: ResultStage 0 (csv at <unknown>:0) finished in 1.440 s
[2025-10-20T00:54:16.484+0000] {subprocess.py:106} INFO - 25/10/20 00:54:16 INFO DAGScheduler: Job 0 is finished. Cancelling potential speculative or zombie tasks for this job
[2025-10-20T00:54:16.485+0000] {subprocess.py:106} INFO - 25/10/20 00:54:16 INFO TaskSchedulerImpl: Killing all running tasks in stage 0: Stage finished
[2025-10-20T00:54:16.487+0000] {subprocess.py:106} INFO - 25/10/20 00:54:16 INFO DAGScheduler: Job 0 finished: csv at <unknown>:0, took 1.508821 s
[2025-10-20T00:54:16.535+0000] {subprocess.py:106} INFO - 25/10/20 00:54:16 INFO SparkContext: Starting job: csv at <unknown>:0
[2025-10-20T00:54:16.536+0000] {subprocess.py:106} INFO - 25/10/20 00:54:16 INFO DAGScheduler: Got job 1 (csv at <unknown>:0) with 1 output partitions
[2025-10-20T00:54:16.536+0000] {subprocess.py:106} INFO - 25/10/20 00:54:16 INFO DAGScheduler: Final stage: ResultStage 1 (csv at <unknown>:0)
[2025-10-20T00:54:16.537+0000] {subprocess.py:106} INFO - 25/10/20 00:54:16 INFO DAGScheduler: Parents of final stage: List()
[2025-10-20T00:54:16.537+0000] {subprocess.py:106} INFO - 25/10/20 00:54:16 INFO DAGScheduler: Missing parents: List()
[2025-10-20T00:54:16.538+0000] {subprocess.py:106} INFO - 25/10/20 00:54:16 INFO DAGScheduler: Submitting ResultStage 1 (MapPartitionsRDD[3] at csv at <unknown>:0), which has no missing parents
[2025-10-20T00:54:16.542+0000] {subprocess.py:106} INFO - 25/10/20 00:54:16 INFO MemoryStore: Block broadcast_2 stored as values in memory (estimated size 10.1 KiB, free 434.1 MiB)
[2025-10-20T00:54:16.550+0000] {subprocess.py:106} INFO - 25/10/20 00:54:16 INFO MemoryStore: Block broadcast_2_piece0 stored as bytes in memory (estimated size 5.4 KiB, free 434.1 MiB)
[2025-10-20T00:54:16.552+0000] {subprocess.py:106} INFO - 25/10/20 00:54:16 INFO BlockManagerInfo: Added broadcast_2_piece0 in memory on 423e5338994a:42597 (size: 5.4 KiB, free: 434.4 MiB)
[2025-10-20T00:54:16.554+0000] {subprocess.py:106} INFO - 25/10/20 00:54:16 INFO SparkContext: Created broadcast 2 from broadcast at DAGScheduler.scala:1585
[2025-10-20T00:54:16.555+0000] {subprocess.py:106} INFO - 25/10/20 00:54:16 INFO DAGScheduler: Submitting 1 missing tasks from ResultStage 1 (MapPartitionsRDD[3] at csv at <unknown>:0) (first 15 tasks are for partitions Vector(0))
[2025-10-20T00:54:16.555+0000] {subprocess.py:106} INFO - 25/10/20 00:54:16 INFO TaskSchedulerImpl: Adding task set 1.0 with 1 tasks resource profile 0
[2025-10-20T00:54:16.556+0000] {subprocess.py:106} INFO - 25/10/20 00:54:16 INFO TaskSetManager: Starting task 0.0 in stage 1.0 (TID 1) (172.30.0.7, executor 0, partition 0, PROCESS_LOCAL, 9174 bytes)
[2025-10-20T00:54:16.587+0000] {subprocess.py:106} INFO - 25/10/20 00:54:16 INFO BlockManagerInfo: Removed broadcast_1_piece0 on 423e5338994a:42597 in memory (size: 4.4 KiB, free: 434.4 MiB)
[2025-10-20T00:54:16.593+0000] {subprocess.py:106} INFO - 25/10/20 00:54:16 INFO BlockManagerInfo: Added broadcast_2_piece0 in memory on 172.30.0.7:38779 (size: 5.4 KiB, free: 434.4 MiB)
[2025-10-20T00:54:16.593+0000] {subprocess.py:106} INFO - 25/10/20 00:54:16 INFO BlockManagerInfo: Removed broadcast_1_piece0 on 172.30.0.7:38779 in memory (size: 4.4 KiB, free: 434.4 MiB)
[2025-10-20T00:54:16.910+0000] {subprocess.py:106} INFO - 25/10/20 00:54:16 INFO TaskSetManager: Finished task 0.0 in stage 1.0 (TID 1) in 354 ms on 172.30.0.7 (executor 0) (1/1)
[2025-10-20T00:54:16.911+0000] {subprocess.py:106} INFO - 25/10/20 00:54:16 INFO TaskSchedulerImpl: Removed TaskSet 1.0, whose tasks have all completed, from pool
[2025-10-20T00:54:16.911+0000] {subprocess.py:106} INFO - 25/10/20 00:54:16 INFO DAGScheduler: ResultStage 1 (csv at <unknown>:0) finished in 0.372 s
[2025-10-20T00:54:16.912+0000] {subprocess.py:106} INFO - 25/10/20 00:54:16 INFO DAGScheduler: Job 1 is finished. Cancelling potential speculative or zombie tasks for this job
[2025-10-20T00:54:16.912+0000] {subprocess.py:106} INFO - 25/10/20 00:54:16 INFO TaskSchedulerImpl: Killing all running tasks in stage 1: Stage finished
[2025-10-20T00:54:16.917+0000] {subprocess.py:106} INFO - 25/10/20 00:54:16 INFO DAGScheduler: Job 1 finished: csv at <unknown>:0, took 0.382245 s
[2025-10-20T00:54:17.414+0000] {subprocess.py:106} INFO - 25/10/20 00:54:17 INFO BlockManagerInfo: Removed broadcast_2_piece0 on 423e5338994a:42597 in memory (size: 5.4 KiB, free: 434.4 MiB)
[2025-10-20T00:54:17.417+0000] {subprocess.py:106} INFO - 25/10/20 00:54:17 INFO BlockManagerInfo: Removed broadcast_2_piece0 on 172.30.0.7:38779 in memory (size: 5.4 KiB, free: 434.4 MiB)
[2025-10-20T00:54:17.425+0000] {subprocess.py:106} INFO - 25/10/20 00:54:17 INFO BlockManagerInfo: Removed broadcast_0_piece0 on 423e5338994a:42597 in memory (size: 35.1 KiB, free: 434.4 MiB)
[2025-10-20T00:54:17.427+0000] {subprocess.py:106} INFO - 25/10/20 00:54:17 INFO BlockManagerInfo: Removed broadcast_0_piece0 on 172.30.0.7:38779 in memory (size: 35.1 KiB, free: 434.4 MiB)
[2025-10-20T00:54:18.296+0000] {subprocess.py:106} INFO - 25/10/20 00:54:18 INFO FileSourceStrategy: Pushed Filters:
[2025-10-20T00:54:18.297+0000] {subprocess.py:106} INFO - 25/10/20 00:54:18 INFO FileSourceStrategy: Post-Scan Filters:
[2025-10-20T00:54:18.710+0000] {subprocess.py:106} INFO - 25/10/20 00:54:18 INFO CodeGenerator: Code generated in 208.35915 ms
[2025-10-20T00:54:18.717+0000] {subprocess.py:106} INFO - 25/10/20 00:54:18 INFO MemoryStore: Block broadcast_3 stored as values in memory (estimated size 202.2 KiB, free 434.2 MiB)
[2025-10-20T00:54:18.731+0000] {subprocess.py:106} INFO - 25/10/20 00:54:18 INFO MemoryStore: Block broadcast_3_piece0 stored as bytes in memory (estimated size 34.9 KiB, free 434.2 MiB)
[2025-10-20T00:54:18.731+0000] {subprocess.py:106} INFO - 25/10/20 00:54:18 INFO BlockManagerInfo: Added broadcast_3_piece0 in memory on 423e5338994a:42597 (size: 34.9 KiB, free: 434.4 MiB)
[2025-10-20T00:54:18.732+0000] {subprocess.py:106} INFO - 25/10/20 00:54:18 INFO SparkContext: Created broadcast 3 from count at <unknown>:0
[2025-10-20T00:54:18.752+0000] {subprocess.py:106} INFO - 25/10/20 00:54:18 INFO FileSourceScanExec: Planning scan with bin packing, max size: 4194304 bytes, open cost is considered as scanning 4194304 bytes.
[2025-10-20T00:54:18.792+0000] {subprocess.py:106} INFO - 25/10/20 00:54:18 INFO DAGScheduler: Registering RDD 7 (count at <unknown>:0) as input to shuffle 0
[2025-10-20T00:54:18.797+0000] {subprocess.py:106} INFO - 25/10/20 00:54:18 INFO DAGScheduler: Got map stage job 2 (count at <unknown>:0) with 1 output partitions
[2025-10-20T00:54:18.797+0000] {subprocess.py:106} INFO - 25/10/20 00:54:18 INFO DAGScheduler: Final stage: ShuffleMapStage 2 (count at <unknown>:0)
[2025-10-20T00:54:18.798+0000] {subprocess.py:106} INFO - 25/10/20 00:54:18 INFO DAGScheduler: Parents of final stage: List()
[2025-10-20T00:54:18.798+0000] {subprocess.py:106} INFO - 25/10/20 00:54:18 INFO DAGScheduler: Missing parents: List()
[2025-10-20T00:54:18.800+0000] {subprocess.py:106} INFO - 25/10/20 00:54:18 INFO DAGScheduler: Submitting ShuffleMapStage 2 (MapPartitionsRDD[7] at count at <unknown>:0), which has no missing parents
[2025-10-20T00:54:18.841+0000] {subprocess.py:106} INFO - 25/10/20 00:54:18 INFO MemoryStore: Block broadcast_4 stored as values in memory (estimated size 18.2 KiB, free 434.2 MiB)
[2025-10-20T00:54:18.845+0000] {subprocess.py:106} INFO - 25/10/20 00:54:18 INFO MemoryStore: Block broadcast_4_piece0 stored as bytes in memory (estimated size 9.0 KiB, free 434.1 MiB)
[2025-10-20T00:54:18.846+0000] {subprocess.py:106} INFO - 25/10/20 00:54:18 INFO BlockManagerInfo: Added broadcast_4_piece0 in memory on 423e5338994a:42597 (size: 9.0 KiB, free: 434.4 MiB)
[2025-10-20T00:54:18.847+0000] {subprocess.py:106} INFO - 25/10/20 00:54:18 INFO SparkContext: Created broadcast 4 from broadcast at DAGScheduler.scala:1585
[2025-10-20T00:54:18.849+0000] {subprocess.py:106} INFO - 25/10/20 00:54:18 INFO DAGScheduler: Submitting 1 missing tasks from ShuffleMapStage 2 (MapPartitionsRDD[7] at count at <unknown>:0) (first 15 tasks are for partitions Vector(0))
[2025-10-20T00:54:18.850+0000] {subprocess.py:106} INFO - 25/10/20 00:54:18 INFO TaskSchedulerImpl: Adding task set 2.0 with 1 tasks resource profile 0
[2025-10-20T00:54:18.863+0000] {subprocess.py:106} INFO - 25/10/20 00:54:18 INFO TaskSetManager: Starting task 0.0 in stage 2.0 (TID 2) (172.30.0.7, executor 0, partition 0, ANY, 9634 bytes)
[2025-10-20T00:54:18.894+0000] {subprocess.py:106} INFO - 25/10/20 00:54:18 INFO BlockManagerInfo: Added broadcast_4_piece0 in memory on 172.30.0.7:38779 (size: 9.0 KiB, free: 434.4 MiB)
[2025-10-20T00:54:19.358+0000] {subprocess.py:106} INFO - 25/10/20 00:54:19 INFO BlockManagerInfo: Added broadcast_3_piece0 in memory on 172.30.0.7:38779 (size: 34.9 KiB, free: 434.4 MiB)
[2025-10-20T00:54:19.488+0000] {subprocess.py:106} INFO - 25/10/20 00:54:19 INFO TaskSetManager: Finished task 0.0 in stage 2.0 (TID 2) in 633 ms on 172.30.0.7 (executor 0) (1/1)
[2025-10-20T00:54:19.489+0000] {subprocess.py:106} INFO - 25/10/20 00:54:19 INFO TaskSchedulerImpl: Removed TaskSet 2.0, whose tasks have all completed, from pool
[2025-10-20T00:54:19.491+0000] {subprocess.py:106} INFO - 25/10/20 00:54:19 INFO DAGScheduler: ShuffleMapStage 2 (count at <unknown>:0) finished in 0.685 s
[2025-10-20T00:54:19.492+0000] {subprocess.py:106} INFO - 25/10/20 00:54:19 INFO DAGScheduler: looking for newly runnable stages
[2025-10-20T00:54:19.492+0000] {subprocess.py:106} INFO - 25/10/20 00:54:19 INFO DAGScheduler: running: Set()
[2025-10-20T00:54:19.493+0000] {subprocess.py:106} INFO - 25/10/20 00:54:19 INFO DAGScheduler: waiting: Set()
[2025-10-20T00:54:19.493+0000] {subprocess.py:106} INFO - 25/10/20 00:54:19 INFO DAGScheduler: failed: Set()
[2025-10-20T00:54:19.547+0000] {subprocess.py:106} INFO - 25/10/20 00:54:19 INFO CodeGenerator: Code generated in 11.874278 ms
[2025-10-20T00:54:19.572+0000] {subprocess.py:106} INFO - 25/10/20 00:54:19 INFO SparkContext: Starting job: count at <unknown>:0
[2025-10-20T00:54:19.574+0000] {subprocess.py:106} INFO - 25/10/20 00:54:19 INFO DAGScheduler: Got job 3 (count at <unknown>:0) with 1 output partitions
[2025-10-20T00:54:19.575+0000] {subprocess.py:106} INFO - 25/10/20 00:54:19 INFO DAGScheduler: Final stage: ResultStage 4 (count at <unknown>:0)
[2025-10-20T00:54:19.575+0000] {subprocess.py:106} INFO - 25/10/20 00:54:19 INFO DAGScheduler: Parents of final stage: List(ShuffleMapStage 3)
[2025-10-20T00:54:19.576+0000] {subprocess.py:106} INFO - 25/10/20 00:54:19 INFO DAGScheduler: Missing parents: List()
[2025-10-20T00:54:19.576+0000] {subprocess.py:106} INFO - 25/10/20 00:54:19 INFO DAGScheduler: Submitting ResultStage 4 (MapPartitionsRDD[10] at count at <unknown>:0), which has no missing parents
[2025-10-20T00:54:19.583+0000] {subprocess.py:106} INFO - 25/10/20 00:54:19 INFO MemoryStore: Block broadcast_5 stored as values in memory (estimated size 12.5 KiB, free 434.1 MiB)
[2025-10-20T00:54:19.592+0000] {subprocess.py:106} INFO - 25/10/20 00:54:19 INFO MemoryStore: Block broadcast_5_piece0 stored as bytes in memory (estimated size 5.9 KiB, free 434.1 MiB)
[2025-10-20T00:54:19.595+0000] {subprocess.py:106} INFO - 25/10/20 00:54:19 INFO BlockManagerInfo: Added broadcast_5_piece0 in memory on 423e5338994a:42597 (size: 5.9 KiB, free: 434.4 MiB)
[2025-10-20T00:54:19.596+0000] {subprocess.py:106} INFO - 25/10/20 00:54:19 INFO BlockManagerInfo: Removed broadcast_4_piece0 on 423e5338994a:42597 in memory (size: 9.0 KiB, free: 434.4 MiB)
[2025-10-20T00:54:19.596+0000] {subprocess.py:106} INFO - 25/10/20 00:54:19 INFO SparkContext: Created broadcast 5 from broadcast at DAGScheduler.scala:1585
[2025-10-20T00:54:19.597+0000] {subprocess.py:106} INFO - 25/10/20 00:54:19 INFO DAGScheduler: Submitting 1 missing tasks from ResultStage 4 (MapPartitionsRDD[10] at count at <unknown>:0) (first 15 tasks are for partitions Vector(0))
[2025-10-20T00:54:19.597+0000] {subprocess.py:106} INFO - 25/10/20 00:54:19 INFO TaskSchedulerImpl: Adding task set 4.0 with 1 tasks resource profile 0
[2025-10-20T00:54:19.599+0000] {subprocess.py:106} INFO - 25/10/20 00:54:19 INFO BlockManagerInfo: Removed broadcast_4_piece0 on 172.30.0.7:38779 in memory (size: 9.0 KiB, free: 434.4 MiB)
[2025-10-20T00:54:19.602+0000] {subprocess.py:106} INFO - 25/10/20 00:54:19 INFO TaskSetManager: Starting task 0.0 in stage 4.0 (TID 3) (172.30.0.7, executor 0, partition 0, NODE_LOCAL, 9003 bytes)
[2025-10-20T00:54:19.628+0000] {subprocess.py:106} INFO - 25/10/20 00:54:19 INFO BlockManagerInfo: Added broadcast_5_piece0 in memory on 172.30.0.7:38779 (size: 5.9 KiB, free: 434.4 MiB)
[2025-10-20T00:54:19.656+0000] {subprocess.py:106} INFO - 25/10/20 00:54:19 INFO MapOutputTrackerMasterEndpoint: Asked to send map output locations for shuffle 0 to 172.30.0.7:38070
[2025-10-20T00:54:19.783+0000] {subprocess.py:106} INFO - 25/10/20 00:54:19 INFO TaskSetManager: Finished task 0.0 in stage 4.0 (TID 3) in 184 ms on 172.30.0.7 (executor 0) (1/1)
[2025-10-20T00:54:19.784+0000] {subprocess.py:106} INFO - 25/10/20 00:54:19 INFO TaskSchedulerImpl: Removed TaskSet 4.0, whose tasks have all completed, from pool
[2025-10-20T00:54:19.785+0000] {subprocess.py:106} INFO - 25/10/20 00:54:19 INFO DAGScheduler: ResultStage 4 (count at <unknown>:0) finished in 0.203 s
[2025-10-20T00:54:19.786+0000] {subprocess.py:106} INFO - 25/10/20 00:54:19 INFO DAGScheduler: Job 3 is finished. Cancelling potential speculative or zombie tasks for this job
[2025-10-20T00:54:19.787+0000] {subprocess.py:106} INFO - 25/10/20 00:54:19 INFO TaskSchedulerImpl: Killing all running tasks in stage 4: Stage finished
[2025-10-20T00:54:19.787+0000] {subprocess.py:106} INFO - 25/10/20 00:54:19 INFO DAGScheduler: Job 3 finished: count at <unknown>:0, took 0.214237 s
[2025-10-20T00:54:19.799+0000] {subprocess.py:106} INFO -  Raw data loaded successfully: 1000 rows
[2025-10-20T00:54:19.806+0000] {subprocess.py:106} INFO - root
[2025-10-20T00:54:19.807+0000] {subprocess.py:106} INFO -  |-- customer_id: integer (nullable = true)
[2025-10-20T00:54:19.807+0000] {subprocess.py:106} INFO -  |-- order_date: date (nullable = true)
[2025-10-20T00:54:19.808+0000] {subprocess.py:106} INFO -  |-- product_id: integer (nullable = true)
[2025-10-20T00:54:19.808+0000] {subprocess.py:106} INFO -  |-- category_id: integer (nullable = true)
[2025-10-20T00:54:19.808+0000] {subprocess.py:106} INFO -  |-- category_name: string (nullable = true)
[2025-10-20T00:54:19.809+0000] {subprocess.py:106} INFO -  |-- product_name: string (nullable = true)
[2025-10-20T00:54:19.809+0000] {subprocess.py:106} INFO -  |-- quantity: integer (nullable = true)
[2025-10-20T00:54:19.810+0000] {subprocess.py:106} INFO -  |-- price: double (nullable = true)
[2025-10-20T00:54:19.810+0000] {subprocess.py:106} INFO -  |-- payment_method: string (nullable = true)
[2025-10-20T00:54:19.811+0000] {subprocess.py:106} INFO -  |-- city: string (nullable = true)
[2025-10-20T00:54:19.811+0000] {subprocess.py:106} INFO -  |-- review_score: double (nullable = true)
[2025-10-20T00:54:19.811+0000] {subprocess.py:106} INFO -  |-- gender: string (nullable = true)
[2025-10-20T00:54:19.812+0000] {subprocess.py:106} INFO -  |-- age: integer (nullable = true)
[2025-10-20T00:54:19.812+0000] {subprocess.py:106} INFO - 
[2025-10-20T00:54:20.023+0000] {subprocess.py:106} INFO - 25/10/20 00:54:20 INFO CatalogUtil: Loading custom FileIO implementation: org.apache.iceberg.hadoop.HadoopFileIO
[2025-10-20T00:54:20.092+0000] {subprocess.py:106} INFO - 25/10/20 00:54:20 INFO BlockManagerInfo: Removed broadcast_5_piece0 on 423e5338994a:42597 in memory (size: 5.9 KiB, free: 434.4 MiB)
[2025-10-20T00:54:20.096+0000] {subprocess.py:106} INFO - 25/10/20 00:54:20 INFO BlockManagerInfo: Removed broadcast_5_piece0 on 172.30.0.7:38779 in memory (size: 5.9 KiB, free: 434.4 MiB)
[2025-10-20T00:54:20.154+0000] {subprocess.py:106} INFO - 25/10/20 00:54:20 INFO HiveConf: Found configuration file null
[2025-10-20T00:54:20.366+0000] {subprocess.py:106} INFO - 25/10/20 00:54:20 INFO metastore: Trying to connect to metastore with URI thrift://hive-metastore:9083
[2025-10-20T00:54:20.404+0000] {subprocess.py:106} INFO - 25/10/20 00:54:20 INFO metastore: Opened a connection to metastore, current connections: 1
[2025-10-20T00:54:20.495+0000] {subprocess.py:106} INFO - 25/10/20 00:54:20 INFO metastore: Connected to metastore.
[2025-10-20T00:54:20.958+0000] {subprocess.py:106} INFO -  Old table dropped (if existed)
[2025-10-20T00:54:21.049+0000] {subprocess.py:106} INFO - 25/10/20 00:54:21 INFO BaseMetastoreCatalog: Table properties set at catalog level through catalog properties: {}
[2025-10-20T00:54:21.059+0000] {subprocess.py:106} INFO - 25/10/20 00:54:21 INFO BaseMetastoreCatalog: Table properties enforced at catalog level through catalog properties: {}
[2025-10-20T00:54:21.165+0000] {subprocess.py:106} INFO - 25/10/20 00:54:21 INFO SparkWrite: Requesting 0 bytes advisory partition size for table bronze.online_retail_raw
[2025-10-20T00:54:21.166+0000] {subprocess.py:106} INFO - 25/10/20 00:54:21 INFO SparkWrite: Requesting UnspecifiedDistribution as write distribution for table bronze.online_retail_raw
[2025-10-20T00:54:21.168+0000] {subprocess.py:106} INFO - 25/10/20 00:54:21 INFO SparkWrite: Requesting [] as write ordering for table bronze.online_retail_raw
[2025-10-20T00:54:21.180+0000] {subprocess.py:106} INFO - 25/10/20 00:54:21 INFO FileSourceStrategy: Pushed Filters:
[2025-10-20T00:54:21.181+0000] {subprocess.py:106} INFO - 25/10/20 00:54:21 INFO FileSourceStrategy: Post-Scan Filters:
[2025-10-20T00:54:21.190+0000] {subprocess.py:106} INFO - 25/10/20 00:54:21 INFO MemoryStore: Block broadcast_6 stored as values in memory (estimated size 202.2 KiB, free 434.0 MiB)
[2025-10-20T00:54:21.203+0000] {subprocess.py:106} INFO - 25/10/20 00:54:21 INFO MemoryStore: Block broadcast_6_piece0 stored as bytes in memory (estimated size 34.9 KiB, free 433.9 MiB)
[2025-10-20T00:54:21.205+0000] {subprocess.py:106} INFO - 25/10/20 00:54:21 INFO BlockManagerInfo: Added broadcast_6_piece0 in memory on 423e5338994a:42597 (size: 34.9 KiB, free: 434.3 MiB)
[2025-10-20T00:54:21.207+0000] {subprocess.py:106} INFO - 25/10/20 00:54:21 INFO SparkContext: Created broadcast 6 from create at <unknown>:0
[2025-10-20T00:54:21.214+0000] {subprocess.py:106} INFO - 25/10/20 00:54:21 INFO FileSourceScanExec: Planning scan with bin packing, max size: 4194304 bytes, open cost is considered as scanning 4194304 bytes.
[2025-10-20T00:54:21.226+0000] {subprocess.py:106} INFO - 25/10/20 00:54:21 INFO BlockManagerInfo: Removed broadcast_3_piece0 on 423e5338994a:42597 in memory (size: 34.9 KiB, free: 434.4 MiB)
[2025-10-20T00:54:21.230+0000] {subprocess.py:106} INFO - 25/10/20 00:54:21 INFO BlockManagerInfo: Removed broadcast_3_piece0 on 172.30.0.7:38779 in memory (size: 34.9 KiB, free: 434.4 MiB)
[2025-10-20T00:54:21.455+0000] {subprocess.py:106} INFO - 25/10/20 00:54:21 INFO MemoryStore: Block broadcast_7 stored as values in memory (estimated size 32.0 KiB, free 434.1 MiB)
[2025-10-20T00:54:21.471+0000] {subprocess.py:106} INFO - 25/10/20 00:54:21 INFO MemoryStore: Block broadcast_7_piece0 stored as bytes in memory (estimated size 29.3 KiB, free 434.1 MiB)
[2025-10-20T00:54:21.473+0000] {subprocess.py:106} INFO - 25/10/20 00:54:21 INFO BlockManagerInfo: Added broadcast_7_piece0 in memory on 423e5338994a:42597 (size: 29.3 KiB, free: 434.3 MiB)
[2025-10-20T00:54:21.473+0000] {subprocess.py:106} INFO - 25/10/20 00:54:21 INFO SparkContext: Created broadcast 7 from broadcast at SparkWrite.java:193
[2025-10-20T00:54:21.476+0000] {subprocess.py:106} INFO - 25/10/20 00:54:21 INFO AppendDataExec: Start processing data source write support: IcebergBatchWrite(table=bronze.online_retail_raw, format=PARQUET). The input RDD has 1 partitions.
[2025-10-20T00:54:21.496+0000] {subprocess.py:106} INFO - 25/10/20 00:54:21 INFO SparkContext: Starting job: create at <unknown>:0
[2025-10-20T00:54:21.497+0000] {subprocess.py:106} INFO - 25/10/20 00:54:21 INFO DAGScheduler: Got job 4 (create at <unknown>:0) with 1 output partitions
[2025-10-20T00:54:21.497+0000] {subprocess.py:106} INFO - 25/10/20 00:54:21 INFO DAGScheduler: Final stage: ResultStage 5 (create at <unknown>:0)
[2025-10-20T00:54:21.497+0000] {subprocess.py:106} INFO - 25/10/20 00:54:21 INFO DAGScheduler: Parents of final stage: List()
[2025-10-20T00:54:21.499+0000] {subprocess.py:106} INFO - 25/10/20 00:54:21 INFO DAGScheduler: Missing parents: List()
[2025-10-20T00:54:21.500+0000] {subprocess.py:106} INFO - 25/10/20 00:54:21 INFO DAGScheduler: Submitting ResultStage 5 (MapPartitionsRDD[12] at create at <unknown>:0), which has no missing parents
[2025-10-20T00:54:21.504+0000] {subprocess.py:106} INFO - 25/10/20 00:54:21 INFO MemoryStore: Block broadcast_8 stored as values in memory (estimated size 15.2 KiB, free 434.1 MiB)
[2025-10-20T00:54:21.511+0000] {subprocess.py:106} INFO - 25/10/20 00:54:21 INFO MemoryStore: Block broadcast_8_piece0 stored as bytes in memory (estimated size 7.8 KiB, free 434.1 MiB)
[2025-10-20T00:54:21.513+0000] {subprocess.py:106} INFO - 25/10/20 00:54:21 INFO BlockManagerInfo: Added broadcast_8_piece0 in memory on 423e5338994a:42597 (size: 7.8 KiB, free: 434.3 MiB)
[2025-10-20T00:54:21.514+0000] {subprocess.py:106} INFO - 25/10/20 00:54:21 INFO SparkContext: Created broadcast 8 from broadcast at DAGScheduler.scala:1585
[2025-10-20T00:54:21.514+0000] {subprocess.py:106} INFO - 25/10/20 00:54:21 INFO DAGScheduler: Submitting 1 missing tasks from ResultStage 5 (MapPartitionsRDD[12] at create at <unknown>:0) (first 15 tasks are for partitions Vector(0))
[2025-10-20T00:54:21.515+0000] {subprocess.py:106} INFO - 25/10/20 00:54:21 INFO TaskSchedulerImpl: Adding task set 5.0 with 1 tasks resource profile 0
[2025-10-20T00:54:21.516+0000] {subprocess.py:106} INFO - 25/10/20 00:54:21 INFO TaskSetManager: Starting task 0.0 in stage 5.0 (TID 4) (172.30.0.7, executor 0, partition 0, ANY, 9645 bytes)
[2025-10-20T00:54:21.552+0000] {subprocess.py:106} INFO - 25/10/20 00:54:21 INFO BlockManagerInfo: Added broadcast_8_piece0 in memory on 172.30.0.7:38779 (size: 7.8 KiB, free: 434.4 MiB)
[2025-10-20T00:54:21.650+0000] {subprocess.py:106} INFO - 25/10/20 00:54:21 INFO BlockManagerInfo: Added broadcast_7_piece0 in memory on 172.30.0.7:38779 (size: 29.3 KiB, free: 434.4 MiB)
[2025-10-20T00:54:22.501+0000] {subprocess.py:106} INFO - 25/10/20 00:54:22 INFO BlockManagerInfo: Added broadcast_6_piece0 in memory on 172.30.0.7:38779 (size: 34.9 KiB, free: 434.3 MiB)
[2025-10-20T00:54:23.243+0000] {subprocess.py:106} INFO - 25/10/20 00:54:23 INFO TaskSetManager: Finished task 0.0 in stage 5.0 (TID 4) in 1726 ms on 172.30.0.7 (executor 0) (1/1)
[2025-10-20T00:54:23.244+0000] {subprocess.py:106} INFO - 25/10/20 00:54:23 INFO TaskSchedulerImpl: Removed TaskSet 5.0, whose tasks have all completed, from pool
[2025-10-20T00:54:23.244+0000] {subprocess.py:106} INFO - 25/10/20 00:54:23 INFO DAGScheduler: ResultStage 5 (create at <unknown>:0) finished in 1.742 s
[2025-10-20T00:54:23.245+0000] {subprocess.py:106} INFO - 25/10/20 00:54:23 INFO DAGScheduler: Job 4 is finished. Cancelling potential speculative or zombie tasks for this job
[2025-10-20T00:54:23.246+0000] {subprocess.py:106} INFO - 25/10/20 00:54:23 INFO TaskSchedulerImpl: Killing all running tasks in stage 5: Stage finished
[2025-10-20T00:54:23.247+0000] {subprocess.py:106} INFO - 25/10/20 00:54:23 INFO DAGScheduler: Job 4 finished: create at <unknown>:0, took 1.749429 s
[2025-10-20T00:54:23.248+0000] {subprocess.py:106} INFO - 25/10/20 00:54:23 INFO AppendDataExec: Data source write support IcebergBatchWrite(table=bronze.online_retail_raw, format=PARQUET) is committing.
[2025-10-20T00:54:23.269+0000] {subprocess.py:106} INFO - 25/10/20 00:54:23 INFO SparkWrite: Committing append with 1 new data files to table bronze.online_retail_raw
[2025-10-20T00:54:23.400+0000] {subprocess.py:106} INFO - 25/10/20 00:54:23 INFO BlockManagerInfo: Removed broadcast_8_piece0 on 423e5338994a:42597 in memory (size: 7.8 KiB, free: 434.3 MiB)
[2025-10-20T00:54:23.406+0000] {subprocess.py:106} INFO - 25/10/20 00:54:23 INFO BlockManagerInfo: Removed broadcast_8_piece0 on 172.30.0.7:38779 in memory (size: 7.8 KiB, free: 434.3 MiB)
[2025-10-20T00:54:24.350+0000] {subprocess.py:106} INFO - 25/10/20 00:54:24 INFO SnapshotProducer: Committed snapshot 5279824907812085804 (MergeAppend)
[2025-10-20T00:54:24.507+0000] {subprocess.py:106} INFO - 25/10/20 00:54:24 INFO LoggingMetricsReporter: Received metrics report: CommitReport{tableName=bronze.online_retail_raw, snapshotId=5279824907812085804, sequenceNumber=1, operation=append, commitMetrics=CommitMetricsResult{totalDuration=TimerResult{timeUnit=NANOSECONDS, totalDuration=PT1.217188914S, count=1}, attempts=CounterResult{unit=COUNT, value=1}, addedDataFiles=CounterResult{unit=COUNT, value=1}, removedDataFiles=null, totalDataFiles=CounterResult{unit=COUNT, value=1}, addedDeleteFiles=null, addedEqualityDeleteFiles=null, addedPositionalDeleteFiles=null, removedDeleteFiles=null, removedEqualityDeleteFiles=null, removedPositionalDeleteFiles=null, totalDeleteFiles=CounterResult{unit=COUNT, value=0}, addedRecords=CounterResult{unit=COUNT, value=1000}, removedRecords=null, totalRecords=CounterResult{unit=COUNT, value=1000}, addedFilesSizeInBytes=CounterResult{unit=BYTES, value=24490}, removedFilesSizeInBytes=null, totalFilesSizeInBytes=CounterResult{unit=BYTES, value=24490}, addedPositionalDeletes=null, removedPositionalDeletes=null, totalPositionalDeletes=CounterResult{unit=COUNT, value=0}, addedEqualityDeletes=null, removedEqualityDeletes=null, totalEqualityDeletes=CounterResult{unit=COUNT, value=0}}, metadata={engine-version=3.5.3, app-id=app-20251020005411-0006, engine-name=spark, iceberg-version=Apache Iceberg 1.6.1 (commit 8e9d59d299be42b0bca9461457cd1e95dbaad086)}}
[2025-10-20T00:54:24.508+0000] {subprocess.py:106} INFO - 25/10/20 00:54:24 INFO SparkWrite: Committed in 1238 ms
[2025-10-20T00:54:24.508+0000] {subprocess.py:106} INFO - 25/10/20 00:54:24 INFO AppendDataExec: Data source write support IcebergBatchWrite(table=bronze.online_retail_raw, format=PARQUET) committed.
[2025-10-20T00:54:25.058+0000] {subprocess.py:106} INFO - 25/10/20 00:54:25 INFO HiveTableOperations: Committed to table hive_catalog.bronze.online_retail_raw with the new metadata location hdfs://tuankiet170-master:9000/data_lake/warehouse/bronze.db/online_retail_raw/metadata/00000-52e73b03-636e-442f-ae66-1c46dbf37299.metadata.json
[2025-10-20T00:54:25.059+0000] {subprocess.py:106} INFO - 25/10/20 00:54:25 INFO BaseMetastoreTableOperations: Successfully committed to table hive_catalog.bronze.online_retail_raw in 547 ms
[2025-10-20T00:54:25.063+0000] {subprocess.py:106} INFO -  Iceberg table created fresh: hive_catalog.bronze.online_retail_raw
[2025-10-20T00:54:25.067+0000] {subprocess.py:106} INFO - 25/10/20 00:54:25 INFO BlockManagerInfo: Removed broadcast_7_piece0 on 423e5338994a:42597 in memory (size: 29.3 KiB, free: 434.4 MiB)
[2025-10-20T00:54:25.070+0000] {subprocess.py:106} INFO - 25/10/20 00:54:25 INFO BlockManagerInfo: Removed broadcast_7_piece0 on 172.30.0.7:38779 in memory (size: 29.3 KiB, free: 434.4 MiB)
[2025-10-20T00:54:26.174+0000] {subprocess.py:106} INFO - 25/10/20 00:54:26 INFO BlockManagerInfo: Removed broadcast_6_piece0 on 423e5338994a:42597 in memory (size: 34.9 KiB, free: 434.4 MiB)
[2025-10-20T00:54:26.177+0000] {subprocess.py:106} INFO - 25/10/20 00:54:26 INFO BlockManagerInfo: Removed broadcast_6_piece0 on 172.30.0.7:38779 in memory (size: 34.9 KiB, free: 434.4 MiB)
[2025-10-20T00:54:26.298+0000] {subprocess.py:106} INFO - 25/10/20 00:54:26 INFO CodeGenerator: Code generated in 36.777149 ms
[2025-10-20T00:54:26.394+0000] {subprocess.py:106} INFO - 25/10/20 00:54:26 INFO CodeGenerator: Code generated in 6.850527 ms
[2025-10-20T00:54:26.420+0000] {subprocess.py:106} INFO - 25/10/20 00:54:26 INFO CodeGenerator: Code generated in 13.152777 ms
[2025-10-20T00:54:26.434+0000] {subprocess.py:106} INFO - +---------+-----------------+-----------+
[2025-10-20T00:54:26.434+0000] {subprocess.py:106} INFO - |namespace|        tableName|isTemporary|
[2025-10-20T00:54:26.435+0000] {subprocess.py:106} INFO - +---------+-----------------+-----------+
[2025-10-20T00:54:26.436+0000] {subprocess.py:106} INFO - |   bronze|online_retail_raw|      false|
[2025-10-20T00:54:26.436+0000] {subprocess.py:106} INFO - +---------+-----------------+-----------+
[2025-10-20T00:54:26.436+0000] {subprocess.py:106} INFO - 
[2025-10-20T00:54:26.506+0000] {subprocess.py:106} INFO - 25/10/20 00:54:26 INFO BaseMetastoreTableOperations: Refreshing table metadata from new version: hdfs://tuankiet170-master:9000/data_lake/warehouse/bronze.db/online_retail_raw/metadata/00000-52e73b03-636e-442f-ae66-1c46dbf37299.metadata.json
[2025-10-20T00:54:26.555+0000] {subprocess.py:106} INFO - 25/10/20 00:54:26 INFO BaseMetastoreCatalog: Table loaded by catalog: hive_catalog.bronze.online_retail_raw
[2025-10-20T00:54:26.694+0000] {subprocess.py:106} INFO - 25/10/20 00:54:26 INFO V2ScanRelationPushDown:
[2025-10-20T00:54:26.695+0000] {subprocess.py:106} INFO - Output: customer_id#112, order_date#113, product_id#114, category_id#115, category_name#116, product_name#117, quantity#118, price#119, payment_method#120, city#121, review_score#122, gender#123, age#124
[2025-10-20T00:54:26.695+0000] {subprocess.py:106} INFO - 
[2025-10-20T00:54:26.712+0000] {subprocess.py:106} INFO - 25/10/20 00:54:26 INFO SnapshotScan: Scanning table hive_catalog.bronze.online_retail_raw snapshot 5279824907812085804 created at 2025-10-20T00:54:24.332+00:00 with filter true
[2025-10-20T00:54:26.745+0000] {subprocess.py:106} INFO - 25/10/20 00:54:26 INFO BaseDistributedDataScan: Planning file tasks locally for table hive_catalog.bronze.online_retail_raw
[2025-10-20T00:54:26.855+0000] {subprocess.py:106} INFO - 25/10/20 00:54:26 INFO SparkPartitioningAwareScan: Reporting UnknownPartitioning with 1 partition(s) for table hive_catalog.bronze.online_retail_raw
[2025-10-20T00:54:26.877+0000] {subprocess.py:106} INFO - 25/10/20 00:54:26 INFO MemoryStore: Block broadcast_9 stored as values in memory (estimated size 32.0 KiB, free 434.4 MiB)
[2025-10-20T00:54:26.891+0000] {subprocess.py:106} INFO - 25/10/20 00:54:26 INFO MemoryStore: Block broadcast_9_piece0 stored as bytes in memory (estimated size 29.6 KiB, free 434.3 MiB)
[2025-10-20T00:54:26.893+0000] {subprocess.py:106} INFO - 25/10/20 00:54:26 INFO BlockManagerInfo: Added broadcast_9_piece0 in memory on 423e5338994a:42597 (size: 29.6 KiB, free: 434.4 MiB)
[2025-10-20T00:54:26.894+0000] {subprocess.py:106} INFO - 25/10/20 00:54:26 INFO SparkContext: Created broadcast 9 from broadcast at SparkBatch.java:79
[2025-10-20T00:54:26.926+0000] {subprocess.py:106} INFO - 25/10/20 00:54:26 INFO MemoryStore: Block broadcast_10 stored as values in memory (estimated size 32.0 KiB, free 434.3 MiB)
[2025-10-20T00:54:26.929+0000] {subprocess.py:106} INFO - 25/10/20 00:54:26 INFO MemoryStore: Block broadcast_10_piece0 stored as bytes in memory (estimated size 29.6 KiB, free 434.3 MiB)
[2025-10-20T00:54:26.930+0000] {subprocess.py:106} INFO - 25/10/20 00:54:26 INFO BlockManagerInfo: Added broadcast_10_piece0 in memory on 423e5338994a:42597 (size: 29.6 KiB, free: 434.3 MiB)
[2025-10-20T00:54:26.931+0000] {subprocess.py:106} INFO - 25/10/20 00:54:26 INFO SparkContext: Created broadcast 10 from broadcast at SparkBatch.java:79
[2025-10-20T00:54:27.038+0000] {subprocess.py:106} INFO - 25/10/20 00:54:27 INFO CodeGenerator: Code generated in 38.414345 ms
[2025-10-20T00:54:27.066+0000] {subprocess.py:106} INFO - 25/10/20 00:54:27 INFO SparkContext: Starting job: showString at <unknown>:0
[2025-10-20T00:54:27.067+0000] {subprocess.py:106} INFO - 25/10/20 00:54:27 INFO DAGScheduler: Got job 5 (showString at <unknown>:0) with 1 output partitions
[2025-10-20T00:54:27.067+0000] {subprocess.py:106} INFO - 25/10/20 00:54:27 INFO DAGScheduler: Final stage: ResultStage 6 (showString at <unknown>:0)
[2025-10-20T00:54:27.067+0000] {subprocess.py:106} INFO - 25/10/20 00:54:27 INFO DAGScheduler: Parents of final stage: List()
[2025-10-20T00:54:27.069+0000] {subprocess.py:106} INFO - 25/10/20 00:54:27 INFO DAGScheduler: Missing parents: List()
[2025-10-20T00:54:27.070+0000] {subprocess.py:106} INFO - 25/10/20 00:54:27 INFO DAGScheduler: Submitting ResultStage 6 (MapPartitionsRDD[16] at showString at <unknown>:0), which has no missing parents
[2025-10-20T00:54:27.075+0000] {subprocess.py:106} INFO - 25/10/20 00:54:27 INFO MemoryStore: Block broadcast_11 stored as values in memory (estimated size 21.7 KiB, free 434.3 MiB)
[2025-10-20T00:54:27.083+0000] {subprocess.py:106} INFO - 25/10/20 00:54:27 INFO MemoryStore: Block broadcast_11_piece0 stored as bytes in memory (estimated size 7.0 KiB, free 434.3 MiB)
[2025-10-20T00:54:27.085+0000] {subprocess.py:106} INFO - 25/10/20 00:54:27 INFO BlockManagerInfo: Added broadcast_11_piece0 in memory on 423e5338994a:42597 (size: 7.0 KiB, free: 434.3 MiB)
[2025-10-20T00:54:27.086+0000] {subprocess.py:106} INFO - 25/10/20 00:54:27 INFO SparkContext: Created broadcast 11 from broadcast at DAGScheduler.scala:1585
[2025-10-20T00:54:27.087+0000] {subprocess.py:106} INFO - 25/10/20 00:54:27 INFO DAGScheduler: Submitting 1 missing tasks from ResultStage 6 (MapPartitionsRDD[16] at showString at <unknown>:0) (first 15 tasks are for partitions Vector(0))
[2025-10-20T00:54:27.087+0000] {subprocess.py:106} INFO - 25/10/20 00:54:27 INFO TaskSchedulerImpl: Adding task set 6.0 with 1 tasks resource profile 0
[2025-10-20T00:54:27.097+0000] {subprocess.py:106} INFO - 25/10/20 00:54:27 INFO TaskSetManager: Starting task 0.0 in stage 6.0 (TID 5) (172.30.0.7, executor 0, partition 0, ANY, 14527 bytes)
[2025-10-20T00:54:27.135+0000] {subprocess.py:106} INFO - 25/10/20 00:54:27 INFO BlockManagerInfo: Added broadcast_11_piece0 in memory on 172.30.0.7:38779 (size: 7.0 KiB, free: 434.4 MiB)
[2025-10-20T00:54:27.239+0000] {subprocess.py:106} INFO - 25/10/20 00:54:27 INFO BlockManagerInfo: Added broadcast_10_piece0 in memory on 172.30.0.7:38779 (size: 29.6 KiB, free: 434.4 MiB)
[2025-10-20T00:54:27.807+0000] {subprocess.py:106} INFO - 25/10/20 00:54:27 INFO TaskSetManager: Finished task 0.0 in stage 6.0 (TID 5) in 718 ms on 172.30.0.7 (executor 0) (1/1)
[2025-10-20T00:54:27.808+0000] {subprocess.py:106} INFO - 25/10/20 00:54:27 INFO TaskSchedulerImpl: Removed TaskSet 6.0, whose tasks have all completed, from pool
[2025-10-20T00:54:27.809+0000] {subprocess.py:106} INFO - 25/10/20 00:54:27 INFO DAGScheduler: ResultStage 6 (showString at <unknown>:0) finished in 0.735 s
[2025-10-20T00:54:27.810+0000] {subprocess.py:106} INFO - 25/10/20 00:54:27 INFO DAGScheduler: Job 5 is finished. Cancelling potential speculative or zombie tasks for this job
[2025-10-20T00:54:27.810+0000] {subprocess.py:106} INFO - 25/10/20 00:54:27 INFO TaskSchedulerImpl: Killing all running tasks in stage 6: Stage finished
[2025-10-20T00:54:27.811+0000] {subprocess.py:106} INFO - 25/10/20 00:54:27 INFO DAGScheduler: Job 5 finished: showString at <unknown>:0, took 0.743157 s
[2025-10-20T00:54:27.837+0000] {subprocess.py:106} INFO - 25/10/20 00:54:27 INFO CodeGenerator: Code generated in 18.966006 ms
[2025-10-20T00:54:27.843+0000] {subprocess.py:106} INFO - +-----------+----------+----------+-----------+------------------+------------+--------+------+--------------+--------------+------------+------+---+
[2025-10-20T00:54:27.845+0000] {subprocess.py:106} INFO - |customer_id|order_date|product_id|category_id|     category_name|product_name|quantity| price|payment_method|          city|review_score|gender|age|
[2025-10-20T00:54:27.846+0000] {subprocess.py:106} INFO - +-----------+----------+----------+-----------+------------------+------------+--------+------+--------------+--------------+------------+------+---+
[2025-10-20T00:54:27.846+0000] {subprocess.py:106} INFO - |      13542|2024-12-17|       784|         10|       Electronics|  Smartphone|       2|373.36|   Credit Card|New Oliviaberg|         1.0|     F| 56|
[2025-10-20T00:54:27.847+0000] {subprocess.py:106} INFO - |      23188|2024-06-01|       682|         50| Sports & Outdoors| Soccer Ball|       5|299.34|   Credit Card|  Port Matthew|        NULL|     M| 59|
[2025-10-20T00:54:27.847+0000] {subprocess.py:106} INFO - |      55098|2025-02-04|       684|         50| Sports & Outdoors|        Tent|       5|  23.0|   Credit Card|    West Sarah|         5.0|     F| 64|
[2025-10-20T00:54:27.848+0000] {subprocess.py:106} INFO - |      65208|2024-10-28|       204|         40|Books & Stationery|  Story Book|       2|230.11| Bank Transfer|Hernandezburgh|         5.0|     M| 34|
[2025-10-20T00:54:27.848+0000] {subprocess.py:106} INFO - |      63872|2024-05-10|       202|         20|           Fashion|       Skirt|       4|176.72|   Credit Card|  Jenkinshaven|         1.0|     F| 33|
[2025-10-20T00:54:27.848+0000] {subprocess.py:106} INFO - +-----------+----------+----------+-----------+------------------+------------+--------+------+--------------+--------------+------------+------+---+
[2025-10-20T00:54:27.849+0000] {subprocess.py:106} INFO - 
[2025-10-20T00:54:27.849+0000] {subprocess.py:106} INFO - 25/10/20 00:54:27 INFO SparkContext: SparkContext is stopping with exitCode 0.
[2025-10-20T00:54:27.874+0000] {subprocess.py:106} INFO - 25/10/20 00:54:27 INFO SparkUI: Stopped Spark web UI at http://423e5338994a:4040
[2025-10-20T00:54:27.882+0000] {subprocess.py:106} INFO - 25/10/20 00:54:27 INFO StandaloneSchedulerBackend: Shutting down all executors
[2025-10-20T00:54:27.883+0000] {subprocess.py:106} INFO - 25/10/20 00:54:27 INFO StandaloneSchedulerBackend$StandaloneDriverEndpoint: Asking each executor to shut down
[2025-10-20T00:54:27.916+0000] {subprocess.py:106} INFO - 25/10/20 00:54:27 INFO MapOutputTrackerMasterEndpoint: MapOutputTrackerMasterEndpoint stopped!
[2025-10-20T00:54:27.949+0000] {subprocess.py:106} INFO - 25/10/20 00:54:27 INFO MemoryStore: MemoryStore cleared
[2025-10-20T00:54:27.950+0000] {subprocess.py:106} INFO - 25/10/20 00:54:27 INFO BlockManager: BlockManager stopped
[2025-10-20T00:54:27.957+0000] {subprocess.py:106} INFO - 25/10/20 00:54:27 INFO BlockManagerMaster: BlockManagerMaster stopped
[2025-10-20T00:54:27.962+0000] {subprocess.py:106} INFO - 25/10/20 00:54:27 INFO OutputCommitCoordinator$OutputCommitCoordinatorEndpoint: OutputCommitCoordinator stopped!
[2025-10-20T00:54:27.974+0000] {subprocess.py:106} INFO - 25/10/20 00:54:27 INFO SparkContext: Successfully stopped SparkContext
[2025-10-20T00:54:28.421+0000] {subprocess.py:106} INFO - 25/10/20 00:54:28 INFO ShutdownHookManager: Shutdown hook called
[2025-10-20T00:54:28.422+0000] {subprocess.py:106} INFO - 25/10/20 00:54:28 INFO ShutdownHookManager: Deleting directory /tmp/spark-d832305c-bcac-4f64-bc59-f58fcc59f947
[2025-10-20T00:54:28.427+0000] {subprocess.py:106} INFO - 25/10/20 00:54:28 INFO ShutdownHookManager: Deleting directory /tmp/spark-37122632-907c-4d0e-bb7b-8c4c031021be/pyspark-7a05a5b9-86ff-461a-86de-f9d880ff9878
[2025-10-20T00:54:28.433+0000] {subprocess.py:106} INFO - 25/10/20 00:54:28 INFO ShutdownHookManager: Deleting directory /tmp/spark-37122632-907c-4d0e-bb7b-8c4c031021be
[2025-10-20T00:54:28.627+0000] {subprocess.py:110} INFO - Command exited with return code 0
[2025-10-20T00:54:28.709+0000] {taskinstance.py:341} INFO - ::group::Post task execution logs
[2025-10-20T00:54:28.711+0000] {taskinstance.py:353} INFO - Marking task as SUCCESS. dag_id=system_dag, task_id=load_bronze, run_id=scheduled__2025-10-19T00:00:00+00:00, execution_date=20251019T000000, start_date=20251020T005405, end_date=20251020T005428
[2025-10-20T00:54:28.836+0000] {local_task_job_runner.py:266} INFO - Task exited with return code 0
[2025-10-20T00:54:28.895+0000] {taskinstance.py:3901} INFO - 1 downstream tasks scheduled from follow-on schedule check
[2025-10-20T00:54:28.899+0000] {local_task_job_runner.py:245} INFO - ::endgroup::
