[2025-10-19T01:15:00.719+0000] {local_task_job_runner.py:123} INFO - ::group::Pre task execution logs
[2025-10-19T01:15:00.780+0000] {taskinstance.py:2614} INFO - Dependencies all met for dep_context=non-requeueable deps ti=<TaskInstance: etl_datalake_hive_iceberg.clean_silver scheduled__2025-10-18T00:00:00+00:00 [queued]>
[2025-10-19T01:15:00.810+0000] {taskinstance.py:2614} INFO - Dependencies all met for dep_context=requeueable deps ti=<TaskInstance: etl_datalake_hive_iceberg.clean_silver scheduled__2025-10-18T00:00:00+00:00 [queued]>
[2025-10-19T01:15:00.811+0000] {taskinstance.py:2867} INFO - Starting attempt 1 of 2
[2025-10-19T01:15:00.834+0000] {taskinstance.py:2890} INFO - Executing <Task(BashOperator): clean_silver> on 2025-10-18 00:00:00+00:00
[2025-10-19T01:15:00.851+0000] {standard_task_runner.py:72} INFO - Started process 65 to run task
[2025-10-19T01:15:00.858+0000] {standard_task_runner.py:104} INFO - Running: ['***', 'tasks', 'run', 'etl_datalake_hive_iceberg', 'clean_silver', 'scheduled__2025-10-18T00:00:00+00:00', '--job-id', '4', '--raw', '--subdir', 'DAGS_FOLDER/etl_datalake_dag.py', '--cfg-path', '/tmp/tmpdz5b4m9c']
[2025-10-19T01:15:00.862+0000] {standard_task_runner.py:105} INFO - Job 4: Subtask clean_silver
[2025-10-19T01:15:00.899+0000] {warnings.py:109} WARNING - /home/***/.local/lib/python3.8/site-packages/***/settings.py:209: DeprecationWarning: The sql_alchemy_conn option in [core] has been moved to the sql_alchemy_conn option in [database] - the old setting has been used, but please update your config.
  SQL_ALCHEMY_CONN = conf.get("database", "SQL_ALCHEMY_CONN")

[2025-10-19T01:15:01.018+0000] {task_command.py:467} INFO - Running <TaskInstance: etl_datalake_hive_iceberg.clean_silver scheduled__2025-10-18T00:00:00+00:00 [running]> on host ff04b21b6cb6
[2025-10-19T01:15:01.019+0000] {warnings.py:109} WARNING - /home/***/.local/lib/python3.8/site-packages/***/settings.py:470: DeprecationWarning: The sql_alchemy_conn option in [core] has been moved to the sql_alchemy_conn option in [database] - the old setting has been used, but please update your config.
  if conf.get("database", "sql_alchemy_conn") == "none://":

[2025-10-19T01:15:01.181+0000] {taskinstance.py:3134} INFO - Exporting env vars: AIRFLOW_CTX_DAG_EMAIL='alert@datateam.local' AIRFLOW_CTX_DAG_OWNER='***' AIRFLOW_CTX_DAG_ID='etl_datalake_hive_iceberg' AIRFLOW_CTX_TASK_ID='clean_silver' AIRFLOW_CTX_EXECUTION_DATE='2025-10-18T00:00:00+00:00' AIRFLOW_CTX_TRY_NUMBER='1' AIRFLOW_CTX_DAG_RUN_ID='scheduled__2025-10-18T00:00:00+00:00'
[2025-10-19T01:15:01.182+0000] {taskinstance.py:732} INFO - ::endgroup::
[2025-10-19T01:15:01.206+0000] {subprocess.py:78} INFO - Tmp dir root location: /tmp
[2025-10-19T01:15:01.208+0000] {subprocess.py:88} INFO - Running command: ['/bin/bash', '-c', '\n        docker exec spark-submit /opt/spark/bin/spark-submit         --master spark://spark-master:7077         --deploy-mode client         /opt/***/scripts/Clean_Silver.py\n        ']
[2025-10-19T01:15:01.227+0000] {subprocess.py:99} INFO - Output:
[2025-10-19T01:15:04.814+0000] {subprocess.py:106} INFO - 25/10/19 01:15:04 INFO SparkContext: Running Spark version 3.5.3
[2025-10-19T01:15:04.816+0000] {subprocess.py:106} INFO - 25/10/19 01:15:04 INFO SparkContext: OS info Linux, 6.6.87.1-microsoft-standard-WSL2, amd64
[2025-10-19T01:15:04.817+0000] {subprocess.py:106} INFO - 25/10/19 01:15:04 INFO SparkContext: Java version 11.0.24
[2025-10-19T01:15:04.926+0000] {subprocess.py:106} INFO - 25/10/19 01:15:04 WARN NativeCodeLoader: Unable to load native-hadoop library for your platform... using builtin-java classes where applicable
[2025-10-19T01:15:05.085+0000] {subprocess.py:106} INFO - 25/10/19 01:15:05 INFO ResourceUtils: ==============================================================
[2025-10-19T01:15:05.088+0000] {subprocess.py:106} INFO - 25/10/19 01:15:05 INFO ResourceUtils: No custom resources configured for spark.driver.
[2025-10-19T01:15:05.089+0000] {subprocess.py:106} INFO - 25/10/19 01:15:05 INFO ResourceUtils: ==============================================================
[2025-10-19T01:15:05.090+0000] {subprocess.py:106} INFO - 25/10/19 01:15:05 INFO SparkContext: Submitted application: Clean_Silver_Hive_Iceberg
[2025-10-19T01:15:05.119+0000] {subprocess.py:106} INFO - 25/10/19 01:15:05 INFO ResourceProfile: Default ResourceProfile created, executor resources: Map(memory -> name: memory, amount: 1024, script: , vendor: , offHeap -> name: offHeap, amount: 0, script: , vendor: ), task resources: Map(cpus -> name: cpus, amount: 1.0)
[2025-10-19T01:15:05.132+0000] {subprocess.py:106} INFO - 25/10/19 01:15:05 INFO ResourceProfile: Limiting resource is cpu
[2025-10-19T01:15:05.132+0000] {subprocess.py:106} INFO - 25/10/19 01:15:05 INFO ResourceProfileManager: Added ResourceProfile id: 0
[2025-10-19T01:15:05.221+0000] {subprocess.py:106} INFO - 25/10/19 01:15:05 INFO SecurityManager: Changing view acls to: spark
[2025-10-19T01:15:05.222+0000] {subprocess.py:106} INFO - 25/10/19 01:15:05 INFO SecurityManager: Changing modify acls to: spark
[2025-10-19T01:15:05.222+0000] {subprocess.py:106} INFO - 25/10/19 01:15:05 INFO SecurityManager: Changing view acls groups to:
[2025-10-19T01:15:05.223+0000] {subprocess.py:106} INFO - 25/10/19 01:15:05 INFO SecurityManager: Changing modify acls groups to:
[2025-10-19T01:15:05.223+0000] {subprocess.py:106} INFO - 25/10/19 01:15:05 INFO SecurityManager: SecurityManager: authentication disabled; ui acls disabled; users with view permissions: spark; groups with view permissions: EMPTY; users with modify permissions: spark; groups with modify permissions: EMPTY
[2025-10-19T01:15:05.562+0000] {subprocess.py:106} INFO - 25/10/19 01:15:05 INFO Utils: Successfully started service 'sparkDriver' on port 39177.
[2025-10-19T01:15:05.605+0000] {subprocess.py:106} INFO - 25/10/19 01:15:05 INFO SparkEnv: Registering MapOutputTracker
[2025-10-19T01:15:05.671+0000] {subprocess.py:106} INFO - 25/10/19 01:15:05 INFO SparkEnv: Registering BlockManagerMaster
[2025-10-19T01:15:05.707+0000] {subprocess.py:106} INFO - 25/10/19 01:15:05 INFO BlockManagerMasterEndpoint: Using org.apache.spark.storage.DefaultTopologyMapper for getting topology information
[2025-10-19T01:15:05.708+0000] {subprocess.py:106} INFO - 25/10/19 01:15:05 INFO BlockManagerMasterEndpoint: BlockManagerMasterEndpoint up
[2025-10-19T01:15:05.717+0000] {subprocess.py:106} INFO - 25/10/19 01:15:05 INFO SparkEnv: Registering BlockManagerMasterHeartbeat
[2025-10-19T01:15:05.756+0000] {subprocess.py:106} INFO - 25/10/19 01:15:05 INFO DiskBlockManager: Created local directory at /tmp/blockmgr-fc908832-43f6-44cb-86c3-05d9c4f5f204
[2025-10-19T01:15:05.770+0000] {subprocess.py:106} INFO - 25/10/19 01:15:05 INFO MemoryStore: MemoryStore started with capacity 434.4 MiB
[2025-10-19T01:15:05.785+0000] {subprocess.py:106} INFO - 25/10/19 01:15:05 INFO SparkEnv: Registering OutputCommitCoordinator
[2025-10-19T01:15:05.940+0000] {subprocess.py:106} INFO - 25/10/19 01:15:05 INFO JettyUtils: Start Jetty 0.0.0.0:4040 for SparkUI
[2025-10-19T01:15:06.022+0000] {subprocess.py:106} INFO - 25/10/19 01:15:06 INFO Utils: Successfully started service 'SparkUI' on port 4040.
[2025-10-19T01:15:06.196+0000] {subprocess.py:106} INFO - 25/10/19 01:15:06 INFO StandaloneAppClient$ClientEndpoint: Connecting to master spark://spark-master:7077...
[2025-10-19T01:15:06.285+0000] {subprocess.py:106} INFO - 25/10/19 01:15:06 INFO TransportClientFactory: Successfully created connection to spark-master/172.30.0.6:7077 after 54 ms (0 ms spent in bootstraps)
[2025-10-19T01:15:06.416+0000] {subprocess.py:106} INFO - 25/10/19 01:15:06 INFO StandaloneSchedulerBackend: Connected to Spark cluster with app ID app-20251019011506-0001
[2025-10-19T01:15:06.417+0000] {subprocess.py:106} INFO - 25/10/19 01:15:06 INFO StandaloneAppClient$ClientEndpoint: Executor added: app-20251019011506-0001/0 on worker-20251019010424-172.30.0.7-42873 (172.30.0.7:42873) with 1 core(s)
[2025-10-19T01:15:06.422+0000] {subprocess.py:106} INFO - 25/10/19 01:15:06 INFO StandaloneSchedulerBackend: Granted executor ID app-20251019011506-0001/0 on hostPort 172.30.0.7:42873 with 1 core(s), 1024.0 MiB RAM
[2025-10-19T01:15:06.433+0000] {subprocess.py:106} INFO - 25/10/19 01:15:06 INFO Utils: Successfully started service 'org.apache.spark.network.netty.NettyBlockTransferService' on port 42601.
[2025-10-19T01:15:06.433+0000] {subprocess.py:106} INFO - 25/10/19 01:15:06 INFO NettyBlockTransferService: Server created on 423e5338994a:42601
[2025-10-19T01:15:06.435+0000] {subprocess.py:106} INFO - 25/10/19 01:15:06 INFO BlockManager: Using org.apache.spark.storage.RandomBlockReplicationPolicy for block replication policy
[2025-10-19T01:15:06.444+0000] {subprocess.py:106} INFO - 25/10/19 01:15:06 INFO BlockManagerMaster: Registering BlockManager BlockManagerId(driver, 423e5338994a, 42601, None)
[2025-10-19T01:15:06.448+0000] {subprocess.py:106} INFO - 25/10/19 01:15:06 INFO BlockManagerMasterEndpoint: Registering block manager 423e5338994a:42601 with 434.4 MiB RAM, BlockManagerId(driver, 423e5338994a, 42601, None)
[2025-10-19T01:15:06.451+0000] {subprocess.py:106} INFO - 25/10/19 01:15:06 INFO BlockManagerMaster: Registered BlockManager BlockManagerId(driver, 423e5338994a, 42601, None)
[2025-10-19T01:15:06.454+0000] {subprocess.py:106} INFO - 25/10/19 01:15:06 INFO BlockManager: Initialized BlockManager: BlockManagerId(driver, 423e5338994a, 42601, None)
[2025-10-19T01:15:06.472+0000] {subprocess.py:106} INFO - 25/10/19 01:15:06 INFO StandaloneAppClient$ClientEndpoint: Executor updated: app-20251019011506-0001/0 is now RUNNING
[2025-10-19T01:15:06.743+0000] {subprocess.py:106} INFO - 25/10/19 01:15:06 INFO StandaloneSchedulerBackend: SchedulerBackend is ready for scheduling beginning after reached minRegisteredResourcesRatio: 0.0
[2025-10-19T01:15:07.104+0000] {subprocess.py:106} INFO - 25/10/19 01:15:07 INFO SharedState: Setting hive.metastore.warehouse.dir ('null') to the value of spark.sql.warehouse.dir.
[2025-10-19T01:15:07.116+0000] {subprocess.py:106} INFO - 25/10/19 01:15:07 INFO SharedState: Warehouse path is 'file:/opt/spark/work-dir/spark-warehouse'.
[2025-10-19T01:15:09.021+0000] {subprocess.py:106} INFO - 25/10/19 01:15:09 INFO HiveConf: Found configuration file null
[2025-10-19T01:15:09.301+0000] {subprocess.py:106} INFO - 25/10/19 01:15:09 INFO metastore: Trying to connect to metastore with URI thrift://hive-metastore:9083
[2025-10-19T01:15:09.326+0000] {subprocess.py:106} INFO - 25/10/19 01:15:09 INFO metastore: Opened a connection to metastore, current connections: 1
[2025-10-19T01:15:09.368+0000] {subprocess.py:106} INFO - 25/10/19 01:15:09 INFO metastore: Connected to metastore.
[2025-10-19T01:15:09.668+0000] {subprocess.py:106} INFO - 25/10/19 01:15:09 INFO BaseMetastoreTableOperations: Refreshing table metadata from new version: hdfs://tuankiet170-master:9000/data_lake/warehouse/bronze.db/online_retail_raw/metadata/00000-62e0c279-583c-4578-a243-30f1ea551d87.metadata.json
[2025-10-19T01:15:09.781+0000] {subprocess.py:106} INFO - 25/10/19 01:15:09 INFO StandaloneSchedulerBackend$StandaloneDriverEndpoint: Registered executor NettyRpcEndpointRef(spark-client://Executor) (172.30.0.7:44996) with ID 0,  ResourceProfileId 0
[2025-10-19T01:15:09.910+0000] {subprocess.py:106} INFO - 25/10/19 01:15:09 INFO BlockManagerMasterEndpoint: Registering block manager 172.30.0.7:39705 with 434.4 MiB RAM, BlockManagerId(0, 172.30.0.7, 39705, None)
[2025-10-19T01:15:10.513+0000] {subprocess.py:106} INFO - 25/10/19 01:15:10 INFO BaseMetastoreCatalog: Table loaded by catalog: hive_catalog.bronze.online_retail_raw
[2025-10-19T01:15:11.551+0000] {subprocess.py:106} INFO - 25/10/19 01:15:11 INFO SnapshotScan: Scanning table hive_catalog.bronze.online_retail_raw snapshot 6863340523612216077 created at 2025-10-19T01:14:55.021+00:00 with filter true
[2025-10-19T01:15:11.791+0000] {subprocess.py:106} INFO - 25/10/19 01:15:11 INFO BaseDistributedDataScan: Planning file tasks locally for table hive_catalog.bronze.online_retail_raw
[2025-10-19T01:15:12.003+0000] {subprocess.py:106} INFO - 25/10/19 01:15:12 INFO V2ScanRelationPushDown:
[2025-10-19T01:15:12.004+0000] {subprocess.py:106} INFO - Pushing operators to hive_catalog.bronze.online_retail_raw
[2025-10-19T01:15:12.005+0000] {subprocess.py:106} INFO - Pushed Aggregate Functions:
[2025-10-19T01:15:12.005+0000] {subprocess.py:106} INFO -  COUNT(*)
[2025-10-19T01:15:12.006+0000] {subprocess.py:106} INFO - Pushed Group by:
[2025-10-19T01:15:12.006+0000] {subprocess.py:106} INFO - 
[2025-10-19T01:15:12.006+0000] {subprocess.py:106} INFO - 
[2025-10-19T01:15:13.139+0000] {subprocess.py:106} INFO - 25/10/19 01:15:13 INFO CodeGenerator: Code generated in 304.596967 ms
[2025-10-19T01:15:13.168+0000] {subprocess.py:106} INFO - 25/10/19 01:15:13 INFO CodeGenerator: Code generated in 16.421586 ms
[2025-10-19T01:15:13.311+0000] {subprocess.py:106} INFO - 25/10/19 01:15:13 INFO DAGScheduler: Registering RDD 2 (count at <unknown>:0) as input to shuffle 0
[2025-10-19T01:15:13.318+0000] {subprocess.py:106} INFO - 25/10/19 01:15:13 INFO DAGScheduler: Got map stage job 0 (count at <unknown>:0) with 1 output partitions
[2025-10-19T01:15:13.319+0000] {subprocess.py:106} INFO - 25/10/19 01:15:13 INFO DAGScheduler: Final stage: ShuffleMapStage 0 (count at <unknown>:0)
[2025-10-19T01:15:13.319+0000] {subprocess.py:106} INFO - 25/10/19 01:15:13 INFO DAGScheduler: Parents of final stage: List()
[2025-10-19T01:15:13.321+0000] {subprocess.py:106} INFO - 25/10/19 01:15:13 INFO DAGScheduler: Missing parents: List()
[2025-10-19T01:15:13.325+0000] {subprocess.py:106} INFO - 25/10/19 01:15:13 INFO DAGScheduler: Submitting ShuffleMapStage 0 (MapPartitionsRDD[2] at count at <unknown>:0), which has no missing parents
[2025-10-19T01:15:13.442+0000] {subprocess.py:106} INFO - 25/10/19 01:15:13 INFO MemoryStore: Block broadcast_0 stored as values in memory (estimated size 12.6 KiB, free 434.4 MiB)
[2025-10-19T01:15:13.477+0000] {subprocess.py:106} INFO - 25/10/19 01:15:13 INFO MemoryStore: Block broadcast_0_piece0 stored as bytes in memory (estimated size 6.2 KiB, free 434.4 MiB)
[2025-10-19T01:15:13.480+0000] {subprocess.py:106} INFO - 25/10/19 01:15:13 INFO BlockManagerInfo: Added broadcast_0_piece0 in memory on 423e5338994a:42601 (size: 6.2 KiB, free: 434.4 MiB)
[2025-10-19T01:15:13.487+0000] {subprocess.py:106} INFO - 25/10/19 01:15:13 INFO SparkContext: Created broadcast 0 from broadcast at DAGScheduler.scala:1585
[2025-10-19T01:15:13.503+0000] {subprocess.py:106} INFO - 25/10/19 01:15:13 INFO DAGScheduler: Submitting 1 missing tasks from ShuffleMapStage 0 (MapPartitionsRDD[2] at count at <unknown>:0) (first 15 tasks are for partitions Vector(0))
[2025-10-19T01:15:13.504+0000] {subprocess.py:106} INFO - 25/10/19 01:15:13 INFO TaskSchedulerImpl: Adding task set 0.0 with 1 tasks resource profile 0
[2025-10-19T01:15:13.542+0000] {subprocess.py:106} INFO - 25/10/19 01:15:13 INFO TaskSetManager: Starting task 0.0 in stage 0.0 (TID 0) (172.30.0.7, executor 0, partition 0, PROCESS_LOCAL, 9164 bytes)
[2025-10-19T01:15:13.857+0000] {subprocess.py:106} INFO - 25/10/19 01:15:13 INFO BlockManagerInfo: Added broadcast_0_piece0 in memory on 172.30.0.7:39705 (size: 6.2 KiB, free: 434.4 MiB)
[2025-10-19T01:15:14.680+0000] {subprocess.py:106} INFO - 25/10/19 01:15:14 INFO TaskSetManager: Finished task 0.0 in stage 0.0 (TID 0) in 1156 ms on 172.30.0.7 (executor 0) (1/1)
[2025-10-19T01:15:14.683+0000] {subprocess.py:106} INFO - 25/10/19 01:15:14 INFO TaskSchedulerImpl: Removed TaskSet 0.0, whose tasks have all completed, from pool
[2025-10-19T01:15:14.695+0000] {subprocess.py:106} INFO - 25/10/19 01:15:14 INFO DAGScheduler: ShuffleMapStage 0 (count at <unknown>:0) finished in 1.353 s
[2025-10-19T01:15:14.697+0000] {subprocess.py:106} INFO - 25/10/19 01:15:14 INFO DAGScheduler: looking for newly runnable stages
[2025-10-19T01:15:14.700+0000] {subprocess.py:106} INFO - 25/10/19 01:15:14 INFO DAGScheduler: running: Set()
[2025-10-19T01:15:14.701+0000] {subprocess.py:106} INFO - 25/10/19 01:15:14 INFO DAGScheduler: waiting: Set()
[2025-10-19T01:15:14.702+0000] {subprocess.py:106} INFO - 25/10/19 01:15:14 INFO DAGScheduler: failed: Set()
[2025-10-19T01:15:14.799+0000] {subprocess.py:106} INFO - 25/10/19 01:15:14 INFO CodeGenerator: Code generated in 32.545269 ms
[2025-10-19T01:15:14.894+0000] {subprocess.py:106} INFO - 25/10/19 01:15:14 INFO SparkContext: Starting job: count at <unknown>:0
[2025-10-19T01:15:14.902+0000] {subprocess.py:106} INFO - 25/10/19 01:15:14 INFO DAGScheduler: Got job 1 (count at <unknown>:0) with 1 output partitions
[2025-10-19T01:15:14.903+0000] {subprocess.py:106} INFO - 25/10/19 01:15:14 INFO DAGScheduler: Final stage: ResultStage 2 (count at <unknown>:0)
[2025-10-19T01:15:14.904+0000] {subprocess.py:106} INFO - 25/10/19 01:15:14 INFO DAGScheduler: Parents of final stage: List(ShuffleMapStage 1)
[2025-10-19T01:15:14.905+0000] {subprocess.py:106} INFO - 25/10/19 01:15:14 INFO DAGScheduler: Missing parents: List()
[2025-10-19T01:15:14.909+0000] {subprocess.py:106} INFO - 25/10/19 01:15:14 INFO DAGScheduler: Submitting ResultStage 2 (MapPartitionsRDD[5] at count at <unknown>:0), which has no missing parents
[2025-10-19T01:15:14.929+0000] {subprocess.py:106} INFO - 25/10/19 01:15:14 INFO MemoryStore: Block broadcast_1 stored as values in memory (estimated size 13.7 KiB, free 434.4 MiB)
[2025-10-19T01:15:14.932+0000] {subprocess.py:106} INFO - 25/10/19 01:15:14 INFO MemoryStore: Block broadcast_1_piece0 stored as bytes in memory (estimated size 6.4 KiB, free 434.4 MiB)
[2025-10-19T01:15:14.933+0000] {subprocess.py:106} INFO - 25/10/19 01:15:14 INFO BlockManagerInfo: Added broadcast_1_piece0 in memory on 423e5338994a:42601 (size: 6.4 KiB, free: 434.4 MiB)
[2025-10-19T01:15:14.934+0000] {subprocess.py:106} INFO - 25/10/19 01:15:14 INFO SparkContext: Created broadcast 1 from broadcast at DAGScheduler.scala:1585
[2025-10-19T01:15:14.939+0000] {subprocess.py:106} INFO - 25/10/19 01:15:14 INFO DAGScheduler: Submitting 1 missing tasks from ResultStage 2 (MapPartitionsRDD[5] at count at <unknown>:0) (first 15 tasks are for partitions Vector(0))
[2025-10-19T01:15:14.940+0000] {subprocess.py:106} INFO - 25/10/19 01:15:14 INFO TaskSchedulerImpl: Adding task set 2.0 with 1 tasks resource profile 0
[2025-10-19T01:15:14.951+0000] {subprocess.py:106} INFO - 25/10/19 01:15:14 INFO TaskSetManager: Starting task 0.0 in stage 2.0 (TID 1) (172.30.0.7, executor 0, partition 0, NODE_LOCAL, 9003 bytes)
[2025-10-19T01:15:14.993+0000] {subprocess.py:106} INFO - 25/10/19 01:15:14 INFO BlockManagerInfo: Added broadcast_1_piece0 in memory on 172.30.0.7:39705 (size: 6.4 KiB, free: 434.4 MiB)
[2025-10-19T01:15:15.098+0000] {subprocess.py:106} INFO - 25/10/19 01:15:15 INFO MapOutputTrackerMasterEndpoint: Asked to send map output locations for shuffle 0 to 172.30.0.7:44996
[2025-10-19T01:15:15.237+0000] {subprocess.py:106} INFO - 25/10/19 01:15:15 INFO TaskSetManager: Finished task 0.0 in stage 2.0 (TID 1) in 288 ms on 172.30.0.7 (executor 0) (1/1)
[2025-10-19T01:15:15.238+0000] {subprocess.py:106} INFO - 25/10/19 01:15:15 INFO TaskSchedulerImpl: Removed TaskSet 2.0, whose tasks have all completed, from pool
[2025-10-19T01:15:15.238+0000] {subprocess.py:106} INFO - 25/10/19 01:15:15 INFO DAGScheduler: ResultStage 2 (count at <unknown>:0) finished in 0.313 s
[2025-10-19T01:15:15.240+0000] {subprocess.py:106} INFO - 25/10/19 01:15:15 INFO DAGScheduler: Job 1 is finished. Cancelling potential speculative or zombie tasks for this job
[2025-10-19T01:15:15.241+0000] {subprocess.py:106} INFO - 25/10/19 01:15:15 INFO TaskSchedulerImpl: Killing all running tasks in stage 2: Stage finished
[2025-10-19T01:15:15.243+0000] {subprocess.py:106} INFO - 25/10/19 01:15:15 INFO DAGScheduler: Job 1 finished: count at <unknown>:0, took 0.348702 s
[2025-10-19T01:15:15.253+0000] {subprocess.py:106} INFO - Original rows in Bronze: 1000
[2025-10-19T01:15:15.256+0000] {subprocess.py:106} INFO - root
[2025-10-19T01:15:15.257+0000] {subprocess.py:106} INFO -  |-- customer_id: integer (nullable = true)
[2025-10-19T01:15:15.257+0000] {subprocess.py:106} INFO -  |-- order_date: date (nullable = true)
[2025-10-19T01:15:15.258+0000] {subprocess.py:106} INFO -  |-- product_id: integer (nullable = true)
[2025-10-19T01:15:15.258+0000] {subprocess.py:106} INFO -  |-- category_id: integer (nullable = true)
[2025-10-19T01:15:15.258+0000] {subprocess.py:106} INFO -  |-- category_name: string (nullable = true)
[2025-10-19T01:15:15.259+0000] {subprocess.py:106} INFO -  |-- product_name: string (nullable = true)
[2025-10-19T01:15:15.259+0000] {subprocess.py:106} INFO -  |-- quantity: integer (nullable = true)
[2025-10-19T01:15:15.259+0000] {subprocess.py:106} INFO -  |-- price: double (nullable = true)
[2025-10-19T01:15:15.260+0000] {subprocess.py:106} INFO -  |-- payment_method: string (nullable = true)
[2025-10-19T01:15:15.260+0000] {subprocess.py:106} INFO -  |-- city: string (nullable = true)
[2025-10-19T01:15:15.260+0000] {subprocess.py:106} INFO -  |-- review_score: double (nullable = true)
[2025-10-19T01:15:15.261+0000] {subprocess.py:106} INFO -  |-- gender: string (nullable = true)
[2025-10-19T01:15:15.261+0000] {subprocess.py:106} INFO -  |-- age: integer (nullable = true)
[2025-10-19T01:15:15.261+0000] {subprocess.py:106} INFO - 
[2025-10-19T01:15:15.799+0000] {subprocess.py:106} INFO - 25/10/19 01:15:15 INFO BlockManagerInfo: Removed broadcast_1_piece0 on 423e5338994a:42601 in memory (size: 6.4 KiB, free: 434.4 MiB)
[2025-10-19T01:15:15.805+0000] {subprocess.py:106} INFO - 25/10/19 01:15:15 INFO BlockManagerInfo: Removed broadcast_1_piece0 on 172.30.0.7:39705 in memory (size: 6.4 KiB, free: 434.4 MiB)
[2025-10-19T01:15:15.818+0000] {subprocess.py:106} INFO - 25/10/19 01:15:15 INFO BlockManagerInfo: Removed broadcast_0_piece0 on 423e5338994a:42601 in memory (size: 6.2 KiB, free: 434.4 MiB)
[2025-10-19T01:15:15.822+0000] {subprocess.py:106} INFO - 25/10/19 01:15:15 INFO V2ScanRelationPushDown:
[2025-10-19T01:15:15.823+0000] {subprocess.py:106} INFO - Pushing operators to hive_catalog.bronze.online_retail_raw
[2025-10-19T01:15:15.824+0000] {subprocess.py:106} INFO - Pushed Filters: quantity IS NOT NULL, price IS NOT NULL, quantity > 0, price > 0.0
[2025-10-19T01:15:15.824+0000] {subprocess.py:106} INFO - Post-Scan Filters: isnotnull(quantity#6),isnotnull(price#7),(quantity#6 > 0),(price#7 > 0.0),atleastnnonnulls(6, customer_id#0, order_date#1, product_id#2, product_name#5, quantity#6, price#7)
[2025-10-19T01:15:15.825+0000] {subprocess.py:106} INFO - 
[2025-10-19T01:15:15.826+0000] {subprocess.py:106} INFO - 25/10/19 01:15:15 INFO BlockManagerInfo: Removed broadcast_0_piece0 on 172.30.0.7:39705 in memory (size: 6.2 KiB, free: 434.4 MiB)
[2025-10-19T01:15:15.858+0000] {subprocess.py:106} INFO - 25/10/19 01:15:15 INFO V2ScanRelationPushDown:
[2025-10-19T01:15:15.859+0000] {subprocess.py:106} INFO - Output: customer_id#0, order_date#1, product_id#2, category_id#3, category_name#4, product_name#5, quantity#6, price#7, payment_method#8, city#9, review_score#10, gender#11, age#12
[2025-10-19T01:15:15.859+0000] {subprocess.py:106} INFO - 
[2025-10-19T01:15:15.865+0000] {subprocess.py:106} INFO - 25/10/19 01:15:15 INFO SnapshotScan: Scanning table hive_catalog.bronze.online_retail_raw snapshot 6863340523612216077 created at 2025-10-19T01:14:55.021+00:00 with filter (((quantity IS NOT NULL AND price IS NOT NULL) AND quantity > (1-digit-int)) AND price > (1-digit-float))
[2025-10-19T01:15:15.875+0000] {subprocess.py:106} INFO - 25/10/19 01:15:15 INFO BaseDistributedDataScan: Planning file tasks locally for table hive_catalog.bronze.online_retail_raw
[2025-10-19T01:15:15.926+0000] {subprocess.py:106} INFO - 25/10/19 01:15:15 INFO SparkPartitioningAwareScan: Reporting UnknownPartitioning with 1 partition(s) for table hive_catalog.bronze.online_retail_raw
[2025-10-19T01:15:15.948+0000] {subprocess.py:106} INFO - 25/10/19 01:15:15 INFO MemoryStore: Block broadcast_2 stored as values in memory (estimated size 32.0 KiB, free 434.4 MiB)
[2025-10-19T01:15:15.963+0000] {subprocess.py:106} INFO - 25/10/19 01:15:15 INFO MemoryStore: Block broadcast_2_piece0 stored as bytes in memory (estimated size 29.5 KiB, free 434.3 MiB)
[2025-10-19T01:15:15.965+0000] {subprocess.py:106} INFO - 25/10/19 01:15:15 INFO BlockManagerInfo: Added broadcast_2_piece0 in memory on 423e5338994a:42601 (size: 29.5 KiB, free: 434.4 MiB)
[2025-10-19T01:15:15.965+0000] {subprocess.py:106} INFO - 25/10/19 01:15:15 INFO SparkContext: Created broadcast 2 from broadcast at SparkBatch.java:79
[2025-10-19T01:15:15.989+0000] {subprocess.py:106} INFO - 25/10/19 01:15:15 INFO MemoryStore: Block broadcast_3 stored as values in memory (estimated size 32.0 KiB, free 434.3 MiB)
[2025-10-19T01:15:16.003+0000] {subprocess.py:106} INFO - 25/10/19 01:15:16 INFO MemoryStore: Block broadcast_3_piece0 stored as bytes in memory (estimated size 29.5 KiB, free 434.3 MiB)
[2025-10-19T01:15:16.004+0000] {subprocess.py:106} INFO - 25/10/19 01:15:16 INFO BlockManagerInfo: Added broadcast_3_piece0 in memory on 423e5338994a:42601 (size: 29.5 KiB, free: 434.3 MiB)
[2025-10-19T01:15:16.005+0000] {subprocess.py:106} INFO - 25/10/19 01:15:16 INFO SparkContext: Created broadcast 3 from broadcast at SparkBatch.java:79
[2025-10-19T01:15:16.232+0000] {subprocess.py:106} INFO - 25/10/19 01:15:16 INFO CodeGenerator: Code generated in 109.539331 ms
[2025-10-19T01:15:16.293+0000] {subprocess.py:106} INFO - 25/10/19 01:15:16 INFO DAGScheduler: Registering RDD 9 (count at <unknown>:0) as input to shuffle 1
[2025-10-19T01:15:16.293+0000] {subprocess.py:106} INFO - 25/10/19 01:15:16 INFO DAGScheduler: Got map stage job 2 (count at <unknown>:0) with 1 output partitions
[2025-10-19T01:15:16.294+0000] {subprocess.py:106} INFO - 25/10/19 01:15:16 INFO DAGScheduler: Final stage: ShuffleMapStage 3 (count at <unknown>:0)
[2025-10-19T01:15:16.294+0000] {subprocess.py:106} INFO - 25/10/19 01:15:16 INFO DAGScheduler: Parents of final stage: List()
[2025-10-19T01:15:16.294+0000] {subprocess.py:106} INFO - 25/10/19 01:15:16 INFO DAGScheduler: Missing parents: List()
[2025-10-19T01:15:16.295+0000] {subprocess.py:106} INFO - 25/10/19 01:15:16 INFO DAGScheduler: Submitting ShuffleMapStage 3 (MapPartitionsRDD[9] at count at <unknown>:0), which has no missing parents
[2025-10-19T01:15:16.305+0000] {subprocess.py:106} INFO - 25/10/19 01:15:16 INFO MemoryStore: Block broadcast_4 stored as values in memory (estimated size 61.2 KiB, free 434.2 MiB)
[2025-10-19T01:15:16.317+0000] {subprocess.py:106} INFO - 25/10/19 01:15:16 INFO MemoryStore: Block broadcast_4_piece0 stored as bytes in memory (estimated size 22.5 KiB, free 434.2 MiB)
[2025-10-19T01:15:16.320+0000] {subprocess.py:106} INFO - 25/10/19 01:15:16 INFO BlockManagerInfo: Added broadcast_4_piece0 in memory on 423e5338994a:42601 (size: 22.5 KiB, free: 434.3 MiB)
[2025-10-19T01:15:16.320+0000] {subprocess.py:106} INFO - 25/10/19 01:15:16 INFO SparkContext: Created broadcast 4 from broadcast at DAGScheduler.scala:1585
[2025-10-19T01:15:16.321+0000] {subprocess.py:106} INFO - 25/10/19 01:15:16 INFO DAGScheduler: Submitting 1 missing tasks from ShuffleMapStage 3 (MapPartitionsRDD[9] at count at <unknown>:0) (first 15 tasks are for partitions Vector(0))
[2025-10-19T01:15:16.322+0000] {subprocess.py:106} INFO - 25/10/19 01:15:16 INFO TaskSchedulerImpl: Adding task set 3.0 with 1 tasks resource profile 0
[2025-10-19T01:15:16.359+0000] {subprocess.py:106} INFO - 25/10/19 01:15:16 INFO TaskSetManager: Starting task 0.0 in stage 3.0 (TID 2) (172.30.0.7, executor 0, partition 0, ANY, 15389 bytes)
[2025-10-19T01:15:16.887+0000] {subprocess.py:106} INFO - 25/10/19 01:15:16 INFO BlockManagerInfo: Added broadcast_4_piece0 in memory on 172.30.0.7:39705 (size: 22.5 KiB, free: 434.4 MiB)
[2025-10-19T01:15:17.383+0000] {subprocess.py:106} INFO - 25/10/19 01:15:17 INFO BlockManagerInfo: Added broadcast_3_piece0 in memory on 172.30.0.7:39705 (size: 29.5 KiB, free: 434.3 MiB)
[2025-10-19T01:15:19.416+0000] {subprocess.py:106} INFO - 25/10/19 01:15:19 INFO TaskSetManager: Finished task 0.0 in stage 3.0 (TID 2) in 3092 ms on 172.30.0.7 (executor 0) (1/1)
[2025-10-19T01:15:19.417+0000] {subprocess.py:106} INFO - 25/10/19 01:15:19 INFO TaskSchedulerImpl: Removed TaskSet 3.0, whose tasks have all completed, from pool
[2025-10-19T01:15:19.418+0000] {subprocess.py:106} INFO - 25/10/19 01:15:19 INFO DAGScheduler: ShuffleMapStage 3 (count at <unknown>:0) finished in 3.120 s
[2025-10-19T01:15:19.418+0000] {subprocess.py:106} INFO - 25/10/19 01:15:19 INFO DAGScheduler: looking for newly runnable stages
[2025-10-19T01:15:19.419+0000] {subprocess.py:106} INFO - 25/10/19 01:15:19 INFO DAGScheduler: running: Set()
[2025-10-19T01:15:19.419+0000] {subprocess.py:106} INFO - 25/10/19 01:15:19 INFO DAGScheduler: waiting: Set()
[2025-10-19T01:15:19.420+0000] {subprocess.py:106} INFO - 25/10/19 01:15:19 INFO DAGScheduler: failed: Set()
[2025-10-19T01:15:19.435+0000] {subprocess.py:106} INFO - 25/10/19 01:15:19 INFO ShufflePartitionsUtil: For shuffle(1), advisory target size: 67108864, actual target size 1048576, minimum partition size: 1048576
[2025-10-19T01:15:19.512+0000] {subprocess.py:106} INFO - 25/10/19 01:15:19 INFO CodeGenerator: Code generated in 46.206855 ms
[2025-10-19T01:15:19.533+0000] {subprocess.py:106} INFO - 25/10/19 01:15:19 INFO DAGScheduler: Registering RDD 12 (count at <unknown>:0) as input to shuffle 2
[2025-10-19T01:15:19.534+0000] {subprocess.py:106} INFO - 25/10/19 01:15:19 INFO DAGScheduler: Got map stage job 3 (count at <unknown>:0) with 1 output partitions
[2025-10-19T01:15:19.534+0000] {subprocess.py:106} INFO - 25/10/19 01:15:19 INFO DAGScheduler: Final stage: ShuffleMapStage 5 (count at <unknown>:0)
[2025-10-19T01:15:19.535+0000] {subprocess.py:106} INFO - 25/10/19 01:15:19 INFO DAGScheduler: Parents of final stage: List(ShuffleMapStage 4)
[2025-10-19T01:15:19.535+0000] {subprocess.py:106} INFO - 25/10/19 01:15:19 INFO DAGScheduler: Missing parents: List()
[2025-10-19T01:15:19.536+0000] {subprocess.py:106} INFO - 25/10/19 01:15:19 INFO DAGScheduler: Submitting ShuffleMapStage 5 (MapPartitionsRDD[12] at count at <unknown>:0), which has no missing parents
[2025-10-19T01:15:19.552+0000] {subprocess.py:106} INFO - 25/10/19 01:15:19 INFO MemoryStore: Block broadcast_5 stored as values in memory (estimated size 61.4 KiB, free 434.1 MiB)
[2025-10-19T01:15:19.560+0000] {subprocess.py:106} INFO - 25/10/19 01:15:19 INFO MemoryStore: Block broadcast_5_piece0 stored as bytes in memory (estimated size 24.2 KiB, free 434.1 MiB)
[2025-10-19T01:15:19.567+0000] {subprocess.py:106} INFO - 25/10/19 01:15:19 INFO BlockManagerInfo: Added broadcast_5_piece0 in memory on 423e5338994a:42601 (size: 24.2 KiB, free: 434.3 MiB)
[2025-10-19T01:15:19.568+0000] {subprocess.py:106} INFO - 25/10/19 01:15:19 INFO BlockManagerInfo: Removed broadcast_4_piece0 on 423e5338994a:42601 in memory (size: 22.5 KiB, free: 434.3 MiB)
[2025-10-19T01:15:19.568+0000] {subprocess.py:106} INFO - 25/10/19 01:15:19 INFO SparkContext: Created broadcast 5 from broadcast at DAGScheduler.scala:1585
[2025-10-19T01:15:19.569+0000] {subprocess.py:106} INFO - 25/10/19 01:15:19 INFO DAGScheduler: Submitting 1 missing tasks from ShuffleMapStage 5 (MapPartitionsRDD[12] at count at <unknown>:0) (first 15 tasks are for partitions Vector(0))
[2025-10-19T01:15:19.569+0000] {subprocess.py:106} INFO - 25/10/19 01:15:19 INFO TaskSchedulerImpl: Adding task set 5.0 with 1 tasks resource profile 0
[2025-10-19T01:15:19.570+0000] {subprocess.py:106} INFO - 25/10/19 01:15:19 INFO BlockManagerInfo: Removed broadcast_4_piece0 on 172.30.0.7:39705 in memory (size: 22.5 KiB, free: 434.4 MiB)
[2025-10-19T01:15:19.570+0000] {subprocess.py:106} INFO - 25/10/19 01:15:19 INFO TaskSetManager: Starting task 0.0 in stage 5.0 (TID 3) (172.30.0.7, executor 0, partition 0, NODE_LOCAL, 8992 bytes)
[2025-10-19T01:15:19.609+0000] {subprocess.py:106} INFO - 25/10/19 01:15:19 INFO BlockManagerInfo: Added broadcast_5_piece0 in memory on 172.30.0.7:39705 (size: 24.2 KiB, free: 434.3 MiB)
[2025-10-19T01:15:19.651+0000] {subprocess.py:106} INFO - 25/10/19 01:15:19 INFO MapOutputTrackerMasterEndpoint: Asked to send map output locations for shuffle 1 to 172.30.0.7:44996
[2025-10-19T01:15:19.789+0000] {subprocess.py:106} INFO - 25/10/19 01:15:19 INFO TaskSetManager: Finished task 0.0 in stage 5.0 (TID 3) in 219 ms on 172.30.0.7 (executor 0) (1/1)
[2025-10-19T01:15:19.790+0000] {subprocess.py:106} INFO - 25/10/19 01:15:19 INFO TaskSchedulerImpl: Removed TaskSet 5.0, whose tasks have all completed, from pool
[2025-10-19T01:15:19.791+0000] {subprocess.py:106} INFO - 25/10/19 01:15:19 INFO DAGScheduler: ShuffleMapStage 5 (count at <unknown>:0) finished in 0.245 s
[2025-10-19T01:15:19.792+0000] {subprocess.py:106} INFO - 25/10/19 01:15:19 INFO DAGScheduler: looking for newly runnable stages
[2025-10-19T01:15:19.793+0000] {subprocess.py:106} INFO - 25/10/19 01:15:19 INFO DAGScheduler: running: Set()
[2025-10-19T01:15:19.794+0000] {subprocess.py:106} INFO - 25/10/19 01:15:19 INFO DAGScheduler: waiting: Set()
[2025-10-19T01:15:19.794+0000] {subprocess.py:106} INFO - 25/10/19 01:15:19 INFO DAGScheduler: failed: Set()
[2025-10-19T01:15:19.822+0000] {subprocess.py:106} INFO - 25/10/19 01:15:19 INFO CodeGenerator: Code generated in 9.62823 ms
[2025-10-19T01:15:19.838+0000] {subprocess.py:106} INFO - 25/10/19 01:15:19 INFO SparkContext: Starting job: count at <unknown>:0
[2025-10-19T01:15:19.841+0000] {subprocess.py:106} INFO - 25/10/19 01:15:19 INFO DAGScheduler: Got job 4 (count at <unknown>:0) with 1 output partitions
[2025-10-19T01:15:19.842+0000] {subprocess.py:106} INFO - 25/10/19 01:15:19 INFO DAGScheduler: Final stage: ResultStage 8 (count at <unknown>:0)
[2025-10-19T01:15:19.843+0000] {subprocess.py:106} INFO - 25/10/19 01:15:19 INFO DAGScheduler: Parents of final stage: List(ShuffleMapStage 7)
[2025-10-19T01:15:19.844+0000] {subprocess.py:106} INFO - 25/10/19 01:15:19 INFO DAGScheduler: Missing parents: List()
[2025-10-19T01:15:19.844+0000] {subprocess.py:106} INFO - 25/10/19 01:15:19 INFO DAGScheduler: Submitting ResultStage 8 (MapPartitionsRDD[15] at count at <unknown>:0), which has no missing parents
[2025-10-19T01:15:19.848+0000] {subprocess.py:106} INFO - 25/10/19 01:15:19 INFO MemoryStore: Block broadcast_6 stored as values in memory (estimated size 12.5 KiB, free 434.2 MiB)
[2025-10-19T01:15:19.862+0000] {subprocess.py:106} INFO - 25/10/19 01:15:19 INFO MemoryStore: Block broadcast_6_piece0 stored as bytes in memory (estimated size 5.9 KiB, free 434.2 MiB)
[2025-10-19T01:15:19.871+0000] {subprocess.py:106} INFO - 25/10/19 01:15:19 INFO BlockManagerInfo: Removed broadcast_5_piece0 on 172.30.0.7:39705 in memory (size: 24.2 KiB, free: 434.4 MiB)
[2025-10-19T01:15:19.877+0000] {subprocess.py:106} INFO - 25/10/19 01:15:19 INFO BlockManagerInfo: Added broadcast_6_piece0 in memory on 423e5338994a:42601 (size: 5.9 KiB, free: 434.3 MiB)
[2025-10-19T01:15:19.878+0000] {subprocess.py:106} INFO - 25/10/19 01:15:19 INFO SparkContext: Created broadcast 6 from broadcast at DAGScheduler.scala:1585
[2025-10-19T01:15:19.879+0000] {subprocess.py:106} INFO - 25/10/19 01:15:19 INFO BlockManagerInfo: Removed broadcast_5_piece0 on 423e5338994a:42601 in memory (size: 24.2 KiB, free: 434.3 MiB)
[2025-10-19T01:15:19.880+0000] {subprocess.py:106} INFO - 25/10/19 01:15:19 INFO DAGScheduler: Submitting 1 missing tasks from ResultStage 8 (MapPartitionsRDD[15] at count at <unknown>:0) (first 15 tasks are for partitions Vector(0))
[2025-10-19T01:15:19.881+0000] {subprocess.py:106} INFO - 25/10/19 01:15:19 INFO TaskSchedulerImpl: Adding task set 8.0 with 1 tasks resource profile 0
[2025-10-19T01:15:19.882+0000] {subprocess.py:106} INFO - 25/10/19 01:15:19 INFO TaskSetManager: Starting task 0.0 in stage 8.0 (TID 4) (172.30.0.7, executor 0, partition 0, NODE_LOCAL, 9003 bytes)
[2025-10-19T01:15:19.926+0000] {subprocess.py:106} INFO - 25/10/19 01:15:19 INFO BlockManagerInfo: Added broadcast_6_piece0 in memory on 172.30.0.7:39705 (size: 5.9 KiB, free: 434.4 MiB)
[2025-10-19T01:15:19.937+0000] {subprocess.py:106} INFO - 25/10/19 01:15:19 INFO MapOutputTrackerMasterEndpoint: Asked to send map output locations for shuffle 2 to 172.30.0.7:44996
[2025-10-19T01:15:20.012+0000] {subprocess.py:106} INFO - 25/10/19 01:15:20 INFO TaskSetManager: Finished task 0.0 in stage 8.0 (TID 4) in 124 ms on 172.30.0.7 (executor 0) (1/1)
[2025-10-19T01:15:20.017+0000] {subprocess.py:106} INFO - 25/10/19 01:15:20 INFO TaskSchedulerImpl: Removed TaskSet 8.0, whose tasks have all completed, from pool
[2025-10-19T01:15:20.020+0000] {subprocess.py:106} INFO - 25/10/19 01:15:20 INFO DAGScheduler: ResultStage 8 (count at <unknown>:0) finished in 0.161 s
[2025-10-19T01:15:20.022+0000] {subprocess.py:106} INFO - 25/10/19 01:15:20 INFO DAGScheduler: Job 4 is finished. Cancelling potential speculative or zombie tasks for this job
[2025-10-19T01:15:20.022+0000] {subprocess.py:106} INFO - 25/10/19 01:15:20 INFO TaskSchedulerImpl: Killing all running tasks in stage 8: Stage finished
[2025-10-19T01:15:20.023+0000] {subprocess.py:106} INFO - 25/10/19 01:15:20 INFO DAGScheduler: Job 4 finished: count at <unknown>:0, took 0.169113 s
[2025-10-19T01:15:20.024+0000] {subprocess.py:106} INFO - Cleaned rows in Silver: 1000
[2025-10-19T01:15:20.266+0000] {subprocess.py:106} INFO - 25/10/19 01:15:20 INFO HiveCatalog: Created namespace: silver
[2025-10-19T01:15:20.355+0000] {subprocess.py:106} INFO - 25/10/19 01:15:20 INFO BaseMetastoreCatalog: Table properties set at catalog level through catalog properties: {}
[2025-10-19T01:15:20.370+0000] {subprocess.py:106} INFO - 25/10/19 01:15:20 INFO BaseMetastoreCatalog: Table properties enforced at catalog level through catalog properties: {}
[2025-10-19T01:15:20.443+0000] {subprocess.py:106} INFO - 25/10/19 01:15:20 INFO V2ScanRelationPushDown:
[2025-10-19T01:15:20.443+0000] {subprocess.py:106} INFO - Pushing operators to hive_catalog.bronze.online_retail_raw
[2025-10-19T01:15:20.444+0000] {subprocess.py:106} INFO - Pushed Filters: quantity IS NOT NULL, price IS NOT NULL, quantity > 0, price > 0.0
[2025-10-19T01:15:20.444+0000] {subprocess.py:106} INFO - Post-Scan Filters: isnotnull(quantity#6),isnotnull(price#7),(quantity#6 > 0),(price#7 > 0.0),atleastnnonnulls(6, customer_id#0, order_date#1, product_id#2, product_name#5, quantity#6, price#7)
[2025-10-19T01:15:20.445+0000] {subprocess.py:106} INFO - 
[2025-10-19T01:15:20.446+0000] {subprocess.py:106} INFO - 25/10/19 01:15:20 INFO V2ScanRelationPushDown:
[2025-10-19T01:15:20.446+0000] {subprocess.py:106} INFO - Output: customer_id#0, order_date#1, product_id#2, category_id#3, category_name#4, product_name#5, quantity#6, price#7, payment_method#8, city#9, review_score#10, gender#11, age#12
[2025-10-19T01:15:20.447+0000] {subprocess.py:106} INFO - 
[2025-10-19T01:15:20.447+0000] {subprocess.py:106} INFO - 25/10/19 01:15:20 INFO SnapshotScan: Scanning table hive_catalog.bronze.online_retail_raw snapshot 6863340523612216077 created at 2025-10-19T01:14:55.021+00:00 with filter (((quantity IS NOT NULL AND price IS NOT NULL) AND quantity > (1-digit-int)) AND price > (1-digit-float))
[2025-10-19T01:15:20.447+0000] {subprocess.py:106} INFO - 25/10/19 01:15:20 INFO BaseDistributedDataScan: Planning file tasks locally for table hive_catalog.bronze.online_retail_raw
[2025-10-19T01:15:20.482+0000] {subprocess.py:106} INFO - 25/10/19 01:15:20 INFO SparkPartitioningAwareScan: Reporting UnknownPartitioning with 1 partition(s) for table hive_catalog.bronze.online_retail_raw
[2025-10-19T01:15:20.502+0000] {subprocess.py:106} INFO - 25/10/19 01:15:20 INFO SparkWrite: Requesting 0 bytes advisory partition size for table silver.ecommerce_clean
[2025-10-19T01:15:20.503+0000] {subprocess.py:106} INFO - 25/10/19 01:15:20 INFO SparkWrite: Requesting UnspecifiedDistribution as write distribution for table silver.ecommerce_clean
[2025-10-19T01:15:20.504+0000] {subprocess.py:106} INFO - 25/10/19 01:15:20 INFO SparkWrite: Requesting [] as write ordering for table silver.ecommerce_clean
[2025-10-19T01:15:20.527+0000] {subprocess.py:106} INFO - 25/10/19 01:15:20 INFO MemoryStore: Block broadcast_7 stored as values in memory (estimated size 32.0 KiB, free 434.2 MiB)
[2025-10-19T01:15:20.550+0000] {subprocess.py:106} INFO - 25/10/19 01:15:20 INFO MemoryStore: Block broadcast_7_piece0 stored as bytes in memory (estimated size 29.5 KiB, free 434.2 MiB)
[2025-10-19T01:15:20.554+0000] {subprocess.py:106} INFO - 25/10/19 01:15:20 INFO BlockManagerInfo: Added broadcast_7_piece0 in memory on 423e5338994a:42601 (size: 29.5 KiB, free: 434.3 MiB)
[2025-10-19T01:15:20.555+0000] {subprocess.py:106} INFO - 25/10/19 01:15:20 INFO BlockManagerInfo: Removed broadcast_6_piece0 on 423e5338994a:42601 in memory (size: 5.9 KiB, free: 434.3 MiB)
[2025-10-19T01:15:20.556+0000] {subprocess.py:106} INFO - 25/10/19 01:15:20 INFO SparkContext: Created broadcast 7 from broadcast at SparkBatch.java:79
[2025-10-19T01:15:20.557+0000] {subprocess.py:106} INFO - 25/10/19 01:15:20 INFO BlockManagerInfo: Removed broadcast_6_piece0 on 172.30.0.7:39705 in memory (size: 5.9 KiB, free: 434.4 MiB)
[2025-10-19T01:15:20.587+0000] {subprocess.py:106} INFO - 25/10/19 01:15:20 INFO BlockManagerInfo: Removed broadcast_2_piece0 on 423e5338994a:42601 in memory (size: 29.5 KiB, free: 434.3 MiB)
[2025-10-19T01:15:20.587+0000] {subprocess.py:106} INFO - 25/10/19 01:15:20 INFO MemoryStore: Block broadcast_8 stored as values in memory (estimated size 32.0 KiB, free 434.2 MiB)
[2025-10-19T01:15:20.592+0000] {subprocess.py:106} INFO - 25/10/19 01:15:20 INFO MemoryStore: Block broadcast_8_piece0 stored as bytes in memory (estimated size 29.5 KiB, free 434.2 MiB)
[2025-10-19T01:15:20.595+0000] {subprocess.py:106} INFO - 25/10/19 01:15:20 INFO BlockManagerInfo: Added broadcast_8_piece0 in memory on 423e5338994a:42601 (size: 29.5 KiB, free: 434.3 MiB)
[2025-10-19T01:15:20.596+0000] {subprocess.py:106} INFO - 25/10/19 01:15:20 INFO SparkContext: Created broadcast 8 from broadcast at SparkBatch.java:79
[2025-10-19T01:15:20.664+0000] {subprocess.py:106} INFO - 25/10/19 01:15:20 INFO DAGScheduler: Registering RDD 19 (create at <unknown>:0) as input to shuffle 3
[2025-10-19T01:15:20.664+0000] {subprocess.py:106} INFO - 25/10/19 01:15:20 INFO DAGScheduler: Got map stage job 5 (create at <unknown>:0) with 1 output partitions
[2025-10-19T01:15:20.665+0000] {subprocess.py:106} INFO - 25/10/19 01:15:20 INFO DAGScheduler: Final stage: ShuffleMapStage 9 (create at <unknown>:0)
[2025-10-19T01:15:20.665+0000] {subprocess.py:106} INFO - 25/10/19 01:15:20 INFO DAGScheduler: Parents of final stage: List()
[2025-10-19T01:15:20.666+0000] {subprocess.py:106} INFO - 25/10/19 01:15:20 INFO DAGScheduler: Missing parents: List()
[2025-10-19T01:15:20.666+0000] {subprocess.py:106} INFO - 25/10/19 01:15:20 INFO DAGScheduler: Submitting ShuffleMapStage 9 (MapPartitionsRDD[19] at create at <unknown>:0), which has no missing parents
[2025-10-19T01:15:20.673+0000] {subprocess.py:106} INFO - 25/10/19 01:15:20 INFO MemoryStore: Block broadcast_9 stored as values in memory (estimated size 61.2 KiB, free 434.2 MiB)
[2025-10-19T01:15:20.681+0000] {subprocess.py:106} INFO - 25/10/19 01:15:20 INFO MemoryStore: Block broadcast_9_piece0 stored as bytes in memory (estimated size 22.5 KiB, free 434.1 MiB)
[2025-10-19T01:15:20.683+0000] {subprocess.py:106} INFO - 25/10/19 01:15:20 INFO BlockManagerInfo: Added broadcast_9_piece0 in memory on 423e5338994a:42601 (size: 22.5 KiB, free: 434.3 MiB)
[2025-10-19T01:15:20.683+0000] {subprocess.py:106} INFO - 25/10/19 01:15:20 INFO SparkContext: Created broadcast 9 from broadcast at DAGScheduler.scala:1585
[2025-10-19T01:15:20.684+0000] {subprocess.py:106} INFO - 25/10/19 01:15:20 INFO DAGScheduler: Submitting 1 missing tasks from ShuffleMapStage 9 (MapPartitionsRDD[19] at create at <unknown>:0) (first 15 tasks are for partitions Vector(0))
[2025-10-19T01:15:20.685+0000] {subprocess.py:106} INFO - 25/10/19 01:15:20 INFO TaskSchedulerImpl: Adding task set 9.0 with 1 tasks resource profile 0
[2025-10-19T01:15:20.687+0000] {subprocess.py:106} INFO - 25/10/19 01:15:20 INFO TaskSetManager: Starting task 0.0 in stage 9.0 (TID 5) (172.30.0.7, executor 0, partition 0, ANY, 15389 bytes)
[2025-10-19T01:15:20.712+0000] {subprocess.py:106} INFO - 25/10/19 01:15:20 INFO BlockManagerInfo: Added broadcast_9_piece0 in memory on 172.30.0.7:39705 (size: 22.5 KiB, free: 434.3 MiB)
[2025-10-19T01:15:20.727+0000] {subprocess.py:106} INFO - 25/10/19 01:15:20 INFO BlockManagerInfo: Removed broadcast_3_piece0 on 423e5338994a:42601 in memory (size: 29.5 KiB, free: 434.3 MiB)
[2025-10-19T01:15:20.735+0000] {subprocess.py:106} INFO - 25/10/19 01:15:20 INFO BlockManagerInfo: Removed broadcast_3_piece0 on 172.30.0.7:39705 in memory (size: 29.5 KiB, free: 434.4 MiB)
[2025-10-19T01:15:20.797+0000] {subprocess.py:106} INFO - 25/10/19 01:15:20 INFO BlockManagerInfo: Added broadcast_8_piece0 in memory on 172.30.0.7:39705 (size: 29.5 KiB, free: 434.3 MiB)
[2025-10-19T01:15:21.055+0000] {subprocess.py:106} INFO - 25/10/19 01:15:21 INFO TaskSetManager: Finished task 0.0 in stage 9.0 (TID 5) in 369 ms on 172.30.0.7 (executor 0) (1/1)
[2025-10-19T01:15:21.059+0000] {subprocess.py:106} INFO - 25/10/19 01:15:21 INFO TaskSchedulerImpl: Removed TaskSet 9.0, whose tasks have all completed, from pool
[2025-10-19T01:15:21.060+0000] {subprocess.py:106} INFO - 25/10/19 01:15:21 INFO DAGScheduler: ShuffleMapStage 9 (create at <unknown>:0) finished in 0.389 s
[2025-10-19T01:15:21.060+0000] {subprocess.py:106} INFO - 25/10/19 01:15:21 INFO DAGScheduler: looking for newly runnable stages
[2025-10-19T01:15:21.061+0000] {subprocess.py:106} INFO - 25/10/19 01:15:21 INFO DAGScheduler: running: Set()
[2025-10-19T01:15:21.061+0000] {subprocess.py:106} INFO - 25/10/19 01:15:21 INFO DAGScheduler: waiting: Set()
[2025-10-19T01:15:21.067+0000] {subprocess.py:106} INFO - 25/10/19 01:15:21 INFO DAGScheduler: failed: Set()
[2025-10-19T01:15:21.068+0000] {subprocess.py:106} INFO - 25/10/19 01:15:21 INFO ShufflePartitionsUtil: For shuffle(3), advisory target size: 67108864, actual target size 1048576, minimum partition size: 1048576
[2025-10-19T01:15:21.127+0000] {subprocess.py:106} INFO - 25/10/19 01:15:21 INFO CodeGenerator: Code generated in 46.191641 ms
[2025-10-19T01:15:21.151+0000] {subprocess.py:106} INFO - 25/10/19 01:15:21 INFO MemoryStore: Block broadcast_10 stored as values in memory (estimated size 32.0 KiB, free 434.2 MiB)
[2025-10-19T01:15:21.160+0000] {subprocess.py:106} INFO - 25/10/19 01:15:21 INFO MemoryStore: Block broadcast_10_piece0 stored as bytes in memory (estimated size 29.3 KiB, free 434.1 MiB)
[2025-10-19T01:15:21.162+0000] {subprocess.py:106} INFO - 25/10/19 01:15:21 INFO BlockManagerInfo: Added broadcast_10_piece0 in memory on 423e5338994a:42601 (size: 29.3 KiB, free: 434.3 MiB)
[2025-10-19T01:15:21.163+0000] {subprocess.py:106} INFO - 25/10/19 01:15:21 INFO BlockManagerInfo: Removed broadcast_9_piece0 on 423e5338994a:42601 in memory (size: 22.5 KiB, free: 434.3 MiB)
[2025-10-19T01:15:21.164+0000] {subprocess.py:106} INFO - 25/10/19 01:15:21 INFO SparkContext: Created broadcast 10 from broadcast at SparkWrite.java:193
[2025-10-19T01:15:21.165+0000] {subprocess.py:106} INFO - 25/10/19 01:15:21 INFO BlockManagerInfo: Removed broadcast_9_piece0 on 172.30.0.7:39705 in memory (size: 22.5 KiB, free: 434.4 MiB)
[2025-10-19T01:15:21.166+0000] {subprocess.py:106} INFO - 25/10/19 01:15:21 INFO AppendDataExec: Start processing data source write support: IcebergBatchWrite(table=silver.ecommerce_clean, format=PARQUET). The input RDD has 1 partitions.
[2025-10-19T01:15:21.176+0000] {subprocess.py:106} INFO - 25/10/19 01:15:21 INFO SparkContext: Starting job: create at <unknown>:0
[2025-10-19T01:15:21.177+0000] {subprocess.py:106} INFO - 25/10/19 01:15:21 INFO DAGScheduler: Got job 6 (create at <unknown>:0) with 1 output partitions
[2025-10-19T01:15:21.178+0000] {subprocess.py:106} INFO - 25/10/19 01:15:21 INFO DAGScheduler: Final stage: ResultStage 11 (create at <unknown>:0)
[2025-10-19T01:15:21.178+0000] {subprocess.py:106} INFO - 25/10/19 01:15:21 INFO DAGScheduler: Parents of final stage: List(ShuffleMapStage 10)
[2025-10-19T01:15:21.179+0000] {subprocess.py:106} INFO - 25/10/19 01:15:21 INFO DAGScheduler: Missing parents: List()
[2025-10-19T01:15:21.180+0000] {subprocess.py:106} INFO - 25/10/19 01:15:21 INFO DAGScheduler: Submitting ResultStage 11 (MapPartitionsRDD[21] at create at <unknown>:0), which has no missing parents
[2025-10-19T01:15:21.200+0000] {subprocess.py:106} INFO - 25/10/19 01:15:21 INFO MemoryStore: Block broadcast_11 stored as values in memory (estimated size 68.6 KiB, free 434.2 MiB)
[2025-10-19T01:15:21.203+0000] {subprocess.py:106} INFO - 25/10/19 01:15:21 INFO MemoryStore: Block broadcast_11_piece0 stored as bytes in memory (estimated size 27.2 KiB, free 434.1 MiB)
[2025-10-19T01:15:21.205+0000] {subprocess.py:106} INFO - 25/10/19 01:15:21 INFO BlockManagerInfo: Added broadcast_11_piece0 in memory on 423e5338994a:42601 (size: 27.2 KiB, free: 434.3 MiB)
[2025-10-19T01:15:21.207+0000] {subprocess.py:106} INFO - 25/10/19 01:15:21 INFO SparkContext: Created broadcast 11 from broadcast at DAGScheduler.scala:1585
[2025-10-19T01:15:21.208+0000] {subprocess.py:106} INFO - 25/10/19 01:15:21 INFO DAGScheduler: Submitting 1 missing tasks from ResultStage 11 (MapPartitionsRDD[21] at create at <unknown>:0) (first 15 tasks are for partitions Vector(0))
[2025-10-19T01:15:21.208+0000] {subprocess.py:106} INFO - 25/10/19 01:15:21 INFO TaskSchedulerImpl: Adding task set 11.0 with 1 tasks resource profile 0
[2025-10-19T01:15:21.210+0000] {subprocess.py:106} INFO - 25/10/19 01:15:21 INFO TaskSetManager: Starting task 0.0 in stage 11.0 (TID 6) (172.30.0.7, executor 0, partition 0, NODE_LOCAL, 9003 bytes)
[2025-10-19T01:15:21.225+0000] {subprocess.py:106} INFO - 25/10/19 01:15:21 INFO BlockManagerInfo: Added broadcast_11_piece0 in memory on 172.30.0.7:39705 (size: 27.2 KiB, free: 434.3 MiB)
[2025-10-19T01:15:21.291+0000] {subprocess.py:106} INFO - 25/10/19 01:15:21 INFO MapOutputTrackerMasterEndpoint: Asked to send map output locations for shuffle 3 to 172.30.0.7:44996
[2025-10-19T01:15:21.374+0000] {subprocess.py:106} INFO - 25/10/19 01:15:21 INFO BlockManagerInfo: Added broadcast_10_piece0 in memory on 172.30.0.7:39705 (size: 29.3 KiB, free: 434.3 MiB)
[2025-10-19T01:15:21.864+0000] {subprocess.py:106} INFO - 25/10/19 01:15:21 INFO TaskSetManager: Finished task 0.0 in stage 11.0 (TID 6) in 652 ms on 172.30.0.7 (executor 0) (1/1)
[2025-10-19T01:15:21.865+0000] {subprocess.py:106} INFO - 25/10/19 01:15:21 INFO TaskSchedulerImpl: Removed TaskSet 11.0, whose tasks have all completed, from pool
[2025-10-19T01:15:21.866+0000] {subprocess.py:106} INFO - 25/10/19 01:15:21 INFO DAGScheduler: ResultStage 11 (create at <unknown>:0) finished in 0.668 s
[2025-10-19T01:15:21.867+0000] {subprocess.py:106} INFO - 25/10/19 01:15:21 INFO DAGScheduler: Job 6 is finished. Cancelling potential speculative or zombie tasks for this job
[2025-10-19T01:15:21.867+0000] {subprocess.py:106} INFO - 25/10/19 01:15:21 INFO TaskSchedulerImpl: Killing all running tasks in stage 11: Stage finished
[2025-10-19T01:15:21.868+0000] {subprocess.py:106} INFO - 25/10/19 01:15:21 INFO DAGScheduler: Job 6 finished: create at <unknown>:0, took 0.690734 s
[2025-10-19T01:15:21.869+0000] {subprocess.py:106} INFO - 25/10/19 01:15:21 INFO AppendDataExec: Data source write support IcebergBatchWrite(table=silver.ecommerce_clean, format=PARQUET) is committing.
[2025-10-19T01:15:21.894+0000] {subprocess.py:106} INFO - 25/10/19 01:15:21 INFO SparkWrite: Committing append with 1 new data files to table silver.ecommerce_clean
[2025-10-19T01:15:22.233+0000] {subprocess.py:106} INFO - 25/10/19 01:15:22 INFO SnapshotProducer: Committed snapshot 5743300704323819607 (MergeAppend)
[2025-10-19T01:15:22.269+0000] {subprocess.py:106} INFO - 25/10/19 01:15:22 INFO LoggingMetricsReporter: Received metrics report: CommitReport{tableName=silver.ecommerce_clean, snapshotId=5743300704323819607, sequenceNumber=1, operation=append, commitMetrics=CommitMetricsResult{totalDuration=TimerResult{timeUnit=NANOSECONDS, totalDuration=PT0.363800686S, count=1}, attempts=CounterResult{unit=COUNT, value=1}, addedDataFiles=CounterResult{unit=COUNT, value=1}, removedDataFiles=null, totalDataFiles=CounterResult{unit=COUNT, value=1}, addedDeleteFiles=null, addedEqualityDeleteFiles=null, addedPositionalDeleteFiles=null, removedDeleteFiles=null, removedEqualityDeleteFiles=null, removedPositionalDeleteFiles=null, totalDeleteFiles=CounterResult{unit=COUNT, value=0}, addedRecords=CounterResult{unit=COUNT, value=1000}, removedRecords=null, totalRecords=CounterResult{unit=COUNT, value=1000}, addedFilesSizeInBytes=CounterResult{unit=BYTES, value=27807}, removedFilesSizeInBytes=null, totalFilesSizeInBytes=CounterResult{unit=BYTES, value=27807}, addedPositionalDeletes=null, removedPositionalDeletes=null, totalPositionalDeletes=CounterResult{unit=COUNT, value=0}, addedEqualityDeletes=null, removedEqualityDeletes=null, totalEqualityDeletes=CounterResult{unit=COUNT, value=0}}, metadata={engine-version=3.5.3, app-id=app-20251019011506-0001, engine-name=spark, iceberg-version=Apache Iceberg 1.6.1 (commit 8e9d59d299be42b0bca9461457cd1e95dbaad086)}}
[2025-10-19T01:15:22.270+0000] {subprocess.py:106} INFO - 25/10/19 01:15:22 INFO SparkWrite: Committed in 374 ms
[2025-10-19T01:15:22.270+0000] {subprocess.py:106} INFO - 25/10/19 01:15:22 INFO AppendDataExec: Data source write support IcebergBatchWrite(table=silver.ecommerce_clean, format=PARQUET) committed.
[2025-10-19T01:15:22.453+0000] {subprocess.py:106} INFO - 25/10/19 01:15:22 INFO BlockManagerInfo: Removed broadcast_10_piece0 on 423e5338994a:42601 in memory (size: 29.3 KiB, free: 434.3 MiB)
[2025-10-19T01:15:22.455+0000] {subprocess.py:106} INFO - 25/10/19 01:15:22 INFO BlockManagerInfo: Removed broadcast_10_piece0 on 172.30.0.7:39705 in memory (size: 29.3 KiB, free: 434.3 MiB)
[2025-10-19T01:15:22.468+0000] {subprocess.py:106} INFO - 25/10/19 01:15:22 INFO BlockManagerInfo: Removed broadcast_11_piece0 on 423e5338994a:42601 in memory (size: 27.2 KiB, free: 434.3 MiB)
[2025-10-19T01:15:22.473+0000] {subprocess.py:106} INFO - 25/10/19 01:15:22 INFO BlockManagerInfo: Removed broadcast_11_piece0 on 172.30.0.7:39705 in memory (size: 27.2 KiB, free: 434.4 MiB)
[2025-10-19T01:15:22.577+0000] {subprocess.py:106} INFO - 25/10/19 01:15:22 INFO HiveTableOperations: Committed to table hive_catalog.silver.ecommerce_clean with the new metadata location hdfs://tuankiet170-master:9000/data_lake/warehouse/silver.db/ecommerce_clean/metadata/00000-60d5b0f8-e981-4212-9c4c-d29a760bde4c.metadata.json
[2025-10-19T01:15:22.578+0000] {subprocess.py:106} INFO - 25/10/19 01:15:22 INFO BaseMetastoreTableOperations: Successfully committed to table hive_catalog.silver.ecommerce_clean in 303 ms
[2025-10-19T01:15:22.579+0000] {subprocess.py:106} INFO -  Silver table created: hive_catalog.silver.ecommerce_clean
[2025-10-19T01:15:23.849+0000] {subprocess.py:106} INFO - 25/10/19 01:15:23 INFO BlockManagerInfo: Removed broadcast_7_piece0 on 423e5338994a:42601 in memory (size: 29.5 KiB, free: 434.4 MiB)
[2025-10-19T01:15:24.023+0000] {subprocess.py:106} INFO - 25/10/19 01:15:24 INFO CodeGenerator: Code generated in 24.82632 ms
[2025-10-19T01:15:24.116+0000] {subprocess.py:106} INFO - 25/10/19 01:15:24 INFO CodeGenerator: Code generated in 7.001169 ms
[2025-10-19T01:15:24.137+0000] {subprocess.py:106} INFO - 25/10/19 01:15:24 INFO CodeGenerator: Code generated in 9.672902 ms
[2025-10-19T01:15:24.150+0000] {subprocess.py:106} INFO - +---------+---------------+-----------+
[2025-10-19T01:15:24.150+0000] {subprocess.py:106} INFO - |namespace|      tableName|isTemporary|
[2025-10-19T01:15:24.151+0000] {subprocess.py:106} INFO - +---------+---------------+-----------+
[2025-10-19T01:15:24.152+0000] {subprocess.py:106} INFO - |   silver|ecommerce_clean|      false|
[2025-10-19T01:15:24.152+0000] {subprocess.py:106} INFO - +---------+---------------+-----------+
[2025-10-19T01:15:24.154+0000] {subprocess.py:106} INFO - 
[2025-10-19T01:15:24.211+0000] {subprocess.py:106} INFO - 25/10/19 01:15:24 INFO BaseMetastoreTableOperations: Refreshing table metadata from new version: hdfs://tuankiet170-master:9000/data_lake/warehouse/silver.db/ecommerce_clean/metadata/00000-60d5b0f8-e981-4212-9c4c-d29a760bde4c.metadata.json
[2025-10-19T01:15:24.233+0000] {subprocess.py:106} INFO - 25/10/19 01:15:24 INFO BaseMetastoreCatalog: Table loaded by catalog: hive_catalog.silver.ecommerce_clean
[2025-10-19T01:15:24.272+0000] {subprocess.py:106} INFO - 25/10/19 01:15:24 INFO V2ScanRelationPushDown:
[2025-10-19T01:15:24.273+0000] {subprocess.py:106} INFO - Output: customer_id#308, order_date#309, product_id#310, category_id#311, category_name#312, product_name#313, quantity#314, price#315, payment_method#316, city#317, review_score#318, gender#319, age#320, total_price#321
[2025-10-19T01:15:24.273+0000] {subprocess.py:106} INFO - 
[2025-10-19T01:15:24.274+0000] {subprocess.py:106} INFO - 25/10/19 01:15:24 INFO SnapshotScan: Scanning table hive_catalog.silver.ecommerce_clean snapshot 5743300704323819607 created at 2025-10-19T01:15:22.227+00:00 with filter true
[2025-10-19T01:15:24.305+0000] {subprocess.py:106} INFO - 25/10/19 01:15:24 INFO BaseDistributedDataScan: Planning file tasks locally for table hive_catalog.silver.ecommerce_clean
[2025-10-19T01:15:24.334+0000] {subprocess.py:106} INFO - 25/10/19 01:15:24 INFO SparkPartitioningAwareScan: Reporting UnknownPartitioning with 1 partition(s) for table hive_catalog.silver.ecommerce_clean
[2025-10-19T01:15:24.344+0000] {subprocess.py:106} INFO - 25/10/19 01:15:24 INFO MemoryStore: Block broadcast_12 stored as values in memory (estimated size 32.0 KiB, free 434.3 MiB)
[2025-10-19T01:15:24.357+0000] {subprocess.py:106} INFO - 25/10/19 01:15:24 INFO MemoryStore: Block broadcast_12_piece0 stored as bytes in memory (estimated size 29.5 KiB, free 434.3 MiB)
[2025-10-19T01:15:24.359+0000] {subprocess.py:106} INFO - 25/10/19 01:15:24 INFO BlockManagerInfo: Added broadcast_12_piece0 in memory on 423e5338994a:42601 (size: 29.5 KiB, free: 434.3 MiB)
[2025-10-19T01:15:24.360+0000] {subprocess.py:106} INFO - 25/10/19 01:15:24 INFO SparkContext: Created broadcast 12 from broadcast at SparkBatch.java:79
[2025-10-19T01:15:24.377+0000] {subprocess.py:106} INFO - 25/10/19 01:15:24 INFO MemoryStore: Block broadcast_13 stored as values in memory (estimated size 32.0 KiB, free 434.2 MiB)
[2025-10-19T01:15:24.381+0000] {subprocess.py:106} INFO - 25/10/19 01:15:24 INFO MemoryStore: Block broadcast_13_piece0 stored as bytes in memory (estimated size 29.5 KiB, free 434.2 MiB)
[2025-10-19T01:15:24.383+0000] {subprocess.py:106} INFO - 25/10/19 01:15:24 INFO BlockManagerInfo: Added broadcast_13_piece0 in memory on 423e5338994a:42601 (size: 29.5 KiB, free: 434.3 MiB)
[2025-10-19T01:15:24.401+0000] {subprocess.py:106} INFO - 25/10/19 01:15:24 INFO SparkContext: Created broadcast 13 from broadcast at SparkBatch.java:79
[2025-10-19T01:15:24.408+0000] {subprocess.py:106} INFO - 25/10/19 01:15:24 INFO BlockManagerInfo: Removed broadcast_8_piece0 on 423e5338994a:42601 in memory (size: 29.5 KiB, free: 434.3 MiB)
[2025-10-19T01:15:24.409+0000] {subprocess.py:106} INFO - 25/10/19 01:15:24 INFO BlockManagerInfo: Removed broadcast_8_piece0 on 172.30.0.7:39705 in memory (size: 29.5 KiB, free: 434.4 MiB)
[2025-10-19T01:15:24.482+0000] {subprocess.py:106} INFO - 25/10/19 01:15:24 INFO CodeGenerator: Code generated in 17.8612 ms
[2025-10-19T01:15:24.503+0000] {subprocess.py:106} INFO - 25/10/19 01:15:24 INFO SparkContext: Starting job: showString at <unknown>:0
[2025-10-19T01:15:24.504+0000] {subprocess.py:106} INFO - 25/10/19 01:15:24 INFO DAGScheduler: Got job 7 (showString at <unknown>:0) with 1 output partitions
[2025-10-19T01:15:24.504+0000] {subprocess.py:106} INFO - 25/10/19 01:15:24 INFO DAGScheduler: Final stage: ResultStage 12 (showString at <unknown>:0)
[2025-10-19T01:15:24.505+0000] {subprocess.py:106} INFO - 25/10/19 01:15:24 INFO DAGScheduler: Parents of final stage: List()
[2025-10-19T01:15:24.532+0000] {subprocess.py:106} INFO - 25/10/19 01:15:24 INFO DAGScheduler: Missing parents: List()
[2025-10-19T01:15:24.535+0000] {subprocess.py:106} INFO - 25/10/19 01:15:24 INFO DAGScheduler: Submitting ResultStage 12 (MapPartitionsRDD[25] at showString at <unknown>:0), which has no missing parents
[2025-10-19T01:15:24.536+0000] {subprocess.py:106} INFO - 25/10/19 01:15:24 INFO MemoryStore: Block broadcast_14 stored as values in memory (estimated size 22.4 KiB, free 434.3 MiB)
[2025-10-19T01:15:24.552+0000] {subprocess.py:106} INFO - 25/10/19 01:15:24 INFO MemoryStore: Block broadcast_14_piece0 stored as bytes in memory (estimated size 7.1 KiB, free 434.3 MiB)
[2025-10-19T01:15:24.552+0000] {subprocess.py:106} INFO - 25/10/19 01:15:24 INFO BlockManagerInfo: Added broadcast_14_piece0 in memory on 423e5338994a:42601 (size: 7.1 KiB, free: 434.3 MiB)
[2025-10-19T01:15:24.553+0000] {subprocess.py:106} INFO - 25/10/19 01:15:24 INFO SparkContext: Created broadcast 14 from broadcast at DAGScheduler.scala:1585
[2025-10-19T01:15:24.554+0000] {subprocess.py:106} INFO - 25/10/19 01:15:24 INFO DAGScheduler: Submitting 1 missing tasks from ResultStage 12 (MapPartitionsRDD[25] at showString at <unknown>:0) (first 15 tasks are for partitions Vector(0))
[2025-10-19T01:15:24.554+0000] {subprocess.py:106} INFO - 25/10/19 01:15:24 INFO TaskSchedulerImpl: Adding task set 12.0 with 1 tasks resource profile 0
[2025-10-19T01:15:24.560+0000] {subprocess.py:106} INFO - 25/10/19 01:15:24 INFO TaskSetManager: Starting task 0.0 in stage 12.0 (TID 7) (172.30.0.7, executor 0, partition 0, ANY, 14647 bytes)
[2025-10-19T01:15:24.584+0000] {subprocess.py:106} INFO - 25/10/19 01:15:24 INFO BlockManagerInfo: Added broadcast_14_piece0 in memory on 172.30.0.7:39705 (size: 7.1 KiB, free: 434.4 MiB)
[2025-10-19T01:15:24.654+0000] {subprocess.py:106} INFO - 25/10/19 01:15:24 INFO BlockManagerInfo: Added broadcast_13_piece0 in memory on 172.30.0.7:39705 (size: 29.5 KiB, free: 434.4 MiB)
[2025-10-19T01:15:24.828+0000] {subprocess.py:106} INFO - 25/10/19 01:15:24 INFO TaskSetManager: Finished task 0.0 in stage 12.0 (TID 7) in 269 ms on 172.30.0.7 (executor 0) (1/1)
[2025-10-19T01:15:24.831+0000] {subprocess.py:106} INFO - 25/10/19 01:15:24 INFO TaskSchedulerImpl: Removed TaskSet 12.0, whose tasks have all completed, from pool
[2025-10-19T01:15:24.833+0000] {subprocess.py:106} INFO - 25/10/19 01:15:24 INFO DAGScheduler: ResultStage 12 (showString at <unknown>:0) finished in 0.293 s
[2025-10-19T01:15:24.834+0000] {subprocess.py:106} INFO - 25/10/19 01:15:24 INFO DAGScheduler: Job 7 is finished. Cancelling potential speculative or zombie tasks for this job
[2025-10-19T01:15:24.835+0000] {subprocess.py:106} INFO - 25/10/19 01:15:24 INFO TaskSchedulerImpl: Killing all running tasks in stage 12: Stage finished
[2025-10-19T01:15:24.836+0000] {subprocess.py:106} INFO - 25/10/19 01:15:24 INFO DAGScheduler: Job 7 finished: showString at <unknown>:0, took 0.325386 s
[2025-10-19T01:15:24.858+0000] {subprocess.py:106} INFO - 25/10/19 01:15:24 INFO CodeGenerator: Code generated in 21.488154 ms
[2025-10-19T01:15:24.865+0000] {subprocess.py:106} INFO - +-----------+----------+----------+-----------+-----------------+------------+--------+------+----------------+-----------------+------------+------+---+-----------+
[2025-10-19T01:15:24.866+0000] {subprocess.py:106} INFO - |customer_id|order_date|product_id|category_id|    category_name|product_name|quantity| price|  payment_method|             city|review_score|gender|age|total_price|
[2025-10-19T01:15:24.866+0000] {subprocess.py:106} INFO - +-----------+----------+----------+-----------+-----------------+------------+--------+------+----------------+-----------------+------------+------+---+-----------+
[2025-10-19T01:15:24.867+0000] {subprocess.py:106} INFO - |      48665|2024-05-14|       620|         10|      ELECTRONICS|      TABLET|       2| 455.6|   BANK TRANSFER|SOUTH HUNTERMOUTH|           5|     M| 65|      911.2|
[2025-10-19T01:15:24.867+0000] {subprocess.py:106} INFO - |      60295|2024-09-14|       636|         50|SPORTS & OUTDOORS|    YOGA MAT|       2|349.54|     CREDIT CARD|       JOSHUABURY|           5|     M| 71|     699.08|
[2025-10-19T01:15:24.867+0000] {subprocess.py:106} INFO - |      89618|2025-03-01|       567|         20|          FASHION|     T-SHIRT|       1| 98.87|CASH ON DELIVERY|  NEW MICHEALTOWN|           5|     F| 42|      98.87|
[2025-10-19T01:15:24.868+0000] {subprocess.py:106} INFO - |      60796|2024-06-01|       535|         50|SPORTS & OUTDOORS|        TENT|       2|241.33|     CREDIT CARD|       JOSHUASTAD|           3|     M| 73|     482.66|
[2025-10-19T01:15:24.868+0000] {subprocess.py:106} INFO - |      87478|2024-04-19|       788|         30|    HOME & LIVING|        VASE|       1| 22.21|   BANK TRANSFER|       WILLIAMTON|           4|     F| 50|      22.21|
[2025-10-19T01:15:24.869+0000] {subprocess.py:106} INFO - |      24147|2024-08-23|       568|         30|    HOME & LIVING|    PAINTING|       1|268.26|CASH ON DELIVERY|        DAVISTOWN|           1|     M| 29|     268.26|
[2025-10-19T01:15:24.869+0000] {subprocess.py:106} INFO - |      58706|2025-02-07|       613|         20|          FASHION|     T-SHIRT|       4|351.62|   BANK TRANSFER|        LAKE CODY|           5|     F| 65|    1406.48|
[2025-10-19T01:15:24.869+0000] {subprocess.py:106} INFO - |      55184|2024-06-09|       151|         20|          FASHION|       SKIRT|       5| 31.41|   BANK TRANSFER|      PORT EDWARD|           5|     M| 23|     157.05|
[2025-10-19T01:15:24.870+0000] {subprocess.py:106} INFO - |      81959|2025-03-13|       433|         20|          FASHION|       PANTS|       2| 369.7|CASH ON DELIVERY|       MARTINBURY|           4|     M| 19|      739.4|
[2025-10-19T01:15:24.870+0000] {subprocess.py:106} INFO - |      13356|2024-12-27|       232|         50|SPORTS & OUTDOORS|  BASKETBALL|       5|408.95|CASH ON DELIVERY|      EAST JOSEPH|           2|     M| 38|    2044.75|
[2025-10-19T01:15:24.870+0000] {subprocess.py:106} INFO - +-----------+----------+----------+-----------+-----------------+------------+--------+------+----------------+-----------------+------------+------+---+-----------+
[2025-10-19T01:15:24.871+0000] {subprocess.py:106} INFO - 
[2025-10-19T01:15:24.871+0000] {subprocess.py:106} INFO - 25/10/19 01:15:24 INFO SparkContext: SparkContext is stopping with exitCode 0.
[2025-10-19T01:15:24.885+0000] {subprocess.py:106} INFO - 25/10/19 01:15:24 INFO SparkUI: Stopped Spark web UI at http://423e5338994a:4040
[2025-10-19T01:15:24.892+0000] {subprocess.py:106} INFO - 25/10/19 01:15:24 INFO StandaloneSchedulerBackend: Shutting down all executors
[2025-10-19T01:15:24.895+0000] {subprocess.py:106} INFO - 25/10/19 01:15:24 INFO StandaloneSchedulerBackend$StandaloneDriverEndpoint: Asking each executor to shut down
[2025-10-19T01:15:24.935+0000] {subprocess.py:106} INFO - 25/10/19 01:15:24 INFO MapOutputTrackerMasterEndpoint: MapOutputTrackerMasterEndpoint stopped!
[2025-10-19T01:15:24.969+0000] {subprocess.py:106} INFO - 25/10/19 01:15:24 INFO MemoryStore: MemoryStore cleared
[2025-10-19T01:15:24.977+0000] {subprocess.py:106} INFO - 25/10/19 01:15:24 INFO BlockManager: BlockManager stopped
[2025-10-19T01:15:24.981+0000] {subprocess.py:106} INFO - 25/10/19 01:15:24 INFO BlockManagerMaster: BlockManagerMaster stopped
[2025-10-19T01:15:24.990+0000] {subprocess.py:106} INFO - 25/10/19 01:15:24 INFO OutputCommitCoordinator$OutputCommitCoordinatorEndpoint: OutputCommitCoordinator stopped!
[2025-10-19T01:15:25.014+0000] {subprocess.py:106} INFO - 25/10/19 01:15:25 INFO SparkContext: Successfully stopped SparkContext
[2025-10-19T01:15:25.340+0000] {subprocess.py:106} INFO - 25/10/19 01:15:25 INFO ShutdownHookManager: Shutdown hook called
[2025-10-19T01:15:25.341+0000] {subprocess.py:106} INFO - 25/10/19 01:15:25 INFO ShutdownHookManager: Deleting directory /tmp/spark-69607c5e-5ebb-4a52-bcd0-8f2391f64cfb
[2025-10-19T01:15:25.347+0000] {subprocess.py:106} INFO - 25/10/19 01:15:25 INFO ShutdownHookManager: Deleting directory /tmp/spark-730b8fc9-e4c5-49ee-b3bf-113f3805a79d
[2025-10-19T01:15:25.356+0000] {subprocess.py:106} INFO - 25/10/19 01:15:25 INFO ShutdownHookManager: Deleting directory /tmp/spark-730b8fc9-e4c5-49ee-b3bf-113f3805a79d/pyspark-57c5fed6-57d6-4fac-aeca-f1af41e89fef
[2025-10-19T01:15:25.511+0000] {subprocess.py:110} INFO - Command exited with return code 0
[2025-10-19T01:15:25.651+0000] {taskinstance.py:341} INFO - ::group::Post task execution logs
[2025-10-19T01:15:25.652+0000] {taskinstance.py:353} INFO - Marking task as SUCCESS. dag_id=etl_datalake_hive_iceberg, task_id=clean_silver, run_id=scheduled__2025-10-18T00:00:00+00:00, execution_date=20251018T000000, start_date=20251019T011500, end_date=20251019T011525
[2025-10-19T01:15:25.812+0000] {local_task_job_runner.py:266} INFO - Task exited with return code 0
[2025-10-19T01:15:25.884+0000] {taskinstance.py:3901} INFO - 1 downstream tasks scheduled from follow-on schedule check
[2025-10-19T01:15:25.887+0000] {standard_task_runner.py:217} INFO - Process not found (most likely exited), stop collecting metrics
[2025-10-19T01:15:25.888+0000] {local_task_job_runner.py:245} INFO - ::endgroup::
